Flow report for contador_up_down
Sun Sep 27 21:36:02 2020
Quartus II 64-Bit Version 13.0.0 Build 156 04/24/2013 SJ Web Edition


---------------------
; Table of Contents ;
---------------------
  1. Legal Notice
  2. Flow Summary
  3. Flow Settings
  4. Flow Non-Default Global Settings
  5. Flow Elapsed Time
  6. Flow OS Summary
  7. Flow Log
  8. Flow Messages
  9. Flow Suppressed Messages



----------------
; Legal Notice ;
----------------
Copyright (C) 1991-2013 Altera Corporation
Your use of Altera Corporation's design tools, logic functions 
and other software and tools, and its AMPP partner logic 
functions, and any output files from any of the foregoing 
(including device programming or simulation files), and any 
associated documentation or information are expressly subject 
to the terms and conditions of the Altera Program License 
Subscription Agreement, Altera MegaCore Function License 
Agreement, or other applicable license agreement, including, 
without limitation, that your use is for the sole purpose of 
programming logic devices manufactured by Altera and sold by 
Altera or its authorized distributors.  Please refer to the 
applicable agreement for further details.



+---------------------------------------------------------------------------------+
; Flow Summary                                                                    ;
+------------------------------------+--------------------------------------------+
; Flow Status                        ; Successful - Sun Sep 27 21:35:58 2020      ;
; Quartus II 64-Bit Version          ; 13.0.0 Build 156 04/24/2013 SJ Web Edition ;
; Revision Name                      ; contador_up_down                           ;
; Top-level Entity Name              ; Up_Down_4bits                              ;
; Family                             ; Cyclone II                                 ;
; Device                             ; EP2C35F672C6                               ;
; Timing Models                      ; Final                                      ;
; Total logic elements               ; 5 / 33,216 ( < 1 % )                       ;
;     Total combinational functions  ; 5 / 33,216 ( < 1 % )                       ;
;     Dedicated logic registers      ; 4 / 33,216 ( < 1 % )                       ;
; Total registers                    ; 4                                          ;
; Total pins                         ; 7 / 475 ( 1 % )                            ;
; Total virtual pins                 ; 0                                          ;
; Total memory bits                  ; 0 / 483,840 ( 0 % )                        ;
; Embedded Multiplier 9-bit elements ; 0 / 70 ( 0 % )                             ;
; Total PLLs                         ; 0 / 4 ( 0 % )                              ;
+------------------------------------+--------------------------------------------+


+-----------------------------------------+
; Flow Settings                           ;
+-------------------+---------------------+
; Option            ; Setting             ;
+-------------------+---------------------+
; Start date & time ; 09/27/2020 21:35:41 ;
; Main task         ; Compilation         ;
; Revision Name     ; contador_up_down    ;
+-------------------+---------------------+


+-----------------------------------------------------------------------------------------------------------------------+
; Flow Non-Default Global Settings                                                                                      ;
+-------------------------------------+---------------------------------+------------------+---------------+------------+
; Assignment Name                     ; Value                           ; Default Value    ; Entity Name   ; Section Id ;
+-------------------------------------+---------------------------------+------------------+---------------+------------+
; COMPILER_SIGNATURE_ID               ; 110073160096762.160125334100560 ; --               ; --            ; --         ;
; MAX_CORE_JUNCTION_TEMP              ; 85                              ; --               ; --            ; --         ;
; MIN_CORE_JUNCTION_TEMP              ; 0                               ; --               ; --            ; --         ;
; PARTITION_COLOR                     ; 16764057                        ; --               ; Up_Down_4bits ; Top        ;
; PARTITION_FITTER_PRESERVATION_LEVEL ; PLACEMENT_AND_ROUTING           ; --               ; Up_Down_4bits ; Top        ;
; PARTITION_NETLIST_TYPE              ; SOURCE                          ; --               ; Up_Down_4bits ; Top        ;
; PROJECT_OUTPUT_DIRECTORY            ; output_files                    ; --               ; --            ; --         ;
; TOP_LEVEL_ENTITY                    ; Up_Down_4bits                   ; contador_up_down ; --            ; --         ;
+-------------------------------------+---------------------------------+------------------+---------------+------------+


+-------------------------------------------------------------------------------------------------------------------------------+
; Flow Elapsed Time                                                                                                             ;
+---------------------------+--------------+-------------------------+---------------------+------------------------------------+
; Module Name               ; Elapsed Time ; Average Processors Used ; Peak Virtual Memory ; Total CPU Time (on all processors) ;
+---------------------------+--------------+-------------------------+---------------------+------------------------------------+
; Analysis & Synthesis      ; 00:00:03     ; 1.0                     ; 4642 MB             ; 00:00:01                           ;
; Fitter                    ; 00:00:09     ; 1.0                     ; 4879 MB             ; 00:00:09                           ;
; Assembler                 ; 00:00:02     ; 1.0                     ; 4556 MB             ; 00:00:02                           ;
; TimeQuest Timing Analyzer ; 00:00:02     ; 1.0                     ; 4535 MB             ; 00:00:01                           ;
; Total                     ; 00:00:16     ; --                      ; --                  ; 00:00:13                           ;
+---------------------------+--------------+-------------------------+---------------------+------------------------------------+


+----------------------------------------------------------------------------------------+
; Flow OS Summary                                                                        ;
+---------------------------+------------------+-----------+------------+----------------+
; Module Name               ; Machine Hostname ; OS Name   ; OS Version ; Processor type ;
+---------------------------+------------------+-----------+------------+----------------+
; Analysis & Synthesis      ; Atyson           ; Windows 7 ; 6.2        ; x86_64         ;
; Fitter                    ; Atyson           ; Windows 7 ; 6.2        ; x86_64         ;
; Assembler                 ; Atyson           ; Windows 7 ; 6.2        ; x86_64         ;
; TimeQuest Timing Analyzer ; Atyson           ; Windows 7 ; 6.2        ; x86_64         ;
+---------------------------+------------------+-----------+------------+----------------+


------------
; Flow Log ;
------------
quartus_map --read_settings_files=on --write_settings_files=off contador_up_down -c contador_up_down
quartus_fit --read_settings_files=off --write_settings_files=off contador_up_down -c contador_up_down
quartus_asm --read_settings_files=off --write_settings_files=off contador_up_down -c contador_up_down
quartus_sta contador_up_down -c contador_up_down



