

Microchip MPLAB XC8 Assembler V2.10 build 88905656 
                                                                                               Thu Jul 02 20:31:38 2020

Microchip MPLAB XC8 C Compiler v2.10 (Free license) build 20190730164152 Og1 
     1                           	processor	18F45K20
     2                           	fnconf	rparam,??,?,0
     3                           	opt	pw 120
     4                           	opt	flic
     5                           	psect	cinit,global,reloc=2,class=CODE,delta=1
     6                           	psect	cstackCOMRAM,global,class=COMRAM,space=1,delta=1,noexec
     7                           	psect	text0,global,reloc=2,class=CODE,delta=1
     8                           	psect	intsave_regs,global,class=BIGRAM,space=1,delta=1,noexec
     9                           	psect	rparam,global,class=COMRAM,space=1,delta=1,noexec
    10  0000                     
    11                           ; Version 2.10
    12                           ; Generated 31/07/2019 GMT
    13                           ; 
    14                           ; Copyright © 2019, Microchip Technology Inc. and its subsidiaries ("Microchip")
    15                           ; All rights reserved.
    16                           ; 
    17                           ; This software is developed by Microchip Technology Inc. and its subsidiaries ("Microch
      +                          ip").
    18                           ; 
    19                           ; Redistribution and use in source and binary forms, with or without modification, are
    20                           ; permitted provided that the following conditions are met:
    21                           ; 
    22                           ;     1. Redistributions of source code must retain the above copyright notice, this lis
      +                          t of
    23                           ;        conditions and the following disclaimer.
    24                           ; 
    25                           ;     2. Redistributions in binary form must reproduce the above copyright notice, this 
      +                          list
    26                           ;        of conditions and the following disclaimer in the documentation and/or other
    27                           ;        materials provided with the distribution.
    28                           ; 
    29                           ;     3. Microchip's name may not be used to endorse or promote products derived from th
      +                          is
    30                           ;        software without specific prior written permission.
    31                           ; 
    32                           ; THIS SOFTWARE IS PROVIDED BY MICROCHIP "AS IS" AND ANY EXPRESS OR IMPLIED WARRANTIES,
    33                           ; INCLUDING, BUT NOT LIMITED TO, THE IMPLIED WARRANTIES OF MERCHANTABILITY AND FITNESS F
      +                          OR
    34                           ; PURPOSE ARE DISCLAIMED.  IN NO EVENT SHALL MICROCHIP BE LIABLE FOR ANY DIRECT, INDIREC
      +                          T,
    35                           ; INCIDENTAL, SPECIAL, EXEMPLARY, OR CONSEQUENTIAL DAMAGES (INCLUDING BUT NOT LIMITED TO
    36                           ; PROCUREMENT OF SUBSTITUTE GOODS OR SERVICES; LOSS OF USE, DATA OR PROFITS; OR BUSINESS
    37                           ; INTERRUPTION) HOWSOEVER CAUSED AND ON ANY THEORY OF LIABILITY, WHETHER IN CONTRACT, ST
      +                          RICT
    38                           ; LIABILITY, OR TORT (INCLUDING NEGLIGENCE OR OTHERWISE) ARISING IN ANY WAY OUT OF THE U
      +                          SE OF
    39                           ; THIS SOFTWARE, EVEN IF ADVISED OF THE POSSIBILITY OF SUCH DAMAGE.
    40                           ; 
    41                           ; 
    42                           ; Code-generator required, PIC18F45K20 Definitions
    43                           ; 
    44                           ; SFR Addresses
    45  0000                     _PORTD	set	3971
    46  0000                     _TRISD	set	3989
    47                           
    48                           ; #config settings
    49  0000                     
    50                           	psect	cinit
    51  007E82                     __pcinit:
    52                           	opt callstack 0
    53  007E82                     start_initialization:
    54                           	opt callstack 0
    55  007E82                     __initialization:
    56                           	opt callstack 0
    57  007E82                     end_of_initialization:
    58                           	opt callstack 0
    59  007E82                     __end_of__initialization:
    60                           	opt callstack 0
    61  007E82  0100               	movlb	0
    62  007E84  EF44  F03F         	goto	_main	;jump to C main() function
    63                           
    64                           	psect	cstackCOMRAM
    65  000001                     __pcstackCOMRAM:
    66                           	opt callstack 0
    67  000001                     ??_main:
    68                           
    69                           ; 1 bytes @ 0x0
    70  000001                     	ds	2
    71                           
    72 ;;
    73 ;;Main: autosize = 0, tempsize = 2, incstack = 0, save=0
    74 ;;
    75 ;; *************** function _main *****************
    76 ;; Defined at:
    77 ;;		line 16 in file "main_Semana5_Exp1.c"
    78 ;; Parameters:    Size  Location     Type
    79 ;;		None
    80 ;; Auto vars:     Size  Location     Type
    81 ;;		None
    82 ;; Return value:  Size  Location     Type
    83 ;;                  1    wreg      void 
    84 ;; Registers used:
    85 ;;		wreg, status,2
    86 ;; Tracked objects:
    87 ;;		On entry : 0/0
    88 ;;		On exit  : 0/0
    89 ;;		Unchanged: 0/0
    90 ;; Data sizes:     COMRAM   BANK0   BANK1   BANK2   BANK3   BANK4   BANK5
    91 ;;      Params:         0       0       0       0       0       0       0
    92 ;;      Locals:         0       0       0       0       0       0       0
    93 ;;      Temps:          2       0       0       0       0       0       0
    94 ;;      Totals:         2       0       0       0       0       0       0
    95 ;;Total ram usage:        2 bytes
    96 ;; This function calls:
    97 ;;		Nothing
    98 ;; This function is called by:
    99 ;;		Startup code after reset
   100 ;; This function uses a non-reentrant model
   101 ;;
   102                           
   103                           	psect	text0
   104  007E88                     __ptext0:
   105                           	opt callstack 0
   106  007E88                     _main:
   107                           	opt callstack 31
   108  007E88                     
   109                           ;main_Semana5_Exp1.c: 18:         PORTD = 0b00100000;
   110  007E88  0E00               	movlw	0
   111  007E8A  6E95               	movwf	149,c	;volatile
   112  007E8C                     l11:
   113                           
   114                           ;main_Semana5_Exp1.c: 22:         PORTD = 0b10000000;
   115  007E8C  0E01               	movlw	1
   116  007E8E  6E83               	movwf	131,c	;volatile
   117  007E90                     
   118                           ;main_Semana5_Exp1.c: 23:         _delay((unsigned long)((1000)*(1000000/4000.0)));
   119  007E90  0E02               	movlw	2
   120  007E92  6E02               	movwf	(??_main+1)^0,c
   121  007E94  0E45               	movlw	69
   122  007E96  6E01               	movwf	??_main^0,c
   123  007E98  0EAA               	movlw	170
   124  007E9A                     u17:
   125  007E9A  2EE8               	decfsz	wreg,f,c
   126  007E9C  D7FE               	bra	u17
   127  007E9E  2E01               	decfsz	??_main^0,f,c
   128  007EA0  D7FC               	bra	u17
   129  007EA2  2E02               	decfsz	(??_main+1)^0,f,c
   130  007EA4  D7FA               	bra	u17
   131  007EA6                     
   132                           ;main_Semana5_Exp1.c: 24:         PORTD = 0b01000000;
   133  007EA6  0E02               	movlw	2
   134  007EA8  6E83               	movwf	131,c	;volatile
   135                           
   136                           ;main_Semana5_Exp1.c: 25:         _delay((unsigned long)((1000)*(1000000/4000.0)));
   137  007EAA  0E02               	movlw	2
   138  007EAC  6E02               	movwf	(??_main+1)^0,c
   139  007EAE  0E45               	movlw	69
   140  007EB0  6E01               	movwf	??_main^0,c
   141  007EB2  0EAA               	movlw	170
   142  007EB4                     u27:
   143  007EB4  2EE8               	decfsz	wreg,f,c
   144  007EB6  D7FE               	bra	u27
   145  007EB8  2E01               	decfsz	??_main^0,f,c
   146  007EBA  D7FC               	bra	u27
   147  007EBC  2E02               	decfsz	(??_main+1)^0,f,c
   148  007EBE  D7FA               	bra	u27
   149  007EC0                     
   150                           ;main_Semana5_Exp1.c: 26:         PORTD = 0b00100000;
   151  007EC0  0E04               	movlw	4
   152  007EC2  6E83               	movwf	131,c	;volatile
   153  007EC4                     
   154                           ;main_Semana5_Exp1.c: 27:         _delay((unsigned long)((1000)*(1000000/4000.0)));
   155  007EC4  0E02               	movlw	2
   156  007EC6  6E02               	movwf	(??_main+1)^0,c
   157  007EC8  0E45               	movlw	69
   158  007ECA  6E01               	movwf	??_main^0,c
   159  007ECC  0EAA               	movlw	170
   160  007ECE                     u37:
   161  007ECE  2EE8               	decfsz	wreg,f,c
   162  007ED0  D7FE               	bra	u37
   163  007ED2  2E01               	decfsz	??_main^0,f,c
   164  007ED4  D7FC               	bra	u37
   165  007ED6  2E02               	decfsz	(??_main+1)^0,f,c
   166  007ED8  D7FA               	bra	u37
   167                           
   168                           ;main_Semana5_Exp1.c: 28:         PORTD = 0b00010000;
   169  007EDA  0E08               	movlw	8
   170  007EDC  6E83               	movwf	131,c	;volatile
   171  007EDE                     
   172                           ;main_Semana5_Exp1.c: 29:         _delay((unsigned long)((1000)*(1000000/4000.0)));
   173  007EDE  0E02               	movlw	2
   174  007EE0  6E02               	movwf	(??_main+1)^0,c
   175  007EE2  0E45               	movlw	69
   176  007EE4  6E01               	movwf	??_main^0,c
   177  007EE6  0EAA               	movlw	170
   178  007EE8                     u47:
   179  007EE8  2EE8               	decfsz	wreg,f,c
   180  007EEA  D7FE               	bra	u47
   181  007EEC  2E01               	decfsz	??_main^0,f,c
   182  007EEE  D7FC               	bra	u47
   183  007EF0  2E02               	decfsz	(??_main+1)^0,f,c
   184  007EF2  D7FA               	bra	u47
   185  007EF4                     
   186                           ;main_Semana5_Exp1.c: 30:         PORTD = 0b00001000;
   187  007EF4  0E10               	movlw	16
   188  007EF6  6E83               	movwf	131,c	;volatile
   189                           
   190                           ;main_Semana5_Exp1.c: 31:         _delay((unsigned long)((1000)*(1000000/4000.0)));
   191  007EF8  0E02               	movlw	2
   192  007EFA  6E02               	movwf	(??_main+1)^0,c
   193  007EFC  0E45               	movlw	69
   194  007EFE  6E01               	movwf	??_main^0,c
   195  007F00  0EAA               	movlw	170
   196  007F02                     u57:
   197  007F02  2EE8               	decfsz	wreg,f,c
   198  007F04  D7FE               	bra	u57
   199  007F06  2E01               	decfsz	??_main^0,f,c
   200  007F08  D7FC               	bra	u57
   201  007F0A  2E02               	decfsz	(??_main+1)^0,f,c
   202  007F0C  D7FA               	bra	u57
   203  007F0E                     
   204                           ;main_Semana5_Exp1.c: 32:         PORTD = 0b00000100;
   205  007F0E  0E20               	movlw	32
   206  007F10  6E83               	movwf	131,c	;volatile
   207  007F12                     
   208                           ;main_Semana5_Exp1.c: 33:         _delay((unsigned long)((1000)*(1000000/4000.0)));
   209  007F12  0E02               	movlw	2
   210  007F14  6E02               	movwf	(??_main+1)^0,c
   211  007F16  0E45               	movlw	69
   212  007F18  6E01               	movwf	??_main^0,c
   213  007F1A  0EAA               	movlw	170
   214  007F1C                     u67:
   215  007F1C  2EE8               	decfsz	wreg,f,c
   216  007F1E  D7FE               	bra	u67
   217  007F20  2E01               	decfsz	??_main^0,f,c
   218  007F22  D7FC               	bra	u67
   219  007F24  2E02               	decfsz	(??_main+1)^0,f,c
   220  007F26  D7FA               	bra	u67
   221                           
   222                           ;main_Semana5_Exp1.c: 34:         PORTD = 0b00000010;
   223  007F28  0E40               	movlw	64
   224  007F2A  6E83               	movwf	131,c	;volatile
   225  007F2C                     
   226                           ;main_Semana5_Exp1.c: 35:         _delay((unsigned long)((1000)*(1000000/4000.0)));
   227  007F2C  0E02               	movlw	2
   228  007F2E  6E02               	movwf	(??_main+1)^0,c
   229  007F30  0E45               	movlw	69
   230  007F32  6E01               	movwf	??_main^0,c
   231  007F34  0EAA               	movlw	170
   232  007F36                     u77:
   233  007F36  2EE8               	decfsz	wreg,f,c
   234  007F38  D7FE               	bra	u77
   235  007F3A  2E01               	decfsz	??_main^0,f,c
   236  007F3C  D7FC               	bra	u77
   237  007F3E  2E02               	decfsz	(??_main+1)^0,f,c
   238  007F40  D7FA               	bra	u77
   239  007F42                     
   240                           ;main_Semana5_Exp1.c: 36:     }
   241  007F42  0E80               	movlw	128
   242  007F44  6E83               	movwf	131,c	;volatile
   243                           
   244                           ;main_Semana5_Exp1.c: 37: 
   245  007F46  0E02               	movlw	2
   246  007F48  6E02               	movwf	(??_main+1)^0,c
   247  007F4A  0E45               	movlw	69
   248  007F4C  6E01               	movwf	??_main^0,c
   249  007F4E  0EAA               	movlw	170
   250  007F50                     u87:
   251  007F50  2EE8               	decfsz	wreg,f,c
   252  007F52  D7FE               	bra	u87
   253  007F54  2E01               	decfsz	??_main^0,f,c
   254  007F56  D7FC               	bra	u87
   255  007F58  2E02               	decfsz	(??_main+1)^0,f,c
   256  007F5A  D7FA               	bra	u87
   257  007F5C                     
   258                           ;main_Semana5_Exp1.c: 38:     return;
   259  007F5C  0E40               	movlw	64
   260  007F5E  6E83               	movwf	131,c	;volatile
   261  007F60                     
   262                           ;main_Semana5_Exp1.c: 39: }
   263  007F60  0E02               	movlw	2
   264  007F62  6E02               	movwf	(??_main+1)^0,c
   265  007F64  0E45               	movlw	69
   266  007F66  6E01               	movwf	??_main^0,c
   267  007F68  0EAA               	movlw	170
   268  007F6A                     u97:
   269  007F6A  2EE8               	decfsz	wreg,f,c
   270  007F6C  D7FE               	bra	u97
   271  007F6E  2E01               	decfsz	??_main^0,f,c
   272  007F70  D7FC               	bra	u97
   273  007F72  2E02               	decfsz	(??_main+1)^0,f,c
   274  007F74  D7FA               	bra	u97
   275  007F76  0E20               	movlw	32
   276  007F78  6E83               	movwf	131,c	;volatile
   277  007F7A  0E02               	movlw	2
   278  007F7C  6E02               	movwf	(??_main+1)^0,c
   279  007F7E  0E45               	movlw	69
   280  007F80  6E01               	movwf	??_main^0,c
   281  007F82  0EAA               	movlw	170
   282  007F84                     u107:
   283  007F84  2EE8               	decfsz	wreg,f,c
   284  007F86  D7FE               	bra	u107
   285  007F88  2E01               	decfsz	??_main^0,f,c
   286  007F8A  D7FC               	bra	u107
   287  007F8C  2E02               	decfsz	(??_main+1)^0,f,c
   288  007F8E  D7FA               	bra	u107
   289  007F90  0E10               	movlw	16
   290  007F92  6E83               	movwf	131,c	;volatile
   291  007F94  0E02               	movlw	2
   292  007F96  6E02               	movwf	(??_main+1)^0,c
   293  007F98  0E45               	movlw	69
   294  007F9A  6E01               	movwf	??_main^0,c
   295  007F9C  0EAA               	movlw	170
   296  007F9E                     u117:
   297  007F9E  2EE8               	decfsz	wreg,f,c
   298  007FA0  D7FE               	bra	u117
   299  007FA2  2E01               	decfsz	??_main^0,f,c
   300  007FA4  D7FC               	bra	u117
   301  007FA6  2E02               	decfsz	(??_main+1)^0,f,c
   302  007FA8  D7FA               	bra	u117
   303  007FAA  0E08               	movlw	8
   304  007FAC  6E83               	movwf	131,c	;volatile
   305  007FAE  0E02               	movlw	2
   306  007FB0  6E02               	movwf	(??_main+1)^0,c
   307  007FB2  0E45               	movlw	69
   308  007FB4  6E01               	movwf	??_main^0,c
   309  007FB6  0EAA               	movlw	170
   310  007FB8                     u127:
   311  007FB8  2EE8               	decfsz	wreg,f,c
   312  007FBA  D7FE               	bra	u127
   313  007FBC  2E01               	decfsz	??_main^0,f,c
   314  007FBE  D7FC               	bra	u127
   315  007FC0  2E02               	decfsz	(??_main+1)^0,f,c
   316  007FC2  D7FA               	bra	u127
   317  007FC4  0E04               	movlw	4
   318  007FC6  6E83               	movwf	131,c	;volatile
   319  007FC8  0E02               	movlw	2
   320  007FCA  6E02               	movwf	(??_main+1)^0,c
   321  007FCC  0E45               	movlw	69
   322  007FCE  6E01               	movwf	??_main^0,c
   323  007FD0  0EAA               	movlw	170
   324  007FD2                     u137:
   325  007FD2  2EE8               	decfsz	wreg,f,c
   326  007FD4  D7FE               	bra	u137
   327  007FD6  2E01               	decfsz	??_main^0,f,c
   328  007FD8  D7FC               	bra	u137
   329  007FDA  2E02               	decfsz	(??_main+1)^0,f,c
   330  007FDC  D7FA               	bra	u137
   331  007FDE  0E02               	movlw	2
   332  007FE0  6E83               	movwf	131,c	;volatile
   333  007FE2  0E02               	movlw	2
   334  007FE4  6E02               	movwf	(??_main+1)^0,c
   335  007FE6  0E45               	movlw	69
   336  007FE8  6E01               	movwf	??_main^0,c
   337  007FEA  0EAA               	movlw	170
   338  007FEC                     u147:
   339  007FEC  2EE8               	decfsz	wreg,f,c
   340  007FEE  D7FE               	bra	u147
   341  007FF0  2E01               	decfsz	??_main^0,f,c
   342  007FF2  D7FC               	bra	u147
   343  007FF4  2E02               	decfsz	(??_main+1)^0,f,c
   344  007FF6  D7FA               	bra	u147
   345  007FF8  EF46  F03F         	goto	l11
   346  007FFC  EF00  F000         	goto	start
   347  008000                     __end_of_main:
   348                           	opt callstack 0
   349  0000                     
   350                           	psect	rparam
   351  0000                     tosu	equ	0xFFF
   352                           tosh	equ	0xFFE
   353                           tosl	equ	0xFFD
   354                           stkptr	equ	0xFFC
   355                           pclatu	equ	0xFFB
   356                           pclath	equ	0xFFA
   357                           pcl	equ	0xFF9
   358                           tblptru	equ	0xFF8
   359                           tblptrh	equ	0xFF7
   360                           tblptrl	equ	0xFF6
   361                           tablat	equ	0xFF5
   362                           prodh	equ	0xFF4
   363                           prodl	equ	0xFF3
   364                           indf0	equ	0xFEF
   365                           postinc0	equ	0xFEE
   366                           postdec0	equ	0xFED
   367                           preinc0	equ	0xFEC
   368                           plusw0	equ	0xFEB
   369                           fsr0h	equ	0xFEA
   370                           fsr0l	equ	0xFE9
   371                           wreg	equ	0xFE8
   372                           indf1	equ	0xFE7
   373                           postinc1	equ	0xFE6
   374                           postdec1	equ	0xFE5
   375                           preinc1	equ	0xFE4
   376                           plusw1	equ	0xFE3
   377                           fsr1h	equ	0xFE2
   378                           fsr1l	equ	0xFE1
   379                           bsr	equ	0xFE0
   380                           indf2	equ	0xFDF
   381                           postinc2	equ	0xFDE
   382                           postdec2	equ	0xFDD
   383                           preinc2	equ	0xFDC
   384                           plusw2	equ	0xFDB
   385                           fsr2h	equ	0xFDA
   386                           fsr2l	equ	0xFD9
   387                           status	equ	0xFD8


Data Sizes:
    Strings     0
    Constant    0
    Data        0
    BSS         0
    Persistent  0
    Stack       0

Auto Spaces:
    Space          Size  Autos    Used
    COMRAM           95      2       2
    BANK0           160      0       0
    BANK1           256      0       0
    BANK2           256      0       0
    BANK3           256      0       0
    BANK4           256      0       0
    BANK5           256      0       0

Pointer List with Targets:

    None.

Critical Paths under _main in COMRAM

    None.

Critical Paths under _main in BANK0

    None.

Critical Paths under _main in BANK1

    None.

Critical Paths under _main in BANK2

    None.

Critical Paths under _main in BANK3

    None.

Critical Paths under _main in BANK4

    None.

Critical Paths under _main in BANK5

    None.

Call Graph Tables:

 ---------------------------------------------------------------------------------
 (Depth) Function   	        Calls       Base Space   Used Autos Params    Refs
 ---------------------------------------------------------------------------------
 (0) _main                                                 2     2      0       0
                                              0 COMRAM     2     2      0
 ---------------------------------------------------------------------------------
 Estimated maximum stack depth 0
 ---------------------------------------------------------------------------------

 Call Graph Graphs:

 _main (ROOT)

 Address spaces:
Name               Size   Autos  Total    Cost      Usage
BITCOMRAM           5F      0       0       0        0.0%
EEDATA             100      0       0       0        0.0%
NULL                 0      0       0       0        0.0%
CODE                 0      0       0       0        0.0%
COMRAM              5F      2       2       1        2.1%
STACK                0      0       0       2        0.0%
DATA                 0      0       0       3        0.0%
BITBANK0            A0      0       0       4        0.0%
BANK0               A0      0       0       5        0.0%
BITBANK1           100      0       0       6        0.0%
BANK1              100      0       0       7        0.0%
BITBANK2           100      0       0       8        0.0%
BANK2              100      0       0       9        0.0%
BITBANK3           100      0       0      10        0.0%
BANK3              100      0       0      11        0.0%
BITBANK4           100      0       0      12        0.0%
BANK4              100      0       0      13        0.0%
BANK5              100      0       0      14        0.0%
ABS                  0      0       0      15        0.0%
BITBANK5           100      0       0      16        0.0%
BIGRAM             5FF      0       0      17        0.0%
BITSFR               0      0       0     200        0.0%
SFR                  0      0       0     200        0.0%


Microchip Technology PIC18 Macro Assembler V2.10 build 88905656 
Symbol Table                                                                                   Thu Jul 02 20:31:38 2020

                     l11 7E8C                       u17 7E9A                       u27 7EB4  
                     u37 7ECE                       u47 7EE8                       u57 7F02  
                     u67 7F1C                       u77 7F36                       u87 7F50  
                     u97 7F6A                      l700 7EDE                      l710 7F42  
                    l702 7EF4                      l720 7FAA                      l712 7F5C  
                    l704 7F0E                      l722 7FAE                      l714 7F60  
                    l706 7F12                      l724 7FC8                      l716 7F7A  
                    l708 7F2C                      l726 7FDE                      l718 7F90  
                    l690 7E88                      l692 7E90                      l694 7EA6  
                    l696 7EC0                      l698 7EC4                      u107 7F84  
                    u117 7F9E                      u127 7FB8                      u137 7FD2  
                    u147 7FEC                      wreg 000FE8                     _main 7E88  
                   start 0000             ___param_bank 000000                    ?_main 0001  
                  _PORTD 000F83                    _TRISD 000F95          __initialization 7E82  
           __end_of_main 8000                   ??_main 0001            __activetblptr 000000  
             __accesstop 0060  __end_of__initialization 7E82            ___rparam_used 000001  
         __pcstackCOMRAM 0001                  __Hparam 0000                  __Lparam 0000  
                __pcinit 7E82                  __ramtop 0600                  __ptext0 7E88  
   end_of_initialization 7E82      start_initialization 7E82                 __Hrparam 0000  
               __Lrparam 0000            __size_of_main 0178        __CFG_FOSC$INTIO67 000000  
