

Microchip MPLAB XC8 Assembler V2.10 build 88905656 
                                                                                               Thu Jul 30 22:22:08 2020

Microchip MPLAB XC8 C Compiler v2.10 (Free license) build 20190730164152 Og1 
     1                           	processor	18F45K20
     2                           	fnconf	rparam,??,?,0
     3                           	opt	pw 120
     4                           	opt	flic
     5                           	psect	cinit,global,reloc=2,class=CODE,delta=1
     6                           	psect	bssCOMRAM,global,class=COMRAM,space=1,delta=1,noexec
     7                           	psect	cstackCOMRAM,global,class=COMRAM,space=1,delta=1,noexec
     8                           	psect	text0,global,reloc=2,class=CODE,delta=1
     9                           	psect	text1,global,reloc=2,class=CODE,delta=1
    10                           	psect	text2,global,reloc=2,class=CODE,delta=1
    11                           	psect	intcode,global,reloc=2,class=CODE,delta=1
    12                           	psect	text4,global,reloc=2,class=CODE,delta=1,group=1
    13                           	psect	intsave_regs,global,class=BIGRAM,space=1,delta=1,noexec
    14                           	psect	rparam,global,class=COMRAM,space=1,delta=1,noexec
    15                           	psect	temp,global,ovrld,common,class=COMRAM,space=1,delta=1
    16  0000                     
    17                           ; Version 2.10
    18                           ; Generated 31/07/2019 GMT
    19                           ; 
    20                           ; Copyright © 2019, Microchip Technology Inc. and its subsidiaries ("Microchip")
    21                           ; All rights reserved.
    22                           ; 
    23                           ; This software is developed by Microchip Technology Inc. and its subsidiaries ("Microch
      +                          ip").
    24                           ; 
    25                           ; Redistribution and use in source and binary forms, with or without modification, are
    26                           ; permitted provided that the following conditions are met:
    27                           ; 
    28                           ;     1. Redistributions of source code must retain the above copyright notice, this lis
      +                          t of
    29                           ;        conditions and the following disclaimer.
    30                           ; 
    31                           ;     2. Redistributions in binary form must reproduce the above copyright notice, this 
      +                          list
    32                           ;        of conditions and the following disclaimer in the documentation and/or other
    33                           ;        materials provided with the distribution.
    34                           ; 
    35                           ;     3. Microchip's name may not be used to endorse or promote products derived from th
      +                          is
    36                           ;        software without specific prior written permission.
    37                           ; 
    38                           ; THIS SOFTWARE IS PROVIDED BY MICROCHIP "AS IS" AND ANY EXPRESS OR IMPLIED WARRANTIES,
    39                           ; INCLUDING, BUT NOT LIMITED TO, THE IMPLIED WARRANTIES OF MERCHANTABILITY AND FITNESS F
      +                          OR
    40                           ; PURPOSE ARE DISCLAIMED.  IN NO EVENT SHALL MICROCHIP BE LIABLE FOR ANY DIRECT, INDIREC
      +                          T,
    41                           ; INCIDENTAL, SPECIAL, EXEMPLARY, OR CONSEQUENTIAL DAMAGES (INCLUDING BUT NOT LIMITED TO
    42                           ; PROCUREMENT OF SUBSTITUTE GOODS OR SERVICES; LOSS OF USE, DATA OR PROFITS; OR BUSINESS
    43                           ; INTERRUPTION) HOWSOEVER CAUSED AND ON ANY THEORY OF LIABILITY, WHETHER IN CONTRACT, ST
      +                          RICT
    44                           ; LIABILITY, OR TORT (INCLUDING NEGLIGENCE OR OTHERWISE) ARISING IN ANY WAY OUT OF THE U
      +                          SE OF
    45                           ; THIS SOFTWARE, EVEN IF ADVISED OF THE POSSIBILITY OF SUCH DAMAGE.
    46                           ; 
    47                           ; 
    48                           ; Code-generator required, PIC18F45K20 Definitions
    49                           ; 
    50                           ; SFR Addresses
    51  0000                     _TRISB	set	3987
    52  0000                     _TRISD	set	3989
    53  0000                     _PORTD	set	3971
    54  0000                     _RCONbits	set	4048
    55  0000                     _INTCON2bits	set	4081
    56  0000                     _INTCONbits	set	4082
    57  0000                     _T0CONbits	set	4053
    58  0000                     _OSCCONbits	set	4051
    59                           
    60                           ; #config settings
    61  0000                     
    62                           	psect	cinit
    63  000298                     __pcinit:
    64                           	opt callstack 0
    65  000298                     start_initialization:
    66                           	opt callstack 0
    67  000298                     __initialization:
    68                           	opt callstack 0
    69                           
    70                           ; Clear objects allocated to COMRAM (18 bytes)
    71  000298  EE00  F001         	lfsr	0,__pbssCOMRAM
    72  00029C  0E12               	movlw	18
    73  00029E                     clear_0:
    74  00029E  6AEE               	clrf	postinc0,c
    75  0002A0  06E8               	decf	wreg,f,c
    76  0002A2  E1FD               	bnz	clear_0
    77  0002A4                     end_of_initialization:
    78                           	opt callstack 0
    79  0002A4                     __end_of__initialization:
    80                           	opt callstack 0
    81  0002A4  901B               	bcf	int$flags,0,c	;clear compiler interrupt flag (level 1)
    82  0002A6  921B               	bcf	int$flags,1,c	;clear compiler interrupt flag (level 2)
    83  0002A8  0100               	movlb	0
    84  0002AA  EF57  F001         	goto	_main	;jump to C main() function
    85                           
    86                           	psect	bssCOMRAM
    87  000001                     __pbssCOMRAM:
    88                           	opt callstack 0
    89  000001                     _led6FoiAcionado:
    90                           	opt callstack 0
    91  000001                     	ds	2
    92  000003                     _led5FoiAcionado:
    93                           	opt callstack 0
    94  000003                     	ds	2
    95  000005                     _led4FoiAcionado:
    96                           	opt callstack 0
    97  000005                     	ds	2
    98  000007                     _led2Acesso:
    99                           	opt callstack 0
   100  000007                     	ds	2
   101  000009                     _led2FoiAcionado:
   102                           	opt callstack 0
   103  000009                     	ds	2
   104  00000B                     _led0FoiAcionado:
   105                           	opt callstack 0
   106  00000B                     	ds	2
   107  00000D                     _botaoAcionado:
   108                           	opt callstack 0
   109  00000D                     	ds	2
   110  00000F                     _clicoAux:
   111                           	opt callstack 0
   112  00000F                     	ds	2
   113  000011                     _ciclo:
   114                           	opt callstack 0
   115  000011                     	ds	2
   116                           
   117                           	psect	cstackCOMRAM
   118  000013                     __pcstackCOMRAM:
   119                           	opt callstack 0
   120  000013                     ?___awmod:
   121                           	opt callstack 0
   122  000013                     ___awmod@dividend:
   123                           	opt callstack 0
   124                           
   125                           ; 2 bytes @ 0x0
   126  000013                     	ds	2
   127  000015                     ___awmod@divisor:
   128                           	opt callstack 0
   129                           
   130                           ; 2 bytes @ 0x2
   131  000015                     	ds	2
   132  000017                     ___awmod@counter:
   133                           	opt callstack 0
   134                           
   135                           ; 1 bytes @ 0x4
   136  000017                     	ds	1
   137  000018                     ___awmod@sign:
   138                           	opt callstack 0
   139                           
   140                           ; 1 bytes @ 0x5
   141  000018                     	ds	1
   142  000019                     ??_interrupcao:
   143                           
   144                           ; 1 bytes @ 0x6
   145  000019                     	ds	2
   146  00001B                     
   147                           ; 1 bytes @ 0x8
   148 ;;
   149 ;;Main: autosize = 0, tempsize = 0, incstack = 0, save=0
   150 ;;
   151 ;; *************** function _main *****************
   152 ;; Defined at:
   153 ;;		line 118 in file "main_semana9.c"
   154 ;; Parameters:    Size  Location     Type
   155 ;;		None
   156 ;; Auto vars:     Size  Location     Type
   157 ;;		None
   158 ;; Return value:  Size  Location     Type
   159 ;;                  1    wreg      void 
   160 ;; Registers used:
   161 ;;		wreg, status,2, status,0, cstack
   162 ;; Tracked objects:
   163 ;;		On entry : 0/0
   164 ;;		On exit  : 0/0
   165 ;;		Unchanged: 0/0
   166 ;; Data sizes:     COMRAM   BANK0   BANK1   BANK2   BANK3   BANK4   BANK5
   167 ;;      Params:         0       0       0       0       0       0       0
   168 ;;      Locals:         0       0       0       0       0       0       0
   169 ;;      Temps:          0       0       0       0       0       0       0
   170 ;;      Totals:         0       0       0       0       0       0       0
   171 ;;Total ram usage:        0 bytes
   172 ;; Hardware stack levels required when called:    3
   173 ;; This function calls:
   174 ;;		_configuraTemporizador
   175 ;;		_confuguraInterrupcaoExterna
   176 ;; This function is called by:
   177 ;;		Startup code after reset
   178 ;; This function uses a non-reentrant model
   179 ;;
   180                           
   181                           	psect	text0
   182  0002AE                     __ptext0:
   183                           	opt callstack 0
   184  0002AE                     _main:
   185                           	opt callstack 28
   186  0002AE                     
   187                           ;main_semana9.c: 120:     TRISD = 0b00000000;
   188  0002AE  0E00               	movlw	0
   189  0002B0  6E95               	movwf	149,c	;volatile
   190  0002B2                     
   191                           ;main_semana9.c: 121:     TRISB |= 0b00000001;
   192  0002B2  8093               	bsf	147,0,c	;volatile
   193  0002B4                     
   194                           ;main_semana9.c: 122:     configuraTemporizador();
   195  0002B4  EC3C  F001         	call	_configuraTemporizador	;wreg free
   196  0002B8                     
   197                           ;main_semana9.c: 123:     confuguraInterrupcaoExterna();
   198  0002B8  EC62  F001         	call	_confuguraInterrupcaoExterna	;wreg free
   199  0002BC                     l67:
   200  0002BC  EF5E  F001         	goto	l67
   201  0002C0  EFE2  F000         	goto	start
   202  0002C4                     __end_of_main:
   203                           	opt callstack 0
   204                           
   205 ;; *************** function _confuguraInterrupcaoExterna *****************
   206 ;; Defined at:
   207 ;;		line 45 in file "main_semana9.c"
   208 ;; Parameters:    Size  Location     Type
   209 ;;		None
   210 ;; Auto vars:     Size  Location     Type
   211 ;;		None
   212 ;; Return value:  Size  Location     Type
   213 ;;                  1    wreg      void 
   214 ;; Registers used:
   215 ;;		None
   216 ;; Tracked objects:
   217 ;;		On entry : 0/0
   218 ;;		On exit  : 0/0
   219 ;;		Unchanged: 0/0
   220 ;; Data sizes:     COMRAM   BANK0   BANK1   BANK2   BANK3   BANK4   BANK5
   221 ;;      Params:         0       0       0       0       0       0       0
   222 ;;      Locals:         0       0       0       0       0       0       0
   223 ;;      Temps:          0       0       0       0       0       0       0
   224 ;;      Totals:         0       0       0       0       0       0       0
   225 ;;Total ram usage:        0 bytes
   226 ;; Hardware stack levels used:    1
   227 ;; Hardware stack levels required when called:    2
   228 ;; This function calls:
   229 ;;		Nothing
   230 ;; This function is called by:
   231 ;;		_main
   232 ;; This function uses a non-reentrant model
   233 ;;
   234                           
   235                           	psect	text1
   236  0002C4                     __ptext1:
   237                           	opt callstack 0
   238  0002C4                     _confuguraInterrupcaoExterna:
   239                           	opt callstack 28
   240  0002C4                     
   241                           ;main_semana9.c: 46:     INTCONbits.INT0IE = 1;
   242  0002C4  88F2               	bsf	242,4,c	;volatile
   243                           
   244                           ;main_semana9.c: 47:     INTCONbits.INT0IF = 0;
   245  0002C6  92F2               	bcf	242,1,c	;volatile
   246                           
   247                           ;main_semana9.c: 48:     INTCON2bits.INTEDG0 = 0;
   248  0002C8  9CF1               	bcf	241,6,c	;volatile
   249                           
   250                           ;main_semana9.c: 49:     RCONbits.IPEN = 0;
   251  0002CA  9ED0               	bcf	208,7,c	;volatile
   252                           
   253                           ;main_semana9.c: 50:     INTCONbits.GIE = 1;
   254  0002CC  8EF2               	bsf	242,7,c	;volatile
   255  0002CE  0012               	return		;funcret
   256  0002D0                     __end_of_confuguraInterrupcaoExterna:
   257                           	opt callstack 0
   258                           
   259 ;; *************** function _configuraTemporizador *****************
   260 ;; Defined at:
   261 ;;		line 29 in file "main_semana9.c"
   262 ;; Parameters:    Size  Location     Type
   263 ;;		None
   264 ;; Auto vars:     Size  Location     Type
   265 ;;		None
   266 ;; Return value:  Size  Location     Type
   267 ;;                  1    wreg      void 
   268 ;; Registers used:
   269 ;;		wreg, status,2
   270 ;; Tracked objects:
   271 ;;		On entry : 0/0
   272 ;;		On exit  : 0/0
   273 ;;		Unchanged: 0/0
   274 ;; Data sizes:     COMRAM   BANK0   BANK1   BANK2   BANK3   BANK4   BANK5
   275 ;;      Params:         0       0       0       0       0       0       0
   276 ;;      Locals:         0       0       0       0       0       0       0
   277 ;;      Temps:          0       0       0       0       0       0       0
   278 ;;      Totals:         0       0       0       0       0       0       0
   279 ;;Total ram usage:        0 bytes
   280 ;; Hardware stack levels used:    1
   281 ;; Hardware stack levels required when called:    2
   282 ;; This function calls:
   283 ;;		Nothing
   284 ;; This function is called by:
   285 ;;		_main
   286 ;; This function uses a non-reentrant model
   287 ;;
   288                           
   289                           	psect	text2
   290  000278                     __ptext2:
   291                           	opt callstack 0
   292  000278                     _configuraTemporizador:
   293                           	opt callstack 28
   294  000278                     
   295                           ;main_semana9.c: 30:     OSCCONbits.IRCF = 0b101;
   296  000278  50D3               	movf	211,w,c	;volatile
   297  00027A  0B8F               	andlw	-113
   298  00027C  0950               	iorlw	80
   299  00027E  6ED3               	movwf	211,c	;volatile
   300  000280                     
   301                           ;main_semana9.c: 32:     T0CONbits.TMR0ON = 0;
   302  000280  9ED5               	bcf	213,7,c	;volatile
   303  000282                     
   304                           ;main_semana9.c: 33:     T0CONbits.T08BIT = 0;
   305  000282  9CD5               	bcf	213,6,c	;volatile
   306  000284                     
   307                           ;main_semana9.c: 34:     T0CONbits.T0CS = 0;
   308  000284  9AD5               	bcf	213,5,c	;volatile
   309  000286                     
   310                           ;main_semana9.c: 35:     T0CONbits.PSA = 0;
   311  000286  96D5               	bcf	213,3,c	;volatile
   312                           
   313                           ;main_semana9.c: 36:     T0CONbits.T0PS = 0;
   314  000288  0EF8               	movlw	-8
   315  00028A  16D5               	andwf	213,f,c	;volatile
   316  00028C                     
   317                           ;main_semana9.c: 37:     INTCONbits.TMR0IE = 1;
   318  00028C  8AF2               	bsf	242,5,c	;volatile
   319  00028E                     
   320                           ;main_semana9.c: 38:     INTCONbits.TMR0IF = 0;
   321  00028E  94F2               	bcf	242,2,c	;volatile
   322  000290                     
   323                           ;main_semana9.c: 39:     T0CONbits.TMR0ON = 1;
   324  000290  8ED5               	bsf	213,7,c	;volatile
   325  000292                     
   326                           ;main_semana9.c: 41:     INTCONbits.GIE = 1;
   327  000292  8EF2               	bsf	242,7,c	;volatile
   328  000294                     
   329                           ;main_semana9.c: 42:     INTCONbits.PEIE = 1;
   330  000294  8CF2               	bsf	242,6,c	;volatile
   331  000296  0012               	return		;funcret
   332  000298                     __end_of_configuraTemporizador:
   333                           	opt callstack 0
   334                           
   335 ;; *************** function _interrupcao *****************
   336 ;; Defined at:
   337 ;;		line 53 in file "main_semana9.c"
   338 ;; Parameters:    Size  Location     Type
   339 ;;		None
   340 ;; Auto vars:     Size  Location     Type
   341 ;;		None
   342 ;; Return value:  Size  Location     Type
   343 ;;                  1    wreg      void 
   344 ;; Registers used:
   345 ;;		wreg, status,2, status,0, cstack
   346 ;; Tracked objects:
   347 ;;		On entry : 0/0
   348 ;;		On exit  : 0/0
   349 ;;		Unchanged: 0/0
   350 ;; Data sizes:     COMRAM   BANK0   BANK1   BANK2   BANK3   BANK4   BANK5
   351 ;;      Params:         0       0       0       0       0       0       0
   352 ;;      Locals:         0       0       0       0       0       0       0
   353 ;;      Temps:          2       0       0       0       0       0       0
   354 ;;      Totals:         2       0       0       0       0       0       0
   355 ;;Total ram usage:        2 bytes
   356 ;; Hardware stack levels used:    1
   357 ;; Hardware stack levels required when called:    1
   358 ;; This function calls:
   359 ;;		___awmod
   360 ;; This function is called by:
   361 ;;		Interrupt level 2
   362 ;; This function uses a non-reentrant model
   363 ;;
   364                           
   365                           	psect	intcode
   366  000008                     __pintcode:
   367                           	opt callstack 0
   368  000008                     _interrupcao:
   369                           	opt callstack 28
   370                           
   371                           ;incstack = 0
   372  000008  821B               	bsf	int$flags,1,c	;set compiler interrupt flag (level 2)
   373  00000A                     
   374                           ;main_semana9.c: 54:     if (INTCONbits.INT0IF == 1) {
   375  00000A  A2F2               	btfss	242,1,c	;volatile
   376  00000C  EF0A  F000         	goto	i2u27_41
   377  000010  EF0C  F000         	goto	i2u27_40
   378  000014                     i2u27_41:
   379  000014  EF11  F000         	goto	i2l928
   380  000018                     i2u27_40:
   381  000018                     
   382                           ;main_semana9.c: 55:         botaoAcionado = 1;
   383  000018  0E00               	movlw	0
   384  00001A  6E0E               	movwf	(_botaoAcionado+1)^0,c
   385  00001C  0E01               	movlw	1
   386  00001E  6E0D               	movwf	_botaoAcionado^0,c
   387  000020                     
   388                           ;main_semana9.c: 56:         INTCONbits.INT0IF = 0;
   389  000020  92F2               	bcf	242,1,c	;volatile
   390  000022                     i2l928:
   391                           
   392                           ;main_semana9.c: 59:     if (INTCONbits.TMR0IF == 1){
   393  000022  A4F2               	btfss	242,2,c	;volatile
   394  000024  EF16  F000         	goto	i2u28_41
   395  000028  EF18  F000         	goto	i2u28_40
   396  00002C                     i2u28_41:
   397  00002C  EFE0  F000         	goto	i2l62
   398  000030                     i2u28_40:
   399  000030                     
   400                           ;main_semana9.c: 63:         if(botaoAcionado == 1){
   401  000030  040D               	decf	_botaoAcionado^0,w,c
   402  000032  100E               	iorwf	(_botaoAcionado+1)^0,w,c
   403  000034  A4D8               	btfss	status,2,c
   404  000036  EF1F  F000         	goto	i2u29_41
   405  00003A  EF21  F000         	goto	i2u29_40
   406  00003E                     i2u29_41:
   407  00003E  EFDF  F000         	goto	i2l994
   408  000042                     i2u29_40:
   409  000042                     
   410                           ;main_semana9.c: 64:             ciclo += 1;
   411  000042  4A11               	infsnz	_ciclo^0,f,c
   412  000044  2A12               	incf	(_ciclo+1)^0,f,c
   413  000046                     
   414                           ;main_semana9.c: 65:             if( ciclo > (7*3) && !led0FoiAcionado) {
   415  000046  BE12               	btfsc	(_ciclo+1)^0,7,c
   416  000048  EF2F  F000         	goto	i2u30_41
   417  00004C  5012               	movf	(_ciclo+1)^0,w,c
   418  00004E  E109               	bnz	i2u30_40
   419  000050  0E16               	movlw	22
   420  000052  5C11               	subwf	_ciclo^0,w,c
   421  000054  A0D8               	btfss	status,0,c
   422  000056  EF2F  F000         	goto	i2u30_41
   423  00005A  EF31  F000         	goto	i2u30_40
   424  00005E                     i2u30_41:
   425  00005E  EF4E  F000         	goto	i2l944
   426  000062                     i2u30_40:
   427  000062  500B               	movf	_led0FoiAcionado^0,w,c
   428  000064  100C               	iorwf	(_led0FoiAcionado+1)^0,w,c
   429  000066  A4D8               	btfss	status,2,c
   430  000068  EF38  F000         	goto	i2u31_41
   431  00006C  EF3A  F000         	goto	i2u31_40
   432  000070                     i2u31_41:
   433  000070  EF4E  F000         	goto	i2l944
   434  000074                     i2u31_40:
   435  000074                     
   436                           ;main_semana9.c: 66:                 PORTD = 0b00000001;
   437  000074  0E01               	movlw	1
   438  000076  6E83               	movwf	131,c	;volatile
   439  000078                     
   440                           ;main_semana9.c: 67:                 if(ciclo == 7*5){
   441  000078  0E23               	movlw	35
   442  00007A  1811               	xorwf	_ciclo^0,w,c
   443  00007C  1012               	iorwf	(_ciclo+1)^0,w,c
   444  00007E  A4D8               	btfss	status,2,c
   445  000080  EF44  F000         	goto	i2u32_41
   446  000084  EF46  F000         	goto	i2u32_40
   447  000088                     i2u32_41:
   448  000088  EF4E  F000         	goto	i2l944
   449  00008C                     i2u32_40:
   450  00008C                     
   451                           ;main_semana9.c: 68:                     led0FoiAcionado = 1;
   452  00008C  0E00               	movlw	0
   453  00008E  6E0C               	movwf	(_led0FoiAcionado+1)^0,c
   454  000090  0E01               	movlw	1
   455  000092  6E0B               	movwf	_led0FoiAcionado^0,c
   456                           
   457                           ;main_semana9.c: 69:                     ciclo = 1;
   458  000094  0E00               	movlw	0
   459  000096  6E12               	movwf	(_ciclo+1)^0,c
   460  000098  0E01               	movlw	1
   461  00009A  6E11               	movwf	_ciclo^0,c
   462  00009C                     i2l944:
   463                           
   464                           ;main_semana9.c: 73:             if(led0FoiAcionado) {
   465  00009C  500B               	movf	_led0FoiAcionado^0,w,c
   466  00009E  100C               	iorwf	(_led0FoiAcionado+1)^0,w,c
   467  0000A0  B4D8               	btfsc	status,2,c
   468  0000A2  EF55  F000         	goto	i2u33_41
   469  0000A6  EF57  F000         	goto	i2u33_40
   470  0000AA                     i2u33_41:
   471  0000AA  EF83  F000         	goto	i2l960
   472  0000AE                     i2u33_40:
   473  0000AE                     
   474                           ;main_semana9.c: 74:                 if(ciclo%(7*2) == 0){
   475  0000AE  C011  F013         	movff	_ciclo,___awmod@dividend
   476  0000B2  C012  F014         	movff	_ciclo+1,___awmod@dividend+1
   477  0000B6  0E00               	movlw	0
   478  0000B8  6E16               	movwf	(___awmod@divisor+1)^0,c
   479  0000BA  0E0E               	movlw	14
   480  0000BC  6E15               	movwf	___awmod@divisor^0,c
   481  0000BE  ECE4  F000         	call	___awmod	;wreg free
   482  0000C2  5013               	movf	?___awmod^0,w,c
   483  0000C4  1014               	iorwf	(?___awmod+1)^0,w,c
   484  0000C6  A4D8               	btfss	status,2,c
   485  0000C8  EF68  F000         	goto	i2u34_41
   486  0000CC  EF6A  F000         	goto	i2u34_40
   487  0000D0                     i2u34_41:
   488  0000D0  EF83  F000         	goto	i2l960
   489  0000D4                     i2u34_40:
   490  0000D4                     
   491                           ;main_semana9.c: 75:                     if(led2Acesso){
   492  0000D4  5007               	movf	_led2Acesso^0,w,c
   493  0000D6  1008               	iorwf	(_led2Acesso+1)^0,w,c
   494  0000D8  B4D8               	btfsc	status,2,c
   495  0000DA  EF71  F000         	goto	i2u35_41
   496  0000DE  EF73  F000         	goto	i2u35_40
   497  0000E2                     i2u35_41:
   498  0000E2  EF7E  F000         	goto	i2l956
   499  0000E6                     i2u35_40:
   500  0000E6                     
   501                           ;main_semana9.c: 76:                         PORTD &= 0b11111011;
   502  0000E6  9483               	bcf	131,2,c	;volatile
   503  0000E8                     
   504                           ;main_semana9.c: 77:                         led2Acesso = 0;
   505  0000E8  0E00               	movlw	0
   506  0000EA  6E08               	movwf	(_led2Acesso+1)^0,c
   507  0000EC  0E00               	movlw	0
   508  0000EE  6E07               	movwf	_led2Acesso^0,c
   509  0000F0                     
   510                           ;main_semana9.c: 78:                         led2FoiAcionado = 1;
   511  0000F0  0E00               	movlw	0
   512  0000F2  6E0A               	movwf	(_led2FoiAcionado+1)^0,c
   513  0000F4  0E01               	movlw	1
   514  0000F6  6E09               	movwf	_led2FoiAcionado^0,c
   515                           
   516                           ;main_semana9.c: 79:                     } else {
   517  0000F8  EF83  F000         	goto	i2l960
   518  0000FC                     i2l956:
   519                           
   520                           ;main_semana9.c: 80:                         PORTD |= 0b00000100;
   521  0000FC  8483               	bsf	131,2,c	;volatile
   522  0000FE                     
   523                           ;main_semana9.c: 81:                         led2Acesso = 1;
   524  0000FE  0E00               	movlw	0
   525  000100  6E08               	movwf	(_led2Acesso+1)^0,c
   526  000102  0E01               	movlw	1
   527  000104  6E07               	movwf	_led2Acesso^0,c
   528  000106                     i2l960:
   529                           
   530                           ;main_semana9.c: 86:             if(led2FoiAcionado) {
   531  000106  5009               	movf	_led2FoiAcionado^0,w,c
   532  000108  100A               	iorwf	(_led2FoiAcionado+1)^0,w,c
   533  00010A  B4D8               	btfsc	status,2,c
   534  00010C  EF8A  F000         	goto	i2u36_41
   535  000110  EF8C  F000         	goto	i2u36_40
   536  000114                     i2u36_41:
   537  000114  EFDF  F000         	goto	i2l994
   538  000118                     i2u36_40:
   539  000118                     
   540                           ;main_semana9.c: 87:                 clicoAux += 1;
   541  000118  4A0F               	infsnz	_clicoAux^0,f,c
   542  00011A  2A10               	incf	(_clicoAux+1)^0,f,c
   543  00011C                     
   544                           ;main_semana9.c: 88:                 if(clicoAux%4==0){
   545  00011C  0E03               	movlw	3
   546  00011E  140F               	andwf	_clicoAux^0,w,c
   547  000120  6E19               	movwf	??_interrupcao^0,c
   548  000122  0E00               	movlw	0
   549  000124  1410               	andwf	(_clicoAux+1)^0,w,c
   550  000126  6E1A               	movwf	(??_interrupcao+1)^0,c
   551  000128  5019               	movf	??_interrupcao^0,w,c
   552  00012A  101A               	iorwf	(??_interrupcao+1)^0,w,c
   553  00012C  A4D8               	btfss	status,2,c
   554  00012E  EF9B  F000         	goto	i2u37_41
   555  000132  EF9D  F000         	goto	i2u37_40
   556  000136                     i2u37_41:
   557  000136  EFDF  F000         	goto	i2l994
   558  00013A                     i2u37_40:
   559  00013A                     
   560                           ;main_semana9.c: 89:                     if(!led4FoiAcionado) {
   561  00013A  5005               	movf	_led4FoiAcionado^0,w,c
   562  00013C  1006               	iorwf	(_led4FoiAcionado+1)^0,w,c
   563  00013E  A4D8               	btfss	status,2,c
   564  000140  EFA4  F000         	goto	i2u38_41
   565  000144  EFA6  F000         	goto	i2u38_40
   566  000148                     i2u38_41:
   567  000148  EFAF  F000         	goto	i2l974
   568  00014C                     i2u38_40:
   569  00014C                     
   570                           ;main_semana9.c: 90:                         PORTD &= 0b00001111;
   571  00014C  0E0F               	movlw	15
   572  00014E  1683               	andwf	131,f,c	;volatile
   573  000150                     
   574                           ;main_semana9.c: 91:                         PORTD |= 0b00010000;
   575  000150  8883               	bsf	131,4,c	;volatile
   576  000152                     
   577                           ;main_semana9.c: 92:                         led4FoiAcionado = 1;
   578  000152  0E00               	movlw	0
   579  000154  6E06               	movwf	(_led4FoiAcionado+1)^0,c
   580  000156  0E01               	movlw	1
   581  000158  6E05               	movwf	_led4FoiAcionado^0,c
   582                           
   583                           ;main_semana9.c: 93:                     }
   584  00015A  EFDF  F000         	goto	i2l994
   585  00015E                     i2l974:
   586  00015E  5003               	movf	_led5FoiAcionado^0,w,c
   587  000160  1004               	iorwf	(_led5FoiAcionado+1)^0,w,c
   588  000162  A4D8               	btfss	status,2,c
   589  000164  EFB6  F000         	goto	i2u39_41
   590  000168  EFB8  F000         	goto	i2u39_40
   591  00016C                     i2u39_41:
   592  00016C  EFC0  F000         	goto	i2l980
   593  000170                     i2u39_40:
   594  000170                     
   595                           ;main_semana9.c: 95:                         PORTD &= 0b11101111;
   596  000170  9883               	bcf	131,4,c	;volatile
   597                           
   598                           ;main_semana9.c: 96:                         PORTD |= 0b00100000;
   599  000172  8A83               	bsf	131,5,c	;volatile
   600  000174                     
   601                           ;main_semana9.c: 97:                         led5FoiAcionado = 1;
   602  000174  0E00               	movlw	0
   603  000176  6E04               	movwf	(_led5FoiAcionado+1)^0,c
   604  000178  0E01               	movlw	1
   605  00017A  6E03               	movwf	_led5FoiAcionado^0,c
   606                           
   607                           ;main_semana9.c: 98:                     }
   608  00017C  EFDF  F000         	goto	i2l994
   609  000180                     i2l980:
   610  000180  5001               	movf	_led6FoiAcionado^0,w,c
   611  000182  1002               	iorwf	(_led6FoiAcionado+1)^0,w,c
   612  000184  A4D8               	btfss	status,2,c
   613  000186  EFC7  F000         	goto	i2u40_41
   614  00018A  EFC9  F000         	goto	i2u40_40
   615  00018E                     i2u40_41:
   616  00018E  EFD1  F000         	goto	i2l986
   617  000192                     i2u40_40:
   618  000192                     
   619                           ;main_semana9.c: 100:                         PORTD &= 0b11011111;
   620  000192  9A83               	bcf	131,5,c	;volatile
   621                           
   622                           ;main_semana9.c: 101:                         PORTD |= 0b01000000;
   623  000194  8C83               	bsf	131,6,c	;volatile
   624  000196                     
   625                           ;main_semana9.c: 102:                         led6FoiAcionado = 1;
   626  000196  0E00               	movlw	0
   627  000198  6E02               	movwf	(_led6FoiAcionado+1)^0,c
   628  00019A  0E01               	movlw	1
   629  00019C  6E01               	movwf	_led6FoiAcionado^0,c
   630                           
   631                           ;main_semana9.c: 103:                     }
   632  00019E  EFDF  F000         	goto	i2l994
   633  0001A2                     i2l986:
   634                           
   635                           ;main_semana9.c: 105:                         PORTD &= 0b10111111;
   636  0001A2  9C83               	bcf	131,6,c	;volatile
   637                           
   638                           ;main_semana9.c: 106:                         PORTD |= 0b10000000;
   639  0001A4  8E83               	bsf	131,7,c	;volatile
   640  0001A6                     
   641                           ;main_semana9.c: 107:                         led4FoiAcionado = 0;
   642  0001A6  0E00               	movlw	0
   643  0001A8  6E06               	movwf	(_led4FoiAcionado+1)^0,c
   644  0001AA  0E00               	movlw	0
   645  0001AC  6E05               	movwf	_led4FoiAcionado^0,c
   646  0001AE                     
   647                           ;main_semana9.c: 108:                         led5FoiAcionado = 0;
   648  0001AE  0E00               	movlw	0
   649  0001B0  6E04               	movwf	(_led5FoiAcionado+1)^0,c
   650  0001B2  0E00               	movlw	0
   651  0001B4  6E03               	movwf	_led5FoiAcionado^0,c
   652  0001B6                     
   653                           ;main_semana9.c: 109:                         led6FoiAcionado = 0;
   654  0001B6  0E00               	movlw	0
   655  0001B8  6E02               	movwf	(_led6FoiAcionado+1)^0,c
   656  0001BA  0E00               	movlw	0
   657  0001BC  6E01               	movwf	_led6FoiAcionado^0,c
   658  0001BE                     i2l994:
   659                           
   660                           ;main_semana9.c: 114:         INTCONbits.TMR0IF = 0;
   661  0001BE  94F2               	bcf	242,2,c	;volatile
   662  0001C0                     i2l62:
   663  0001C0  921B               	bcf	int$flags,1,c	;clear compiler interrupt flag (level 2)
   664  0001C2  0011               	retfie		f
   665  0001C4                     __end_of_interrupcao:
   666                           	opt callstack 0
   667                           
   668 ;; *************** function ___awmod *****************
   669 ;; Defined at:
   670 ;;		line 7 in file "C:\Program Files (x86)\Microchip\xc8\v2.10\pic\sources\c99\common\awmod.c"
   671 ;; Parameters:    Size  Location     Type
   672 ;;  dividend        2    0[COMRAM] int 
   673 ;;  divisor         2    2[COMRAM] int 
   674 ;; Auto vars:     Size  Location     Type
   675 ;;  sign            1    5[COMRAM] unsigned char 
   676 ;;  counter         1    4[COMRAM] unsigned char 
   677 ;; Return value:  Size  Location     Type
   678 ;;                  2    0[COMRAM] int 
   679 ;; Registers used:
   680 ;;		wreg, status,2, status,0
   681 ;; Tracked objects:
   682 ;;		On entry : 0/0
   683 ;;		On exit  : 0/0
   684 ;;		Unchanged: 0/0
   685 ;; Data sizes:     COMRAM   BANK0   BANK1   BANK2   BANK3   BANK4   BANK5
   686 ;;      Params:         4       0       0       0       0       0       0
   687 ;;      Locals:         2       0       0       0       0       0       0
   688 ;;      Temps:          0       0       0       0       0       0       0
   689 ;;      Totals:         6       0       0       0       0       0       0
   690 ;;Total ram usage:        6 bytes
   691 ;; Hardware stack levels used:    1
   692 ;; This function calls:
   693 ;;		Nothing
   694 ;; This function is called by:
   695 ;;		_interrupcao
   696 ;; This function uses a non-reentrant model
   697 ;;
   698                           
   699                           	psect	text4
   700  0001C8                     __ptext4:
   701                           	opt callstack 0
   702  0001C8                     ___awmod:
   703                           	opt callstack 28
   704  0001C8  0E00               	movlw	0
   705  0001CA  6E18               	movwf	___awmod@sign^0,c
   706  0001CC  BE14               	btfsc	(___awmod@dividend+1)^0,7,c
   707  0001CE  EFED  F000         	goto	i2u21_40
   708  0001D2  EFEB  F000         	goto	i2u21_41
   709  0001D6                     i2u21_41:
   710  0001D6  EFF3  F000         	goto	i2l894
   711  0001DA                     i2u21_40:
   712  0001DA  6C13               	negf	___awmod@dividend^0,c
   713  0001DC  1E14               	comf	(___awmod@dividend+1)^0,f,c
   714  0001DE  B0D8               	btfsc	status,0,c
   715  0001E0  2A14               	incf	(___awmod@dividend+1)^0,f,c
   716  0001E2  0E01               	movlw	1
   717  0001E4  6E18               	movwf	___awmod@sign^0,c
   718  0001E6                     i2l894:
   719  0001E6  BE16               	btfsc	(___awmod@divisor+1)^0,7,c
   720  0001E8  EFFA  F000         	goto	i2u22_40
   721  0001EC  EFF8  F000         	goto	i2u22_41
   722  0001F0                     i2u22_41:
   723  0001F0  EFFE  F000         	goto	i2l898
   724  0001F4                     i2u22_40:
   725  0001F4  6C15               	negf	___awmod@divisor^0,c
   726  0001F6  1E16               	comf	(___awmod@divisor+1)^0,f,c
   727  0001F8  B0D8               	btfsc	status,0,c
   728  0001FA  2A16               	incf	(___awmod@divisor+1)^0,f,c
   729  0001FC                     i2l898:
   730  0001FC  5015               	movf	___awmod@divisor^0,w,c
   731  0001FE  1016               	iorwf	(___awmod@divisor+1)^0,w,c
   732  000200  B4D8               	btfsc	status,2,c
   733  000202  EF05  F001         	goto	i2u23_41
   734  000206  EF07  F001         	goto	i2u23_40
   735  00020A                     i2u23_41:
   736  00020A  EF2B  F001         	goto	i2l914
   737  00020E                     i2u23_40:
   738  00020E  0E01               	movlw	1
   739  000210  6E17               	movwf	___awmod@counter^0,c
   740  000212  EF0F  F001         	goto	i2l904
   741  000216                     i2l902:
   742  000216  90D8               	bcf	status,0,c
   743  000218  3615               	rlcf	___awmod@divisor^0,f,c
   744  00021A  3616               	rlcf	(___awmod@divisor+1)^0,f,c
   745  00021C  2A17               	incf	___awmod@counter^0,f,c
   746  00021E                     i2l904:
   747  00021E  AE16               	btfss	(___awmod@divisor+1)^0,7,c
   748  000220  EF14  F001         	goto	i2u24_41
   749  000224  EF16  F001         	goto	i2u24_40
   750  000228                     i2u24_41:
   751  000228  EF0B  F001         	goto	i2l902
   752  00022C                     i2u24_40:
   753  00022C                     i2l906:
   754  00022C  5015               	movf	___awmod@divisor^0,w,c
   755  00022E  5C13               	subwf	___awmod@dividend^0,w,c
   756  000230  5016               	movf	(___awmod@divisor+1)^0,w,c
   757  000232  5814               	subwfb	(___awmod@dividend+1)^0,w,c
   758  000234  A0D8               	btfss	status,0,c
   759  000236  EF1F  F001         	goto	i2u25_41
   760  00023A  EF21  F001         	goto	i2u25_40
   761  00023E                     i2u25_41:
   762  00023E  EF25  F001         	goto	i2l910
   763  000242                     i2u25_40:
   764  000242  5015               	movf	___awmod@divisor^0,w,c
   765  000244  5E13               	subwf	___awmod@dividend^0,f,c
   766  000246  5016               	movf	(___awmod@divisor+1)^0,w,c
   767  000248  5A14               	subwfb	(___awmod@dividend+1)^0,f,c
   768  00024A                     i2l910:
   769  00024A  90D8               	bcf	status,0,c
   770  00024C  3216               	rrcf	(___awmod@divisor+1)^0,f,c
   771  00024E  3215               	rrcf	___awmod@divisor^0,f,c
   772  000250  2E17               	decfsz	___awmod@counter^0,f,c
   773  000252  EF16  F001         	goto	i2l906
   774  000256                     i2l914:
   775  000256  5018               	movf	___awmod@sign^0,w,c
   776  000258  B4D8               	btfsc	status,2,c
   777  00025A  EF31  F001         	goto	i2u26_41
   778  00025E  EF33  F001         	goto	i2u26_40
   779  000262                     i2u26_41:
   780  000262  EF37  F001         	goto	i2l918
   781  000266                     i2u26_40:
   782  000266  6C13               	negf	___awmod@dividend^0,c
   783  000268  1E14               	comf	(___awmod@dividend+1)^0,f,c
   784  00026A  B0D8               	btfsc	status,0,c
   785  00026C  2A14               	incf	(___awmod@dividend+1)^0,f,c
   786  00026E                     i2l918:
   787  00026E  C013  F013         	movff	___awmod@dividend,?___awmod
   788  000272  C014  F014         	movff	___awmod@dividend+1,?___awmod+1
   789  000276  0012               	return		;funcret
   790  000278                     __end_of___awmod:
   791                           	opt callstack 0
   792  0000                     
   793                           	psect	rparam
   794  0000                     
   795                           	psect	temp
   796  00001B                     btemp:
   797                           	opt callstack 0
   798  00001B                     	ds	1
   799  0000                     int$flags	set	btemp
   800  0000                     wtemp8	set	btemp+1
   801  0000                     ttemp5	set	btemp+1
   802  0000                     ttemp6	set	btemp+4
   803  0000                     ttemp7	set	btemp+8
   804                           tosu	equ	0xFFF
   805                           tosh	equ	0xFFE
   806                           tosl	equ	0xFFD
   807                           stkptr	equ	0xFFC
   808                           pclatu	equ	0xFFB
   809                           pclath	equ	0xFFA
   810                           pcl	equ	0xFF9
   811                           tblptru	equ	0xFF8
   812                           tblptrh	equ	0xFF7
   813                           tblptrl	equ	0xFF6
   814                           tablat	equ	0xFF5
   815                           prodh	equ	0xFF4
   816                           prodl	equ	0xFF3
   817                           indf0	equ	0xFEF
   818                           postinc0	equ	0xFEE
   819                           postdec0	equ	0xFED
   820                           preinc0	equ	0xFEC
   821                           plusw0	equ	0xFEB
   822                           fsr0h	equ	0xFEA
   823                           fsr0l	equ	0xFE9
   824                           wreg	equ	0xFE8
   825                           indf1	equ	0xFE7
   826                           postinc1	equ	0xFE6
   827                           postdec1	equ	0xFE5
   828                           preinc1	equ	0xFE4
   829                           plusw1	equ	0xFE3
   830                           fsr1h	equ	0xFE2
   831                           fsr1l	equ	0xFE1
   832                           bsr	equ	0xFE0
   833                           indf2	equ	0xFDF
   834                           postinc2	equ	0xFDE
   835                           postdec2	equ	0xFDD
   836                           preinc2	equ	0xFDC
   837                           plusw2	equ	0xFDB
   838                           fsr2h	equ	0xFDA
   839                           fsr2l	equ	0xFD9
   840                           status	equ	0xFD8


Data Sizes:
    Strings     0
    Constant    0
    Data        0
    BSS         18
    Persistent  0
    Stack       0

Auto Spaces:
    Space          Size  Autos    Used
    COMRAM           94      8      26
    BANK0           160      0       0
    BANK1           256      0       0
    BANK2           256      0       0
    BANK3           256      0       0
    BANK4           256      0       0
    BANK5           256      0       0

Pointer List with Targets:

    None.

Critical Paths under _main in COMRAM

    None.

Critical Paths under _interrupcao in COMRAM

    _interrupcao->___awmod

Critical Paths under _main in BANK0

    None.

Critical Paths under _interrupcao in BANK0

    None.

Critical Paths under _main in BANK1

    None.

Critical Paths under _interrupcao in BANK1

    None.

Critical Paths under _main in BANK2

    None.

Critical Paths under _interrupcao in BANK2

    None.

Critical Paths under _main in BANK3

    None.

Critical Paths under _interrupcao in BANK3

    None.

Critical Paths under _main in BANK4

    None.

Critical Paths under _interrupcao in BANK4

    None.

Critical Paths under _main in BANK5

    None.

Critical Paths under _interrupcao in BANK5

    None.

Call Graph Tables:

 ---------------------------------------------------------------------------------
 (Depth) Function   	        Calls       Base Space   Used Autos Params    Refs
 ---------------------------------------------------------------------------------
 (0) _main                                                 0     0      0       0
              _configuraTemporizador
        _confuguraInterrupcaoExterna
 ---------------------------------------------------------------------------------
 (1) _confuguraInterrupcaoExterna                          0     0      0       0
 ---------------------------------------------------------------------------------
 (1) _configuraTemporizador                                0     0      0       0
 ---------------------------------------------------------------------------------
 Estimated maximum stack depth 1
 ---------------------------------------------------------------------------------
 (Depth) Function   	        Calls       Base Space   Used Autos Params    Refs
 ---------------------------------------------------------------------------------
 (2) _interrupcao                                          2     2      0     448
                                              6 COMRAM     2     2      0
                            ___awmod
 ---------------------------------------------------------------------------------
 (3) ___awmod                                              6     2      4     448
                                              0 COMRAM     6     2      4
 ---------------------------------------------------------------------------------
 Estimated maximum stack depth 3
 ---------------------------------------------------------------------------------

 Call Graph Graphs:

 _main (ROOT)
   _configuraTemporizador
   _confuguraInterrupcaoExterna

 _interrupcao (ROOT)
   ___awmod

 Address spaces:
Name               Size   Autos  Total    Cost      Usage
BIGRAM             5FF      0       0      17        0.0%
EEDATA             100      0       0       0        0.0%
BITBANK5           100      0       0      16        0.0%
BANK5              100      0       0      14        0.0%
BITBANK4           100      0       0      12        0.0%
BANK4              100      0       0      13        0.0%
BITBANK3           100      0       0      10        0.0%
BANK3              100      0       0      11        0.0%
BITBANK2           100      0       0       8        0.0%
BANK2              100      0       0       9        0.0%
BITBANK1           100      0       0       6        0.0%
BANK1              100      0       0       7        0.0%
BITBANK0            A0      0       0       4        0.0%
BANK0               A0      0       0       5        0.0%
BITCOMRAM           5E      0       0       0        0.0%
COMRAM              5E      8      1A       1       27.7%
BITSFR               0      0       0     200        0.0%
SFR                  0      0       0     200        0.0%
STACK                0      0       0       2        0.0%
NULL                 0      0       0       0        0.0%
ABS                  0      0      1A      15        0.0%
DATA                 0      0      1A       3        0.0%
CODE                 0      0       0       0        0.0%


Microchip Technology PIC18 Macro Assembler V2.10 build 88905656 
Symbol Table                                                                                   Thu Jul 30 22:22:08 2020

                                  l40 02CE                                    l37 0296  
                                  l67 02BC                                    l68 02BC  
                                 l750 0282                                   l760 0290  
                                 l752 0284                                   l762 0292  
                                 l754 0286                                   l746 0278  
                                 l764 0294                                   l756 028C  
                                 l748 0280                                   l758 028E  
                                 l766 02C4                                   l880 02B2  
                                 l882 02B4                                   l884 02B8  
                                 l878 02AE                          ___awmod@sign 0018  
                                 wreg 000FE8                          __CFG_LVP$OFF 000000  
                                i2l62 01C0                                  _main 02AE  
                                btemp 001B                                  start 01C4  
                        ___param_bank 000000                                 ?_main 0013  
                     __end_of___awmod 0278                                 i2l317 0276  
                               i2l900 020E                                 i2l910 024A  
                               i2l902 0216                                 i2l912 0250  
                               i2l904 021E                                 i2l906 022C  
                               i2l914 0256                                 i2l930 0030  
                               i2l922 000A                                 i2l916 0266  
                               i2l908 0242                                 i2l940 0078  
                               i2l932 0042                                 i2l924 0018  
                               i2l918 026E                                 i2l950 00E6  
                               i2l942 008C                                 i2l934 0046  
                               i2l926 0020                                 i2l952 00E8  
                               i2l960 0106                                 i2l936 0062  
                               i2l944 009C                                 i2l928 0022  
                               i2l890 01DA                                 i2l970 0150  
                               i2l962 0118                                 i2l954 00F0  
                               i2l946 00AE                                 i2l938 0074  
                               i2l892 01E2                                 i2l980 0180  
                               i2l972 0152                                 i2l964 011C  
                               i2l956 00FC                                 i2l948 00D4  
                               i2l894 01E6                                 i2l886 01C8  
                               i2l990 01AE                                 i2l982 0192  
                               i2l974 015E                                 i2l966 013A  
                               i2l958 00FE                                 i2l896 01F4  
                               i2l888 01CC                                 i2l992 01B6  
                               i2l984 0196                                 i2l976 0170  
                               i2l968 014C                                 i2l898 01FC  
                               i2l986 01A2                                 i2l978 0174  
                               i2l994 01BE                                 i2l988 01A6  
                               _PORTD 000F83                                 _TRISB 000F93  
                               _TRISD 000F95                         __CFG_PWRT$OFF 000000  
                               _ciclo 0011                                 ttemp5 001C  
                               ttemp6 001F                                 ttemp7 0023  
                               status 000FD8                                 wtemp8 001C  
                      __CFG_MCLRE$OFF 000000                       __initialization 0298  
                        ?_interrupcao 0013                          __end_of_main 02C4  
                              ??_main 001B                         __activetblptr 000000  
                      __CFG_WDTEN$OFF 000000                             ??___awmod 0017  
                              clear_0 029E                       ___awmod@divisor 0015  
                     ___awmod@counter 0017          ?_confuguraInterrupcaoExterna 0013  
             ??_configuraTemporizador 001B                            __accesstop 0060  
             __end_of__initialization 02A4                       __CFG_PBADEN$OFF 000000  
                       ___rparam_used 000001                        __pcstackCOMRAM 0013  
       ??_confuguraInterrupcaoExterna 001B                            _led2Acesso 0007  
                __size_of_interrupcao 01BC                               i2u21_40 01DA  
                             i2u21_41 01D6                               i2u22_40 01F4  
                             i2u30_40 0062                               i2u22_41 01F0  
                             i2u30_41 005E                               i2u23_40 020E  
                             i2u31_40 0074                               i2u23_41 020A  
                             i2u31_41 0070                               i2u24_40 022C  
                             i2u40_40 0192                               i2u32_40 008C  
                             i2u24_41 0228                               i2u40_41 018E  
                             i2u32_41 0088                               i2u25_40 0242  
                             i2u33_40 00AE                               i2u25_41 023E  
                             i2u33_41 00AA                               i2u26_40 0266  
                             i2u34_40 00D4                               i2u26_41 0262  
                             i2u34_41 00D0                               i2u35_40 00E6  
                             i2u27_40 0018                               i2u35_41 00E2  
                             i2u27_41 0014                               i2u36_40 0118  
                             i2u28_40 0030                               i2u36_41 0114  
                             i2u28_41 002C                               i2u37_40 013A  
                             i2u29_40 0042                               i2u37_41 0136  
                             i2u29_41 003E                               i2u38_40 014C  
                             i2u38_41 0148                               i2u39_40 0170  
                             i2u39_41 016C  __size_of_confuguraInterrupcaoExterna 000C  
                             __Hparam 0000                               __Lparam 0000  
                             ___awmod 01C8                               __pcinit 0298  
                             __ramtop 0600                               __ptext0 02AE  
                             __ptext1 02C4                               __ptext2 0278  
                             __ptext4 01C8                             _T0CONbits 000FD5  
                    ___awmod@dividend 0013                  end_of_initialization 02A4  
                             postinc0 000FEE        __size_of_configuraTemporizador 0020  
       __end_of_configuraTemporizador 0298                   start_initialization 0298  
                         __pbssCOMRAM 0001                         ??_interrupcao 0019  
                           __pintcode 0008                              ?___awmod 0013  
 __end_of_confuguraInterrupcaoExterna 02D0           _confuguraInterrupcaoExterna 02C4  
                     _led0FoiAcionado 000B                              _RCONbits 000FD0  
                 __end_of_interrupcao 01C4                           _INTCON2bits 000FF1  
                     _led2FoiAcionado 0009                              __Hrparam 0000  
                            __Lrparam 0000                      __size_of___awmod 00B0  
                            _clicoAux 000F                       _led4FoiAcionado 0005  
                       __size_of_main 0016                 _configuraTemporizador 0278  
                       _botaoAcionado 000D                           _interrupcao 0008  
                            int$flags 001B                       _led5FoiAcionado 0003  
                          _INTCONbits 000FF2                       _led6FoiAcionado 0001  
                            intlevel2 0000                            _OSCCONbits 000FD3  
              ?_configuraTemporizador 0013                     __CFG_FOSC$INTIO67 000000  
