

Microchip MPLAB XC8 Assembler V2.10 build 88905656 
                                                                                               Tue Sep 15 21:29:09 2020

Microchip MPLAB XC8 C Compiler v2.10 (Free license) build 20190730164152 Og1 
     1                           	processor	18F45K20
     2                           	fnconf	rparam,??,?,0
     3                           	opt	pw 120
     4                           	opt	flic
     5                           	psect	nvCOMRAM,global,class=COMRAM,space=1,delta=1,noexec
     6                           	psect	cinit,global,reloc=2,class=CODE,delta=1
     7                           	psect	cstackCOMRAM,global,class=COMRAM,space=1,delta=1,noexec
     8                           	psect	text0,global,reloc=2,class=CODE,delta=1
     9                           	psect	text1,global,reloc=2,class=CODE,delta=1
    10                           	psect	text2,global,reloc=2,class=CODE,delta=1
    11                           	psect	intcode,global,reloc=2,class=CODE,delta=1
    12                           	psect	intsave_regs,global,class=BIGRAM,space=1,delta=1,noexec
    13                           	psect	rparam,global,class=COMRAM,space=1,delta=1,noexec
    14                           	psect	temp,global,ovrld,common,class=COMRAM,space=1,delta=1
    15  0000                     
    16                           ; Version 2.10
    17                           ; Generated 31/07/2019 GMT
    18                           ; 
    19                           ; Copyright © 2019, Microchip Technology Inc. and its subsidiaries ("Microchip")
    20                           ; All rights reserved.
    21                           ; 
    22                           ; This software is developed by Microchip Technology Inc. and its subsidiaries ("Microch
      +                          ip").
    23                           ; 
    24                           ; Redistribution and use in source and binary forms, with or without modification, are
    25                           ; permitted provided that the following conditions are met:
    26                           ; 
    27                           ;     1. Redistributions of source code must retain the above copyright notice, this lis
      +                          t of
    28                           ;        conditions and the following disclaimer.
    29                           ; 
    30                           ;     2. Redistributions in binary form must reproduce the above copyright notice, this 
      +                          list
    31                           ;        of conditions and the following disclaimer in the documentation and/or other
    32                           ;        materials provided with the distribution.
    33                           ; 
    34                           ;     3. Microchip's name may not be used to endorse or promote products derived from th
      +                          is
    35                           ;        software without specific prior written permission.
    36                           ; 
    37                           ; THIS SOFTWARE IS PROVIDED BY MICROCHIP "AS IS" AND ANY EXPRESS OR IMPLIED WARRANTIES,
    38                           ; INCLUDING, BUT NOT LIMITED TO, THE IMPLIED WARRANTIES OF MERCHANTABILITY AND FITNESS F
      +                          OR
    39                           ; PURPOSE ARE DISCLAIMED.  IN NO EVENT SHALL MICROCHIP BE LIABLE FOR ANY DIRECT, INDIREC
      +                          T,
    40                           ; INCIDENTAL, SPECIAL, EXEMPLARY, OR CONSEQUENTIAL DAMAGES (INCLUDING BUT NOT LIMITED TO
    41                           ; PROCUREMENT OF SUBSTITUTE GOODS OR SERVICES; LOSS OF USE, DATA OR PROFITS; OR BUSINESS
    42                           ; INTERRUPTION) HOWSOEVER CAUSED AND ON ANY THEORY OF LIABILITY, WHETHER IN CONTRACT, ST
      +                          RICT
    43                           ; LIABILITY, OR TORT (INCLUDING NEGLIGENCE OR OTHERWISE) ARISING IN ANY WAY OUT OF THE U
      +                          SE OF
    44                           ; THIS SOFTWARE, EVEN IF ADVISED OF THE POSSIBILITY OF SUCH DAMAGE.
    45                           ; 
    46                           ; 
    47                           ; Code-generator required, PIC18F45K20 Definitions
    48                           ; 
    49                           ; SFR Addresses
    50  0000                     
    51                           	psect	nvCOMRAM
    52  000001                     __pnvCOMRAM:
    53                           	opt callstack 0
    54  000001                     _LED_Display:
    55                           	opt callstack 0
    56  000001                     	ds	1
    57  0000                     _SSPBUF	set	4041
    58  0000                     _PORTD	set	3971
    59  0000                     _RCONbits	set	4048
    60  0000                     _PIR1bits	set	3998
    61  0000                     _PIE1bits	set	3997
    62  0000                     _INTCONbits	set	4082
    63  0000                     _SSPSTATbits	set	4039
    64  0000                     _TRISCbits	set	3988
    65  0000                     _SSPCON1bits	set	4038
    66  0000                     _TRISD	set	3989
    67                           
    68                           ; #config settings
    69  0000                     
    70                           	psect	cinit
    71  000060                     __pcinit:
    72                           	opt callstack 0
    73  000060                     start_initialization:
    74                           	opt callstack 0
    75  000060                     __initialization:
    76                           	opt callstack 0
    77  000060                     end_of_initialization:
    78                           	opt callstack 0
    79  000060                     __end_of__initialization:
    80                           	opt callstack 0
    81  000060  9002               	bcf	int$flags,0,c	;clear compiler interrupt flag (level 1)
    82  000062  9202               	bcf	int$flags,1,c	;clear compiler interrupt flag (level 2)
    83  000064  0100               	movlb	0
    84  000066  EF28  F000         	goto	_main	;jump to C main() function
    85                           
    86                           	psect	cstackCOMRAM
    87  000000                     __pcstackCOMRAM:
    88                           	opt callstack 0
    89  000000                     
    90                           ; 1 bytes @ 0x0
    91 ;;
    92 ;;Main: autosize = 0, tempsize = 0, incstack = 0, save=0
    93 ;;
    94 ;; *************** function _main *****************
    95 ;; Defined at:
    96 ;;		line 65 in file "main_escravo.c"
    97 ;; Parameters:    Size  Location     Type
    98 ;;		None
    99 ;; Auto vars:     Size  Location     Type
   100 ;;		None
   101 ;; Return value:  Size  Location     Type
   102 ;;                  1    wreg      void 
   103 ;; Registers used:
   104 ;;		wreg, status,2, cstack
   105 ;; Tracked objects:
   106 ;;		On entry : 0/0
   107 ;;		On exit  : 0/0
   108 ;;		Unchanged: 0/0
   109 ;; Data sizes:     COMRAM   BANK0   BANK1   BANK2   BANK3   BANK4   BANK5
   110 ;;      Params:         0       0       0       0       0       0       0
   111 ;;      Locals:         0       0       0       0       0       0       0
   112 ;;      Temps:          0       0       0       0       0       0       0
   113 ;;      Totals:         0       0       0       0       0       0       0
   114 ;;Total ram usage:        0 bytes
   115 ;; Hardware stack levels required when called:    2
   116 ;; This function calls:
   117 ;;		_UserInit
   118 ;;		_UserProcess
   119 ;; This function is called by:
   120 ;;		Startup code after reset
   121 ;; This function uses a non-reentrant model
   122 ;;
   123                           
   124                           	psect	text0
   125  000050                     __ptext0:
   126                           	opt callstack 0
   127  000050                     _main:
   128                           	opt callstack 29
   129  000050                     
   130                           ;main_escravo.c: 67:  UserInit();
   131  000050  EC13  F000         	call	_UserInit	;wreg free
   132  000054                     l760:
   133                           
   134                           ;main_escravo.c: 70:   UserProcess();
   135  000054  EC35  F000         	call	_UserProcess	;wreg free
   136  000058  EF2A  F000         	goto	l760
   137  00005C  EF11  F000         	goto	start
   138  000060                     __end_of_main:
   139                           	opt callstack 0
   140                           
   141 ;; *************** function _UserProcess *****************
   142 ;; Defined at:
   143 ;;		line 158 in file "main_escravo.c"
   144 ;; Parameters:    Size  Location     Type
   145 ;;		None
   146 ;; Auto vars:     Size  Location     Type
   147 ;;		None
   148 ;; Return value:  Size  Location     Type
   149 ;;                  1    wreg      void 
   150 ;; Registers used:
   151 ;;		None
   152 ;; Tracked objects:
   153 ;;		On entry : 0/0
   154 ;;		On exit  : 0/0
   155 ;;		Unchanged: 0/0
   156 ;; Data sizes:     COMRAM   BANK0   BANK1   BANK2   BANK3   BANK4   BANK5
   157 ;;      Params:         0       0       0       0       0       0       0
   158 ;;      Locals:         0       0       0       0       0       0       0
   159 ;;      Temps:          0       0       0       0       0       0       0
   160 ;;      Totals:         0       0       0       0       0       0       0
   161 ;;Total ram usage:        0 bytes
   162 ;; Hardware stack levels used:    1
   163 ;; Hardware stack levels required when called:    1
   164 ;; This function calls:
   165 ;;		Nothing
   166 ;; This function is called by:
   167 ;;		_main
   168 ;; This function uses a non-reentrant model
   169 ;;
   170                           
   171                           	psect	text1
   172  00006A                     __ptext1:
   173                           	opt callstack 0
   174  00006A                     _UserProcess:
   175                           	opt callstack 29
   176  00006A                     
   177                           ;main_escravo.c: 159:  PORTD = LED_Display;
   178  00006A  C001  FF83         	movff	_LED_Display,3971	;volatile
   179  00006E  0012               	return		;funcret
   180  000070                     __end_of_UserProcess:
   181                           	opt callstack 0
   182                           
   183 ;; *************** function _UserInit *****************
   184 ;; Defined at:
   185 ;;		line 87 in file "main_escravo.c"
   186 ;; Parameters:    Size  Location     Type
   187 ;;		None
   188 ;; Auto vars:     Size  Location     Type
   189 ;;		None
   190 ;; Return value:  Size  Location     Type
   191 ;;                  1    wreg      void 
   192 ;; Registers used:
   193 ;;		wreg, status,2
   194 ;; Tracked objects:
   195 ;;		On entry : 0/0
   196 ;;		On exit  : 0/0
   197 ;;		Unchanged: 0/0
   198 ;; Data sizes:     COMRAM   BANK0   BANK1   BANK2   BANK3   BANK4   BANK5
   199 ;;      Params:         0       0       0       0       0       0       0
   200 ;;      Locals:         0       0       0       0       0       0       0
   201 ;;      Temps:          0       0       0       0       0       0       0
   202 ;;      Totals:         0       0       0       0       0       0       0
   203 ;;Total ram usage:        0 bytes
   204 ;; Hardware stack levels used:    1
   205 ;; Hardware stack levels required when called:    1
   206 ;; This function calls:
   207 ;;		Nothing
   208 ;; This function is called by:
   209 ;;		_main
   210 ;; This function uses a non-reentrant model
   211 ;;
   212                           
   213                           	psect	text2
   214  000026                     __ptext2:
   215                           	opt callstack 0
   216  000026                     _UserInit:
   217                           	opt callstack 29
   218  000026                     
   219                           ;main_escravo.c: 95:  LED_Display = 0b1111;
   220  000026  0E0F               	movlw	15
   221  000028  6E01               	movwf	_LED_Display^0,c
   222                           
   223                           ;main_escravo.c: 104:  TRISD = 0b00000000;
   224  00002A  0E00               	movlw	0
   225  00002C  6E95               	movwf	149,c	;volatile
   226  00002E                     
   227                           ;main_escravo.c: 121:  SSPCON1bits.SSPM3 = 0;
   228  00002E  96C6               	bcf	198,3,c	;volatile
   229  000030                     
   230                           ;main_escravo.c: 122:  SSPCON1bits.SSPM2 = 1;
   231  000030  84C6               	bsf	198,2,c	;volatile
   232  000032                     
   233                           ;main_escravo.c: 123:  SSPCON1bits.SSPM1 = 0;
   234  000032  92C6               	bcf	198,1,c	;volatile
   235  000034                     
   236                           ;main_escravo.c: 124:  SSPCON1bits.SSPM0 = 1;
   237  000034  80C6               	bsf	198,0,c	;volatile
   238  000036                     
   239                           ;main_escravo.c: 125:  TRISCbits.TRISC3 = 1;
   240  000036  8694               	bsf	148,3,c	;volatile
   241  000038                     
   242                           ;main_escravo.c: 126:  TRISCbits.TRISC4 = 1;
   243  000038  8894               	bsf	148,4,c	;volatile
   244  00003A                     
   245                           ;main_escravo.c: 127:  TRISCbits.TRISC5 = 0;
   246  00003A  9A94               	bcf	148,5,c	;volatile
   247  00003C                     
   248                           ;main_escravo.c: 128:  SSPSTATbits.CKE = 0;
   249  00003C  9CC7               	bcf	199,6,c	;volatile
   250  00003E                     
   251                           ;main_escravo.c: 129:  SSPCON1bits.CKP = 0;
   252  00003E  98C6               	bcf	198,4,c	;volatile
   253  000040                     
   254                           ;main_escravo.c: 130:  SSPSTATbits.SMP = 0;
   255  000040  9EC7               	bcf	199,7,c	;volatile
   256  000042                     
   257                           ;main_escravo.c: 131:  SSPCON1bits.SSPEN = 1;
   258  000042  8AC6               	bsf	198,5,c	;volatile
   259  000044                     
   260                           ;main_escravo.c: 144:     INTCONbits.PEIE = 1;
   261  000044  8CF2               	bsf	242,6,c	;volatile
   262  000046                     
   263                           ;main_escravo.c: 145:  PIE1bits.SSPIE = 1;
   264  000046  869D               	bsf	157,3,c	;volatile
   265  000048                     
   266                           ;main_escravo.c: 146:  PIR1bits.SSPIF = 0;
   267  000048  969E               	bcf	158,3,c	;volatile
   268  00004A                     
   269                           ;main_escravo.c: 147:  RCONbits.IPEN = 0;
   270  00004A  9ED0               	bcf	208,7,c	;volatile
   271  00004C                     
   272                           ;main_escravo.c: 148:  INTCONbits.GIEH = 1;
   273  00004C  8EF2               	bsf	242,7,c	;volatile
   274  00004E  0012               	return		;funcret
   275  000050                     __end_of_UserInit:
   276                           	opt callstack 0
   277                           
   278 ;; *************** function _InterruptServiceHigh *****************
   279 ;; Defined at:
   280 ;;		line 173 in file "main_escravo.c"
   281 ;; Parameters:    Size  Location     Type
   282 ;;		None
   283 ;; Auto vars:     Size  Location     Type
   284 ;;		None
   285 ;; Return value:  Size  Location     Type
   286 ;;                  1    wreg      void 
   287 ;; Registers used:
   288 ;;		None
   289 ;; Tracked objects:
   290 ;;		On entry : 0/0
   291 ;;		On exit  : 0/0
   292 ;;		Unchanged: 0/0
   293 ;; Data sizes:     COMRAM   BANK0   BANK1   BANK2   BANK3   BANK4   BANK5
   294 ;;      Params:         0       0       0       0       0       0       0
   295 ;;      Locals:         0       0       0       0       0       0       0
   296 ;;      Temps:          0       0       0       0       0       0       0
   297 ;;      Totals:         0       0       0       0       0       0       0
   298 ;;Total ram usage:        0 bytes
   299 ;; Hardware stack levels used:    1
   300 ;; This function calls:
   301 ;;		Nothing
   302 ;; This function is called by:
   303 ;;		Interrupt level 2
   304 ;; This function uses a non-reentrant model
   305 ;;
   306                           
   307                           	psect	intcode
   308  000008                     __pintcode:
   309                           	opt callstack 0
   310  000008                     _InterruptServiceHigh:
   311                           	opt callstack 29
   312                           
   313                           ;incstack = 0
   314  000008  8202               	bsf	int$flags,1,c	;set compiler interrupt flag (level 2)
   315  00000A                     
   316                           ;main_escravo.c: 187:  if (PIR1bits.SSPIF)
   317  00000A  A69E               	btfss	158,3,c	;volatile
   318  00000C  EF0A  F000         	goto	i2u1_41
   319  000010  EF0C  F000         	goto	i2u1_40
   320  000014                     i2u1_41:
   321  000014  EF0F  F000         	goto	i2l46
   322  000018                     i2u1_40:
   323  000018                     
   324                           ;main_escravo.c: 188:     {;main_escravo.c: 196:         PIR1bits.SSPIF = 0;
   325  000018  969E               	bcf	158,3,c	;volatile
   326                           
   327                           ;main_escravo.c: 206:   LED_Display = SSPBUF;
   328  00001A  CFC9 F001          	movff	4041,_LED_Display	;volatile
   329  00001E                     i2l46:
   330  00001E  9202               	bcf	int$flags,1,c	;clear compiler interrupt flag (level 2)
   331  000020  0011               	retfie		f
   332  000022                     __end_of_InterruptServiceHigh:
   333                           	opt callstack 0
   334  0000                     
   335                           	psect	rparam
   336  0000                     
   337                           	psect	temp
   338  000002                     btemp:
   339                           	opt callstack 0
   340  000002                     	ds	1
   341  0000                     int$flags	set	btemp
   342  0000                     wtemp8	set	btemp+1
   343  0000                     ttemp5	set	btemp+1
   344  0000                     ttemp6	set	btemp+4
   345  0000                     ttemp7	set	btemp+8
   346                           tosu	equ	0xFFF
   347                           tosh	equ	0xFFE
   348                           tosl	equ	0xFFD
   349                           stkptr	equ	0xFFC
   350                           pclatu	equ	0xFFB
   351                           pclath	equ	0xFFA
   352                           pcl	equ	0xFF9
   353                           tblptru	equ	0xFF8
   354                           tblptrh	equ	0xFF7
   355                           tblptrl	equ	0xFF6
   356                           tablat	equ	0xFF5
   357                           prodh	equ	0xFF4
   358                           prodl	equ	0xFF3
   359                           indf0	equ	0xFEF
   360                           postinc0	equ	0xFEE
   361                           postdec0	equ	0xFED
   362                           preinc0	equ	0xFEC
   363                           plusw0	equ	0xFEB
   364                           fsr0h	equ	0xFEA
   365                           fsr0l	equ	0xFE9
   366                           wreg	equ	0xFE8
   367                           indf1	equ	0xFE7
   368                           postinc1	equ	0xFE6
   369                           postdec1	equ	0xFE5
   370                           preinc1	equ	0xFE4
   371                           plusw1	equ	0xFE3
   372                           fsr1h	equ	0xFE2
   373                           fsr1l	equ	0xFE1
   374                           bsr	equ	0xFE0
   375                           indf2	equ	0xFDF
   376                           postinc2	equ	0xFDE
   377                           postdec2	equ	0xFDD
   378                           preinc2	equ	0xFDC
   379                           plusw2	equ	0xFDB
   380                           fsr2h	equ	0xFDA
   381                           fsr2l	equ	0xFD9
   382                           status	equ	0xFD8


Data Sizes:
    Strings     0
    Constant    0
    Data        0
    BSS         0
    Persistent  1
    Stack       0

Auto Spaces:
    Space          Size  Autos    Used
    COMRAM           94      0       1
    BANK0           160      0       0
    BANK1           256      0       0
    BANK2           256      0       0
    BANK3           256      0       0
    BANK4           256      0       0
    BANK5           256      0       0

Pointer List with Targets:

    None.

Critical Paths under _main in COMRAM

    None.

Critical Paths under _InterruptServiceHigh in COMRAM

    None.

Critical Paths under _main in BANK0

    None.

Critical Paths under _InterruptServiceHigh in BANK0

    None.

Critical Paths under _main in BANK1

    None.

Critical Paths under _InterruptServiceHigh in BANK1

    None.

Critical Paths under _main in BANK2

    None.

Critical Paths under _InterruptServiceHigh in BANK2

    None.

Critical Paths under _main in BANK3

    None.

Critical Paths under _InterruptServiceHigh in BANK3

    None.

Critical Paths under _main in BANK4

    None.

Critical Paths under _InterruptServiceHigh in BANK4

    None.

Critical Paths under _main in BANK5

    None.

Critical Paths under _InterruptServiceHigh in BANK5

    None.

Call Graph Tables:

 ---------------------------------------------------------------------------------
 (Depth) Function   	        Calls       Base Space   Used Autos Params    Refs
 ---------------------------------------------------------------------------------
 (0) _main                                                 0     0      0       0
                           _UserInit
                        _UserProcess
 ---------------------------------------------------------------------------------
 (1) _UserProcess                                          0     0      0       0
 ---------------------------------------------------------------------------------
 (1) _UserInit                                             0     0      0       0
 ---------------------------------------------------------------------------------
 Estimated maximum stack depth 1
 ---------------------------------------------------------------------------------
 (Depth) Function   	        Calls       Base Space   Used Autos Params    Refs
 ---------------------------------------------------------------------------------
 (2) _InterruptServiceHigh                                 0     0      0       0
 ---------------------------------------------------------------------------------
 Estimated maximum stack depth 2
 ---------------------------------------------------------------------------------

 Call Graph Graphs:

 _main (ROOT)
   _UserInit
   _UserProcess

 _InterruptServiceHigh (ROOT)

 Address spaces:
Name               Size   Autos  Total    Cost      Usage
BITCOMRAM           5E      0       0       0        0.0%
EEDATA             100      0       0       0        0.0%
NULL                 0      0       0       0        0.0%
CODE                 0      0       0       0        0.0%
COMRAM              5E      0       1       1        1.1%
STACK                0      0       0       2        0.0%
DATA                 0      0       1       3        0.0%
BITBANK0            A0      0       0       4        0.0%
BANK0               A0      0       0       5        0.0%
BITBANK1           100      0       0       6        0.0%
BANK1              100      0       0       7        0.0%
BITBANK2           100      0       0       8        0.0%
BANK2              100      0       0       9        0.0%
BITBANK3           100      0       0      10        0.0%
BANK3              100      0       0      11        0.0%
BITBANK4           100      0       0      12        0.0%
BANK4              100      0       0      13        0.0%
BANK5              100      0       0      14        0.0%
ABS                  0      0       1      15        0.0%
BITBANK5           100      0       0      16        0.0%
BIGRAM             5FF      0       0      17        0.0%
BITSFR               0      0       0     200        0.0%
SFR                  0      0       0     200        0.0%


Microchip Technology PIC18 Macro Assembler V2.10 build 88905656 
Symbol Table                                                                                   Tue Sep 15 21:29:09 2020

                  _SSPSTATbits 000FC7                             l40 006E                             l37 004E  
                 __CFG_CP0$OFF 000000                   __CFG_CP1$OFF 000000                   __CFG_CP2$OFF 000000  
                 __CFG_CP3$OFF 000000                            l730 0034                            l722 0026  
                          l740 003E                            l732 0036                            l724 002E  
                          l750 0048                            l742 0040                            l734 0038  
                          l726 0030                            l752 004A                            l744 0042  
                          l736 003A                            l728 0032                            l760 0054  
                          l754 004C                            l746 0044                            l738 003C  
                          l748 0046                            l756 006A                            l758 0050  
                 __CFG_CPB$OFF 000000                   __CFG_CPD$OFF 000000                   __CFG_BORV$18 000000  
         _InterruptServiceHigh 0008                   __CFG_LVP$OFF 000000                           i2l46 001E  
                         _main 0050                           btemp 0002                           start 0022  
                __CFG_IESO$OFF 000000                  __CFG_MCLRE$ON 000000                   ___param_bank 000000  
                        ?_main 0000                          i2l762 000A                          i2l764 0018  
                        _PORTD 000F83          ?_InterruptServiceHigh 0000                          _TRISD 000F95  
                __CFG_PWRT$OFF 000000                  __CFG_WRT0$OFF 000000                  __CFG_WRT1$OFF 000000  
                __CFG_WRT2$OFF 000000                  __CFG_WRT3$OFF 000000                 __CFG_EBTR0$OFF 000000  
               __CFG_FCMEN$OFF 000000                 __CFG_EBTR1$OFF 000000                 __CFG_EBTR2$OFF 000000  
               __CFG_EBTR3$OFF 000000                  __CFG_WRTB$OFF 000000                  __CFG_WRTC$OFF 000000  
                __CFG_WRTD$OFF 000000                 __CFG_EBTRB$OFF 000000                 __CFG_BOREN$OFF 000000  
                        ttemp5 0003                          ttemp6 0006                          ttemp7 000A  
                        wtemp8 0003                __initialization 0060                   __end_of_main 0060  
                       ??_main 0000                  __activetblptr 000000               __end_of_UserInit 0050  
                       i2u1_40 0018                         i2u1_41 0014                         _SSPBUF 000FC9  
               __CFG_XINST$OFF 000000                 __CFG_STVREN$ON 000000         ??_InterruptServiceHigh 0000  
                   __accesstop 0060        __end_of__initialization 0060                __CFG_PBADEN$OFF 000000  
                ___rparam_used 000001                 __pcstackCOMRAM 0000                  ??_UserProcess 0000  
                   __pnvCOMRAM 0001             __CFG_CCP2MX$PORTBE 000000                      ?_UserInit 0000  
          __end_of_UserProcess 0070                        __Hparam 0000                        __Lparam 0000  
                   ??_UserInit 0000                        __pcinit 0060                        __ramtop 0600  
                      __ptext0 0050                        __ptext1 006A                        __ptext2 0026  
         end_of_initialization 0060                    _UserProcess 006A                      _TRISCbits 000F94  
__size_of_InterruptServiceHigh 001A            start_initialization 0060               __CFG_LPT1OSC$OFF 000000  
            __size_of_UserInit 002A                      __pintcode 0008                       _PIE1bits 000F9D  
                     _PIR1bits 000F9E                       _RCONbits 000FD0                    _LED_Display 0001  
                 ?_UserProcess 0000                       __Hrparam 0000                       __Lrparam 0000  
                     _UserInit 0026                  __size_of_main 0010   __end_of_InterruptServiceHigh 0022  
                     int$flags 0002                     _INTCONbits 000FF2                       intlevel2 0000  
                  _SSPCON1bits 000FC6           __size_of_UserProcess 0006              __CFG_FOSC$INTIO67 000000  
