

Microchip MPLAB XC8 Assembler V2.10 build 88905656 
                                                                                               Thu Jul 16 19:35:08 2020

Microchip MPLAB XC8 C Compiler v2.10 (Free license) build 20190730164152 Og1 
     1                           	processor	18F45K20
     2                           	fnconf	rparam,??,?,0
     3                           	opt	pw 120
     4                           	opt	flic
     5                           	psect	cinit,global,reloc=2,class=CODE,delta=1
     6                           	psect	cstackCOMRAM,global,class=COMRAM,space=1,delta=1,noexec
     7                           	psect	text0,global,reloc=2,class=CODE,delta=1
     8                           	psect	intcode,global,reloc=2,class=CODE,delta=1
     9                           	psect	intsave_regs,global,class=BIGRAM,space=1,delta=1,noexec
    10                           	psect	rparam,global,class=COMRAM,space=1,delta=1,noexec
    11                           	psect	temp,global,ovrld,common,class=COMRAM,space=1,delta=1
    12  0000                     
    13                           ; Version 2.10
    14                           ; Generated 31/07/2019 GMT
    15                           ; 
    16                           ; Copyright © 2019, Microchip Technology Inc. and its subsidiaries ("Microchip")
    17                           ; All rights reserved.
    18                           ; 
    19                           ; This software is developed by Microchip Technology Inc. and its subsidiaries ("Microch
      +                          ip").
    20                           ; 
    21                           ; Redistribution and use in source and binary forms, with or without modification, are
    22                           ; permitted provided that the following conditions are met:
    23                           ; 
    24                           ;     1. Redistributions of source code must retain the above copyright notice, this lis
      +                          t of
    25                           ;        conditions and the following disclaimer.
    26                           ; 
    27                           ;     2. Redistributions in binary form must reproduce the above copyright notice, this 
      +                          list
    28                           ;        of conditions and the following disclaimer in the documentation and/or other
    29                           ;        materials provided with the distribution.
    30                           ; 
    31                           ;     3. Microchip's name may not be used to endorse or promote products derived from th
      +                          is
    32                           ;        software without specific prior written permission.
    33                           ; 
    34                           ; THIS SOFTWARE IS PROVIDED BY MICROCHIP "AS IS" AND ANY EXPRESS OR IMPLIED WARRANTIES,
    35                           ; INCLUDING, BUT NOT LIMITED TO, THE IMPLIED WARRANTIES OF MERCHANTABILITY AND FITNESS F
      +                          OR
    36                           ; PURPOSE ARE DISCLAIMED.  IN NO EVENT SHALL MICROCHIP BE LIABLE FOR ANY DIRECT, INDIREC
      +                          T,
    37                           ; INCIDENTAL, SPECIAL, EXEMPLARY, OR CONSEQUENTIAL DAMAGES (INCLUDING BUT NOT LIMITED TO
    38                           ; PROCUREMENT OF SUBSTITUTE GOODS OR SERVICES; LOSS OF USE, DATA OR PROFITS; OR BUSINESS
    39                           ; INTERRUPTION) HOWSOEVER CAUSED AND ON ANY THEORY OF LIABILITY, WHETHER IN CONTRACT, ST
      +                          RICT
    40                           ; LIABILITY, OR TORT (INCLUDING NEGLIGENCE OR OTHERWISE) ARISING IN ANY WAY OUT OF THE U
      +                          SE OF
    41                           ; THIS SOFTWARE, EVEN IF ADVISED OF THE POSSIBILITY OF SUCH DAMAGE.
    42                           ; 
    43                           ; 
    44                           ; Code-generator required, PIC18F45K20 Definitions
    45                           ; 
    46                           ; SFR Addresses
    47  0000                     _RCONbits	set	4048
    48  0000                     _INTCON2bits	set	4081
    49  0000                     _TRISB	set	3987
    50  0000                     _TRISD	set	3989
    51  0000                     _PORTD	set	3971
    52  0000                     _INTCONbits	set	4082
    53                           
    54                           ; #config settings
    55  0000                     
    56                           	psect	cinit
    57  000146                     __pcinit:
    58                           	opt callstack 0
    59  000146                     start_initialization:
    60                           	opt callstack 0
    61  000146                     __initialization:
    62                           	opt callstack 0
    63  000146                     end_of_initialization:
    64                           	opt callstack 0
    65  000146                     __end_of__initialization:
    66                           	opt callstack 0
    67  000146  9005               	bcf	int$flags,0,c	;clear compiler interrupt flag (level 1)
    68  000148  9205               	bcf	int$flags,1,c	;clear compiler interrupt flag (level 2)
    69  00014A  0100               	movlb	0
    70  00014C  EF45  F000         	goto	_main	;jump to C main() function
    71                           
    72                           	psect	cstackCOMRAM
    73  000001                     __pcstackCOMRAM:
    74                           	opt callstack 0
    75  000001                     ??_interrupcao:
    76  000001                     
    77                           ; 1 bytes @ 0x0
    78  000001                     	ds	1
    79  000002                     interrupcao@i:
    80                           	opt callstack 0
    81                           
    82                           ; 2 bytes @ 0x1
    83  000002                     	ds	2
    84  000004                     ??_main:
    85                           
    86                           ; 1 bytes @ 0x3
    87  000004                     	ds	1
    88                           
    89 ;;
    90 ;;Main: autosize = 0, tempsize = 1, incstack = 0, save=0
    91 ;;
    92 ;; *************** function _main *****************
    93 ;; Defined at:
    94 ;;		line 28 in file "main_semana7.c"
    95 ;; Parameters:    Size  Location     Type
    96 ;;		None
    97 ;; Auto vars:     Size  Location     Type
    98 ;;		None
    99 ;; Return value:  Size  Location     Type
   100 ;;                  1    wreg      void 
   101 ;; Registers used:
   102 ;;		wreg, status,2, status,0
   103 ;; Tracked objects:
   104 ;;		On entry : 0/0
   105 ;;		On exit  : 0/0
   106 ;;		Unchanged: 0/0
   107 ;; Data sizes:     COMRAM   BANK0   BANK1   BANK2   BANK3   BANK4   BANK5
   108 ;;      Params:         0       0       0       0       0       0       0
   109 ;;      Locals:         0       0       0       0       0       0       0
   110 ;;      Temps:          1       0       0       0       0       0       0
   111 ;;      Totals:         1       0       0       0       0       0       0
   112 ;;Total ram usage:        1 bytes
   113 ;; Hardware stack levels required when called:    1
   114 ;; This function calls:
   115 ;;		Nothing
   116 ;; This function is called by:
   117 ;;		Startup code after reset
   118 ;; This function uses a non-reentrant model
   119 ;;
   120                           
   121                           	psect	text0
   122  00008A                     __ptext0:
   123                           	opt callstack 0
   124  00008A                     _main:
   125                           	opt callstack 30
   126  00008A                     
   127                           ;main_semana7.c: 29:     TRISD &= 0b00000000;
   128  00008A  0E00               	movlw	0
   129  00008C  6E95               	movwf	149,c	;volatile
   130  00008E                     
   131                           ;main_semana7.c: 30:     TRISB |= 0b00000001;
   132  00008E  8093               	bsf	147,0,c	;volatile
   133  000090                     
   134                           ;main_semana7.c: 32:     INTCONbits.INT0IE = 1;
   135  000090  88F2               	bsf	242,4,c	;volatile
   136  000092                     
   137                           ;main_semana7.c: 33:     INTCONbits.INT0IF = 0;
   138  000092  92F2               	bcf	242,1,c	;volatile
   139  000094                     
   140                           ;main_semana7.c: 34:     INTCON2bits.INTEDG0 = 0;
   141  000094  9CF1               	bcf	241,6,c	;volatile
   142  000096                     
   143                           ;main_semana7.c: 35:     RCONbits.IPEN = 0;
   144  000096  9ED0               	bcf	208,7,c	;volatile
   145  000098                     
   146                           ;main_semana7.c: 36:     INTCONbits.GIE = 1;
   147  000098  8EF2               	bsf	242,7,c	;volatile
   148  00009A                     
   149                           ;main_semana7.c: 39:     PORTD = 0b00000000;
   150  00009A  0E00               	movlw	0
   151  00009C  6E83               	movwf	131,c	;volatile
   152  00009E                     l743:
   153                           
   154                           ;main_semana7.c: 40:     _delay((unsigned long)((70)*(1000000/4000.0)));
   155  00009E  0E17               	movlw	23
   156  0000A0  6E04               	movwf	??_main^0,c
   157  0000A2  0EB9               	movlw	185
   158  0000A4                     u47:
   159  0000A4  2EE8               	decfsz	wreg,f,c
   160  0000A6  D7FE               	bra	u47
   161  0000A8  2E04               	decfsz	??_main^0,f,c
   162  0000AA  D7FC               	bra	u47
   163  0000AC  F000               	nop	
   164  0000AE                     
   165                           ;main_semana7.c: 42:         PORTD = 0b00000011;
   166  0000AE  0E03               	movlw	3
   167  0000B0  6E83               	movwf	131,c	;volatile
   168  0000B2                     
   169                           ;main_semana7.c: 43:         _delay((unsigned long)((70)*(1000000/4000.0)));
   170  0000B2  0E17               	movlw	23
   171  0000B4  6E04               	movwf	??_main^0,c
   172  0000B6  0EB9               	movlw	185
   173  0000B8                     u57:
   174  0000B8  2EE8               	decfsz	wreg,f,c
   175  0000BA  D7FE               	bra	u57
   176  0000BC  2E04               	decfsz	??_main^0,f,c
   177  0000BE  D7FC               	bra	u57
   178  0000C0  F000               	nop	
   179  0000C2                     
   180                           ;main_semana7.c: 44:         PORTD = 0b00000110;
   181  0000C2  0E06               	movlw	6
   182  0000C4  6E83               	movwf	131,c	;volatile
   183  0000C6                     
   184                           ;main_semana7.c: 45:         _delay((unsigned long)((70)*(1000000/4000.0)));
   185  0000C6  0E17               	movlw	23
   186  0000C8  6E04               	movwf	??_main^0,c
   187  0000CA  0EB9               	movlw	185
   188  0000CC                     u67:
   189  0000CC  2EE8               	decfsz	wreg,f,c
   190  0000CE  D7FE               	bra	u67
   191  0000D0  2E04               	decfsz	??_main^0,f,c
   192  0000D2  D7FC               	bra	u67
   193  0000D4  F000               	nop	
   194  0000D6                     
   195                           ;main_semana7.c: 46:         PORTD = 0b00001100;
   196  0000D6  0E0C               	movlw	12
   197  0000D8  6E83               	movwf	131,c	;volatile
   198  0000DA                     
   199                           ;main_semana7.c: 47:         _delay((unsigned long)((70)*(1000000/4000.0)));
   200  0000DA  0E17               	movlw	23
   201  0000DC  6E04               	movwf	??_main^0,c
   202  0000DE  0EB9               	movlw	185
   203  0000E0                     u77:
   204  0000E0  2EE8               	decfsz	wreg,f,c
   205  0000E2  D7FE               	bra	u77
   206  0000E4  2E04               	decfsz	??_main^0,f,c
   207  0000E6  D7FC               	bra	u77
   208  0000E8  F000               	nop	
   209  0000EA                     
   210                           ;main_semana7.c: 48:         PORTD = 0b00011000;
   211  0000EA  0E18               	movlw	24
   212  0000EC  6E83               	movwf	131,c	;volatile
   213  0000EE                     
   214                           ;main_semana7.c: 49:         _delay((unsigned long)((70)*(1000000/4000.0)));
   215  0000EE  0E17               	movlw	23
   216  0000F0  6E04               	movwf	??_main^0,c
   217  0000F2  0EB9               	movlw	185
   218  0000F4                     u87:
   219  0000F4  2EE8               	decfsz	wreg,f,c
   220  0000F6  D7FE               	bra	u87
   221  0000F8  2E04               	decfsz	??_main^0,f,c
   222  0000FA  D7FC               	bra	u87
   223  0000FC  F000               	nop	
   224  0000FE                     
   225                           ;main_semana7.c: 50:         PORTD = 0b00110000;
   226  0000FE  0E30               	movlw	48
   227  000100  6E83               	movwf	131,c	;volatile
   228  000102                     
   229                           ;main_semana7.c: 51:         _delay((unsigned long)((70)*(1000000/4000.0)));
   230  000102  0E17               	movlw	23
   231  000104  6E04               	movwf	??_main^0,c
   232  000106  0EB9               	movlw	185
   233  000108                     u97:
   234  000108  2EE8               	decfsz	wreg,f,c
   235  00010A  D7FE               	bra	u97
   236  00010C  2E04               	decfsz	??_main^0,f,c
   237  00010E  D7FC               	bra	u97
   238  000110  F000               	nop	
   239  000112                     
   240                           ;main_semana7.c: 52:         PORTD = 0b01100000;
   241  000112  0E60               	movlw	96
   242  000114  6E83               	movwf	131,c	;volatile
   243  000116                     
   244                           ;main_semana7.c: 53:         _delay((unsigned long)((70)*(1000000/4000.0)));
   245  000116  0E17               	movlw	23
   246  000118  6E04               	movwf	??_main^0,c
   247  00011A  0EB9               	movlw	185
   248  00011C                     u107:
   249  00011C  2EE8               	decfsz	wreg,f,c
   250  00011E  D7FE               	bra	u107
   251  000120  2E04               	decfsz	??_main^0,f,c
   252  000122  D7FC               	bra	u107
   253  000124  F000               	nop	
   254  000126                     
   255                           ;main_semana7.c: 54:         PORTD = 0b11000000;
   256  000126  0EC0               	movlw	192
   257  000128  6E83               	movwf	131,c	;volatile
   258  00012A                     
   259                           ;main_semana7.c: 55:         _delay((unsigned long)((70)*(1000000/4000.0)));
   260  00012A  0E17               	movlw	23
   261  00012C  6E04               	movwf	??_main^0,c
   262  00012E  0EB9               	movlw	185
   263  000130                     u117:
   264  000130  2EE8               	decfsz	wreg,f,c
   265  000132  D7FE               	bra	u117
   266  000134  2E04               	decfsz	??_main^0,f,c
   267  000136  D7FC               	bra	u117
   268  000138  F000               	nop	
   269  00013A                     
   270                           ;main_semana7.c: 56:         PORTD = 0b10000001;
   271  00013A  0E81               	movlw	129
   272  00013C  6E83               	movwf	131,c	;volatile
   273  00013E  EF4F  F000         	goto	l743
   274  000142  EF43  F000         	goto	start
   275  000146                     __end_of_main:
   276                           	opt callstack 0
   277                           
   278 ;; *************** function _interrupcao *****************
   279 ;; Defined at:
   280 ;;		line 15 in file "main_semana7.c"
   281 ;; Parameters:    Size  Location     Type
   282 ;;		None
   283 ;; Auto vars:     Size  Location     Type
   284 ;;  i               2    1[COMRAM] int 
   285 ;; Return value:  Size  Location     Type
   286 ;;                  1    wreg      void 
   287 ;; Registers used:
   288 ;;		wreg, status,2, status,0
   289 ;; Tracked objects:
   290 ;;		On entry : 0/0
   291 ;;		On exit  : 0/0
   292 ;;		Unchanged: 0/0
   293 ;; Data sizes:     COMRAM   BANK0   BANK1   BANK2   BANK3   BANK4   BANK5
   294 ;;      Params:         0       0       0       0       0       0       0
   295 ;;      Locals:         2       0       0       0       0       0       0
   296 ;;      Temps:          1       0       0       0       0       0       0
   297 ;;      Totals:         3       0       0       0       0       0       0
   298 ;;Total ram usage:        3 bytes
   299 ;; Hardware stack levels used:    1
   300 ;; This function calls:
   301 ;;		Nothing
   302 ;; This function is called by:
   303 ;;		Interrupt level 2
   304 ;; This function uses a non-reentrant model
   305 ;;
   306                           
   307                           	psect	intcode
   308  000008                     __pintcode:
   309                           	opt callstack 0
   310  000008                     _interrupcao:
   311                           	opt callstack 30
   312                           
   313                           ;incstack = 0
   314  000008  8205               	bsf	int$flags,1,c	;set compiler interrupt flag (level 2)
   315  00000A                     
   316                           ;main_semana7.c: 16:     if(INTCONbits.INT0IF == 1){
   317  00000A  A2F2               	btfss	242,1,c	;volatile
   318  00000C  EF0A  F000         	goto	i2u1_41
   319  000010  EF0C  F000         	goto	i2u1_40
   320  000014                     i2u1_41:
   321  000014  EF41  F000         	goto	i2l23
   322  000018                     i2u1_40:
   323  000018                     
   324                           ;main_semana7.c: 17:         if(PORTD == 0b00011000){
   325  000018  0E18               	movlw	24
   326  00001A  1883               	xorwf	131,w,c	;volatile
   327  00001C  A4D8               	btfss	status,2,c
   328  00001E  EF13  F000         	goto	i2u2_41
   329  000022  EF15  F000         	goto	i2u2_40
   330  000026                     i2u2_41:
   331  000026  EF40  F000         	goto	i2l20
   332  00002A                     i2u2_40:
   333  00002A                     
   334                           ;main_semana7.c: 18:             for(int i = 0; i <= 2000;i+=200){
   335  00002A  0E00               	movlw	0
   336  00002C  6E03               	movwf	(interrupcao@i+1)^0,c
   337  00002E  0E00               	movlw	0
   338  000030  6E02               	movwf	interrupcao@i^0,c
   339  000032                     i2l21:
   340                           
   341                           ;main_semana7.c: 19:                 PORTD = 0b11111111;
   342  000032  6883               	setf	131,c	;volatile
   343  000034                     
   344                           ;main_semana7.c: 20:                 _delay((unsigned long)((100)*(1000000/4000.0)));
   345  000034  0E21               	movlw	33
   346  000036  6E01               	movwf	??_interrupcao^0,c
   347  000038  0E76               	movlw	118
   348  00003A                     i2u12_47:
   349  00003A  2EE8               	decfsz	wreg,f,c
   350  00003C  D7FE               	bra	i2u12_47
   351  00003E  2E01               	decfsz	??_interrupcao^0,f,c
   352  000040  D7FC               	bra	i2u12_47
   353  000042  F000 F000          	nop2	
   354  000046                     
   355                           ;main_semana7.c: 21:                 PORTD = 0b00000000;
   356  000046  0E00               	movlw	0
   357  000048  6E83               	movwf	131,c	;volatile
   358  00004A                     
   359                           ;main_semana7.c: 22:                 _delay((unsigned long)((100)*(1000000/4000.0)));
   360  00004A  0E21               	movlw	33
   361  00004C  6E01               	movwf	??_interrupcao^0,c
   362  00004E  0E76               	movlw	118
   363  000050                     i2u13_47:
   364  000050  2EE8               	decfsz	wreg,f,c
   365  000052  D7FE               	bra	i2u13_47
   366  000054  2E01               	decfsz	??_interrupcao^0,f,c
   367  000056  D7FC               	bra	i2u13_47
   368  000058  F000 F000          	nop2	
   369  00005C                     
   370                           ;main_semana7.c: 23:             };
   371  00005C  0EC8               	movlw	200
   372  00005E  2602               	addwf	interrupcao@i^0,f,c
   373  000060  0E00               	movlw	0
   374  000062  2203               	addwfc	(interrupcao@i+1)^0,f,c
   375  000064  BE03               	btfsc	(interrupcao@i+1)^0,7,c
   376  000066  EF3E  F000         	goto	i2u3_41
   377  00006A  0ED1               	movlw	209
   378  00006C  5C02               	subwf	interrupcao@i^0,w,c
   379  00006E  0E07               	movlw	7
   380  000070  5803               	subwfb	(interrupcao@i+1)^0,w,c
   381  000072  A0D8               	btfss	status,0,c
   382  000074  EF3E  F000         	goto	i2u3_41
   383  000078  EF40  F000         	goto	i2u3_40
   384  00007C                     i2u3_41:
   385  00007C  EF19  F000         	goto	i2l21
   386  000080                     i2u3_40:
   387  000080                     i2l20:
   388                           
   389                           ;main_semana7.c: 25:         INTCONbits.INT0IF = 0;
   390  000080  92F2               	bcf	242,1,c	;volatile
   391  000082                     i2l23:
   392  000082  9205               	bcf	int$flags,1,c	;clear compiler interrupt flag (level 2)
   393  000084  0011               	retfie		f
   394  000086                     __end_of_interrupcao:
   395                           	opt callstack 0
   396  0000                     
   397                           	psect	rparam
   398  0000                     
   399                           	psect	temp
   400  000005                     btemp:
   401                           	opt callstack 0
   402  000005                     	ds	1
   403  0000                     int$flags	set	btemp
   404  0000                     wtemp8	set	btemp+1
   405  0000                     ttemp5	set	btemp+1
   406  0000                     ttemp6	set	btemp+4
   407  0000                     ttemp7	set	btemp+8
   408                           tosu	equ	0xFFF
   409                           tosh	equ	0xFFE
   410                           tosl	equ	0xFFD
   411                           stkptr	equ	0xFFC
   412                           pclatu	equ	0xFFB
   413                           pclath	equ	0xFFA
   414                           pcl	equ	0xFF9
   415                           tblptru	equ	0xFF8
   416                           tblptrh	equ	0xFF7
   417                           tblptrl	equ	0xFF6
   418                           tablat	equ	0xFF5
   419                           prodh	equ	0xFF4
   420                           prodl	equ	0xFF3
   421                           indf0	equ	0xFEF
   422                           postinc0	equ	0xFEE
   423                           postdec0	equ	0xFED
   424                           preinc0	equ	0xFEC
   425                           plusw0	equ	0xFEB
   426                           fsr0h	equ	0xFEA
   427                           fsr0l	equ	0xFE9
   428                           wreg	equ	0xFE8
   429                           indf1	equ	0xFE7
   430                           postinc1	equ	0xFE6
   431                           postdec1	equ	0xFE5
   432                           preinc1	equ	0xFE4
   433                           plusw1	equ	0xFE3
   434                           fsr1h	equ	0xFE2
   435                           fsr1l	equ	0xFE1
   436                           bsr	equ	0xFE0
   437                           indf2	equ	0xFDF
   438                           postinc2	equ	0xFDE
   439                           postdec2	equ	0xFDD
   440                           preinc2	equ	0xFDC
   441                           plusw2	equ	0xFDB
   442                           fsr2h	equ	0xFDA
   443                           fsr2l	equ	0xFD9
   444                           status	equ	0xFD8


Data Sizes:
    Strings     0
    Constant    0
    Data        0
    BSS         0
    Persistent  0
    Stack       0

Auto Spaces:
    Space          Size  Autos    Used
    COMRAM           94      4       4
    BANK0           160      0       0
    BANK1           256      0       0
    BANK2           256      0       0
    BANK3           256      0       0
    BANK4           256      0       0
    BANK5           256      0       0

Pointer List with Targets:

    None.

Critical Paths under _main in COMRAM

    None.

Critical Paths under _interrupcao in COMRAM

    None.

Critical Paths under _main in BANK0

    None.

Critical Paths under _interrupcao in BANK0

    None.

Critical Paths under _main in BANK1

    None.

Critical Paths under _interrupcao in BANK1

    None.

Critical Paths under _main in BANK2

    None.

Critical Paths under _interrupcao in BANK2

    None.

Critical Paths under _main in BANK3

    None.

Critical Paths under _interrupcao in BANK3

    None.

Critical Paths under _main in BANK4

    None.

Critical Paths under _interrupcao in BANK4

    None.

Critical Paths under _main in BANK5

    None.

Critical Paths under _interrupcao in BANK5

    None.

Call Graph Tables:

 ---------------------------------------------------------------------------------
 (Depth) Function   	        Calls       Base Space   Used Autos Params    Refs
 ---------------------------------------------------------------------------------
 (0) _main                                                 1     1      0       0
                                              3 COMRAM     1     1      0
 ---------------------------------------------------------------------------------
 Estimated maximum stack depth 0
 ---------------------------------------------------------------------------------
 (Depth) Function   	        Calls       Base Space   Used Autos Params    Refs
 ---------------------------------------------------------------------------------
 (1) _interrupcao                                          3     3      0      30
                                              0 COMRAM     3     3      0
 ---------------------------------------------------------------------------------
 Estimated maximum stack depth 1
 ---------------------------------------------------------------------------------

 Call Graph Graphs:

 _main (ROOT)

 _interrupcao (ROOT)

 Address spaces:
Name               Size   Autos  Total    Cost      Usage
BITCOMRAM           5E      0       0       0        0.0%
EEDATA             100      0       0       0        0.0%
NULL                 0      0       0       0        0.0%
CODE                 0      0       0       0        0.0%
COMRAM              5E      4       4       1        4.3%
STACK                0      0       0       2        0.0%
DATA                 0      0       0       3        0.0%
BITBANK0            A0      0       0       4        0.0%
BANK0               A0      0       0       5        0.0%
BITBANK1           100      0       0       6        0.0%
BANK1              100      0       0       7        0.0%
BITBANK2           100      0       0       8        0.0%
BANK2              100      0       0       9        0.0%
BITBANK3           100      0       0      10        0.0%
BANK3              100      0       0      11        0.0%
BITBANK4           100      0       0      12        0.0%
BANK4              100      0       0      13        0.0%
BANK5              100      0       0      14        0.0%
ABS                  0      0       0      15        0.0%
BITBANK5           100      0       0      16        0.0%
BIGRAM             5FF      0       0      17        0.0%
BITSFR               0      0       0     200        0.0%
SFR                  0      0       0     200        0.0%


Microchip Technology PIC18 Macro Assembler V2.10 build 88905656 
Symbol Table                                                                                   Thu Jul 16 19:35:08 2020

                     u47 00A4                       u57 00B8                       u67 00CC  
                     u77 00E0                       u87 00F4                       u97 0108  
                    l731 0090                      l741 009A                      l733 0092  
                    l751 00C6                      l743 009E                      l735 0094  
                    l727 008A                      l761 00FE                      l753 00D6  
                    l745 00AE                      l737 0096                      l729 008E  
                    l771 012A                      l763 0102                      l755 00DA  
                    l747 00B2                      l739 0098                      l773 013A  
                    l765 0112                      l757 00EA                      l749 00C2  
                    l767 0116                      l759 00EE                      l769 0126  
                    u107 011C                      u117 0130                      wreg 000FE8  
                   i2l20 0080                     i2l21 0032                     i2l23 0082  
                   _main 008A                     btemp 0005                     start 0086  
           ___param_bank 000000                    ?_main 0001                    i2l711 002A  
                  i2l721 004A                    i2l723 005C                    i2l707 000A  
                  i2l725 0064                    i2l717 0034                    i2l709 0018  
                  i2l719 0046                    _PORTD 000F83                    _TRISB 000F93  
                  _TRISD 000F95                    ttemp5 0006                    ttemp6 0009  
                  ttemp7 000D                    status 000FD8                    wtemp8 0006  
        __initialization 0146             ?_interrupcao 0001             __end_of_main 0146  
                 ??_main 0004            __activetblptr 000000                   i2u1_40 0018  
                 i2u1_41 0014                   i2u2_40 002A                   i2u2_41 0026  
                 i2u3_40 0080                   i2u3_41 007C               __accesstop 0060  
__end_of__initialization 0146          __CFG_PBADEN$OFF 000000            ___rparam_used 000001  
         __pcstackCOMRAM 0001     __size_of_interrupcao 007E                  i2u12_47 003A  
                i2u13_47 0050                  __Hparam 0000                  __Lparam 0000  
                __pcinit 0146                  __ramtop 0600                  __ptext0 008A  
   end_of_initialization 0146      start_initialization 0146             interrupcao@i 0002  
          ??_interrupcao 0001                __pintcode 0008                 _RCONbits 000FD0  
    __end_of_interrupcao 0086              _INTCON2bits 000FF1                 __Hrparam 0000  
               __Lrparam 0000            __size_of_main 00BC              _interrupcao 0008  
               int$flags 0005               _INTCONbits 000FF2                 intlevel2 0000  
      __CFG_FOSC$INTIO67 000000  
