Simulator report for multiplexador
Mon Oct 05 22:01:57 2020
Quartus II 64-Bit Version 13.0.0 Build 156 04/24/2013 SJ Web Edition


---------------------
; Table of Contents ;
---------------------
  1. Legal Notice
  2. Simulator Summary
  3. Simulator Settings
  4. Simulation Waveforms
  5. Coverage Summary
  6. Complete 1/0-Value Coverage
  7. Missing 1-Value Coverage
  8. Missing 0-Value Coverage
  9. Simulator INI Usage
 10. Simulator Messages



----------------
; Legal Notice ;
----------------
Copyright (C) 1991-2013 Altera Corporation
Your use of Altera Corporation's design tools, logic functions 
and other software and tools, and its AMPP partner logic 
functions, and any output files from any of the foregoing 
(including device programming or simulation files), and any 
associated documentation or information are expressly subject 
to the terms and conditions of the Altera Program License 
Subscription Agreement, Altera MegaCore Function License 
Agreement, or other applicable license agreement, including, 
without limitation, that your use is for the sole purpose of 
programming logic devices manufactured by Altera and sold by 
Altera or its authorized distributors.  Please refer to the 
applicable agreement for further details.



+--------------------------------------------+
; Simulator Summary                          ;
+-----------------------------+--------------+
; Type                        ; Value        ;
+-----------------------------+--------------+
; Simulation Start Time       ; 0 ps         ;
; Simulation End Time         ; 1.0 us       ;
; Simulation Netlist Size     ; 179 nodes    ;
; Simulation Coverage         ;      15.64 % ;
; Total Number of Transitions ; 292          ;
; Simulation Breakpoints      ; 0            ;
; Family                      ; Cyclone II   ;
+-----------------------------+--------------+


+-------------------------------------------------------------------------------------------------------------------------------------------------------------------------------------------------------+
; Simulator Settings                                                                                                                                                                                    ;
+--------------------------------------------------------------------------------------------+------------------------------------------------------------------------------------------+---------------+
; Option                                                                                     ; Setting                                                                                  ; Default Value ;
+--------------------------------------------------------------------------------------------+------------------------------------------------------------------------------------------+---------------+
; Simulation mode                                                                            ; Functional                                                                               ; Timing        ;
; Start time                                                                                 ; 0 ns                                                                                     ; 0 ns          ;
; Simulation results format                                                                  ; VWF                                                                                      ;               ;
; Vector input source                                                                        ; C:/Users/Aty/Documents/UFRN/Sistemas Digitais/Componentes/Multiplexador/MUX6_1_8Bits.vwf ;               ;
; Add pins automatically to simulation output waveforms                                      ; On                                                                                       ; On            ;
; Check outputs                                                                              ; Off                                                                                      ; Off           ;
; Report simulation coverage                                                                 ; On                                                                                       ; On            ;
; Display complete 1/0 value coverage report                                                 ; On                                                                                       ; On            ;
; Display missing 1-value coverage report                                                    ; On                                                                                       ; On            ;
; Display missing 0-value coverage report                                                    ; On                                                                                       ; On            ;
; Detect setup and hold time violations                                                      ; Off                                                                                      ; Off           ;
; Detect glitches                                                                            ; Off                                                                                      ; Off           ;
; Disable timing delays in Timing Simulation                                                 ; Off                                                                                      ; Off           ;
; Generate Signal Activity File                                                              ; Off                                                                                      ; Off           ;
; Generate VCD File for PowerPlay Power Analyzer                                             ; Off                                                                                      ; Off           ;
; Group bus channels in simulation results                                                   ; Off                                                                                      ; Off           ;
; Preserve fewer signal transitions to reduce memory requirements                            ; On                                                                                       ; On            ;
; Trigger vector comparison with the specified mode                                          ; INPUT_EDGE                                                                               ; INPUT_EDGE    ;
; Disable setup and hold time violations detection in input registers of bi-directional pins ; Off                                                                                      ; Off           ;
; Overwrite Waveform Inputs With Simulation Outputs                                          ; Off                                                                                      ;               ;
; Perform Glitch Filtering in Timing Simulation                                              ; Auto                                                                                     ; Auto          ;
+--------------------------------------------------------------------------------------------+------------------------------------------------------------------------------------------+---------------+


+----------------------+
; Simulation Waveforms ;
+----------------------+
Waveform report data cannot be output to ASCII.
Please use Quartus II 64-Bit to view the waveform report data.


+--------------------------------------------------------------------+
; Coverage Summary                                                   ;
+-----------------------------------------------------+--------------+
; Type                                                ; Value        ;
+-----------------------------------------------------+--------------+
; Total coverage as a percentage                      ;      15.64 % ;
; Total nodes checked                                 ; 179          ;
; Total output ports checked                          ; 179          ;
; Total output ports with complete 1/0-value coverage ; 28           ;
; Total output ports with no 1/0-value coverage       ; 151          ;
; Total output ports with no 1-value coverage         ; 151          ;
; Total output ports with no 0-value coverage         ; 151          ;
+-----------------------------------------------------+--------------+


The following table displays output ports that toggle between 1 and 0 during simulation.
+----------------------------------------------------------------------------------------------------------------------------+
; Complete 1/0-Value Coverage                                                                                                ;
+----------------------------------------------------+----------------------------------------------------+------------------+
; Node Name                                          ; Output Port Name                                   ; Output Port Type ;
+----------------------------------------------------+----------------------------------------------------+------------------+
; |MUX6_1_8Bits|S6[0]                                ; |MUX6_1_8Bits|S6[0]                                ; out              ;
; |MUX6_1_8Bits|S6[1]                                ; |MUX6_1_8Bits|S6[1]                                ; out              ;
; |MUX6_1_8Bits|S6[2]                                ; |MUX6_1_8Bits|S6[2]                                ; out              ;
; |MUX6_1_8Bits|d6[0]                                ; |MUX6_1_8Bits|d6[0]                                ; pin_out          ;
; |MUX6_1_8Bits|d6[1]                                ; |MUX6_1_8Bits|d6[1]                                ; pin_out          ;
; |MUX6_1_8Bits|d6[2]                                ; |MUX6_1_8Bits|d6[2]                                ; pin_out          ;
; |MUX6_1_8Bits|MUX2_1_8Bits:last_line_mux|d~0       ; |MUX6_1_8Bits|MUX2_1_8Bits:last_line_mux|d~0       ; out0             ;
; |MUX6_1_8Bits|MUX2_1_8Bits:last_line_mux|d~1       ; |MUX6_1_8Bits|MUX2_1_8Bits:last_line_mux|d~1       ; out0             ;
; |MUX6_1_8Bits|MUX2_1_8Bits:last_line_mux|d[0]      ; |MUX6_1_8Bits|MUX2_1_8Bits:last_line_mux|d[0]      ; out0             ;
; |MUX6_1_8Bits|MUX2_1_8Bits:last_line_mux|d~3       ; |MUX6_1_8Bits|MUX2_1_8Bits:last_line_mux|d~3       ; out0             ;
; |MUX6_1_8Bits|MUX2_1_8Bits:last_line_mux|d[1]      ; |MUX6_1_8Bits|MUX2_1_8Bits:last_line_mux|d[1]      ; out0             ;
; |MUX6_1_8Bits|MUX2_1_8Bits:last_line_mux|d~7       ; |MUX6_1_8Bits|MUX2_1_8Bits:last_line_mux|d~7       ; out0             ;
; |MUX6_1_8Bits|MUX2_1_8Bits:last_line_mux|d[2]      ; |MUX6_1_8Bits|MUX2_1_8Bits:last_line_mux|d[2]      ; out0             ;
; |MUX6_1_8Bits|MUX2_1_8Bits:second_line_mux_01|d~0  ; |MUX6_1_8Bits|MUX2_1_8Bits:second_line_mux_01|d~0  ; out0             ;
; |MUX6_1_8Bits|MUX2_1_8Bits:second_line_mux_01|d~1  ; |MUX6_1_8Bits|MUX2_1_8Bits:second_line_mux_01|d~1  ; out0             ;
; |MUX6_1_8Bits|MUX2_1_8Bits:second_line_mux_01|d[0] ; |MUX6_1_8Bits|MUX2_1_8Bits:second_line_mux_01|d[0] ; out0             ;
; |MUX6_1_8Bits|MUX2_1_8Bits:second_line_mux_01|d~4  ; |MUX6_1_8Bits|MUX2_1_8Bits:second_line_mux_01|d~4  ; out0             ;
; |MUX6_1_8Bits|MUX2_1_8Bits:second_line_mux_01|d[1] ; |MUX6_1_8Bits|MUX2_1_8Bits:second_line_mux_01|d[1] ; out0             ;
; |MUX6_1_8Bits|MUX2_1_8Bits:first_line_mux_03|d~1   ; |MUX6_1_8Bits|MUX2_1_8Bits:first_line_mux_03|d~1   ; out0             ;
; |MUX6_1_8Bits|MUX2_1_8Bits:first_line_mux_03|d[0]  ; |MUX6_1_8Bits|MUX2_1_8Bits:first_line_mux_03|d[0]  ; out0             ;
; |MUX6_1_8Bits|MUX2_1_8Bits:first_line_mux_03|d~6   ; |MUX6_1_8Bits|MUX2_1_8Bits:first_line_mux_03|d~6   ; out0             ;
; |MUX6_1_8Bits|MUX2_1_8Bits:first_line_mux_03|d~7   ; |MUX6_1_8Bits|MUX2_1_8Bits:first_line_mux_03|d~7   ; out0             ;
; |MUX6_1_8Bits|MUX2_1_8Bits:first_line_mux_02|d~1   ; |MUX6_1_8Bits|MUX2_1_8Bits:first_line_mux_02|d~1   ; out0             ;
; |MUX6_1_8Bits|MUX2_1_8Bits:first_line_mux_02|d[0]  ; |MUX6_1_8Bits|MUX2_1_8Bits:first_line_mux_02|d[0]  ; out0             ;
; |MUX6_1_8Bits|MUX2_1_8Bits:first_line_mux_02|d~3   ; |MUX6_1_8Bits|MUX2_1_8Bits:first_line_mux_02|d~3   ; out0             ;
; |MUX6_1_8Bits|MUX2_1_8Bits:first_line_mux_02|d~4   ; |MUX6_1_8Bits|MUX2_1_8Bits:first_line_mux_02|d~4   ; out0             ;
; |MUX6_1_8Bits|MUX2_1_8Bits:first_line_mux_01|d~1   ; |MUX6_1_8Bits|MUX2_1_8Bits:first_line_mux_01|d~1   ; out0             ;
; |MUX6_1_8Bits|MUX2_1_8Bits:first_line_mux_01|d[0]  ; |MUX6_1_8Bits|MUX2_1_8Bits:first_line_mux_01|d[0]  ; out0             ;
+----------------------------------------------------+----------------------------------------------------+------------------+


The following table displays output ports that do not toggle to 1 during simulation.
+----------------------------------------------------------------------------------------------------------------------------+
; Missing 1-Value Coverage                                                                                                   ;
+----------------------------------------------------+----------------------------------------------------+------------------+
; Node Name                                          ; Output Port Name                                   ; Output Port Type ;
+----------------------------------------------------+----------------------------------------------------+------------------+
; |MUX6_1_8Bits|I6_5[0]                              ; |MUX6_1_8Bits|I6_5[0]                              ; out              ;
; |MUX6_1_8Bits|I6_5[1]                              ; |MUX6_1_8Bits|I6_5[1]                              ; out              ;
; |MUX6_1_8Bits|I6_5[2]                              ; |MUX6_1_8Bits|I6_5[2]                              ; out              ;
; |MUX6_1_8Bits|I6_5[3]                              ; |MUX6_1_8Bits|I6_5[3]                              ; out              ;
; |MUX6_1_8Bits|I6_5[4]                              ; |MUX6_1_8Bits|I6_5[4]                              ; out              ;
; |MUX6_1_8Bits|I6_5[5]                              ; |MUX6_1_8Bits|I6_5[5]                              ; out              ;
; |MUX6_1_8Bits|I6_5[6]                              ; |MUX6_1_8Bits|I6_5[6]                              ; out              ;
; |MUX6_1_8Bits|I6_5[7]                              ; |MUX6_1_8Bits|I6_5[7]                              ; out              ;
; |MUX6_1_8Bits|I6_4[0]                              ; |MUX6_1_8Bits|I6_4[0]                              ; out              ;
; |MUX6_1_8Bits|I6_4[1]                              ; |MUX6_1_8Bits|I6_4[1]                              ; out              ;
; |MUX6_1_8Bits|I6_4[2]                              ; |MUX6_1_8Bits|I6_4[2]                              ; out              ;
; |MUX6_1_8Bits|I6_4[3]                              ; |MUX6_1_8Bits|I6_4[3]                              ; out              ;
; |MUX6_1_8Bits|I6_4[4]                              ; |MUX6_1_8Bits|I6_4[4]                              ; out              ;
; |MUX6_1_8Bits|I6_4[5]                              ; |MUX6_1_8Bits|I6_4[5]                              ; out              ;
; |MUX6_1_8Bits|I6_4[6]                              ; |MUX6_1_8Bits|I6_4[6]                              ; out              ;
; |MUX6_1_8Bits|I6_4[7]                              ; |MUX6_1_8Bits|I6_4[7]                              ; out              ;
; |MUX6_1_8Bits|I6_3[0]                              ; |MUX6_1_8Bits|I6_3[0]                              ; out              ;
; |MUX6_1_8Bits|I6_3[1]                              ; |MUX6_1_8Bits|I6_3[1]                              ; out              ;
; |MUX6_1_8Bits|I6_3[2]                              ; |MUX6_1_8Bits|I6_3[2]                              ; out              ;
; |MUX6_1_8Bits|I6_3[3]                              ; |MUX6_1_8Bits|I6_3[3]                              ; out              ;
; |MUX6_1_8Bits|I6_3[4]                              ; |MUX6_1_8Bits|I6_3[4]                              ; out              ;
; |MUX6_1_8Bits|I6_3[5]                              ; |MUX6_1_8Bits|I6_3[5]                              ; out              ;
; |MUX6_1_8Bits|I6_3[6]                              ; |MUX6_1_8Bits|I6_3[6]                              ; out              ;
; |MUX6_1_8Bits|I6_3[7]                              ; |MUX6_1_8Bits|I6_3[7]                              ; out              ;
; |MUX6_1_8Bits|I6_2[0]                              ; |MUX6_1_8Bits|I6_2[0]                              ; out              ;
; |MUX6_1_8Bits|I6_2[1]                              ; |MUX6_1_8Bits|I6_2[1]                              ; out              ;
; |MUX6_1_8Bits|I6_2[2]                              ; |MUX6_1_8Bits|I6_2[2]                              ; out              ;
; |MUX6_1_8Bits|I6_2[3]                              ; |MUX6_1_8Bits|I6_2[3]                              ; out              ;
; |MUX6_1_8Bits|I6_2[4]                              ; |MUX6_1_8Bits|I6_2[4]                              ; out              ;
; |MUX6_1_8Bits|I6_2[5]                              ; |MUX6_1_8Bits|I6_2[5]                              ; out              ;
; |MUX6_1_8Bits|I6_2[6]                              ; |MUX6_1_8Bits|I6_2[6]                              ; out              ;
; |MUX6_1_8Bits|I6_2[7]                              ; |MUX6_1_8Bits|I6_2[7]                              ; out              ;
; |MUX6_1_8Bits|I6_1[0]                              ; |MUX6_1_8Bits|I6_1[0]                              ; out              ;
; |MUX6_1_8Bits|I6_1[1]                              ; |MUX6_1_8Bits|I6_1[1]                              ; out              ;
; |MUX6_1_8Bits|I6_1[2]                              ; |MUX6_1_8Bits|I6_1[2]                              ; out              ;
; |MUX6_1_8Bits|I6_1[3]                              ; |MUX6_1_8Bits|I6_1[3]                              ; out              ;
; |MUX6_1_8Bits|I6_1[4]                              ; |MUX6_1_8Bits|I6_1[4]                              ; out              ;
; |MUX6_1_8Bits|I6_1[5]                              ; |MUX6_1_8Bits|I6_1[5]                              ; out              ;
; |MUX6_1_8Bits|I6_1[6]                              ; |MUX6_1_8Bits|I6_1[6]                              ; out              ;
; |MUX6_1_8Bits|I6_1[7]                              ; |MUX6_1_8Bits|I6_1[7]                              ; out              ;
; |MUX6_1_8Bits|I6_0[0]                              ; |MUX6_1_8Bits|I6_0[0]                              ; out              ;
; |MUX6_1_8Bits|I6_0[1]                              ; |MUX6_1_8Bits|I6_0[1]                              ; out              ;
; |MUX6_1_8Bits|I6_0[2]                              ; |MUX6_1_8Bits|I6_0[2]                              ; out              ;
; |MUX6_1_8Bits|I6_0[3]                              ; |MUX6_1_8Bits|I6_0[3]                              ; out              ;
; |MUX6_1_8Bits|I6_0[4]                              ; |MUX6_1_8Bits|I6_0[4]                              ; out              ;
; |MUX6_1_8Bits|I6_0[5]                              ; |MUX6_1_8Bits|I6_0[5]                              ; out              ;
; |MUX6_1_8Bits|I6_0[6]                              ; |MUX6_1_8Bits|I6_0[6]                              ; out              ;
; |MUX6_1_8Bits|I6_0[7]                              ; |MUX6_1_8Bits|I6_0[7]                              ; out              ;
; |MUX6_1_8Bits|d6[3]                                ; |MUX6_1_8Bits|d6[3]                                ; pin_out          ;
; |MUX6_1_8Bits|d6[4]                                ; |MUX6_1_8Bits|d6[4]                                ; pin_out          ;
; |MUX6_1_8Bits|d6[5]                                ; |MUX6_1_8Bits|d6[5]                                ; pin_out          ;
; |MUX6_1_8Bits|d6[6]                                ; |MUX6_1_8Bits|d6[6]                                ; pin_out          ;
; |MUX6_1_8Bits|d6[7]                                ; |MUX6_1_8Bits|d6[7]                                ; pin_out          ;
; |MUX6_1_8Bits|MUX2_1_8Bits:last_line_mux|d~4       ; |MUX6_1_8Bits|MUX2_1_8Bits:last_line_mux|d~4       ; out0             ;
; |MUX6_1_8Bits|MUX2_1_8Bits:last_line_mux|d~6       ; |MUX6_1_8Bits|MUX2_1_8Bits:last_line_mux|d~6       ; out0             ;
; |MUX6_1_8Bits|MUX2_1_8Bits:last_line_mux|d~9       ; |MUX6_1_8Bits|MUX2_1_8Bits:last_line_mux|d~9       ; out0             ;
; |MUX6_1_8Bits|MUX2_1_8Bits:last_line_mux|d~10      ; |MUX6_1_8Bits|MUX2_1_8Bits:last_line_mux|d~10      ; out0             ;
; |MUX6_1_8Bits|MUX2_1_8Bits:last_line_mux|d[3]      ; |MUX6_1_8Bits|MUX2_1_8Bits:last_line_mux|d[3]      ; out0             ;
; |MUX6_1_8Bits|MUX2_1_8Bits:last_line_mux|d~12      ; |MUX6_1_8Bits|MUX2_1_8Bits:last_line_mux|d~12      ; out0             ;
; |MUX6_1_8Bits|MUX2_1_8Bits:last_line_mux|d~13      ; |MUX6_1_8Bits|MUX2_1_8Bits:last_line_mux|d~13      ; out0             ;
; |MUX6_1_8Bits|MUX2_1_8Bits:last_line_mux|d[4]      ; |MUX6_1_8Bits|MUX2_1_8Bits:last_line_mux|d[4]      ; out0             ;
; |MUX6_1_8Bits|MUX2_1_8Bits:last_line_mux|d~15      ; |MUX6_1_8Bits|MUX2_1_8Bits:last_line_mux|d~15      ; out0             ;
; |MUX6_1_8Bits|MUX2_1_8Bits:last_line_mux|d~16      ; |MUX6_1_8Bits|MUX2_1_8Bits:last_line_mux|d~16      ; out0             ;
; |MUX6_1_8Bits|MUX2_1_8Bits:last_line_mux|d[5]      ; |MUX6_1_8Bits|MUX2_1_8Bits:last_line_mux|d[5]      ; out0             ;
; |MUX6_1_8Bits|MUX2_1_8Bits:last_line_mux|d~18      ; |MUX6_1_8Bits|MUX2_1_8Bits:last_line_mux|d~18      ; out0             ;
; |MUX6_1_8Bits|MUX2_1_8Bits:last_line_mux|d~19      ; |MUX6_1_8Bits|MUX2_1_8Bits:last_line_mux|d~19      ; out0             ;
; |MUX6_1_8Bits|MUX2_1_8Bits:last_line_mux|d[6]      ; |MUX6_1_8Bits|MUX2_1_8Bits:last_line_mux|d[6]      ; out0             ;
; |MUX6_1_8Bits|MUX2_1_8Bits:last_line_mux|d~21      ; |MUX6_1_8Bits|MUX2_1_8Bits:last_line_mux|d~21      ; out0             ;
; |MUX6_1_8Bits|MUX2_1_8Bits:last_line_mux|d~22      ; |MUX6_1_8Bits|MUX2_1_8Bits:last_line_mux|d~22      ; out0             ;
; |MUX6_1_8Bits|MUX2_1_8Bits:last_line_mux|d[7]      ; |MUX6_1_8Bits|MUX2_1_8Bits:last_line_mux|d[7]      ; out0             ;
; |MUX6_1_8Bits|MUX2_1_8Bits:second_line_mux_01|d~3  ; |MUX6_1_8Bits|MUX2_1_8Bits:second_line_mux_01|d~3  ; out0             ;
; |MUX6_1_8Bits|MUX2_1_8Bits:second_line_mux_01|d~6  ; |MUX6_1_8Bits|MUX2_1_8Bits:second_line_mux_01|d~6  ; out0             ;
; |MUX6_1_8Bits|MUX2_1_8Bits:second_line_mux_01|d~7  ; |MUX6_1_8Bits|MUX2_1_8Bits:second_line_mux_01|d~7  ; out0             ;
; |MUX6_1_8Bits|MUX2_1_8Bits:second_line_mux_01|d[2] ; |MUX6_1_8Bits|MUX2_1_8Bits:second_line_mux_01|d[2] ; out0             ;
; |MUX6_1_8Bits|MUX2_1_8Bits:second_line_mux_01|d~9  ; |MUX6_1_8Bits|MUX2_1_8Bits:second_line_mux_01|d~9  ; out0             ;
; |MUX6_1_8Bits|MUX2_1_8Bits:second_line_mux_01|d~10 ; |MUX6_1_8Bits|MUX2_1_8Bits:second_line_mux_01|d~10 ; out0             ;
; |MUX6_1_8Bits|MUX2_1_8Bits:second_line_mux_01|d[3] ; |MUX6_1_8Bits|MUX2_1_8Bits:second_line_mux_01|d[3] ; out0             ;
; |MUX6_1_8Bits|MUX2_1_8Bits:second_line_mux_01|d~12 ; |MUX6_1_8Bits|MUX2_1_8Bits:second_line_mux_01|d~12 ; out0             ;
; |MUX6_1_8Bits|MUX2_1_8Bits:second_line_mux_01|d~13 ; |MUX6_1_8Bits|MUX2_1_8Bits:second_line_mux_01|d~13 ; out0             ;
; |MUX6_1_8Bits|MUX2_1_8Bits:second_line_mux_01|d[4] ; |MUX6_1_8Bits|MUX2_1_8Bits:second_line_mux_01|d[4] ; out0             ;
; |MUX6_1_8Bits|MUX2_1_8Bits:second_line_mux_01|d~15 ; |MUX6_1_8Bits|MUX2_1_8Bits:second_line_mux_01|d~15 ; out0             ;
; |MUX6_1_8Bits|MUX2_1_8Bits:second_line_mux_01|d~16 ; |MUX6_1_8Bits|MUX2_1_8Bits:second_line_mux_01|d~16 ; out0             ;
; |MUX6_1_8Bits|MUX2_1_8Bits:second_line_mux_01|d[5] ; |MUX6_1_8Bits|MUX2_1_8Bits:second_line_mux_01|d[5] ; out0             ;
; |MUX6_1_8Bits|MUX2_1_8Bits:second_line_mux_01|d~18 ; |MUX6_1_8Bits|MUX2_1_8Bits:second_line_mux_01|d~18 ; out0             ;
; |MUX6_1_8Bits|MUX2_1_8Bits:second_line_mux_01|d~19 ; |MUX6_1_8Bits|MUX2_1_8Bits:second_line_mux_01|d~19 ; out0             ;
; |MUX6_1_8Bits|MUX2_1_8Bits:second_line_mux_01|d[6] ; |MUX6_1_8Bits|MUX2_1_8Bits:second_line_mux_01|d[6] ; out0             ;
; |MUX6_1_8Bits|MUX2_1_8Bits:second_line_mux_01|d~21 ; |MUX6_1_8Bits|MUX2_1_8Bits:second_line_mux_01|d~21 ; out0             ;
; |MUX6_1_8Bits|MUX2_1_8Bits:second_line_mux_01|d~22 ; |MUX6_1_8Bits|MUX2_1_8Bits:second_line_mux_01|d~22 ; out0             ;
; |MUX6_1_8Bits|MUX2_1_8Bits:second_line_mux_01|d[7] ; |MUX6_1_8Bits|MUX2_1_8Bits:second_line_mux_01|d[7] ; out0             ;
; |MUX6_1_8Bits|MUX2_1_8Bits:first_line_mux_03|d~0   ; |MUX6_1_8Bits|MUX2_1_8Bits:first_line_mux_03|d~0   ; out0             ;
; |MUX6_1_8Bits|MUX2_1_8Bits:first_line_mux_03|d~3   ; |MUX6_1_8Bits|MUX2_1_8Bits:first_line_mux_03|d~3   ; out0             ;
; |MUX6_1_8Bits|MUX2_1_8Bits:first_line_mux_03|d~4   ; |MUX6_1_8Bits|MUX2_1_8Bits:first_line_mux_03|d~4   ; out0             ;
; |MUX6_1_8Bits|MUX2_1_8Bits:first_line_mux_03|d[1]  ; |MUX6_1_8Bits|MUX2_1_8Bits:first_line_mux_03|d[1]  ; out0             ;
; |MUX6_1_8Bits|MUX2_1_8Bits:first_line_mux_03|d[2]  ; |MUX6_1_8Bits|MUX2_1_8Bits:first_line_mux_03|d[2]  ; out0             ;
; |MUX6_1_8Bits|MUX2_1_8Bits:first_line_mux_03|d~9   ; |MUX6_1_8Bits|MUX2_1_8Bits:first_line_mux_03|d~9   ; out0             ;
; |MUX6_1_8Bits|MUX2_1_8Bits:first_line_mux_03|d~10  ; |MUX6_1_8Bits|MUX2_1_8Bits:first_line_mux_03|d~10  ; out0             ;
; |MUX6_1_8Bits|MUX2_1_8Bits:first_line_mux_03|d[3]  ; |MUX6_1_8Bits|MUX2_1_8Bits:first_line_mux_03|d[3]  ; out0             ;
; |MUX6_1_8Bits|MUX2_1_8Bits:first_line_mux_03|d~12  ; |MUX6_1_8Bits|MUX2_1_8Bits:first_line_mux_03|d~12  ; out0             ;
; |MUX6_1_8Bits|MUX2_1_8Bits:first_line_mux_03|d~13  ; |MUX6_1_8Bits|MUX2_1_8Bits:first_line_mux_03|d~13  ; out0             ;
; |MUX6_1_8Bits|MUX2_1_8Bits:first_line_mux_03|d[4]  ; |MUX6_1_8Bits|MUX2_1_8Bits:first_line_mux_03|d[4]  ; out0             ;
; |MUX6_1_8Bits|MUX2_1_8Bits:first_line_mux_03|d~15  ; |MUX6_1_8Bits|MUX2_1_8Bits:first_line_mux_03|d~15  ; out0             ;
; |MUX6_1_8Bits|MUX2_1_8Bits:first_line_mux_03|d~16  ; |MUX6_1_8Bits|MUX2_1_8Bits:first_line_mux_03|d~16  ; out0             ;
; |MUX6_1_8Bits|MUX2_1_8Bits:first_line_mux_03|d[5]  ; |MUX6_1_8Bits|MUX2_1_8Bits:first_line_mux_03|d[5]  ; out0             ;
; |MUX6_1_8Bits|MUX2_1_8Bits:first_line_mux_03|d~18  ; |MUX6_1_8Bits|MUX2_1_8Bits:first_line_mux_03|d~18  ; out0             ;
; |MUX6_1_8Bits|MUX2_1_8Bits:first_line_mux_03|d~19  ; |MUX6_1_8Bits|MUX2_1_8Bits:first_line_mux_03|d~19  ; out0             ;
; |MUX6_1_8Bits|MUX2_1_8Bits:first_line_mux_03|d[6]  ; |MUX6_1_8Bits|MUX2_1_8Bits:first_line_mux_03|d[6]  ; out0             ;
; |MUX6_1_8Bits|MUX2_1_8Bits:first_line_mux_03|d~21  ; |MUX6_1_8Bits|MUX2_1_8Bits:first_line_mux_03|d~21  ; out0             ;
; |MUX6_1_8Bits|MUX2_1_8Bits:first_line_mux_03|d~22  ; |MUX6_1_8Bits|MUX2_1_8Bits:first_line_mux_03|d~22  ; out0             ;
; |MUX6_1_8Bits|MUX2_1_8Bits:first_line_mux_03|d[7]  ; |MUX6_1_8Bits|MUX2_1_8Bits:first_line_mux_03|d[7]  ; out0             ;
; |MUX6_1_8Bits|MUX2_1_8Bits:first_line_mux_02|d~0   ; |MUX6_1_8Bits|MUX2_1_8Bits:first_line_mux_02|d~0   ; out0             ;
; |MUX6_1_8Bits|MUX2_1_8Bits:first_line_mux_02|d[1]  ; |MUX6_1_8Bits|MUX2_1_8Bits:first_line_mux_02|d[1]  ; out0             ;
; |MUX6_1_8Bits|MUX2_1_8Bits:first_line_mux_02|d~6   ; |MUX6_1_8Bits|MUX2_1_8Bits:first_line_mux_02|d~6   ; out0             ;
; |MUX6_1_8Bits|MUX2_1_8Bits:first_line_mux_02|d~7   ; |MUX6_1_8Bits|MUX2_1_8Bits:first_line_mux_02|d~7   ; out0             ;
; |MUX6_1_8Bits|MUX2_1_8Bits:first_line_mux_02|d[2]  ; |MUX6_1_8Bits|MUX2_1_8Bits:first_line_mux_02|d[2]  ; out0             ;
; |MUX6_1_8Bits|MUX2_1_8Bits:first_line_mux_02|d~9   ; |MUX6_1_8Bits|MUX2_1_8Bits:first_line_mux_02|d~9   ; out0             ;
; |MUX6_1_8Bits|MUX2_1_8Bits:first_line_mux_02|d~10  ; |MUX6_1_8Bits|MUX2_1_8Bits:first_line_mux_02|d~10  ; out0             ;
; |MUX6_1_8Bits|MUX2_1_8Bits:first_line_mux_02|d[3]  ; |MUX6_1_8Bits|MUX2_1_8Bits:first_line_mux_02|d[3]  ; out0             ;
; |MUX6_1_8Bits|MUX2_1_8Bits:first_line_mux_02|d~12  ; |MUX6_1_8Bits|MUX2_1_8Bits:first_line_mux_02|d~12  ; out0             ;
; |MUX6_1_8Bits|MUX2_1_8Bits:first_line_mux_02|d~13  ; |MUX6_1_8Bits|MUX2_1_8Bits:first_line_mux_02|d~13  ; out0             ;
; |MUX6_1_8Bits|MUX2_1_8Bits:first_line_mux_02|d[4]  ; |MUX6_1_8Bits|MUX2_1_8Bits:first_line_mux_02|d[4]  ; out0             ;
; |MUX6_1_8Bits|MUX2_1_8Bits:first_line_mux_02|d~15  ; |MUX6_1_8Bits|MUX2_1_8Bits:first_line_mux_02|d~15  ; out0             ;
; |MUX6_1_8Bits|MUX2_1_8Bits:first_line_mux_02|d~16  ; |MUX6_1_8Bits|MUX2_1_8Bits:first_line_mux_02|d~16  ; out0             ;
; |MUX6_1_8Bits|MUX2_1_8Bits:first_line_mux_02|d[5]  ; |MUX6_1_8Bits|MUX2_1_8Bits:first_line_mux_02|d[5]  ; out0             ;
; |MUX6_1_8Bits|MUX2_1_8Bits:first_line_mux_02|d~18  ; |MUX6_1_8Bits|MUX2_1_8Bits:first_line_mux_02|d~18  ; out0             ;
; |MUX6_1_8Bits|MUX2_1_8Bits:first_line_mux_02|d~19  ; |MUX6_1_8Bits|MUX2_1_8Bits:first_line_mux_02|d~19  ; out0             ;
; |MUX6_1_8Bits|MUX2_1_8Bits:first_line_mux_02|d[6]  ; |MUX6_1_8Bits|MUX2_1_8Bits:first_line_mux_02|d[6]  ; out0             ;
; |MUX6_1_8Bits|MUX2_1_8Bits:first_line_mux_02|d~21  ; |MUX6_1_8Bits|MUX2_1_8Bits:first_line_mux_02|d~21  ; out0             ;
; |MUX6_1_8Bits|MUX2_1_8Bits:first_line_mux_02|d~22  ; |MUX6_1_8Bits|MUX2_1_8Bits:first_line_mux_02|d~22  ; out0             ;
; |MUX6_1_8Bits|MUX2_1_8Bits:first_line_mux_02|d[7]  ; |MUX6_1_8Bits|MUX2_1_8Bits:first_line_mux_02|d[7]  ; out0             ;
; |MUX6_1_8Bits|MUX2_1_8Bits:first_line_mux_01|d~0   ; |MUX6_1_8Bits|MUX2_1_8Bits:first_line_mux_01|d~0   ; out0             ;
; |MUX6_1_8Bits|MUX2_1_8Bits:first_line_mux_01|d~3   ; |MUX6_1_8Bits|MUX2_1_8Bits:first_line_mux_01|d~3   ; out0             ;
; |MUX6_1_8Bits|MUX2_1_8Bits:first_line_mux_01|d~4   ; |MUX6_1_8Bits|MUX2_1_8Bits:first_line_mux_01|d~4   ; out0             ;
; |MUX6_1_8Bits|MUX2_1_8Bits:first_line_mux_01|d[1]  ; |MUX6_1_8Bits|MUX2_1_8Bits:first_line_mux_01|d[1]  ; out0             ;
; |MUX6_1_8Bits|MUX2_1_8Bits:first_line_mux_01|d~6   ; |MUX6_1_8Bits|MUX2_1_8Bits:first_line_mux_01|d~6   ; out0             ;
; |MUX6_1_8Bits|MUX2_1_8Bits:first_line_mux_01|d~7   ; |MUX6_1_8Bits|MUX2_1_8Bits:first_line_mux_01|d~7   ; out0             ;
; |MUX6_1_8Bits|MUX2_1_8Bits:first_line_mux_01|d[2]  ; |MUX6_1_8Bits|MUX2_1_8Bits:first_line_mux_01|d[2]  ; out0             ;
; |MUX6_1_8Bits|MUX2_1_8Bits:first_line_mux_01|d~9   ; |MUX6_1_8Bits|MUX2_1_8Bits:first_line_mux_01|d~9   ; out0             ;
; |MUX6_1_8Bits|MUX2_1_8Bits:first_line_mux_01|d~10  ; |MUX6_1_8Bits|MUX2_1_8Bits:first_line_mux_01|d~10  ; out0             ;
; |MUX6_1_8Bits|MUX2_1_8Bits:first_line_mux_01|d[3]  ; |MUX6_1_8Bits|MUX2_1_8Bits:first_line_mux_01|d[3]  ; out0             ;
; |MUX6_1_8Bits|MUX2_1_8Bits:first_line_mux_01|d~12  ; |MUX6_1_8Bits|MUX2_1_8Bits:first_line_mux_01|d~12  ; out0             ;
; |MUX6_1_8Bits|MUX2_1_8Bits:first_line_mux_01|d~13  ; |MUX6_1_8Bits|MUX2_1_8Bits:first_line_mux_01|d~13  ; out0             ;
; |MUX6_1_8Bits|MUX2_1_8Bits:first_line_mux_01|d[4]  ; |MUX6_1_8Bits|MUX2_1_8Bits:first_line_mux_01|d[4]  ; out0             ;
; |MUX6_1_8Bits|MUX2_1_8Bits:first_line_mux_01|d~15  ; |MUX6_1_8Bits|MUX2_1_8Bits:first_line_mux_01|d~15  ; out0             ;
; |MUX6_1_8Bits|MUX2_1_8Bits:first_line_mux_01|d~16  ; |MUX6_1_8Bits|MUX2_1_8Bits:first_line_mux_01|d~16  ; out0             ;
; |MUX6_1_8Bits|MUX2_1_8Bits:first_line_mux_01|d[5]  ; |MUX6_1_8Bits|MUX2_1_8Bits:first_line_mux_01|d[5]  ; out0             ;
; |MUX6_1_8Bits|MUX2_1_8Bits:first_line_mux_01|d~18  ; |MUX6_1_8Bits|MUX2_1_8Bits:first_line_mux_01|d~18  ; out0             ;
; |MUX6_1_8Bits|MUX2_1_8Bits:first_line_mux_01|d~19  ; |MUX6_1_8Bits|MUX2_1_8Bits:first_line_mux_01|d~19  ; out0             ;
; |MUX6_1_8Bits|MUX2_1_8Bits:first_line_mux_01|d[6]  ; |MUX6_1_8Bits|MUX2_1_8Bits:first_line_mux_01|d[6]  ; out0             ;
; |MUX6_1_8Bits|MUX2_1_8Bits:first_line_mux_01|d~21  ; |MUX6_1_8Bits|MUX2_1_8Bits:first_line_mux_01|d~21  ; out0             ;
; |MUX6_1_8Bits|MUX2_1_8Bits:first_line_mux_01|d~22  ; |MUX6_1_8Bits|MUX2_1_8Bits:first_line_mux_01|d~22  ; out0             ;
; |MUX6_1_8Bits|MUX2_1_8Bits:first_line_mux_01|d[7]  ; |MUX6_1_8Bits|MUX2_1_8Bits:first_line_mux_01|d[7]  ; out0             ;
+----------------------------------------------------+----------------------------------------------------+------------------+


The following table displays output ports that do not toggle to 0 during simulation.
+----------------------------------------------------------------------------------------------------------------------------+
; Missing 0-Value Coverage                                                                                                   ;
+----------------------------------------------------+----------------------------------------------------+------------------+
; Node Name                                          ; Output Port Name                                   ; Output Port Type ;
+----------------------------------------------------+----------------------------------------------------+------------------+
; |MUX6_1_8Bits|I6_5[0]                              ; |MUX6_1_8Bits|I6_5[0]                              ; out              ;
; |MUX6_1_8Bits|I6_5[1]                              ; |MUX6_1_8Bits|I6_5[1]                              ; out              ;
; |MUX6_1_8Bits|I6_5[2]                              ; |MUX6_1_8Bits|I6_5[2]                              ; out              ;
; |MUX6_1_8Bits|I6_5[3]                              ; |MUX6_1_8Bits|I6_5[3]                              ; out              ;
; |MUX6_1_8Bits|I6_5[4]                              ; |MUX6_1_8Bits|I6_5[4]                              ; out              ;
; |MUX6_1_8Bits|I6_5[5]                              ; |MUX6_1_8Bits|I6_5[5]                              ; out              ;
; |MUX6_1_8Bits|I6_5[6]                              ; |MUX6_1_8Bits|I6_5[6]                              ; out              ;
; |MUX6_1_8Bits|I6_5[7]                              ; |MUX6_1_8Bits|I6_5[7]                              ; out              ;
; |MUX6_1_8Bits|I6_4[0]                              ; |MUX6_1_8Bits|I6_4[0]                              ; out              ;
; |MUX6_1_8Bits|I6_4[1]                              ; |MUX6_1_8Bits|I6_4[1]                              ; out              ;
; |MUX6_1_8Bits|I6_4[2]                              ; |MUX6_1_8Bits|I6_4[2]                              ; out              ;
; |MUX6_1_8Bits|I6_4[3]                              ; |MUX6_1_8Bits|I6_4[3]                              ; out              ;
; |MUX6_1_8Bits|I6_4[4]                              ; |MUX6_1_8Bits|I6_4[4]                              ; out              ;
; |MUX6_1_8Bits|I6_4[5]                              ; |MUX6_1_8Bits|I6_4[5]                              ; out              ;
; |MUX6_1_8Bits|I6_4[6]                              ; |MUX6_1_8Bits|I6_4[6]                              ; out              ;
; |MUX6_1_8Bits|I6_4[7]                              ; |MUX6_1_8Bits|I6_4[7]                              ; out              ;
; |MUX6_1_8Bits|I6_3[0]                              ; |MUX6_1_8Bits|I6_3[0]                              ; out              ;
; |MUX6_1_8Bits|I6_3[1]                              ; |MUX6_1_8Bits|I6_3[1]                              ; out              ;
; |MUX6_1_8Bits|I6_3[2]                              ; |MUX6_1_8Bits|I6_3[2]                              ; out              ;
; |MUX6_1_8Bits|I6_3[3]                              ; |MUX6_1_8Bits|I6_3[3]                              ; out              ;
; |MUX6_1_8Bits|I6_3[4]                              ; |MUX6_1_8Bits|I6_3[4]                              ; out              ;
; |MUX6_1_8Bits|I6_3[5]                              ; |MUX6_1_8Bits|I6_3[5]                              ; out              ;
; |MUX6_1_8Bits|I6_3[6]                              ; |MUX6_1_8Bits|I6_3[6]                              ; out              ;
; |MUX6_1_8Bits|I6_3[7]                              ; |MUX6_1_8Bits|I6_3[7]                              ; out              ;
; |MUX6_1_8Bits|I6_2[0]                              ; |MUX6_1_8Bits|I6_2[0]                              ; out              ;
; |MUX6_1_8Bits|I6_2[1]                              ; |MUX6_1_8Bits|I6_2[1]                              ; out              ;
; |MUX6_1_8Bits|I6_2[2]                              ; |MUX6_1_8Bits|I6_2[2]                              ; out              ;
; |MUX6_1_8Bits|I6_2[3]                              ; |MUX6_1_8Bits|I6_2[3]                              ; out              ;
; |MUX6_1_8Bits|I6_2[4]                              ; |MUX6_1_8Bits|I6_2[4]                              ; out              ;
; |MUX6_1_8Bits|I6_2[5]                              ; |MUX6_1_8Bits|I6_2[5]                              ; out              ;
; |MUX6_1_8Bits|I6_2[6]                              ; |MUX6_1_8Bits|I6_2[6]                              ; out              ;
; |MUX6_1_8Bits|I6_2[7]                              ; |MUX6_1_8Bits|I6_2[7]                              ; out              ;
; |MUX6_1_8Bits|I6_1[0]                              ; |MUX6_1_8Bits|I6_1[0]                              ; out              ;
; |MUX6_1_8Bits|I6_1[1]                              ; |MUX6_1_8Bits|I6_1[1]                              ; out              ;
; |MUX6_1_8Bits|I6_1[2]                              ; |MUX6_1_8Bits|I6_1[2]                              ; out              ;
; |MUX6_1_8Bits|I6_1[3]                              ; |MUX6_1_8Bits|I6_1[3]                              ; out              ;
; |MUX6_1_8Bits|I6_1[4]                              ; |MUX6_1_8Bits|I6_1[4]                              ; out              ;
; |MUX6_1_8Bits|I6_1[5]                              ; |MUX6_1_8Bits|I6_1[5]                              ; out              ;
; |MUX6_1_8Bits|I6_1[6]                              ; |MUX6_1_8Bits|I6_1[6]                              ; out              ;
; |MUX6_1_8Bits|I6_1[7]                              ; |MUX6_1_8Bits|I6_1[7]                              ; out              ;
; |MUX6_1_8Bits|I6_0[0]                              ; |MUX6_1_8Bits|I6_0[0]                              ; out              ;
; |MUX6_1_8Bits|I6_0[1]                              ; |MUX6_1_8Bits|I6_0[1]                              ; out              ;
; |MUX6_1_8Bits|I6_0[2]                              ; |MUX6_1_8Bits|I6_0[2]                              ; out              ;
; |MUX6_1_8Bits|I6_0[3]                              ; |MUX6_1_8Bits|I6_0[3]                              ; out              ;
; |MUX6_1_8Bits|I6_0[4]                              ; |MUX6_1_8Bits|I6_0[4]                              ; out              ;
; |MUX6_1_8Bits|I6_0[5]                              ; |MUX6_1_8Bits|I6_0[5]                              ; out              ;
; |MUX6_1_8Bits|I6_0[6]                              ; |MUX6_1_8Bits|I6_0[6]                              ; out              ;
; |MUX6_1_8Bits|I6_0[7]                              ; |MUX6_1_8Bits|I6_0[7]                              ; out              ;
; |MUX6_1_8Bits|d6[3]                                ; |MUX6_1_8Bits|d6[3]                                ; pin_out          ;
; |MUX6_1_8Bits|d6[4]                                ; |MUX6_1_8Bits|d6[4]                                ; pin_out          ;
; |MUX6_1_8Bits|d6[5]                                ; |MUX6_1_8Bits|d6[5]                                ; pin_out          ;
; |MUX6_1_8Bits|d6[6]                                ; |MUX6_1_8Bits|d6[6]                                ; pin_out          ;
; |MUX6_1_8Bits|d6[7]                                ; |MUX6_1_8Bits|d6[7]                                ; pin_out          ;
; |MUX6_1_8Bits|MUX2_1_8Bits:last_line_mux|d~4       ; |MUX6_1_8Bits|MUX2_1_8Bits:last_line_mux|d~4       ; out0             ;
; |MUX6_1_8Bits|MUX2_1_8Bits:last_line_mux|d~6       ; |MUX6_1_8Bits|MUX2_1_8Bits:last_line_mux|d~6       ; out0             ;
; |MUX6_1_8Bits|MUX2_1_8Bits:last_line_mux|d~9       ; |MUX6_1_8Bits|MUX2_1_8Bits:last_line_mux|d~9       ; out0             ;
; |MUX6_1_8Bits|MUX2_1_8Bits:last_line_mux|d~10      ; |MUX6_1_8Bits|MUX2_1_8Bits:last_line_mux|d~10      ; out0             ;
; |MUX6_1_8Bits|MUX2_1_8Bits:last_line_mux|d[3]      ; |MUX6_1_8Bits|MUX2_1_8Bits:last_line_mux|d[3]      ; out0             ;
; |MUX6_1_8Bits|MUX2_1_8Bits:last_line_mux|d~12      ; |MUX6_1_8Bits|MUX2_1_8Bits:last_line_mux|d~12      ; out0             ;
; |MUX6_1_8Bits|MUX2_1_8Bits:last_line_mux|d~13      ; |MUX6_1_8Bits|MUX2_1_8Bits:last_line_mux|d~13      ; out0             ;
; |MUX6_1_8Bits|MUX2_1_8Bits:last_line_mux|d[4]      ; |MUX6_1_8Bits|MUX2_1_8Bits:last_line_mux|d[4]      ; out0             ;
; |MUX6_1_8Bits|MUX2_1_8Bits:last_line_mux|d~15      ; |MUX6_1_8Bits|MUX2_1_8Bits:last_line_mux|d~15      ; out0             ;
; |MUX6_1_8Bits|MUX2_1_8Bits:last_line_mux|d~16      ; |MUX6_1_8Bits|MUX2_1_8Bits:last_line_mux|d~16      ; out0             ;
; |MUX6_1_8Bits|MUX2_1_8Bits:last_line_mux|d[5]      ; |MUX6_1_8Bits|MUX2_1_8Bits:last_line_mux|d[5]      ; out0             ;
; |MUX6_1_8Bits|MUX2_1_8Bits:last_line_mux|d~18      ; |MUX6_1_8Bits|MUX2_1_8Bits:last_line_mux|d~18      ; out0             ;
; |MUX6_1_8Bits|MUX2_1_8Bits:last_line_mux|d~19      ; |MUX6_1_8Bits|MUX2_1_8Bits:last_line_mux|d~19      ; out0             ;
; |MUX6_1_8Bits|MUX2_1_8Bits:last_line_mux|d[6]      ; |MUX6_1_8Bits|MUX2_1_8Bits:last_line_mux|d[6]      ; out0             ;
; |MUX6_1_8Bits|MUX2_1_8Bits:last_line_mux|d~21      ; |MUX6_1_8Bits|MUX2_1_8Bits:last_line_mux|d~21      ; out0             ;
; |MUX6_1_8Bits|MUX2_1_8Bits:last_line_mux|d~22      ; |MUX6_1_8Bits|MUX2_1_8Bits:last_line_mux|d~22      ; out0             ;
; |MUX6_1_8Bits|MUX2_1_8Bits:last_line_mux|d[7]      ; |MUX6_1_8Bits|MUX2_1_8Bits:last_line_mux|d[7]      ; out0             ;
; |MUX6_1_8Bits|MUX2_1_8Bits:second_line_mux_01|d~3  ; |MUX6_1_8Bits|MUX2_1_8Bits:second_line_mux_01|d~3  ; out0             ;
; |MUX6_1_8Bits|MUX2_1_8Bits:second_line_mux_01|d~6  ; |MUX6_1_8Bits|MUX2_1_8Bits:second_line_mux_01|d~6  ; out0             ;
; |MUX6_1_8Bits|MUX2_1_8Bits:second_line_mux_01|d~7  ; |MUX6_1_8Bits|MUX2_1_8Bits:second_line_mux_01|d~7  ; out0             ;
; |MUX6_1_8Bits|MUX2_1_8Bits:second_line_mux_01|d[2] ; |MUX6_1_8Bits|MUX2_1_8Bits:second_line_mux_01|d[2] ; out0             ;
; |MUX6_1_8Bits|MUX2_1_8Bits:second_line_mux_01|d~9  ; |MUX6_1_8Bits|MUX2_1_8Bits:second_line_mux_01|d~9  ; out0             ;
; |MUX6_1_8Bits|MUX2_1_8Bits:second_line_mux_01|d~10 ; |MUX6_1_8Bits|MUX2_1_8Bits:second_line_mux_01|d~10 ; out0             ;
; |MUX6_1_8Bits|MUX2_1_8Bits:second_line_mux_01|d[3] ; |MUX6_1_8Bits|MUX2_1_8Bits:second_line_mux_01|d[3] ; out0             ;
; |MUX6_1_8Bits|MUX2_1_8Bits:second_line_mux_01|d~12 ; |MUX6_1_8Bits|MUX2_1_8Bits:second_line_mux_01|d~12 ; out0             ;
; |MUX6_1_8Bits|MUX2_1_8Bits:second_line_mux_01|d~13 ; |MUX6_1_8Bits|MUX2_1_8Bits:second_line_mux_01|d~13 ; out0             ;
; |MUX6_1_8Bits|MUX2_1_8Bits:second_line_mux_01|d[4] ; |MUX6_1_8Bits|MUX2_1_8Bits:second_line_mux_01|d[4] ; out0             ;
; |MUX6_1_8Bits|MUX2_1_8Bits:second_line_mux_01|d~15 ; |MUX6_1_8Bits|MUX2_1_8Bits:second_line_mux_01|d~15 ; out0             ;
; |MUX6_1_8Bits|MUX2_1_8Bits:second_line_mux_01|d~16 ; |MUX6_1_8Bits|MUX2_1_8Bits:second_line_mux_01|d~16 ; out0             ;
; |MUX6_1_8Bits|MUX2_1_8Bits:second_line_mux_01|d[5] ; |MUX6_1_8Bits|MUX2_1_8Bits:second_line_mux_01|d[5] ; out0             ;
; |MUX6_1_8Bits|MUX2_1_8Bits:second_line_mux_01|d~18 ; |MUX6_1_8Bits|MUX2_1_8Bits:second_line_mux_01|d~18 ; out0             ;
; |MUX6_1_8Bits|MUX2_1_8Bits:second_line_mux_01|d~19 ; |MUX6_1_8Bits|MUX2_1_8Bits:second_line_mux_01|d~19 ; out0             ;
; |MUX6_1_8Bits|MUX2_1_8Bits:second_line_mux_01|d[6] ; |MUX6_1_8Bits|MUX2_1_8Bits:second_line_mux_01|d[6] ; out0             ;
; |MUX6_1_8Bits|MUX2_1_8Bits:second_line_mux_01|d~21 ; |MUX6_1_8Bits|MUX2_1_8Bits:second_line_mux_01|d~21 ; out0             ;
; |MUX6_1_8Bits|MUX2_1_8Bits:second_line_mux_01|d~22 ; |MUX6_1_8Bits|MUX2_1_8Bits:second_line_mux_01|d~22 ; out0             ;
; |MUX6_1_8Bits|MUX2_1_8Bits:second_line_mux_01|d[7] ; |MUX6_1_8Bits|MUX2_1_8Bits:second_line_mux_01|d[7] ; out0             ;
; |MUX6_1_8Bits|MUX2_1_8Bits:first_line_mux_03|d~0   ; |MUX6_1_8Bits|MUX2_1_8Bits:first_line_mux_03|d~0   ; out0             ;
; |MUX6_1_8Bits|MUX2_1_8Bits:first_line_mux_03|d~3   ; |MUX6_1_8Bits|MUX2_1_8Bits:first_line_mux_03|d~3   ; out0             ;
; |MUX6_1_8Bits|MUX2_1_8Bits:first_line_mux_03|d~4   ; |MUX6_1_8Bits|MUX2_1_8Bits:first_line_mux_03|d~4   ; out0             ;
; |MUX6_1_8Bits|MUX2_1_8Bits:first_line_mux_03|d[1]  ; |MUX6_1_8Bits|MUX2_1_8Bits:first_line_mux_03|d[1]  ; out0             ;
; |MUX6_1_8Bits|MUX2_1_8Bits:first_line_mux_03|d[2]  ; |MUX6_1_8Bits|MUX2_1_8Bits:first_line_mux_03|d[2]  ; out0             ;
; |MUX6_1_8Bits|MUX2_1_8Bits:first_line_mux_03|d~9   ; |MUX6_1_8Bits|MUX2_1_8Bits:first_line_mux_03|d~9   ; out0             ;
; |MUX6_1_8Bits|MUX2_1_8Bits:first_line_mux_03|d~10  ; |MUX6_1_8Bits|MUX2_1_8Bits:first_line_mux_03|d~10  ; out0             ;
; |MUX6_1_8Bits|MUX2_1_8Bits:first_line_mux_03|d[3]  ; |MUX6_1_8Bits|MUX2_1_8Bits:first_line_mux_03|d[3]  ; out0             ;
; |MUX6_1_8Bits|MUX2_1_8Bits:first_line_mux_03|d~12  ; |MUX6_1_8Bits|MUX2_1_8Bits:first_line_mux_03|d~12  ; out0             ;
; |MUX6_1_8Bits|MUX2_1_8Bits:first_line_mux_03|d~13  ; |MUX6_1_8Bits|MUX2_1_8Bits:first_line_mux_03|d~13  ; out0             ;
; |MUX6_1_8Bits|MUX2_1_8Bits:first_line_mux_03|d[4]  ; |MUX6_1_8Bits|MUX2_1_8Bits:first_line_mux_03|d[4]  ; out0             ;
; |MUX6_1_8Bits|MUX2_1_8Bits:first_line_mux_03|d~15  ; |MUX6_1_8Bits|MUX2_1_8Bits:first_line_mux_03|d~15  ; out0             ;
; |MUX6_1_8Bits|MUX2_1_8Bits:first_line_mux_03|d~16  ; |MUX6_1_8Bits|MUX2_1_8Bits:first_line_mux_03|d~16  ; out0             ;
; |MUX6_1_8Bits|MUX2_1_8Bits:first_line_mux_03|d[5]  ; |MUX6_1_8Bits|MUX2_1_8Bits:first_line_mux_03|d[5]  ; out0             ;
; |MUX6_1_8Bits|MUX2_1_8Bits:first_line_mux_03|d~18  ; |MUX6_1_8Bits|MUX2_1_8Bits:first_line_mux_03|d~18  ; out0             ;
; |MUX6_1_8Bits|MUX2_1_8Bits:first_line_mux_03|d~19  ; |MUX6_1_8Bits|MUX2_1_8Bits:first_line_mux_03|d~19  ; out0             ;
; |MUX6_1_8Bits|MUX2_1_8Bits:first_line_mux_03|d[6]  ; |MUX6_1_8Bits|MUX2_1_8Bits:first_line_mux_03|d[6]  ; out0             ;
; |MUX6_1_8Bits|MUX2_1_8Bits:first_line_mux_03|d~21  ; |MUX6_1_8Bits|MUX2_1_8Bits:first_line_mux_03|d~21  ; out0             ;
; |MUX6_1_8Bits|MUX2_1_8Bits:first_line_mux_03|d~22  ; |MUX6_1_8Bits|MUX2_1_8Bits:first_line_mux_03|d~22  ; out0             ;
; |MUX6_1_8Bits|MUX2_1_8Bits:first_line_mux_03|d[7]  ; |MUX6_1_8Bits|MUX2_1_8Bits:first_line_mux_03|d[7]  ; out0             ;
; |MUX6_1_8Bits|MUX2_1_8Bits:first_line_mux_02|d~0   ; |MUX6_1_8Bits|MUX2_1_8Bits:first_line_mux_02|d~0   ; out0             ;
; |MUX6_1_8Bits|MUX2_1_8Bits:first_line_mux_02|d[1]  ; |MUX6_1_8Bits|MUX2_1_8Bits:first_line_mux_02|d[1]  ; out0             ;
; |MUX6_1_8Bits|MUX2_1_8Bits:first_line_mux_02|d~6   ; |MUX6_1_8Bits|MUX2_1_8Bits:first_line_mux_02|d~6   ; out0             ;
; |MUX6_1_8Bits|MUX2_1_8Bits:first_line_mux_02|d~7   ; |MUX6_1_8Bits|MUX2_1_8Bits:first_line_mux_02|d~7   ; out0             ;
; |MUX6_1_8Bits|MUX2_1_8Bits:first_line_mux_02|d[2]  ; |MUX6_1_8Bits|MUX2_1_8Bits:first_line_mux_02|d[2]  ; out0             ;
; |MUX6_1_8Bits|MUX2_1_8Bits:first_line_mux_02|d~9   ; |MUX6_1_8Bits|MUX2_1_8Bits:first_line_mux_02|d~9   ; out0             ;
; |MUX6_1_8Bits|MUX2_1_8Bits:first_line_mux_02|d~10  ; |MUX6_1_8Bits|MUX2_1_8Bits:first_line_mux_02|d~10  ; out0             ;
; |MUX6_1_8Bits|MUX2_1_8Bits:first_line_mux_02|d[3]  ; |MUX6_1_8Bits|MUX2_1_8Bits:first_line_mux_02|d[3]  ; out0             ;
; |MUX6_1_8Bits|MUX2_1_8Bits:first_line_mux_02|d~12  ; |MUX6_1_8Bits|MUX2_1_8Bits:first_line_mux_02|d~12  ; out0             ;
; |MUX6_1_8Bits|MUX2_1_8Bits:first_line_mux_02|d~13  ; |MUX6_1_8Bits|MUX2_1_8Bits:first_line_mux_02|d~13  ; out0             ;
; |MUX6_1_8Bits|MUX2_1_8Bits:first_line_mux_02|d[4]  ; |MUX6_1_8Bits|MUX2_1_8Bits:first_line_mux_02|d[4]  ; out0             ;
; |MUX6_1_8Bits|MUX2_1_8Bits:first_line_mux_02|d~15  ; |MUX6_1_8Bits|MUX2_1_8Bits:first_line_mux_02|d~15  ; out0             ;
; |MUX6_1_8Bits|MUX2_1_8Bits:first_line_mux_02|d~16  ; |MUX6_1_8Bits|MUX2_1_8Bits:first_line_mux_02|d~16  ; out0             ;
; |MUX6_1_8Bits|MUX2_1_8Bits:first_line_mux_02|d[5]  ; |MUX6_1_8Bits|MUX2_1_8Bits:first_line_mux_02|d[5]  ; out0             ;
; |MUX6_1_8Bits|MUX2_1_8Bits:first_line_mux_02|d~18  ; |MUX6_1_8Bits|MUX2_1_8Bits:first_line_mux_02|d~18  ; out0             ;
; |MUX6_1_8Bits|MUX2_1_8Bits:first_line_mux_02|d~19  ; |MUX6_1_8Bits|MUX2_1_8Bits:first_line_mux_02|d~19  ; out0             ;
; |MUX6_1_8Bits|MUX2_1_8Bits:first_line_mux_02|d[6]  ; |MUX6_1_8Bits|MUX2_1_8Bits:first_line_mux_02|d[6]  ; out0             ;
; |MUX6_1_8Bits|MUX2_1_8Bits:first_line_mux_02|d~21  ; |MUX6_1_8Bits|MUX2_1_8Bits:first_line_mux_02|d~21  ; out0             ;
; |MUX6_1_8Bits|MUX2_1_8Bits:first_line_mux_02|d~22  ; |MUX6_1_8Bits|MUX2_1_8Bits:first_line_mux_02|d~22  ; out0             ;
; |MUX6_1_8Bits|MUX2_1_8Bits:first_line_mux_02|d[7]  ; |MUX6_1_8Bits|MUX2_1_8Bits:first_line_mux_02|d[7]  ; out0             ;
; |MUX6_1_8Bits|MUX2_1_8Bits:first_line_mux_01|d~0   ; |MUX6_1_8Bits|MUX2_1_8Bits:first_line_mux_01|d~0   ; out0             ;
; |MUX6_1_8Bits|MUX2_1_8Bits:first_line_mux_01|d~3   ; |MUX6_1_8Bits|MUX2_1_8Bits:first_line_mux_01|d~3   ; out0             ;
; |MUX6_1_8Bits|MUX2_1_8Bits:first_line_mux_01|d~4   ; |MUX6_1_8Bits|MUX2_1_8Bits:first_line_mux_01|d~4   ; out0             ;
; |MUX6_1_8Bits|MUX2_1_8Bits:first_line_mux_01|d[1]  ; |MUX6_1_8Bits|MUX2_1_8Bits:first_line_mux_01|d[1]  ; out0             ;
; |MUX6_1_8Bits|MUX2_1_8Bits:first_line_mux_01|d~6   ; |MUX6_1_8Bits|MUX2_1_8Bits:first_line_mux_01|d~6   ; out0             ;
; |MUX6_1_8Bits|MUX2_1_8Bits:first_line_mux_01|d~7   ; |MUX6_1_8Bits|MUX2_1_8Bits:first_line_mux_01|d~7   ; out0             ;
; |MUX6_1_8Bits|MUX2_1_8Bits:first_line_mux_01|d[2]  ; |MUX6_1_8Bits|MUX2_1_8Bits:first_line_mux_01|d[2]  ; out0             ;
; |MUX6_1_8Bits|MUX2_1_8Bits:first_line_mux_01|d~9   ; |MUX6_1_8Bits|MUX2_1_8Bits:first_line_mux_01|d~9   ; out0             ;
; |MUX6_1_8Bits|MUX2_1_8Bits:first_line_mux_01|d~10  ; |MUX6_1_8Bits|MUX2_1_8Bits:first_line_mux_01|d~10  ; out0             ;
; |MUX6_1_8Bits|MUX2_1_8Bits:first_line_mux_01|d[3]  ; |MUX6_1_8Bits|MUX2_1_8Bits:first_line_mux_01|d[3]  ; out0             ;
; |MUX6_1_8Bits|MUX2_1_8Bits:first_line_mux_01|d~12  ; |MUX6_1_8Bits|MUX2_1_8Bits:first_line_mux_01|d~12  ; out0             ;
; |MUX6_1_8Bits|MUX2_1_8Bits:first_line_mux_01|d~13  ; |MUX6_1_8Bits|MUX2_1_8Bits:first_line_mux_01|d~13  ; out0             ;
; |MUX6_1_8Bits|MUX2_1_8Bits:first_line_mux_01|d[4]  ; |MUX6_1_8Bits|MUX2_1_8Bits:first_line_mux_01|d[4]  ; out0             ;
; |MUX6_1_8Bits|MUX2_1_8Bits:first_line_mux_01|d~15  ; |MUX6_1_8Bits|MUX2_1_8Bits:first_line_mux_01|d~15  ; out0             ;
; |MUX6_1_8Bits|MUX2_1_8Bits:first_line_mux_01|d~16  ; |MUX6_1_8Bits|MUX2_1_8Bits:first_line_mux_01|d~16  ; out0             ;
; |MUX6_1_8Bits|MUX2_1_8Bits:first_line_mux_01|d[5]  ; |MUX6_1_8Bits|MUX2_1_8Bits:first_line_mux_01|d[5]  ; out0             ;
; |MUX6_1_8Bits|MUX2_1_8Bits:first_line_mux_01|d~18  ; |MUX6_1_8Bits|MUX2_1_8Bits:first_line_mux_01|d~18  ; out0             ;
; |MUX6_1_8Bits|MUX2_1_8Bits:first_line_mux_01|d~19  ; |MUX6_1_8Bits|MUX2_1_8Bits:first_line_mux_01|d~19  ; out0             ;
; |MUX6_1_8Bits|MUX2_1_8Bits:first_line_mux_01|d[6]  ; |MUX6_1_8Bits|MUX2_1_8Bits:first_line_mux_01|d[6]  ; out0             ;
; |MUX6_1_8Bits|MUX2_1_8Bits:first_line_mux_01|d~21  ; |MUX6_1_8Bits|MUX2_1_8Bits:first_line_mux_01|d~21  ; out0             ;
; |MUX6_1_8Bits|MUX2_1_8Bits:first_line_mux_01|d~22  ; |MUX6_1_8Bits|MUX2_1_8Bits:first_line_mux_01|d~22  ; out0             ;
; |MUX6_1_8Bits|MUX2_1_8Bits:first_line_mux_01|d[7]  ; |MUX6_1_8Bits|MUX2_1_8Bits:first_line_mux_01|d[7]  ; out0             ;
+----------------------------------------------------+----------------------------------------------------+------------------+


+---------------------+
; Simulator INI Usage ;
+--------+------------+
; Option ; Usage      ;
+--------+------------+


+--------------------+
; Simulator Messages ;
+--------------------+
Info: *******************************************************************
Info: Running Quartus II 64-Bit Simulator
    Info: Version 13.0.0 Build 156 04/24/2013 SJ Web Edition
    Info: Processing started: Mon Oct 05 22:01:55 2020
Info: Command: quartus_sim --simulation_results_format=VWF multiplexador -c multiplexador
Info (324025): Using vector source file "C:/Users/Aty/Documents/UFRN/Sistemas Digitais/Componentes/Multiplexador/MUX6_1_8Bits.vwf"
Info (310003): Option to preserve fewer signal transitions to reduce memory requirements is enabled
    Info (310004): Simulation has been partitioned into sub-simulations according to the maximum transition count determined by the engine. Transitions from memory will be flushed out to disk at the end of each sub-simulation to reduce memory requirements.
Info (310002): Simulation partitioned into 1 sub-simulations
Info (328053): Simulation coverage is      15.64 %
Info (328052): Number of transitions in simulation is 292
Info (324045): Vector file multiplexador.sim.vwf is saved in VWF text format. You can compress it into CVWF format in order to reduce file size. For more details please refer to the Quartus II Help.
Info: Quartus II 64-Bit Simulator was successful. 0 errors, 0 warnings
    Info: Peak virtual memory: 4440 megabytes
    Info: Processing ended: Mon Oct 05 22:01:57 2020
    Info: Elapsed time: 00:00:02
    Info: Total CPU time (on all processors): 00:00:01


