Analysis & Synthesis report for maquinaVendas
Fri Mar 06 17:15:34 2020
Quartus II 64-Bit Version 13.0.0 Build 156 04/24/2013 SJ Web Edition


---------------------
; Table of Contents ;
---------------------
  1. Legal Notice
  2. Analysis & Synthesis Summary
  3. Analysis & Synthesis Settings
  4. Parallel Compilation
  5. Analysis & Synthesis Source Files Read
  6. Analysis & Synthesis Resource Usage Summary
  7. Analysis & Synthesis Resource Utilization by Entity
  8. State Machine - |maquinaVendas|blocoDeControleMV:BlocodeControle|estado
  9. General Register Statistics
 10. Port Connectivity Checks: "datapathMV:Datapath|Comparador_8Bits:Comp|Comparador_4Bits:Comp1"
 11. Port Connectivity Checks: "datapathMV:Datapath|Comparador_8Bits:Comp"
 12. Port Connectivity Checks: "datapathMV:Datapath|SUM_8Bits:SUM"
 13. Port Connectivity Checks: "datapathMV:Datapath|reg8Bits:Reg"
 14. Elapsed Time Per Partition
 15. Analysis & Synthesis Messages



----------------
; Legal Notice ;
----------------
Copyright (C) 1991-2013 Altera Corporation
Your use of Altera Corporation's design tools, logic functions 
and other software and tools, and its AMPP partner logic 
functions, and any output files from any of the foregoing 
(including device programming or simulation files), and any 
associated documentation or information are expressly subject 
to the terms and conditions of the Altera Program License 
Subscription Agreement, Altera MegaCore Function License 
Agreement, or other applicable license agreement, including, 
without limitation, that your use is for the sole purpose of 
programming logic devices manufactured by Altera and sold by 
Altera or its authorized distributors.  Please refer to the 
applicable agreement for further details.



+---------------------------------------------------------------------------------+
; Analysis & Synthesis Summary                                                    ;
+------------------------------------+--------------------------------------------+
; Analysis & Synthesis Status        ; Successful - Fri Mar 06 17:15:34 2020      ;
; Quartus II 64-Bit Version          ; 13.0.0 Build 156 04/24/2013 SJ Web Edition ;
; Revision Name                      ; maquinaVendas                              ;
; Top-level Entity Name              ; maquinaVendas                              ;
; Family                             ; Cyclone II                                 ;
; Total logic elements               ; 26                                         ;
;     Total combinational functions  ; 26                                         ;
;     Dedicated logic registers      ; 12                                         ;
; Total registers                    ; 12                                         ;
; Total pins                         ; 28                                         ;
; Total virtual pins                 ; 0                                          ;
; Total memory bits                  ; 0                                          ;
; Embedded Multiplier 9-bit elements ; 0                                          ;
; Total PLLs                         ; 0                                          ;
+------------------------------------+--------------------------------------------+


+----------------------------------------------------------------------------------------------------------------------+
; Analysis & Synthesis Settings                                                                                        ;
+----------------------------------------------------------------------------+--------------------+--------------------+
; Option                                                                     ; Setting            ; Default Value      ;
+----------------------------------------------------------------------------+--------------------+--------------------+
; Device                                                                     ; EP2C35F672C6       ;                    ;
; Top-level entity name                                                      ; maquinaVendas      ; maquinaVendas      ;
; Family name                                                                ; Cyclone II         ; Cyclone IV GX      ;
; Use smart compilation                                                      ; Off                ; Off                ;
; Enable parallel Assembler and TimeQuest Timing Analyzer during compilation ; On                 ; On                 ;
; Enable compact report table                                                ; Off                ; Off                ;
; Restructure Multiplexers                                                   ; Auto               ; Auto               ;
; Create Debugging Nodes for IP Cores                                        ; Off                ; Off                ;
; Preserve fewer node names                                                  ; On                 ; On                 ;
; Disable OpenCore Plus hardware evaluation                                  ; Off                ; Off                ;
; Verilog Version                                                            ; Verilog_2001       ; Verilog_2001       ;
; VHDL Version                                                               ; VHDL_1993          ; VHDL_1993          ;
; State Machine Processing                                                   ; Auto               ; Auto               ;
; Safe State Machine                                                         ; Off                ; Off                ;
; Extract Verilog State Machines                                             ; On                 ; On                 ;
; Extract VHDL State Machines                                                ; On                 ; On                 ;
; Ignore Verilog initial constructs                                          ; Off                ; Off                ;
; Iteration limit for constant Verilog loops                                 ; 5000               ; 5000               ;
; Iteration limit for non-constant Verilog loops                             ; 250                ; 250                ;
; Add Pass-Through Logic to Inferred RAMs                                    ; On                 ; On                 ;
; Infer RAMs from Raw Logic                                                  ; On                 ; On                 ;
; Parallel Synthesis                                                         ; On                 ; On                 ;
; DSP Block Balancing                                                        ; Auto               ; Auto               ;
; NOT Gate Push-Back                                                         ; On                 ; On                 ;
; Power-Up Don't Care                                                        ; On                 ; On                 ;
; Remove Redundant Logic Cells                                               ; Off                ; Off                ;
; Remove Duplicate Registers                                                 ; On                 ; On                 ;
; Ignore CARRY Buffers                                                       ; Off                ; Off                ;
; Ignore CASCADE Buffers                                                     ; Off                ; Off                ;
; Ignore GLOBAL Buffers                                                      ; Off                ; Off                ;
; Ignore ROW GLOBAL Buffers                                                  ; Off                ; Off                ;
; Ignore LCELL Buffers                                                       ; Off                ; Off                ;
; Ignore SOFT Buffers                                                        ; On                 ; On                 ;
; Limit AHDL Integers to 32 Bits                                             ; Off                ; Off                ;
; Optimization Technique                                                     ; Balanced           ; Balanced           ;
; Carry Chain Length                                                         ; 70                 ; 70                 ;
; Auto Carry Chains                                                          ; On                 ; On                 ;
; Auto Open-Drain Pins                                                       ; On                 ; On                 ;
; Perform WYSIWYG Primitive Resynthesis                                      ; Off                ; Off                ;
; Auto ROM Replacement                                                       ; On                 ; On                 ;
; Auto RAM Replacement                                                       ; On                 ; On                 ;
; Auto Shift Register Replacement                                            ; Auto               ; Auto               ;
; Allow Shift Register Merging across Hierarchies                            ; Auto               ; Auto               ;
; Auto Clock Enable Replacement                                              ; On                 ; On                 ;
; Strict RAM Replacement                                                     ; Off                ; Off                ;
; Allow Synchronous Control Signals                                          ; On                 ; On                 ;
; Force Use of Synchronous Clear Signals                                     ; Off                ; Off                ;
; Auto RAM to Logic Cell Conversion                                          ; Off                ; Off                ;
; Auto Resource Sharing                                                      ; Off                ; Off                ;
; Allow Any RAM Size For Recognition                                         ; Off                ; Off                ;
; Allow Any ROM Size For Recognition                                         ; Off                ; Off                ;
; Allow Any Shift Register Size For Recognition                              ; Off                ; Off                ;
; Use LogicLock Constraints during Resource Balancing                        ; On                 ; On                 ;
; Ignore translate_off and synthesis_off directives                          ; Off                ; Off                ;
; Timing-Driven Synthesis                                                    ; Off                ; Off                ;
; Report Parameter Settings                                                  ; On                 ; On                 ;
; Report Source Assignments                                                  ; On                 ; On                 ;
; Report Connectivity Checks                                                 ; On                 ; On                 ;
; Ignore Maximum Fan-Out Assignments                                         ; Off                ; Off                ;
; Synchronization Register Chain Length                                      ; 2                  ; 2                  ;
; PowerPlay Power Optimization                                               ; Normal compilation ; Normal compilation ;
; HDL message level                                                          ; Level2             ; Level2             ;
; Suppress Register Optimization Related Messages                            ; Off                ; Off                ;
; Number of Removed Registers Reported in Synthesis Report                   ; 5000               ; 5000               ;
; Number of Swept Nodes Reported in Synthesis Report                         ; 5000               ; 5000               ;
; Number of Inverted Registers Reported in Synthesis Report                  ; 100                ; 100                ;
; Clock MUX Protection                                                       ; On                 ; On                 ;
; Auto Gated Clock Conversion                                                ; Off                ; Off                ;
; Block Design Naming                                                        ; Auto               ; Auto               ;
; SDC constraint protection                                                  ; Off                ; Off                ;
; Synthesis Effort                                                           ; Auto               ; Auto               ;
; Shift Register Replacement - Allow Asynchronous Clear Signal               ; On                 ; On                 ;
; Pre-Mapping Resynthesis Optimization                                       ; Off                ; Off                ;
; Analysis & Synthesis Message Level                                         ; Medium             ; Medium             ;
; Disable Register Merging Across Hierarchies                                ; Auto               ; Auto               ;
; Resource Aware Inference For Block RAM                                     ; On                 ; On                 ;
; Synthesis Seed                                                             ; 1                  ; 1                  ;
+----------------------------------------------------------------------------+--------------------+--------------------+


Parallel compilation was disabled, but you have multiple processors available. Enable parallel compilation to reduce compilation time.
+-------------------------------------+
; Parallel Compilation                ;
+----------------------------+--------+
; Processors                 ; Number ;
+----------------------------+--------+
; Number detected on machine ; 8      ;
; Maximum allowed            ; 1      ;
+----------------------------+--------+


+------------------------------------------------------------------------------------------------------------------------------------------------------------------------------+
; Analysis & Synthesis Source Files Read                                                                                                                                       ;
+----------------------------------+-----------------+-----------------------+---------------------------------------------------------------------------------------+---------+
; File Name with User-Entered Path ; Used in Netlist ; File Type             ; File Name with Absolute Path                                                          ; Library ;
+----------------------------------+-----------------+-----------------------+---------------------------------------------------------------------------------------+---------+
; datapathMV.vhd                   ; yes             ; User VHDL File        ; C:/Users/Aty/Documents/UFRN/Sistemas Digitais/Maquina de Vendas/datapathMV.vhd        ;         ;
; maquinaVendas.vhd                ; yes             ; User VHDL File        ; C:/Users/Aty/Documents/UFRN/Sistemas Digitais/Maquina de Vendas/maquinaVendas.vhd     ;         ;
; blocodecontrolemv.vhd            ; yes             ; Auto-Found VHDL File  ; C:/Users/Aty/Documents/UFRN/Sistemas Digitais/Maquina de Vendas/blocodecontrolemv.vhd ;         ;
; reg8bits.vhd                     ; yes             ; Auto-Found VHDL File  ; C:/Users/Aty/Documents/UFRN/Sistemas Digitais/Maquina de Vendas/reg8bits.vhd          ;         ;
; sum_8bits.vhd                    ; yes             ; Auto-Found VHDL File  ; C:/Users/Aty/Documents/UFRN/Sistemas Digitais/Maquina de Vendas/sum_8bits.vhd         ;         ;
; sum_4bits.vhd                    ; yes             ; Auto-Found VHDL File  ; C:/Users/Aty/Documents/UFRN/Sistemas Digitais/Maquina de Vendas/sum_4bits.vhd         ;         ;
; sum_2bits.vhd                    ; yes             ; Auto-Found VHDL File  ; C:/Users/Aty/Documents/UFRN/Sistemas Digitais/Maquina de Vendas/sum_2bits.vhd         ;         ;
; sum_1bit.vhd                     ; yes             ; Auto-Found VHDL File  ; C:/Users/Aty/Documents/UFRN/Sistemas Digitais/Maquina de Vendas/sum_1bit.vhd          ;         ;
; comparador_8bits.vhd             ; yes             ; Auto-Found VHDL File  ; C:/Users/Aty/Documents/UFRN/Sistemas Digitais/Maquina de Vendas/comparador_8bits.vhd  ;         ;
; comparador_4bits.vhd             ; yes             ; Auto-Found VHDL File  ; C:/Users/Aty/Documents/UFRN/Sistemas Digitais/Maquina de Vendas/comparador_4bits.vhd  ;         ;
; comparador.vhd                   ; yes             ; Auto-Found VHDL File  ; C:/Users/Aty/Documents/UFRN/Sistemas Digitais/Maquina de Vendas/comparador.vhd        ;         ;
+----------------------------------+-----------------+-----------------------+---------------------------------------------------------------------------------------+---------+


+------------------------------------------------------+
; Analysis & Synthesis Resource Usage Summary          ;
+---------------------------------------------+--------+
; Resource                                    ; Usage  ;
+---------------------------------------------+--------+
; Estimated Total logic elements              ; 26     ;
;                                             ;        ;
; Total combinational functions               ; 26     ;
; Logic element usage by number of LUT inputs ;        ;
;     -- 4 input functions                    ; 11     ;
;     -- 3 input functions                    ; 8      ;
;     -- <=2 input functions                  ; 7      ;
;                                             ;        ;
; Logic elements by mode                      ;        ;
;     -- normal mode                          ; 19     ;
;     -- arithmetic mode                      ; 7      ;
;                                             ;        ;
; Total registers                             ; 12     ;
;     -- Dedicated logic registers            ; 12     ;
;     -- I/O registers                        ; 0      ;
;                                             ;        ;
; I/O pins                                    ; 28     ;
; Embedded Multiplier 9-bit elements          ; 0      ;
; Maximum fan-out node                        ; CLK_mv ;
; Maximum fan-out                             ; 12     ;
; Total fan-out                               ; 133    ;
; Average fan-out                             ; 2.02   ;
+---------------------------------------------+--------+


+----------------------------------------------------------------------------------------------------------------------------------------------------------------------------------------------------------------------------------------------------------------------+
; Analysis & Synthesis Resource Utilization by Entity                                                                                                                                                                                                                  ;
+----------------------------------------+-------------------+--------------+-------------+--------------+---------+-----------+------+--------------+--------------------------------------------------------------------------------------------------+--------------+
; Compilation Hierarchy Node             ; LC Combinationals ; LC Registers ; Memory Bits ; DSP Elements ; DSP 9x9 ; DSP 18x18 ; Pins ; Virtual Pins ; Full Hierarchy Name                                                                              ; Library Name ;
+----------------------------------------+-------------------+--------------+-------------+--------------+---------+-----------+------+--------------+--------------------------------------------------------------------------------------------------+--------------+
; |maquinaVendas                         ; 26 (0)            ; 12 (0)       ; 0           ; 0            ; 0       ; 0         ; 28   ; 0            ; |maquinaVendas                                                                                   ;              ;
;    |blocoDeControleMV:BlocodeControle| ; 5 (5)             ; 4 (4)        ; 0           ; 0            ; 0       ; 0         ; 0    ; 0            ; |maquinaVendas|blocoDeControleMV:BlocodeControle                                                 ;              ;
;    |datapathMV:Datapath|               ; 21 (0)            ; 8 (0)        ; 0           ; 0            ; 0       ; 0         ; 0    ; 0            ; |maquinaVendas|datapathMV:Datapath                                                               ;              ;
;       |Comparador_8Bits:Comp|          ; 11 (0)            ; 0 (0)        ; 0           ; 0            ; 0       ; 0         ; 0    ; 0            ; |maquinaVendas|datapathMV:Datapath|Comparador_8Bits:Comp                                         ;              ;
;          |Comparador_4Bits:Comp2|      ; 11 (0)            ; 0 (0)        ; 0           ; 0            ; 0       ; 0         ; 0    ; 0            ; |maquinaVendas|datapathMV:Datapath|Comparador_8Bits:Comp|Comparador_4Bits:Comp2                  ;              ;
;             |Comparador:Comp2|         ; 3 (3)             ; 0 (0)        ; 0           ; 0            ; 0       ; 0         ; 0    ; 0            ; |maquinaVendas|datapathMV:Datapath|Comparador_8Bits:Comp|Comparador_4Bits:Comp2|Comparador:Comp2 ;              ;
;             |Comparador:Comp3|         ; 1 (1)             ; 0 (0)        ; 0           ; 0            ; 0       ; 0         ; 0    ; 0            ; |maquinaVendas|datapathMV:Datapath|Comparador_8Bits:Comp|Comparador_4Bits:Comp2|Comparador:Comp3 ;              ;
;             |Comparador:Comp4|         ; 7 (7)             ; 0 (0)        ; 0           ; 0            ; 0       ; 0         ; 0    ; 0            ; |maquinaVendas|datapathMV:Datapath|Comparador_8Bits:Comp|Comparador_4Bits:Comp2|Comparador:Comp4 ;              ;
;       |SUM_8Bits:SUM|                  ; 1 (0)             ; 0 (0)        ; 0           ; 0            ; 0       ; 0         ; 0    ; 0            ; |maquinaVendas|datapathMV:Datapath|SUM_8Bits:SUM                                                 ;              ;
;          |SUM_4Bits:SUM01|             ; 1 (0)             ; 0 (0)        ; 0           ; 0            ; 0       ; 0         ; 0    ; 0            ; |maquinaVendas|datapathMV:Datapath|SUM_8Bits:SUM|SUM_4Bits:SUM01                                 ;              ;
;             |SUM_2Bits:SUM01|          ; 1 (0)             ; 0 (0)        ; 0           ; 0            ; 0       ; 0         ; 0    ; 0            ; |maquinaVendas|datapathMV:Datapath|SUM_8Bits:SUM|SUM_4Bits:SUM01|SUM_2Bits:SUM01                 ;              ;
;                |SUM_1Bit:SUM01|        ; 1 (1)             ; 0 (0)        ; 0           ; 0            ; 0       ; 0         ; 0    ; 0            ; |maquinaVendas|datapathMV:Datapath|SUM_8Bits:SUM|SUM_4Bits:SUM01|SUM_2Bits:SUM01|SUM_1Bit:SUM01  ;              ;
;       |reg8Bits:Reg|                   ; 9 (9)             ; 8 (8)        ; 0           ; 0            ; 0       ; 0         ; 0    ; 0            ; |maquinaVendas|datapathMV:Datapath|reg8Bits:Reg                                                  ;              ;
+----------------------------------------+-------------------+--------------+-------------+--------------+---------+-----------+------+--------------+--------------------------------------------------------------------------------------------------+--------------+
Note: For table entries with two numbers listed, the numbers in parentheses indicate the number of resources of the given type used by the specific entity alone. The numbers listed outside of parentheses indicate the total resources of the given type used by the specific entity and all of its sub-entities in the hierarchy.


Encoding Type:  One-Hot
+-------------------------------------------------------------------------+
; State Machine - |maquinaVendas|blocoDeControleMV:BlocodeControle|estado ;
+-----------+-----------+-----------+-----------+-------------------------+
; Name      ; estado.E4 ; estado.E3 ; estado.E2 ; estado.E1               ;
+-----------+-----------+-----------+-----------+-------------------------+
; estado.E1 ; 0         ; 0         ; 0         ; 0                       ;
; estado.E2 ; 0         ; 0         ; 1         ; 1                       ;
; estado.E3 ; 0         ; 1         ; 0         ; 1                       ;
; estado.E4 ; 1         ; 0         ; 0         ; 1                       ;
+-----------+-----------+-----------+-----------+-------------------------+


+------------------------------------------------------+
; General Register Statistics                          ;
+----------------------------------------------+-------+
; Statistic                                    ; Value ;
+----------------------------------------------+-------+
; Total registers                              ; 12    ;
; Number of registers using Synchronous Clear  ; 0     ;
; Number of registers using Synchronous Load   ; 0     ;
; Number of registers using Asynchronous Clear ; 12    ;
; Number of registers using Asynchronous Load  ; 0     ;
; Number of registers using Clock Enable       ; 7     ;
; Number of registers using Preset             ; 0     ;
+----------------------------------------------+-------+


+----------------------------------------------------------------------------------------------+
; Port Connectivity Checks: "datapathMV:Datapath|Comparador_8Bits:Comp|Comparador_4Bits:Comp1" ;
+------+-------+----------+--------------------------------------------------------------------+
; Port ; Type  ; Severity ; Details                                                            ;
+------+-------+----------+--------------------------------------------------------------------+
; gt   ; Input ; Info     ; Stuck at GND                                                       ;
; lt   ; Input ; Info     ; Stuck at GND                                                       ;
; eq   ; Input ; Info     ; Stuck at VCC                                                       ;
+------+-------+----------+--------------------------------------------------------------------+


+-----------------------------------------------------------------------------------------------------------------+
; Port Connectivity Checks: "datapathMV:Datapath|Comparador_8Bits:Comp"                                           ;
+-------+--------+----------+-------------------------------------------------------------------------------------+
; Port  ; Type   ; Severity ; Details                                                                             ;
+-------+--------+----------+-------------------------------------------------------------------------------------+
; aeqb8 ; Output ; Info     ; Connected to dangling logic. Logic that only feeds a dangling port will be removed. ;
; agtb8 ; Output ; Info     ; Connected to dangling logic. Logic that only feeds a dangling port will be removed. ;
+-------+--------+----------+-------------------------------------------------------------------------------------+


+------------------------------------------------------------------------------------------------------------------+
; Port Connectivity Checks: "datapathMV:Datapath|SUM_8Bits:SUM"                                                    ;
+--------+--------+----------+-------------------------------------------------------------------------------------+
; Port   ; Type   ; Severity ; Details                                                                             ;
+--------+--------+----------+-------------------------------------------------------------------------------------+
; c8_in  ; Input  ; Info     ; Stuck at GND                                                                        ;
; c8_out ; Output ; Info     ; Connected to dangling logic. Logic that only feeds a dangling port will be removed. ;
+--------+--------+----------+-------------------------------------------------------------------------------------+


+--------------------------------------------------------------+
; Port Connectivity Checks: "datapathMV:Datapath|reg8Bits:Reg" ;
+--------+-------+----------+----------------------------------+
; Port   ; Type  ; Severity ; Details                          ;
+--------+-------+----------+----------------------------------+
; preset ; Input ; Info     ; Stuck at VCC                     ;
+--------+-------+----------+----------------------------------+


+-------------------------------+
; Elapsed Time Per Partition    ;
+----------------+--------------+
; Partition Name ; Elapsed Time ;
+----------------+--------------+
; Top            ; 00:00:00     ;
+----------------+--------------+


+-------------------------------+
; Analysis & Synthesis Messages ;
+-------------------------------+
Info: *******************************************************************
Info: Running Quartus II 64-Bit Analysis & Synthesis
    Info: Version 13.0.0 Build 156 04/24/2013 SJ Web Edition
    Info: Processing started: Fri Mar 06 17:15:31 2020
Info: Command: quartus_map --read_settings_files=on --write_settings_files=off maquinaVendas -c maquinaVendas
Warning (20028): Parallel compilation is not licensed and has been disabled
Warning (12019): Can't analyze file -- file ../Registrador/blocoDeControleMV.vhd is missing
Info (12021): Found 2 design units, including 1 entities, in source file datapathmv.vhd
    Info (12022): Found design unit 1: datapathMV-ckt
    Info (12023): Found entity 1: datapathMV
Info (12021): Found 2 design units, including 1 entities, in source file maquinavendas.vhd
    Info (12022): Found design unit 1: maquinaVendas-ckt
    Info (12023): Found entity 1: maquinaVendas
Info (12127): Elaborating entity "maquinaVendas" for the top level hierarchy
Warning (12125): Using design file blocodecontrolemv.vhd, which is not specified as a design file for the current project, but contains definitions for 2 design units and 1 entities in project
    Info (12022): Found design unit 1: blocoDeControleMV-ckt
    Info (12023): Found entity 1: blocoDeControleMV
Info (12128): Elaborating entity "blocoDeControleMV" for hierarchy "blocoDeControleMV:BlocodeControle"
Info (12128): Elaborating entity "datapathMV" for hierarchy "datapathMV:Datapath"
Warning (10036): Verilog HDL or VHDL warning at datapathMV.vhd(29): object "lixo_sum" assigned a value but never read
Warning (10036): Verilog HDL or VHDL warning at datapathMV.vhd(30): object "lixo_comp" assigned a value but never read
Warning (12125): Using design file reg8bits.vhd, which is not specified as a design file for the current project, but contains definitions for 2 design units and 1 entities in project
    Info (12022): Found design unit 1: reg8Bits-ckt
    Info (12023): Found entity 1: reg8Bits
Info (12128): Elaborating entity "reg8Bits" for hierarchy "datapathMV:Datapath|reg8Bits:Reg"
Warning (12125): Using design file sum_8bits.vhd, which is not specified as a design file for the current project, but contains definitions for 2 design units and 1 entities in project
    Info (12022): Found design unit 1: SUM_8Bits-ckt
    Info (12023): Found entity 1: SUM_8Bits
Info (12128): Elaborating entity "SUM_8Bits" for hierarchy "datapathMV:Datapath|SUM_8Bits:SUM"
Warning (12125): Using design file sum_4bits.vhd, which is not specified as a design file for the current project, but contains definitions for 2 design units and 1 entities in project
    Info (12022): Found design unit 1: SUM_4Bits-ckt
    Info (12023): Found entity 1: SUM_4Bits
Info (12128): Elaborating entity "SUM_4Bits" for hierarchy "datapathMV:Datapath|SUM_8Bits:SUM|SUM_4Bits:SUM01"
Warning (12125): Using design file sum_2bits.vhd, which is not specified as a design file for the current project, but contains definitions for 2 design units and 1 entities in project
    Info (12022): Found design unit 1: SUM_2Bits-ckt
    Info (12023): Found entity 1: SUM_2Bits
Info (12128): Elaborating entity "SUM_2Bits" for hierarchy "datapathMV:Datapath|SUM_8Bits:SUM|SUM_4Bits:SUM01|SUM_2Bits:SUM01"
Warning (12125): Using design file sum_1bit.vhd, which is not specified as a design file for the current project, but contains definitions for 2 design units and 1 entities in project
    Info (12022): Found design unit 1: SUM_1Bit-ckt
    Info (12023): Found entity 1: SUM_1Bit
Info (12128): Elaborating entity "SUM_1Bit" for hierarchy "datapathMV:Datapath|SUM_8Bits:SUM|SUM_4Bits:SUM01|SUM_2Bits:SUM01|SUM_1Bit:SUM01"
Warning (12125): Using design file comparador_8bits.vhd, which is not specified as a design file for the current project, but contains definitions for 2 design units and 1 entities in project
    Info (12022): Found design unit 1: Comparador_8Bits-ckt
    Info (12023): Found entity 1: Comparador_8Bits
Info (12128): Elaborating entity "Comparador_8Bits" for hierarchy "datapathMV:Datapath|Comparador_8Bits:Comp"
Warning (12125): Using design file comparador_4bits.vhd, which is not specified as a design file for the current project, but contains definitions for 2 design units and 1 entities in project
    Info (12022): Found design unit 1: Comparador_4Bits-ckt
    Info (12023): Found entity 1: Comparador_4Bits
Info (12128): Elaborating entity "Comparador_4Bits" for hierarchy "datapathMV:Datapath|Comparador_8Bits:Comp|Comparador_4Bits:Comp1"
Warning (12125): Using design file comparador.vhd, which is not specified as a design file for the current project, but contains definitions for 2 design units and 1 entities in project
    Info (12022): Found design unit 1: Comparador-ckt
    Info (12023): Found entity 1: Comparador
Info (12128): Elaborating entity "Comparador" for hierarchy "datapathMV:Datapath|Comparador_8Bits:Comp|Comparador_4Bits:Comp1|Comparador:Comp1"
Info (16010): Generating hard_block partition "hard_block:auto_generated_inst"
    Info (16011): Adding 0 node(s), including 0 DDIO, 0 PLL, 0 transceiver and 0 LCELL
Info (21057): Implemented 54 device resources after synthesis - the final resource count might be different
    Info (21058): Implemented 19 input pins
    Info (21059): Implemented 9 output pins
    Info (21061): Implemented 26 logic cells
Info: Quartus II 64-Bit Analysis & Synthesis was successful. 0 errors, 13 warnings
    Info: Peak virtual memory: 4647 megabytes
    Info: Processing ended: Fri Mar 06 17:15:34 2020
    Info: Elapsed time: 00:00:03
    Info: Total CPU time (on all processors): 00:00:03


