

Microchip MPLAB XC8 Assembler V2.10 build 88905656 
                                                                                               Thu Aug 06 20:27:08 2020

Microchip MPLAB XC8 C Compiler v2.10 (Free license) build 20190730164152 Og1 
     1                           	processor	18F45K20
     2                           	fnconf	rparam,??,?,0
     3                           	opt	pw 120
     4                           	opt	flic
     5                           	psect	cinit,global,reloc=2,class=CODE,delta=1
     6                           	psect	cstackCOMRAM,global,class=COMRAM,space=1,delta=1,noexec
     7                           	psect	text0,global,reloc=2,class=CODE,delta=1
     8                           	psect	intsave_regs,global,class=BIGRAM,space=1,delta=1,noexec
     9                           	psect	rparam,global,class=COMRAM,space=1,delta=1,noexec
    10  0000                     
    11                           ; Version 2.10
    12                           ; Generated 31/07/2019 GMT
    13                           ; 
    14                           ; Copyright © 2019, Microchip Technology Inc. and its subsidiaries ("Microchip")
    15                           ; All rights reserved.
    16                           ; 
    17                           ; This software is developed by Microchip Technology Inc. and its subsidiaries ("Microch
      +                          ip").
    18                           ; 
    19                           ; Redistribution and use in source and binary forms, with or without modification, are
    20                           ; permitted provided that the following conditions are met:
    21                           ; 
    22                           ;     1. Redistributions of source code must retain the above copyright notice, this lis
      +                          t of
    23                           ;        conditions and the following disclaimer.
    24                           ; 
    25                           ;     2. Redistributions in binary form must reproduce the above copyright notice, this 
      +                          list
    26                           ;        of conditions and the following disclaimer in the documentation and/or other
    27                           ;        materials provided with the distribution.
    28                           ; 
    29                           ;     3. Microchip's name may not be used to endorse or promote products derived from th
      +                          is
    30                           ;        software without specific prior written permission.
    31                           ; 
    32                           ; THIS SOFTWARE IS PROVIDED BY MICROCHIP "AS IS" AND ANY EXPRESS OR IMPLIED WARRANTIES,
    33                           ; INCLUDING, BUT NOT LIMITED TO, THE IMPLIED WARRANTIES OF MERCHANTABILITY AND FITNESS F
      +                          OR
    34                           ; PURPOSE ARE DISCLAIMED.  IN NO EVENT SHALL MICROCHIP BE LIABLE FOR ANY DIRECT, INDIREC
      +                          T,
    35                           ; INCIDENTAL, SPECIAL, EXEMPLARY, OR CONSEQUENTIAL DAMAGES (INCLUDING BUT NOT LIMITED TO
    36                           ; PROCUREMENT OF SUBSTITUTE GOODS OR SERVICES; LOSS OF USE, DATA OR PROFITS; OR BUSINESS
    37                           ; INTERRUPTION) HOWSOEVER CAUSED AND ON ANY THEORY OF LIABILITY, WHETHER IN CONTRACT, ST
      +                          RICT
    38                           ; LIABILITY, OR TORT (INCLUDING NEGLIGENCE OR OTHERWISE) ARISING IN ANY WAY OUT OF THE U
      +                          SE OF
    39                           ; THIS SOFTWARE, EVEN IF ADVISED OF THE POSSIBILITY OF SUCH DAMAGE.
    40                           ; 
    41                           ; 
    42                           ; Code-generator required, PIC18F45K20 Definitions
    43                           ; 
    44                           ; SFR Addresses
    45  0000                     _PORTD	set	3971
    46  0000                     _TRISD	set	3989
    47                           
    48                           ; #config settings
    49  0000                     
    50                           	psect	cinit
    51  007FC8                     __pcinit:
    52                           	opt callstack 0
    53  007FC8                     start_initialization:
    54                           	opt callstack 0
    55  007FC8                     __initialization:
    56                           	opt callstack 0
    57  007FC8                     end_of_initialization:
    58                           	opt callstack 0
    59  007FC8                     __end_of__initialization:
    60                           	opt callstack 0
    61  007FC8  0100               	movlb	0
    62  007FCA  EFE7  F03F         	goto	_main	;jump to C main() function
    63                           
    64                           	psect	cstackCOMRAM
    65  000001                     __pcstackCOMRAM:
    66                           	opt callstack 0
    67  000001                     ??_main:
    68                           
    69                           ; 1 bytes @ 0x0
    70  000001                     	ds	1
    71                           
    72 ;;
    73 ;;Main: autosize = 0, tempsize = 1, incstack = 0, save=0
    74 ;;
    75 ;; *************** function _main *****************
    76 ;; Defined at:
    77 ;;		line 20 in file "main_semana10_RF.c"
    78 ;; Parameters:    Size  Location     Type
    79 ;;		None
    80 ;; Auto vars:     Size  Location     Type
    81 ;;		None
    82 ;; Return value:  Size  Location     Type
    83 ;;                  1    wreg      void 
    84 ;; Registers used:
    85 ;;		wreg, status,2
    86 ;; Tracked objects:
    87 ;;		On entry : 0/0
    88 ;;		On exit  : 0/0
    89 ;;		Unchanged: 0/0
    90 ;; Data sizes:     COMRAM   BANK0   BANK1   BANK2   BANK3   BANK4   BANK5
    91 ;;      Params:         0       0       0       0       0       0       0
    92 ;;      Locals:         0       0       0       0       0       0       0
    93 ;;      Temps:          1       0       0       0       0       0       0
    94 ;;      Totals:         1       0       0       0       0       0       0
    95 ;;Total ram usage:        1 bytes
    96 ;; This function calls:
    97 ;;		Nothing
    98 ;; This function is called by:
    99 ;;		Startup code after reset
   100 ;; This function uses a non-reentrant model
   101 ;;
   102                           
   103                           	psect	text0
   104  007FCE                     __ptext0:
   105                           	opt callstack 0
   106  007FCE                     _main:
   107                           	opt callstack 31
   108  007FCE                     
   109                           ;main_semana10_RF.c: 22:     TRISD = 0;
   110  007FCE  0E00               	movlw	0
   111  007FD0  6E95               	movwf	149,c	;volatile
   112  007FD2                     l11:
   113                           
   114                           ;main_semana10_RF.c: 25:         PORTD = 16;
   115  007FD2  0E10               	movlw	16
   116  007FD4  6E83               	movwf	131,c	;volatile
   117  007FD6                     
   118                           ;main_semana10_RF.c: 26:         _delay((unsigned long)((500)*(1000000/4000.0)));
   119  007FD6  0EA3               	movlw	163
   120  007FD8  6E01               	movwf	??_main^0,c
   121  007FDA  0E55               	movlw	85
   122  007FDC                     u17:
   123  007FDC  2EE8               	decfsz	wreg,f,c
   124  007FDE  D7FE               	bra	u17
   125  007FE0  2E01               	decfsz	??_main^0,f,c
   126  007FE2  D7FC               	bra	u17
   127  007FE4  F000               	nop	
   128  007FE6                     
   129                           ;main_semana10_RF.c: 27:         PORTD = 0;
   130  007FE6  0E00               	movlw	0
   131  007FE8  6E83               	movwf	131,c	;volatile
   132                           
   133                           ;main_semana10_RF.c: 28:         _delay((unsigned long)((300)*(1000000/4000.0)));
   134  007FEA  0E62               	movlw	98
   135  007FEC  6E01               	movwf	??_main^0,c
   136  007FEE  0E66               	movlw	102
   137  007FF0                     u27:
   138  007FF0  2EE8               	decfsz	wreg,f,c
   139  007FF2  D7FE               	bra	u27
   140  007FF4  2E01               	decfsz	??_main^0,f,c
   141  007FF6  D7FC               	bra	u27
   142  007FF8  EFE9  F03F         	goto	l11
   143  007FFC  EF00  F000         	goto	start
   144  008000                     __end_of_main:
   145                           	opt callstack 0
   146  0000                     
   147                           	psect	rparam
   148  0000                     tosu	equ	0xFFF
   149                           tosh	equ	0xFFE
   150                           tosl	equ	0xFFD
   151                           stkptr	equ	0xFFC
   152                           pclatu	equ	0xFFB
   153                           pclath	equ	0xFFA
   154                           pcl	equ	0xFF9
   155                           tblptru	equ	0xFF8
   156                           tblptrh	equ	0xFF7
   157                           tblptrl	equ	0xFF6
   158                           tablat	equ	0xFF5
   159                           prodh	equ	0xFF4
   160                           prodl	equ	0xFF3
   161                           indf0	equ	0xFEF
   162                           postinc0	equ	0xFEE
   163                           postdec0	equ	0xFED
   164                           preinc0	equ	0xFEC
   165                           plusw0	equ	0xFEB
   166                           fsr0h	equ	0xFEA
   167                           fsr0l	equ	0xFE9
   168                           wreg	equ	0xFE8
   169                           indf1	equ	0xFE7
   170                           postinc1	equ	0xFE6
   171                           postdec1	equ	0xFE5
   172                           preinc1	equ	0xFE4
   173                           plusw1	equ	0xFE3
   174                           fsr1h	equ	0xFE2
   175                           fsr1l	equ	0xFE1
   176                           bsr	equ	0xFE0
   177                           indf2	equ	0xFDF
   178                           postinc2	equ	0xFDE
   179                           postdec2	equ	0xFDD
   180                           preinc2	equ	0xFDC
   181                           plusw2	equ	0xFDB
   182                           fsr2h	equ	0xFDA
   183                           fsr2l	equ	0xFD9
   184                           status	equ	0xFD8


Data Sizes:
    Strings     0
    Constant    0
    Data        0
    BSS         0
    Persistent  0
    Stack       0

Auto Spaces:
    Space          Size  Autos    Used
    COMRAM           95      1       1
    BANK0           160      0       0
    BANK1           256      0       0
    BANK2           256      0       0
    BANK3           256      0       0
    BANK4           256      0       0
    BANK5           256      0       0

Pointer List with Targets:

    None.

Critical Paths under _main in COMRAM

    None.

Critical Paths under _main in BANK0

    None.

Critical Paths under _main in BANK1

    None.

Critical Paths under _main in BANK2

    None.

Critical Paths under _main in BANK3

    None.

Critical Paths under _main in BANK4

    None.

Critical Paths under _main in BANK5

    None.

Call Graph Tables:

 ---------------------------------------------------------------------------------
 (Depth) Function   	        Calls       Base Space   Used Autos Params    Refs
 ---------------------------------------------------------------------------------
 (0) _main                                                 1     1      0       0
                                              0 COMRAM     1     1      0
 ---------------------------------------------------------------------------------
 Estimated maximum stack depth 0
 ---------------------------------------------------------------------------------

 Call Graph Graphs:

 _main (ROOT)

 Address spaces:
Name               Size   Autos  Total    Cost      Usage
BITCOMRAM           5F      0       0       0        0.0%
EEDATA             100      0       0       0        0.0%
NULL                 0      0       0       0        0.0%
CODE                 0      0       0       0        0.0%
COMRAM              5F      1       1       1        1.1%
STACK                0      0       0       2        0.0%
DATA                 0      0       0       3        0.0%
BITBANK0            A0      0       0       4        0.0%
BANK0               A0      0       0       5        0.0%
BITBANK1           100      0       0       6        0.0%
BANK1              100      0       0       7        0.0%
BITBANK2           100      0       0       8        0.0%
BANK2              100      0       0       9        0.0%
BITBANK3           100      0       0      10        0.0%
BANK3              100      0       0      11        0.0%
BITBANK4           100      0       0      12        0.0%
BANK4              100      0       0      13        0.0%
BANK5              100      0       0      14        0.0%
ABS                  0      0       0      15        0.0%
BITBANK5           100      0       0      16        0.0%
BIGRAM             5FF      0       0      17        0.0%
BITSFR               0      0       0     200        0.0%
SFR                  0      0       0     200        0.0%


Microchip Technology PIC18 Macro Assembler V2.10 build 88905656 
Symbol Table                                                                                   Thu Aug 06 20:27:08 2020

                     l11 7FD2                       u17 7FDC                       u27 7FF0  
                    l690 7FCE                      l692 7FD6                      l694 7FE6  
                    wreg 000FE8             __CFG_LVP$OFF 000000                     _main 7FCE  
                   start 0000             ___param_bank 000000                    ?_main 0001  
                  _PORTD 000F83                    _TRISD 000F95            __CFG_PWRT$OFF 000000  
         __CFG_MCLRE$OFF 000000          __initialization 7FC8             __end_of_main 8000  
                 ??_main 0001            __activetblptr 000000           __CFG_WDTEN$OFF 000000  
             __accesstop 0060  __end_of__initialization 7FC8          __CFG_PBADEN$OFF 000000  
          ___rparam_used 000001           __pcstackCOMRAM 0001                  __Hparam 0000  
                __Lparam 0000                  __pcinit 7FC8                  __ramtop 0600  
                __ptext0 7FCE     end_of_initialization 7FC8      start_initialization 7FC8  
               __Hrparam 0000                 __Lrparam 0000            __size_of_main 0032  
      __CFG_FOSC$INTIO67 000000  
