

Microchip MPLAB XC8 Assembler V2.10 build 88905656 
                                                                                               Thu Sep 03 20:40:28 2020

Microchip MPLAB XC8 C Compiler v2.10 (Free license) build 20190730164152 Og1 
     1                           	processor	18F45K20
     2                           	fnconf	rparam,??,?,0
     3                           	opt	pw 120
     4                           	opt	flic
     5                           	psect	cinit,global,reloc=2,class=CODE,delta=1
     6                           	psect	cstackCOMRAM,global,class=COMRAM,space=1,delta=1,noexec
     7                           	psect	text0,global,reloc=2,class=CODE,delta=1
     8                           	psect	text1,global,reloc=2,class=CODE,delta=1
     9                           	psect	intsave_regs,global,class=BIGRAM,space=1,delta=1,noexec
    10                           	psect	rparam,global,class=COMRAM,space=1,delta=1,noexec
    11  0000                     
    12                           ; Version 2.10
    13                           ; Generated 31/07/2019 GMT
    14                           ; 
    15                           ; Copyright © 2019, Microchip Technology Inc. and its subsidiaries ("Microchip")
    16                           ; All rights reserved.
    17                           ; 
    18                           ; This software is developed by Microchip Technology Inc. and its subsidiaries ("Microch
      +                          ip").
    19                           ; 
    20                           ; Redistribution and use in source and binary forms, with or without modification, are
    21                           ; permitted provided that the following conditions are met:
    22                           ; 
    23                           ;     1. Redistributions of source code must retain the above copyright notice, this lis
      +                          t of
    24                           ;        conditions and the following disclaimer.
    25                           ; 
    26                           ;     2. Redistributions in binary form must reproduce the above copyright notice, this 
      +                          list
    27                           ;        of conditions and the following disclaimer in the documentation and/or other
    28                           ;        materials provided with the distribution.
    29                           ; 
    30                           ;     3. Microchip's name may not be used to endorse or promote products derived from th
      +                          is
    31                           ;        software without specific prior written permission.
    32                           ; 
    33                           ; THIS SOFTWARE IS PROVIDED BY MICROCHIP "AS IS" AND ANY EXPRESS OR IMPLIED WARRANTIES,
    34                           ; INCLUDING, BUT NOT LIMITED TO, THE IMPLIED WARRANTIES OF MERCHANTABILITY AND FITNESS F
      +                          OR
    35                           ; PURPOSE ARE DISCLAIMED.  IN NO EVENT SHALL MICROCHIP BE LIABLE FOR ANY DIRECT, INDIREC
      +                          T,
    36                           ; INCIDENTAL, SPECIAL, EXEMPLARY, OR CONSEQUENTIAL DAMAGES (INCLUDING BUT NOT LIMITED TO
    37                           ; PROCUREMENT OF SUBSTITUTE GOODS OR SERVICES; LOSS OF USE, DATA OR PROFITS; OR BUSINESS
    38                           ; INTERRUPTION) HOWSOEVER CAUSED AND ON ANY THEORY OF LIABILITY, WHETHER IN CONTRACT, ST
      +                          RICT
    39                           ; LIABILITY, OR TORT (INCLUDING NEGLIGENCE OR OTHERWISE) ARISING IN ANY WAY OUT OF THE U
      +                          SE OF
    40                           ; THIS SOFTWARE, EVEN IF ADVISED OF THE POSSIBILITY OF SUCH DAMAGE.
    41                           ; 
    42                           ; 
    43                           ; Code-generator required, PIC18F45K20 Definitions
    44                           ; 
    45                           ; SFR Addresses
    46  0000                     _PIR1	set	3998
    47  0000                     _PORTD	set	3971
    48  0000                     _TXREG	set	4013
    49  0000                     _PORTB	set	3969
    50  0000                     _TRISD	set	3989
    51  0000                     _TRISB	set	3987
    52  0000                     _SPBRG	set	4015
    53  0000                     _RCSTA	set	4011
    54  0000                     _TXSTA	set	4012
    55  0000                     _OSCCONbits	set	4051
    56                           
    57                           ; #config settings
    58  0000                     
    59                           	psect	cinit
    60  007F94                     __pcinit:
    61                           	opt callstack 0
    62  007F94                     start_initialization:
    63                           	opt callstack 0
    64  007F94                     __initialization:
    65                           	opt callstack 0
    66  007F94                     end_of_initialization:
    67                           	opt callstack 0
    68  007F94                     __end_of__initialization:
    69                           	opt callstack 0
    70  007F94  0100               	movlb	0
    71  007F96  EFD8  F03F         	goto	_main	;jump to C main() function
    72                           
    73                           	psect	cstackCOMRAM
    74  000001                     __pcstackCOMRAM:
    75                           	opt callstack 0
    76  000001                     ??_main:
    77                           
    78                           ; 1 bytes @ 0x0
    79  000001                     	ds	1
    80  000002                     main@chave:
    81                           	opt callstack 0
    82                           
    83                           ; 1 bytes @ 0x1
    84  000002                     	ds	1
    85                           
    86 ;;
    87 ;;Main: autosize = 0, tempsize = 1, incstack = 0, save=0
    88 ;;
    89 ;; *************** function _main *****************
    90 ;; Defined at:
    91 ;;		line 39 in file "semana14_psrf_exp1_transmissor.c"
    92 ;; Parameters:    Size  Location     Type
    93 ;;		None
    94 ;; Auto vars:     Size  Location     Type
    95 ;;  chave           1    1[COMRAM] unsigned char 
    96 ;; Return value:  Size  Location     Type
    97 ;;                  1    wreg      void 
    98 ;; Registers used:
    99 ;;		wreg, status,2, cstack
   100 ;; Tracked objects:
   101 ;;		On entry : 0/0
   102 ;;		On exit  : 0/0
   103 ;;		Unchanged: 0/0
   104 ;; Data sizes:     COMRAM   BANK0   BANK1   BANK2   BANK3   BANK4   BANK5
   105 ;;      Params:         0       0       0       0       0       0       0
   106 ;;      Locals:         1       0       0       0       0       0       0
   107 ;;      Temps:          1       0       0       0       0       0       0
   108 ;;      Totals:         2       0       0       0       0       0       0
   109 ;;Total ram usage:        2 bytes
   110 ;; Hardware stack levels required when called:    1
   111 ;; This function calls:
   112 ;;		_configura_serial
   113 ;; This function is called by:
   114 ;;		Startup code after reset
   115 ;; This function uses a non-reentrant model
   116 ;;
   117                           
   118                           	psect	text0
   119  007FB0                     __ptext0:
   120                           	opt callstack 0
   121  007FB0                     _main:
   122                           	opt callstack 30
   123  007FB0  6893               	setf	147,c	;volatile
   124  007FB2  ECCD  F03F         	call	_configura_serial	;wreg free
   125  007FB6  0E00               	movlw	0
   126  007FB8  6E95               	movwf	149,c	;volatile
   127  007FBA                     l721:
   128  007FBA  CF81 F002          	movff	3969,main@chave	;volatile
   129  007FBE  5002               	movf	main@chave^0,w,c
   130  007FC0  B4D8               	btfsc	status,2,c
   131  007FC2  EFE5  F03F         	goto	u11
   132  007FC6  EFE7  F03F         	goto	u10
   133  007FCA                     u11:
   134  007FCA  EFDD  F03F         	goto	l721
   135  007FCE                     u10:
   136  007FCE  0E55               	movlw	85
   137  007FD0  6EAD               	movwf	173,c	;volatile
   138  007FD2  0E01               	movlw	1
   139  007FD4  6E83               	movwf	131,c	;volatile
   140  007FD6                     l32:
   141  007FD6  A89E               	btfss	158,4,c	;volatile
   142  007FD8  EFF0  F03F         	goto	u21
   143  007FDC  EFF2  F03F         	goto	u20
   144  007FE0                     u21:
   145  007FE0  EFEB  F03F         	goto	l32
   146  007FE4                     u20:
   147  007FE4  0EA3               	movlw	163
   148  007FE6  6E01               	movwf	??_main^0,c
   149  007FE8  0E55               	movlw	85
   150  007FEA                     u37:
   151  007FEA  2EE8               	decfsz	wreg,f,c
   152  007FEC  D7FE               	bra	u37
   153  007FEE  2E01               	decfsz	??_main^0,f,c
   154  007FF0  D7FC               	bra	u37
   155  007FF2  F000               	nop	
   156  007FF4  0E00               	movlw	0
   157  007FF6  6E83               	movwf	131,c	;volatile
   158  007FF8  EFDD  F03F         	goto	l721
   159  007FFC  EF00  F000         	goto	start
   160  008000                     __end_of_main:
   161                           	opt callstack 0
   162                           
   163 ;; *************** function _configura_serial *****************
   164 ;; Defined at:
   165 ;;		line 29 in file "semana14_psrf_exp1_transmissor.c"
   166 ;; Parameters:    Size  Location     Type
   167 ;;		None
   168 ;; Auto vars:     Size  Location     Type
   169 ;;		None
   170 ;; Return value:  Size  Location     Type
   171 ;;                  1    wreg      void 
   172 ;; Registers used:
   173 ;;		wreg, status,2
   174 ;; Tracked objects:
   175 ;;		On entry : 0/0
   176 ;;		On exit  : 0/0
   177 ;;		Unchanged: 0/0
   178 ;; Data sizes:     COMRAM   BANK0   BANK1   BANK2   BANK3   BANK4   BANK5
   179 ;;      Params:         0       0       0       0       0       0       0
   180 ;;      Locals:         0       0       0       0       0       0       0
   181 ;;      Temps:          0       0       0       0       0       0       0
   182 ;;      Totals:         0       0       0       0       0       0       0
   183 ;;Total ram usage:        0 bytes
   184 ;; Hardware stack levels used:    1
   185 ;; This function calls:
   186 ;;		Nothing
   187 ;; This function is called by:
   188 ;;		_main
   189 ;; This function uses a non-reentrant model
   190 ;;
   191                           
   192                           	psect	text1
   193  007F9A                     __ptext1:
   194                           	opt callstack 0
   195  007F9A                     _configura_serial:
   196                           	opt callstack 30
   197  007F9A                     
   198                           ;semana14_psrf_exp1_transmissor.c: 30:             _delay((unsigned long)((500)*(1000000
      +                          /4000.0)));
   199  007F9A  50D3               	movf	211,w,c	;volatile
   200  007F9C  0B8F               	andlw	-113
   201  007F9E  0930               	iorlw	48
   202  007FA0  6ED3               	movwf	211,c	;volatile
   203                           
   204                           ;semana14_psrf_exp1_transmissor.c: 32:         }
   205  007FA2  0E20               	movlw	32
   206  007FA4  6EAC               	movwf	172,c	;volatile
   207                           
   208                           ;semana14_psrf_exp1_transmissor.c: 34: 
   209  007FA6  0E90               	movlw	144
   210  007FA8  6EAB               	movwf	171,c	;volatile
   211                           
   212                           ;semana14_psrf_exp1_transmissor.c: 36: }
   213  007FAA  0E0C               	movlw	12
   214  007FAC  6EAF               	movwf	175,c	;volatile
   215  007FAE  0012               	return		;funcret
   216  007FB0                     __end_of_configura_serial:
   217                           	opt callstack 0
   218  0000                     
   219                           	psect	rparam
   220  0000                     tosu	equ	0xFFF
   221                           tosh	equ	0xFFE
   222                           tosl	equ	0xFFD
   223                           stkptr	equ	0xFFC
   224                           pclatu	equ	0xFFB
   225                           pclath	equ	0xFFA
   226                           pcl	equ	0xFF9
   227                           tblptru	equ	0xFF8
   228                           tblptrh	equ	0xFF7
   229                           tblptrl	equ	0xFF6
   230                           tablat	equ	0xFF5
   231                           prodh	equ	0xFF4
   232                           prodl	equ	0xFF3
   233                           indf0	equ	0xFEF
   234                           postinc0	equ	0xFEE
   235                           postdec0	equ	0xFED
   236                           preinc0	equ	0xFEC
   237                           plusw0	equ	0xFEB
   238                           fsr0h	equ	0xFEA
   239                           fsr0l	equ	0xFE9
   240                           wreg	equ	0xFE8
   241                           indf1	equ	0xFE7
   242                           postinc1	equ	0xFE6
   243                           postdec1	equ	0xFE5
   244                           preinc1	equ	0xFE4
   245                           plusw1	equ	0xFE3
   246                           fsr1h	equ	0xFE2
   247                           fsr1l	equ	0xFE1
   248                           bsr	equ	0xFE0
   249                           indf2	equ	0xFDF
   250                           postinc2	equ	0xFDE
   251                           postdec2	equ	0xFDD
   252                           preinc2	equ	0xFDC
   253                           plusw2	equ	0xFDB
   254                           fsr2h	equ	0xFDA
   255                           fsr2l	equ	0xFD9
   256                           status	equ	0xFD8


Data Sizes:
    Strings     0
    Constant    0
    Data        0
    BSS         0
    Persistent  0
    Stack       0

Auto Spaces:
    Space          Size  Autos    Used
    COMRAM           95      2       2
    BANK0           160      0       0
    BANK1           256      0       0
    BANK2           256      0       0
    BANK3           256      0       0
    BANK4           256      0       0
    BANK5           256      0       0

Pointer List with Targets:

    None.

Critical Paths under _main in COMRAM

    None.

Critical Paths under _main in BANK0

    None.

Critical Paths under _main in BANK1

    None.

Critical Paths under _main in BANK2

    None.

Critical Paths under _main in BANK3

    None.

Critical Paths under _main in BANK4

    None.

Critical Paths under _main in BANK5

    None.

Call Graph Tables:

 ---------------------------------------------------------------------------------
 (Depth) Function   	        Calls       Base Space   Used Autos Params    Refs
 ---------------------------------------------------------------------------------
 (0) _main                                                 2     2      0      15
                                              0 COMRAM     2     2      0
                   _configura_serial
 ---------------------------------------------------------------------------------
 (1) _configura_serial                                     0     0      0       0
 ---------------------------------------------------------------------------------
 Estimated maximum stack depth 1
 ---------------------------------------------------------------------------------

 Call Graph Graphs:

 _main (ROOT)
   _configura_serial

 Address spaces:
Name               Size   Autos  Total    Cost      Usage
BITCOMRAM           5F      0       0       0        0.0%
EEDATA             100      0       0       0        0.0%
NULL                 0      0       0       0        0.0%
CODE                 0      0       0       0        0.0%
COMRAM              5F      2       2       1        2.1%
STACK                0      0       0       2        0.0%
DATA                 0      0       0       3        0.0%
BITBANK0            A0      0       0       4        0.0%
BANK0               A0      0       0       5        0.0%
BITBANK1           100      0       0       6        0.0%
BANK1              100      0       0       7        0.0%
BITBANK2           100      0       0       8        0.0%
BANK2              100      0       0       9        0.0%
BITBANK3           100      0       0      10        0.0%
BANK3              100      0       0      11        0.0%
BITBANK4           100      0       0      12        0.0%
BANK4              100      0       0      13        0.0%
BANK5              100      0       0      14        0.0%
ABS                  0      0       0      15        0.0%
BITBANK5           100      0       0      16        0.0%
BIGRAM             5FF      0       0      17        0.0%
BITSFR               0      0       0     200        0.0%
SFR                  0      0       0     200        0.0%


Microchip Technology PIC18 Macro Assembler V2.10 build 88905656 
Symbol Table                                                                                   Thu Sep 03 20:40:28 2020

                       l32 7FD6                         l25 7FAE                         u10 7FCE  
                       u11 7FCA                         u20 7FE4                         u21 7FE0  
                       u37 7FEA                        l713 7F9A                        l721 7FBA  
                      l723 7FBE                        l715 7FB0                        l725 7FCE  
                      l717 7FB2                        l727 7FE4                        l719 7FB6  
                      l729 7FF4                        wreg 000FE8               __CFG_LVP$OFF 000000  
                     _PIR1 000F9E                       _main 7FB0                       start 0000  
             ___param_bank 000000                      ?_main 0001                      _RCSTA 000FAB  
                    _SPBRG 000FAF                      _PORTB 000F81                      _PORTD 000F83  
                    _TRISB 000F93                      _TRISD 000F95                      _TXREG 000FAD  
                    _TXSTA 000FAC          ?_configura_serial 0001         ??_configura_serial 0001  
                    status 000FD8            __initialization 7F94               __end_of_main 8000  
                   ??_main 0001              __activetblptr 000000             __CFG_WDTEN$OFF 000000  
               __accesstop 0060    __end_of__initialization 7F94            __CFG_PBADEN$OFF 000000  
            ___rparam_used 000001             __pcstackCOMRAM 0001                    __Hparam 0000  
                  __Lparam 0000  __size_of_configura_serial 0016                    __pcinit 7F94  
                  __ramtop 0600                    __ptext0 7FB0                    __ptext1 7F9A  
     end_of_initialization 7F94        start_initialization 7F94           _configura_serial 7F9A  
                main@chave 0002                   __Hrparam 0000                   __Lrparam 0000  
 __end_of_configura_serial 7FB0              __size_of_main 0050                 _OSCCONbits 000FD3  
        __CFG_FOSC$INTIO67 000000  
