TimeQuest Timing Analyzer report for bitToBcd
Wed Mar 11 00:19:39 2020
Quartus II 64-Bit Version 13.0.0 Build 156 04/24/2013 SJ Web Edition


---------------------
; Table of Contents ;
---------------------
  1. Legal Notice
  2. TimeQuest Timing Analyzer Summary
  3. Parallel Compilation
  4. Clocks
  5. Slow Model Fmax Summary
  6. Slow Model Setup Summary
  7. Slow Model Hold Summary
  8. Slow Model Recovery Summary
  9. Slow Model Removal Summary
 10. Slow Model Minimum Pulse Width Summary
 11. Propagation Delay
 12. Minimum Propagation Delay
 13. Fast Model Setup Summary
 14. Fast Model Hold Summary
 15. Fast Model Recovery Summary
 16. Fast Model Removal Summary
 17. Fast Model Minimum Pulse Width Summary
 18. Propagation Delay
 19. Minimum Propagation Delay
 20. Multicorner Timing Analysis Summary
 21. Progagation Delay
 22. Minimum Progagation Delay
 23. Clock Transfers
 24. Report TCCS
 25. Report RSKM
 26. Unconstrained Paths
 27. TimeQuest Timing Analyzer Messages



----------------
; Legal Notice ;
----------------
Copyright (C) 1991-2013 Altera Corporation
Your use of Altera Corporation's design tools, logic functions 
and other software and tools, and its AMPP partner logic 
functions, and any output files from any of the foregoing 
(including device programming or simulation files), and any 
associated documentation or information are expressly subject 
to the terms and conditions of the Altera Program License 
Subscription Agreement, Altera MegaCore Function License 
Agreement, or other applicable license agreement, including, 
without limitation, that your use is for the sole purpose of 
programming logic devices manufactured by Altera and sold by 
Altera or its authorized distributors.  Please refer to the 
applicable agreement for further details.



+-------------------------------------------------------------------------+
; TimeQuest Timing Analyzer Summary                                       ;
+--------------------+----------------------------------------------------+
; Quartus II Version ; Version 13.0.0 Build 156 04/24/2013 SJ Web Edition ;
; Revision Name      ; bitToBcd                                           ;
; Device Family      ; Cyclone II                                         ;
; Device Name        ; EP2C35F672C6                                       ;
; Timing Models      ; Final                                              ;
; Delay Model        ; Combined                                           ;
; Rise/Fall Delays   ; Unavailable                                        ;
+--------------------+----------------------------------------------------+


Parallel compilation was disabled, but you have multiple processors available. Enable parallel compilation to reduce compilation time.
+-------------------------------------+
; Parallel Compilation                ;
+----------------------------+--------+
; Processors                 ; Number ;
+----------------------------+--------+
; Number detected on machine ; 8      ;
; Maximum allowed            ; 1      ;
+----------------------------+--------+


----------
; Clocks ;
----------
No clocks to report.


---------------------------
; Slow Model Fmax Summary ;
---------------------------
No paths to report.


----------------------------
; Slow Model Setup Summary ;
----------------------------
No paths to report.


---------------------------
; Slow Model Hold Summary ;
---------------------------
No paths to report.


-------------------------------
; Slow Model Recovery Summary ;
-------------------------------
No paths to report.


------------------------------
; Slow Model Removal Summary ;
------------------------------
No paths to report.


------------------------------------------
; Slow Model Minimum Pulse Width Summary ;
------------------------------------------
No paths to report.


+--------------------------------------------------------------+
; Propagation Delay                                            ;
+------------+-------------+--------+--------+--------+--------+
; Input Port ; Output Port ; RR     ; RF     ; FR     ; FF     ;
+------------+-------------+--------+--------+--------+--------+
; bit_in[0]  ; bcd_out[0]  ; 4.802  ;        ;        ; 4.802  ;
; bit_in[1]  ; bcd_out[1]  ; 9.782  ; 9.782  ; 9.782  ; 9.782  ;
; bit_in[1]  ; bcd_out[2]  ; 9.760  ; 9.760  ; 9.760  ; 9.760  ;
; bit_in[1]  ; bcd_out[3]  ; 10.028 ; 10.028 ; 10.028 ; 10.028 ;
; bit_in[1]  ; bcd_out[4]  ; 10.067 ;        ;        ; 10.067 ;
; bit_in[2]  ; bcd_out[1]  ; 10.177 ; 10.177 ; 10.177 ; 10.177 ;
; bit_in[2]  ; bcd_out[2]  ; 10.183 ; 10.183 ; 10.183 ; 10.183 ;
; bit_in[2]  ; bcd_out[3]  ; 10.436 ; 10.436 ; 10.436 ; 10.436 ;
; bit_in[2]  ; bcd_out[4]  ; 10.478 ; 10.478 ; 10.478 ; 10.478 ;
; bit_in[2]  ; bcd_out[5]  ; 10.331 ; 10.331 ; 10.331 ; 10.331 ;
; bit_in[2]  ; bcd_out[6]  ; 10.061 ; 10.061 ; 10.061 ; 10.061 ;
; bit_in[2]  ; bcd_out[7]  ; 10.054 ; 10.054 ; 10.054 ; 10.054 ;
; bit_in[2]  ; bcd_out[8]  ; 10.126 ;        ;        ; 10.126 ;
; bit_in[3]  ; bcd_out[1]  ; 10.897 ; 10.897 ; 10.897 ; 10.897 ;
; bit_in[3]  ; bcd_out[2]  ; 10.903 ; 10.903 ; 10.903 ; 10.903 ;
; bit_in[3]  ; bcd_out[3]  ; 11.156 ; 11.156 ; 11.156 ; 11.156 ;
; bit_in[3]  ; bcd_out[4]  ; 11.198 ; 11.198 ; 11.198 ; 11.198 ;
; bit_in[3]  ; bcd_out[5]  ; 11.286 ; 11.286 ; 11.286 ; 11.286 ;
; bit_in[3]  ; bcd_out[6]  ; 11.015 ; 11.015 ; 11.015 ; 11.015 ;
; bit_in[3]  ; bcd_out[7]  ; 11.006 ; 11.006 ; 11.006 ; 11.006 ;
; bit_in[3]  ; bcd_out[8]  ; 11.080 ; 11.080 ; 11.080 ; 11.080 ;
; bit_in[3]  ; bcd_out[9]  ; 11.282 ; 11.282 ; 11.282 ; 11.282 ;
; bit_in[3]  ; bcd_out[10] ; 11.285 ; 11.285 ; 11.285 ; 11.285 ;
; bit_in[3]  ; bcd_out[11] ; 11.282 ; 11.282 ; 11.282 ; 11.282 ;
; bit_in[3]  ; bcd_out[12] ; 11.488 ;        ;        ; 11.488 ;
; bit_in[4]  ; bcd_out[1]  ; 11.604 ; 11.604 ; 11.604 ; 11.604 ;
; bit_in[4]  ; bcd_out[2]  ; 11.610 ; 11.610 ; 11.610 ; 11.610 ;
; bit_in[4]  ; bcd_out[3]  ; 11.863 ; 11.863 ; 11.863 ; 11.863 ;
; bit_in[4]  ; bcd_out[4]  ; 11.905 ; 11.905 ; 11.905 ; 11.905 ;
; bit_in[4]  ; bcd_out[5]  ; 11.994 ; 11.994 ; 11.994 ; 11.994 ;
; bit_in[4]  ; bcd_out[6]  ; 11.723 ; 11.723 ; 11.723 ; 11.723 ;
; bit_in[4]  ; bcd_out[7]  ; 11.714 ; 11.714 ; 11.714 ; 11.714 ;
; bit_in[4]  ; bcd_out[8]  ; 11.788 ; 11.788 ; 11.788 ; 11.788 ;
; bit_in[4]  ; bcd_out[9]  ; 11.988 ; 11.988 ; 11.988 ; 11.988 ;
; bit_in[4]  ; bcd_out[10] ; 11.991 ; 11.991 ; 11.991 ; 11.991 ;
; bit_in[4]  ; bcd_out[11] ; 11.988 ; 11.988 ; 11.988 ; 11.988 ;
; bit_in[4]  ; bcd_out[12] ; 12.194 ; 12.194 ; 12.194 ; 12.194 ;
; bit_in[4]  ; bcd_out[13] ; 11.195 ;        ;        ; 11.195 ;
; bit_in[5]  ; bcd_out[1]  ; 13.082 ; 13.082 ; 13.082 ; 13.082 ;
; bit_in[5]  ; bcd_out[2]  ; 13.088 ; 13.088 ; 13.088 ; 13.088 ;
; bit_in[5]  ; bcd_out[3]  ; 13.341 ; 13.341 ; 13.341 ; 13.341 ;
; bit_in[5]  ; bcd_out[4]  ; 13.383 ; 13.383 ; 13.383 ; 13.383 ;
; bit_in[5]  ; bcd_out[5]  ; 13.471 ; 13.471 ; 13.471 ; 13.471 ;
; bit_in[5]  ; bcd_out[6]  ; 13.200 ; 13.200 ; 13.200 ; 13.200 ;
; bit_in[5]  ; bcd_out[7]  ; 13.191 ; 13.191 ; 13.191 ; 13.191 ;
; bit_in[5]  ; bcd_out[8]  ; 13.265 ; 13.265 ; 13.265 ; 13.265 ;
; bit_in[5]  ; bcd_out[9]  ; 13.466 ; 13.466 ; 13.466 ; 13.466 ;
; bit_in[5]  ; bcd_out[10] ; 13.469 ; 13.469 ; 13.469 ; 13.469 ;
; bit_in[5]  ; bcd_out[11] ; 13.466 ; 13.466 ; 13.466 ; 13.466 ;
; bit_in[5]  ; bcd_out[12] ; 13.672 ; 13.672 ; 13.672 ; 13.672 ;
; bit_in[5]  ; bcd_out[13] ; 12.672 ; 12.672 ; 12.672 ; 12.672 ;
; bit_in[5]  ; bcd_out[14] ; 11.655 ;        ;        ; 11.655 ;
; bit_in[6]  ; bcd_out[1]  ; 13.515 ; 13.515 ; 13.515 ; 13.515 ;
; bit_in[6]  ; bcd_out[2]  ; 13.521 ; 13.521 ; 13.521 ; 13.521 ;
; bit_in[6]  ; bcd_out[3]  ; 13.774 ; 13.774 ; 13.774 ; 13.774 ;
; bit_in[6]  ; bcd_out[4]  ; 13.816 ; 13.816 ; 13.816 ; 13.816 ;
; bit_in[6]  ; bcd_out[5]  ; 13.904 ; 13.904 ; 13.904 ; 13.904 ;
; bit_in[6]  ; bcd_out[6]  ; 13.633 ; 13.633 ; 13.633 ; 13.633 ;
; bit_in[6]  ; bcd_out[7]  ; 13.624 ; 13.624 ; 13.624 ; 13.624 ;
; bit_in[6]  ; bcd_out[8]  ; 13.698 ; 13.698 ; 13.698 ; 13.698 ;
; bit_in[6]  ; bcd_out[9]  ; 13.899 ; 13.899 ; 13.899 ; 13.899 ;
; bit_in[6]  ; bcd_out[10] ; 13.902 ; 13.902 ; 13.902 ; 13.902 ;
; bit_in[6]  ; bcd_out[11] ; 13.899 ; 13.899 ; 13.899 ; 13.899 ;
; bit_in[6]  ; bcd_out[12] ; 14.105 ; 14.105 ; 14.105 ; 14.105 ;
; bit_in[6]  ; bcd_out[13] ; 13.105 ; 13.105 ; 13.105 ; 13.105 ;
; bit_in[6]  ; bcd_out[14] ; 12.088 ; 12.088 ; 12.088 ; 12.088 ;
; bit_in[6]  ; bcd_out[15] ; 11.310 ;        ;        ; 11.310 ;
; bit_in[7]  ; bcd_out[1]  ; 14.227 ; 14.227 ; 14.227 ; 14.227 ;
; bit_in[7]  ; bcd_out[2]  ; 14.233 ; 14.233 ; 14.233 ; 14.233 ;
; bit_in[7]  ; bcd_out[3]  ; 14.486 ; 14.486 ; 14.486 ; 14.486 ;
; bit_in[7]  ; bcd_out[4]  ; 14.528 ; 14.528 ; 14.528 ; 14.528 ;
; bit_in[7]  ; bcd_out[5]  ; 14.828 ; 14.828 ; 14.828 ; 14.828 ;
; bit_in[7]  ; bcd_out[6]  ; 14.557 ; 14.557 ; 14.557 ; 14.557 ;
; bit_in[7]  ; bcd_out[7]  ; 14.548 ; 14.548 ; 14.548 ; 14.548 ;
; bit_in[7]  ; bcd_out[8]  ; 14.622 ; 14.622 ; 14.622 ; 14.622 ;
; bit_in[7]  ; bcd_out[9]  ; 14.822 ; 14.822 ; 14.822 ; 14.822 ;
; bit_in[7]  ; bcd_out[10] ; 14.825 ; 14.825 ; 14.825 ; 14.825 ;
; bit_in[7]  ; bcd_out[11] ; 14.822 ; 14.822 ; 14.822 ; 14.822 ;
; bit_in[7]  ; bcd_out[12] ; 15.028 ; 15.028 ; 15.028 ; 15.028 ;
; bit_in[7]  ; bcd_out[13] ; 14.339 ; 14.339 ; 14.339 ; 14.339 ;
; bit_in[7]  ; bcd_out[14] ; 13.421 ; 13.421 ; 13.421 ; 13.421 ;
; bit_in[7]  ; bcd_out[15] ; 12.703 ; 12.703 ; 12.703 ; 12.703 ;
; bit_in[8]  ; bcd_out[1]  ; 15.195 ; 15.195 ; 15.195 ; 15.195 ;
; bit_in[8]  ; bcd_out[2]  ; 15.201 ; 15.201 ; 15.201 ; 15.201 ;
; bit_in[8]  ; bcd_out[3]  ; 15.454 ; 15.454 ; 15.454 ; 15.454 ;
; bit_in[8]  ; bcd_out[4]  ; 15.496 ; 15.496 ; 15.496 ; 15.496 ;
; bit_in[8]  ; bcd_out[5]  ; 15.584 ; 15.584 ; 15.584 ; 15.584 ;
; bit_in[8]  ; bcd_out[6]  ; 15.313 ; 15.313 ; 15.313 ; 15.313 ;
; bit_in[8]  ; bcd_out[7]  ; 15.304 ; 15.304 ; 15.304 ; 15.304 ;
; bit_in[8]  ; bcd_out[8]  ; 15.378 ; 15.378 ; 15.378 ; 15.378 ;
; bit_in[8]  ; bcd_out[9]  ; 15.579 ; 15.579 ; 15.579 ; 15.579 ;
; bit_in[8]  ; bcd_out[10] ; 15.582 ; 15.582 ; 15.582 ; 15.582 ;
; bit_in[8]  ; bcd_out[11] ; 15.579 ; 15.579 ; 15.579 ; 15.579 ;
; bit_in[8]  ; bcd_out[12] ; 15.785 ; 15.785 ; 15.785 ; 15.785 ;
; bit_in[8]  ; bcd_out[13] ; 15.036 ; 15.036 ; 15.036 ; 15.036 ;
; bit_in[8]  ; bcd_out[14] ; 14.118 ; 14.118 ; 14.118 ; 14.118 ;
; bit_in[8]  ; bcd_out[15] ; 13.400 ; 13.400 ; 13.400 ; 13.400 ;
; bit_in[9]  ; bcd_out[1]  ; 12.656 ; 12.656 ; 12.656 ; 12.656 ;
; bit_in[9]  ; bcd_out[2]  ; 12.662 ; 12.662 ; 12.662 ; 12.662 ;
; bit_in[9]  ; bcd_out[3]  ; 12.915 ; 12.915 ; 12.915 ; 12.915 ;
; bit_in[9]  ; bcd_out[4]  ; 12.957 ; 12.957 ; 12.957 ; 12.957 ;
; bit_in[9]  ; bcd_out[5]  ; 13.045 ; 13.045 ; 13.045 ; 13.045 ;
; bit_in[9]  ; bcd_out[6]  ; 12.774 ; 12.774 ; 12.774 ; 12.774 ;
; bit_in[9]  ; bcd_out[7]  ; 12.765 ; 12.765 ; 12.765 ; 12.765 ;
; bit_in[9]  ; bcd_out[8]  ; 12.839 ; 12.839 ; 12.839 ; 12.839 ;
; bit_in[9]  ; bcd_out[9]  ; 13.040 ; 13.040 ; 13.040 ; 13.040 ;
; bit_in[9]  ; bcd_out[10] ; 13.043 ; 13.043 ; 13.043 ; 13.043 ;
; bit_in[9]  ; bcd_out[11] ; 13.040 ; 13.040 ; 13.040 ; 13.040 ;
; bit_in[9]  ; bcd_out[12] ; 13.246 ; 13.246 ; 13.246 ; 13.246 ;
; bit_in[9]  ; bcd_out[13] ; 12.497 ; 12.497 ; 12.497 ; 12.497 ;
; bit_in[9]  ; bcd_out[14] ; 11.579 ; 11.579 ; 11.579 ; 11.579 ;
; bit_in[9]  ; bcd_out[15] ; 10.861 ; 10.861 ; 10.861 ; 10.861 ;
; bit_in[10] ; bcd_out[1]  ; 16.339 ; 16.339 ; 16.339 ; 16.339 ;
; bit_in[10] ; bcd_out[2]  ; 16.345 ; 16.345 ; 16.345 ; 16.345 ;
; bit_in[10] ; bcd_out[3]  ; 16.598 ; 16.598 ; 16.598 ; 16.598 ;
; bit_in[10] ; bcd_out[4]  ; 16.640 ; 16.640 ; 16.640 ; 16.640 ;
; bit_in[10] ; bcd_out[5]  ; 16.728 ; 16.728 ; 16.728 ; 16.728 ;
; bit_in[10] ; bcd_out[6]  ; 16.457 ; 16.457 ; 16.457 ; 16.457 ;
; bit_in[10] ; bcd_out[7]  ; 16.448 ; 16.448 ; 16.448 ; 16.448 ;
; bit_in[10] ; bcd_out[8]  ; 16.522 ; 16.522 ; 16.522 ; 16.522 ;
; bit_in[10] ; bcd_out[9]  ; 16.723 ; 16.723 ; 16.723 ; 16.723 ;
; bit_in[10] ; bcd_out[10] ; 16.726 ; 16.726 ; 16.726 ; 16.726 ;
; bit_in[10] ; bcd_out[11] ; 16.723 ; 16.723 ; 16.723 ; 16.723 ;
; bit_in[10] ; bcd_out[12] ; 16.929 ; 16.929 ; 16.929 ; 16.929 ;
; bit_in[10] ; bcd_out[13] ; 16.180 ; 16.180 ; 16.180 ; 16.180 ;
; bit_in[10] ; bcd_out[14] ; 15.262 ; 15.262 ; 15.262 ; 15.262 ;
; bit_in[10] ; bcd_out[15] ; 14.544 ; 14.544 ; 14.544 ; 14.544 ;
; bit_in[11] ; bcd_out[1]  ; 16.095 ; 16.095 ; 16.095 ; 16.095 ;
; bit_in[11] ; bcd_out[2]  ; 16.101 ; 16.101 ; 16.101 ; 16.101 ;
; bit_in[11] ; bcd_out[3]  ; 16.354 ; 16.354 ; 16.354 ; 16.354 ;
; bit_in[11] ; bcd_out[4]  ; 16.396 ; 16.396 ; 16.396 ; 16.396 ;
; bit_in[11] ; bcd_out[5]  ; 16.484 ; 16.484 ; 16.484 ; 16.484 ;
; bit_in[11] ; bcd_out[6]  ; 16.213 ; 16.213 ; 16.213 ; 16.213 ;
; bit_in[11] ; bcd_out[7]  ; 16.204 ; 16.204 ; 16.204 ; 16.204 ;
; bit_in[11] ; bcd_out[8]  ; 16.278 ; 16.278 ; 16.278 ; 16.278 ;
; bit_in[11] ; bcd_out[9]  ; 16.479 ; 16.479 ; 16.479 ; 16.479 ;
; bit_in[11] ; bcd_out[10] ; 16.482 ; 16.482 ; 16.482 ; 16.482 ;
; bit_in[11] ; bcd_out[11] ; 16.479 ; 16.479 ; 16.479 ; 16.479 ;
; bit_in[11] ; bcd_out[12] ; 16.685 ; 16.685 ; 16.685 ; 16.685 ;
; bit_in[11] ; bcd_out[13] ; 15.936 ; 15.936 ; 15.936 ; 15.936 ;
; bit_in[11] ; bcd_out[14] ; 15.018 ; 15.018 ; 15.018 ; 15.018 ;
; bit_in[11] ; bcd_out[15] ; 14.300 ; 14.300 ; 14.300 ; 14.300 ;
; bit_in[12] ; bcd_out[1]  ; 16.332 ; 16.332 ; 16.332 ; 16.332 ;
; bit_in[12] ; bcd_out[2]  ; 16.338 ; 16.338 ; 16.338 ; 16.338 ;
; bit_in[12] ; bcd_out[3]  ; 16.591 ; 16.591 ; 16.591 ; 16.591 ;
; bit_in[12] ; bcd_out[4]  ; 16.633 ; 16.633 ; 16.633 ; 16.633 ;
; bit_in[12] ; bcd_out[5]  ; 16.721 ; 16.721 ; 16.721 ; 16.721 ;
; bit_in[12] ; bcd_out[6]  ; 16.450 ; 16.450 ; 16.450 ; 16.450 ;
; bit_in[12] ; bcd_out[7]  ; 16.441 ; 16.441 ; 16.441 ; 16.441 ;
; bit_in[12] ; bcd_out[8]  ; 16.515 ; 16.515 ; 16.515 ; 16.515 ;
; bit_in[12] ; bcd_out[9]  ; 16.716 ; 16.716 ; 16.716 ; 16.716 ;
; bit_in[12] ; bcd_out[10] ; 16.719 ; 16.719 ; 16.719 ; 16.719 ;
; bit_in[12] ; bcd_out[11] ; 16.716 ; 16.716 ; 16.716 ; 16.716 ;
; bit_in[12] ; bcd_out[12] ; 16.922 ; 16.922 ; 16.922 ; 16.922 ;
; bit_in[12] ; bcd_out[13] ; 16.173 ; 16.173 ; 16.173 ; 16.173 ;
; bit_in[12] ; bcd_out[14] ; 15.255 ; 15.255 ; 15.255 ; 15.255 ;
; bit_in[12] ; bcd_out[15] ; 14.537 ; 14.537 ; 14.537 ; 14.537 ;
+------------+-------------+--------+--------+--------+--------+


+--------------------------------------------------------------+
; Minimum Propagation Delay                                    ;
+------------+-------------+--------+--------+--------+--------+
; Input Port ; Output Port ; RR     ; RF     ; FR     ; FF     ;
+------------+-------------+--------+--------+--------+--------+
; bit_in[0]  ; bcd_out[0]  ; 4.802  ;        ;        ; 4.802  ;
; bit_in[1]  ; bcd_out[1]  ; 9.782  ; 9.782  ; 9.782  ; 9.782  ;
; bit_in[1]  ; bcd_out[2]  ; 9.760  ; 9.760  ; 9.760  ; 9.760  ;
; bit_in[1]  ; bcd_out[3]  ; 10.028 ; 10.028 ; 10.028 ; 10.028 ;
; bit_in[1]  ; bcd_out[4]  ; 10.067 ;        ;        ; 10.067 ;
; bit_in[2]  ; bcd_out[1]  ; 9.920  ; 9.920  ; 9.920  ; 9.920  ;
; bit_in[2]  ; bcd_out[2]  ; 9.923  ; 9.923  ; 9.923  ; 9.923  ;
; bit_in[2]  ; bcd_out[3]  ; 10.167 ; 10.167 ; 10.167 ; 10.167 ;
; bit_in[2]  ; bcd_out[4]  ; 10.209 ; 10.209 ; 10.209 ; 10.209 ;
; bit_in[2]  ; bcd_out[5]  ; 10.331 ; 10.331 ; 10.331 ; 10.331 ;
; bit_in[2]  ; bcd_out[6]  ; 10.061 ; 10.061 ; 10.061 ; 10.061 ;
; bit_in[2]  ; bcd_out[7]  ; 10.054 ; 10.054 ; 10.054 ; 10.054 ;
; bit_in[2]  ; bcd_out[8]  ; 10.126 ;        ;        ; 10.126 ;
; bit_in[3]  ; bcd_out[1]  ; 10.488 ; 10.488 ; 10.488 ; 10.488 ;
; bit_in[3]  ; bcd_out[2]  ; 10.491 ; 10.491 ; 10.491 ; 10.491 ;
; bit_in[3]  ; bcd_out[3]  ; 10.735 ; 10.735 ; 10.735 ; 10.735 ;
; bit_in[3]  ; bcd_out[4]  ; 10.777 ; 10.777 ; 10.777 ; 10.777 ;
; bit_in[3]  ; bcd_out[5]  ; 10.868 ; 10.868 ; 10.868 ; 10.868 ;
; bit_in[3]  ; bcd_out[6]  ; 10.598 ; 10.598 ; 10.598 ; 10.598 ;
; bit_in[3]  ; bcd_out[7]  ; 10.591 ; 10.591 ; 10.591 ; 10.591 ;
; bit_in[3]  ; bcd_out[8]  ; 10.663 ; 10.663 ; 10.663 ; 10.663 ;
; bit_in[3]  ; bcd_out[9]  ; 11.282 ; 11.282 ; 11.282 ; 11.282 ;
; bit_in[3]  ; bcd_out[10] ; 11.285 ; 11.285 ; 11.285 ; 11.285 ;
; bit_in[3]  ; bcd_out[11] ; 11.282 ; 11.282 ; 11.282 ; 11.282 ;
; bit_in[3]  ; bcd_out[12] ; 11.488 ;        ;        ; 11.488 ;
; bit_in[4]  ; bcd_out[1]  ; 11.019 ; 11.019 ; 11.019 ; 11.019 ;
; bit_in[4]  ; bcd_out[2]  ; 11.022 ; 11.022 ; 11.022 ; 11.022 ;
; bit_in[4]  ; bcd_out[3]  ; 11.266 ; 11.266 ; 11.266 ; 11.266 ;
; bit_in[4]  ; bcd_out[4]  ; 11.308 ; 11.308 ; 11.308 ; 11.308 ;
; bit_in[4]  ; bcd_out[5]  ; 11.399 ; 11.399 ; 11.399 ; 11.399 ;
; bit_in[4]  ; bcd_out[6]  ; 11.129 ; 11.129 ; 11.129 ; 11.129 ;
; bit_in[4]  ; bcd_out[7]  ; 11.122 ; 11.122 ; 11.122 ; 11.122 ;
; bit_in[4]  ; bcd_out[8]  ; 11.194 ; 11.194 ; 11.194 ; 11.194 ;
; bit_in[4]  ; bcd_out[9]  ; 11.402 ; 11.402 ; 11.402 ; 11.402 ;
; bit_in[4]  ; bcd_out[10] ; 11.406 ; 11.406 ; 11.406 ; 11.406 ;
; bit_in[4]  ; bcd_out[11] ; 11.401 ; 11.401 ; 11.401 ; 11.401 ;
; bit_in[4]  ; bcd_out[12] ; 11.608 ; 11.608 ; 11.608 ; 11.608 ;
; bit_in[4]  ; bcd_out[13] ; 11.195 ;        ;        ; 11.195 ;
; bit_in[5]  ; bcd_out[1]  ; 12.323 ; 12.323 ; 12.323 ; 12.323 ;
; bit_in[5]  ; bcd_out[2]  ; 12.326 ; 12.326 ; 12.326 ; 12.326 ;
; bit_in[5]  ; bcd_out[3]  ; 12.570 ; 12.570 ; 12.570 ; 12.570 ;
; bit_in[5]  ; bcd_out[4]  ; 12.612 ; 12.612 ; 12.612 ; 12.612 ;
; bit_in[5]  ; bcd_out[5]  ; 12.608 ; 12.608 ; 12.608 ; 12.608 ;
; bit_in[5]  ; bcd_out[6]  ; 12.343 ; 12.343 ; 12.343 ; 12.343 ;
; bit_in[5]  ; bcd_out[7]  ; 12.333 ; 12.333 ; 12.333 ; 12.333 ;
; bit_in[5]  ; bcd_out[8]  ; 12.405 ; 12.405 ; 12.405 ; 12.405 ;
; bit_in[5]  ; bcd_out[9]  ; 12.528 ; 12.528 ; 12.528 ; 12.528 ;
; bit_in[5]  ; bcd_out[10] ; 12.532 ; 12.532 ; 12.532 ; 12.532 ;
; bit_in[5]  ; bcd_out[11] ; 12.527 ; 12.527 ; 12.527 ; 12.527 ;
; bit_in[5]  ; bcd_out[12] ; 12.734 ; 12.734 ; 12.734 ; 12.734 ;
; bit_in[5]  ; bcd_out[13] ; 12.321 ; 12.321 ; 12.321 ; 12.321 ;
; bit_in[5]  ; bcd_out[14] ; 11.655 ;        ;        ; 11.655 ;
; bit_in[6]  ; bcd_out[1]  ; 12.479 ; 12.479 ; 12.479 ; 12.479 ;
; bit_in[6]  ; bcd_out[2]  ; 12.482 ; 12.482 ; 12.482 ; 12.482 ;
; bit_in[6]  ; bcd_out[3]  ; 12.726 ; 12.726 ; 12.726 ; 12.726 ;
; bit_in[6]  ; bcd_out[4]  ; 12.768 ; 12.768 ; 12.768 ; 12.768 ;
; bit_in[6]  ; bcd_out[5]  ; 12.510 ; 12.510 ; 12.510 ; 12.510 ;
; bit_in[6]  ; bcd_out[6]  ; 12.245 ; 12.245 ; 12.245 ; 12.245 ;
; bit_in[6]  ; bcd_out[7]  ; 12.235 ; 12.235 ; 12.235 ; 12.235 ;
; bit_in[6]  ; bcd_out[8]  ; 12.307 ; 12.307 ; 12.307 ; 12.307 ;
; bit_in[6]  ; bcd_out[9]  ; 11.916 ; 11.916 ; 11.916 ; 11.916 ;
; bit_in[6]  ; bcd_out[10] ; 11.920 ; 11.920 ; 11.920 ; 11.920 ;
; bit_in[6]  ; bcd_out[11] ; 11.915 ; 11.915 ; 11.915 ; 11.915 ;
; bit_in[6]  ; bcd_out[12] ; 12.122 ; 12.122 ; 12.122 ; 12.122 ;
; bit_in[6]  ; bcd_out[13] ; 11.719 ; 11.719 ; 11.719 ; 11.719 ;
; bit_in[6]  ; bcd_out[14] ; 10.938 ; 10.938 ; 10.938 ; 10.938 ;
; bit_in[6]  ; bcd_out[15] ; 11.310 ;        ;        ; 11.310 ;
; bit_in[7]  ; bcd_out[1]  ; 12.882 ; 12.882 ; 12.882 ; 12.882 ;
; bit_in[7]  ; bcd_out[2]  ; 12.885 ; 12.885 ; 12.885 ; 12.885 ;
; bit_in[7]  ; bcd_out[3]  ; 13.129 ; 13.129 ; 13.129 ; 13.129 ;
; bit_in[7]  ; bcd_out[4]  ; 13.171 ; 13.171 ; 13.171 ; 13.171 ;
; bit_in[7]  ; bcd_out[5]  ; 12.911 ; 12.911 ; 12.911 ; 12.911 ;
; bit_in[7]  ; bcd_out[6]  ; 12.646 ; 12.646 ; 12.646 ; 12.646 ;
; bit_in[7]  ; bcd_out[7]  ; 12.636 ; 12.636 ; 12.636 ; 12.636 ;
; bit_in[7]  ; bcd_out[8]  ; 12.708 ; 12.708 ; 12.708 ; 12.708 ;
; bit_in[7]  ; bcd_out[9]  ; 12.059 ; 12.059 ; 12.059 ; 12.059 ;
; bit_in[7]  ; bcd_out[10] ; 12.063 ; 12.063 ; 12.063 ; 12.063 ;
; bit_in[7]  ; bcd_out[11] ; 12.058 ; 12.058 ; 12.058 ; 12.058 ;
; bit_in[7]  ; bcd_out[12] ; 12.265 ; 12.265 ; 12.265 ; 12.265 ;
; bit_in[7]  ; bcd_out[13] ; 11.862 ; 11.862 ; 11.862 ; 11.862 ;
; bit_in[7]  ; bcd_out[14] ; 11.083 ; 11.083 ; 11.083 ; 11.083 ;
; bit_in[7]  ; bcd_out[15] ; 11.140 ; 11.711 ; 11.711 ; 11.140 ;
; bit_in[8]  ; bcd_out[1]  ; 13.463 ; 13.463 ; 13.463 ; 13.463 ;
; bit_in[8]  ; bcd_out[2]  ; 13.466 ; 13.466 ; 13.466 ; 13.466 ;
; bit_in[8]  ; bcd_out[3]  ; 13.710 ; 13.710 ; 13.710 ; 13.710 ;
; bit_in[8]  ; bcd_out[4]  ; 13.752 ; 13.752 ; 13.752 ; 13.752 ;
; bit_in[8]  ; bcd_out[5]  ; 13.492 ; 13.492 ; 13.492 ; 13.492 ;
; bit_in[8]  ; bcd_out[6]  ; 13.227 ; 13.227 ; 13.227 ; 13.227 ;
; bit_in[8]  ; bcd_out[7]  ; 13.217 ; 13.217 ; 13.217 ; 13.217 ;
; bit_in[8]  ; bcd_out[8]  ; 13.289 ; 13.289 ; 13.289 ; 13.289 ;
; bit_in[8]  ; bcd_out[9]  ; 11.511 ; 11.511 ; 11.511 ; 11.511 ;
; bit_in[8]  ; bcd_out[10] ; 11.515 ; 11.515 ; 11.515 ; 11.515 ;
; bit_in[8]  ; bcd_out[11] ; 11.510 ; 11.510 ; 11.510 ; 11.510 ;
; bit_in[8]  ; bcd_out[12] ; 11.717 ; 11.717 ; 11.717 ; 11.717 ;
; bit_in[8]  ; bcd_out[13] ; 11.314 ; 11.314 ; 11.314 ; 11.314 ;
; bit_in[8]  ; bcd_out[14] ; 10.539 ; 10.539 ; 10.539 ; 10.539 ;
; bit_in[8]  ; bcd_out[15] ; 10.968 ; 11.011 ; 11.011 ; 10.968 ;
; bit_in[9]  ; bcd_out[1]  ; 10.444 ; 10.444 ; 10.444 ; 10.444 ;
; bit_in[9]  ; bcd_out[2]  ; 10.447 ; 10.447 ; 10.447 ; 10.447 ;
; bit_in[9]  ; bcd_out[3]  ; 10.691 ; 10.691 ; 10.691 ; 10.691 ;
; bit_in[9]  ; bcd_out[4]  ; 10.733 ; 10.733 ; 10.733 ; 10.733 ;
; bit_in[9]  ; bcd_out[5]  ; 9.974  ; 9.974  ; 9.974  ; 9.974  ;
; bit_in[9]  ; bcd_out[6]  ; 9.709  ; 9.709  ; 9.709  ; 9.709  ;
; bit_in[9]  ; bcd_out[7]  ; 9.699  ; 9.699  ; 9.699  ; 9.699  ;
; bit_in[9]  ; bcd_out[8]  ; 9.771  ; 9.771  ; 9.771  ; 9.771  ;
; bit_in[9]  ; bcd_out[9]  ; 8.342  ; 8.342  ; 8.342  ; 8.342  ;
; bit_in[9]  ; bcd_out[10] ; 8.346  ; 8.346  ; 8.346  ; 8.346  ;
; bit_in[9]  ; bcd_out[11] ; 8.341  ; 8.341  ; 8.341  ; 8.341  ;
; bit_in[9]  ; bcd_out[12] ; 8.548  ; 8.548  ; 8.548  ; 8.548  ;
; bit_in[9]  ; bcd_out[13] ; 8.145  ; 8.145  ; 8.145  ; 8.145  ;
; bit_in[9]  ; bcd_out[14] ; 7.370  ; 7.370  ; 7.370  ; 7.370  ;
; bit_in[9]  ; bcd_out[15] ; 7.445  ; 7.445  ; 7.445  ; 7.445  ;
; bit_in[10] ; bcd_out[1]  ; 14.097 ; 14.097 ; 14.097 ; 14.097 ;
; bit_in[10] ; bcd_out[2]  ; 14.100 ; 14.100 ; 14.100 ; 14.100 ;
; bit_in[10] ; bcd_out[3]  ; 14.344 ; 14.344 ; 14.344 ; 14.344 ;
; bit_in[10] ; bcd_out[4]  ; 14.386 ; 14.386 ; 14.386 ; 14.386 ;
; bit_in[10] ; bcd_out[5]  ; 13.623 ; 13.623 ; 13.623 ; 13.623 ;
; bit_in[10] ; bcd_out[6]  ; 13.358 ; 13.358 ; 13.358 ; 13.358 ;
; bit_in[10] ; bcd_out[7]  ; 13.348 ; 13.348 ; 13.348 ; 13.348 ;
; bit_in[10] ; bcd_out[8]  ; 13.420 ; 13.420 ; 13.420 ; 13.420 ;
; bit_in[10] ; bcd_out[9]  ; 11.305 ; 11.305 ; 11.305 ; 11.305 ;
; bit_in[10] ; bcd_out[10] ; 11.309 ; 11.309 ; 11.309 ; 11.309 ;
; bit_in[10] ; bcd_out[11] ; 11.304 ; 11.304 ; 11.304 ; 11.304 ;
; bit_in[10] ; bcd_out[12] ; 11.511 ; 11.511 ; 11.511 ; 11.511 ;
; bit_in[10] ; bcd_out[13] ; 11.108 ; 11.108 ; 11.108 ; 11.108 ;
; bit_in[10] ; bcd_out[14] ; 10.333 ; 10.333 ; 10.333 ; 10.333 ;
; bit_in[10] ; bcd_out[15] ; 10.762 ; 11.094 ; 11.094 ; 10.762 ;
; bit_in[11] ; bcd_out[1]  ; 13.884 ; 13.884 ; 13.884 ; 13.884 ;
; bit_in[11] ; bcd_out[2]  ; 13.887 ; 13.887 ; 13.887 ; 13.887 ;
; bit_in[11] ; bcd_out[3]  ; 14.131 ; 14.131 ; 14.131 ; 14.131 ;
; bit_in[11] ; bcd_out[4]  ; 14.173 ; 14.173 ; 14.173 ; 14.173 ;
; bit_in[11] ; bcd_out[5]  ; 13.402 ; 13.402 ; 13.402 ; 13.402 ;
; bit_in[11] ; bcd_out[6]  ; 13.137 ; 13.137 ; 13.137 ; 13.137 ;
; bit_in[11] ; bcd_out[7]  ; 13.127 ; 13.127 ; 13.127 ; 13.127 ;
; bit_in[11] ; bcd_out[8]  ; 13.199 ; 13.199 ; 13.199 ; 13.199 ;
; bit_in[11] ; bcd_out[9]  ; 11.057 ; 11.057 ; 11.057 ; 11.057 ;
; bit_in[11] ; bcd_out[10] ; 11.061 ; 11.061 ; 11.061 ; 11.061 ;
; bit_in[11] ; bcd_out[11] ; 11.056 ; 11.056 ; 11.056 ; 11.056 ;
; bit_in[11] ; bcd_out[12] ; 11.263 ; 11.263 ; 11.263 ; 11.263 ;
; bit_in[11] ; bcd_out[13] ; 10.860 ; 10.860 ; 10.860 ; 10.860 ;
; bit_in[11] ; bcd_out[14] ; 10.085 ; 10.085 ; 10.085 ; 10.085 ;
; bit_in[11] ; bcd_out[15] ; 10.514 ; 10.873 ; 10.873 ; 10.514 ;
; bit_in[12] ; bcd_out[1]  ; 14.117 ; 14.117 ; 14.117 ; 14.117 ;
; bit_in[12] ; bcd_out[2]  ; 14.120 ; 14.120 ; 14.120 ; 14.120 ;
; bit_in[12] ; bcd_out[3]  ; 14.364 ; 14.364 ; 14.364 ; 14.364 ;
; bit_in[12] ; bcd_out[4]  ; 14.406 ; 14.406 ; 14.406 ; 14.406 ;
; bit_in[12] ; bcd_out[5]  ; 13.644 ; 13.644 ; 13.644 ; 13.644 ;
; bit_in[12] ; bcd_out[6]  ; 13.379 ; 13.379 ; 13.379 ; 13.379 ;
; bit_in[12] ; bcd_out[7]  ; 13.369 ; 13.369 ; 13.369 ; 13.369 ;
; bit_in[12] ; bcd_out[8]  ; 13.441 ; 13.441 ; 13.441 ; 13.441 ;
; bit_in[12] ; bcd_out[9]  ; 11.122 ; 11.122 ; 11.122 ; 11.122 ;
; bit_in[12] ; bcd_out[10] ; 11.126 ; 11.126 ; 11.126 ; 11.126 ;
; bit_in[12] ; bcd_out[11] ; 11.121 ; 11.121 ; 11.121 ; 11.121 ;
; bit_in[12] ; bcd_out[12] ; 11.328 ; 11.328 ; 11.328 ; 11.328 ;
; bit_in[12] ; bcd_out[13] ; 10.925 ; 10.925 ; 10.925 ; 10.925 ;
; bit_in[12] ; bcd_out[14] ; 10.150 ; 10.150 ; 10.150 ; 10.150 ;
; bit_in[12] ; bcd_out[15] ; 10.579 ; 11.115 ; 11.115 ; 10.579 ;
+------------+-------------+--------+--------+--------+--------+


----------------------------
; Fast Model Setup Summary ;
----------------------------
No paths to report.


---------------------------
; Fast Model Hold Summary ;
---------------------------
No paths to report.


-------------------------------
; Fast Model Recovery Summary ;
-------------------------------
No paths to report.


------------------------------
; Fast Model Removal Summary ;
------------------------------
No paths to report.


------------------------------------------
; Fast Model Minimum Pulse Width Summary ;
------------------------------------------
No paths to report.


+----------------------------------------------------------+
; Propagation Delay                                        ;
+------------+-------------+-------+-------+-------+-------+
; Input Port ; Output Port ; RR    ; RF    ; FR    ; FF    ;
+------------+-------------+-------+-------+-------+-------+
; bit_in[0]  ; bcd_out[0]  ; 2.572 ;       ;       ; 2.572 ;
; bit_in[1]  ; bcd_out[1]  ; 5.441 ; 5.441 ; 5.441 ; 5.441 ;
; bit_in[1]  ; bcd_out[2]  ; 5.444 ; 5.444 ; 5.444 ; 5.444 ;
; bit_in[1]  ; bcd_out[3]  ; 5.563 ; 5.563 ; 5.563 ; 5.563 ;
; bit_in[1]  ; bcd_out[4]  ; 5.583 ;       ;       ; 5.583 ;
; bit_in[2]  ; bcd_out[1]  ; 5.617 ; 5.617 ; 5.617 ; 5.617 ;
; bit_in[2]  ; bcd_out[2]  ; 5.621 ; 5.621 ; 5.621 ; 5.621 ;
; bit_in[2]  ; bcd_out[3]  ; 5.743 ; 5.743 ; 5.743 ; 5.743 ;
; bit_in[2]  ; bcd_out[4]  ; 5.770 ; 5.770 ; 5.770 ; 5.770 ;
; bit_in[2]  ; bcd_out[5]  ; 5.711 ; 5.711 ; 5.711 ; 5.711 ;
; bit_in[2]  ; bcd_out[6]  ; 5.573 ; 5.573 ; 5.573 ; 5.573 ;
; bit_in[2]  ; bcd_out[7]  ; 5.564 ; 5.564 ; 5.564 ; 5.564 ;
; bit_in[2]  ; bcd_out[8]  ; 5.606 ;       ;       ; 5.606 ;
; bit_in[3]  ; bcd_out[1]  ; 5.926 ; 5.926 ; 5.926 ; 5.926 ;
; bit_in[3]  ; bcd_out[2]  ; 5.930 ; 5.930 ; 5.930 ; 5.930 ;
; bit_in[3]  ; bcd_out[3]  ; 6.052 ; 6.052 ; 6.052 ; 6.052 ;
; bit_in[3]  ; bcd_out[4]  ; 6.079 ; 6.079 ; 6.079 ; 6.079 ;
; bit_in[3]  ; bcd_out[5]  ; 6.128 ; 6.128 ; 6.128 ; 6.128 ;
; bit_in[3]  ; bcd_out[6]  ; 5.990 ; 5.990 ; 5.990 ; 5.990 ;
; bit_in[3]  ; bcd_out[7]  ; 5.989 ; 5.989 ; 5.989 ; 5.989 ;
; bit_in[3]  ; bcd_out[8]  ; 6.024 ; 6.024 ; 6.024 ; 6.024 ;
; bit_in[3]  ; bcd_out[9]  ; 6.104 ; 6.104 ; 6.104 ; 6.104 ;
; bit_in[3]  ; bcd_out[10] ; 6.110 ; 6.110 ; 6.110 ; 6.110 ;
; bit_in[3]  ; bcd_out[11] ; 6.104 ; 6.104 ; 6.104 ; 6.104 ;
; bit_in[3]  ; bcd_out[12] ; 6.189 ;       ;       ; 6.189 ;
; bit_in[4]  ; bcd_out[1]  ; 6.215 ; 6.215 ; 6.215 ; 6.215 ;
; bit_in[4]  ; bcd_out[2]  ; 6.219 ; 6.219 ; 6.219 ; 6.219 ;
; bit_in[4]  ; bcd_out[3]  ; 6.341 ; 6.341 ; 6.341 ; 6.341 ;
; bit_in[4]  ; bcd_out[4]  ; 6.368 ; 6.368 ; 6.368 ; 6.368 ;
; bit_in[4]  ; bcd_out[5]  ; 6.417 ; 6.417 ; 6.417 ; 6.417 ;
; bit_in[4]  ; bcd_out[6]  ; 6.279 ; 6.279 ; 6.279 ; 6.279 ;
; bit_in[4]  ; bcd_out[7]  ; 6.278 ; 6.278 ; 6.278 ; 6.278 ;
; bit_in[4]  ; bcd_out[8]  ; 6.313 ; 6.313 ; 6.313 ; 6.313 ;
; bit_in[4]  ; bcd_out[9]  ; 6.394 ; 6.394 ; 6.394 ; 6.394 ;
; bit_in[4]  ; bcd_out[10] ; 6.400 ; 6.400 ; 6.400 ; 6.400 ;
; bit_in[4]  ; bcd_out[11] ; 6.394 ; 6.394 ; 6.394 ; 6.394 ;
; bit_in[4]  ; bcd_out[12] ; 6.479 ; 6.479 ; 6.479 ; 6.479 ;
; bit_in[4]  ; bcd_out[13] ; 6.071 ;       ;       ; 6.071 ;
; bit_in[5]  ; bcd_out[1]  ; 6.851 ; 6.851 ; 6.851 ; 6.851 ;
; bit_in[5]  ; bcd_out[2]  ; 6.855 ; 6.855 ; 6.855 ; 6.855 ;
; bit_in[5]  ; bcd_out[3]  ; 6.977 ; 6.977 ; 6.977 ; 6.977 ;
; bit_in[5]  ; bcd_out[4]  ; 7.004 ; 7.004 ; 7.004 ; 7.004 ;
; bit_in[5]  ; bcd_out[5]  ; 7.052 ; 7.052 ; 7.052 ; 7.052 ;
; bit_in[5]  ; bcd_out[6]  ; 6.914 ; 6.914 ; 6.914 ; 6.914 ;
; bit_in[5]  ; bcd_out[7]  ; 6.913 ; 6.913 ; 6.913 ; 6.913 ;
; bit_in[5]  ; bcd_out[8]  ; 6.948 ; 6.948 ; 6.948 ; 6.948 ;
; bit_in[5]  ; bcd_out[9]  ; 7.028 ; 7.028 ; 7.028 ; 7.028 ;
; bit_in[5]  ; bcd_out[10] ; 7.034 ; 7.034 ; 7.034 ; 7.034 ;
; bit_in[5]  ; bcd_out[11] ; 7.028 ; 7.028 ; 7.028 ; 7.028 ;
; bit_in[5]  ; bcd_out[12] ; 7.113 ; 7.113 ; 7.113 ; 7.113 ;
; bit_in[5]  ; bcd_out[13] ; 6.698 ; 6.698 ; 6.698 ; 6.698 ;
; bit_in[5]  ; bcd_out[14] ; 6.235 ;       ;       ; 6.235 ;
; bit_in[6]  ; bcd_out[1]  ; 7.045 ; 7.045 ; 7.045 ; 7.045 ;
; bit_in[6]  ; bcd_out[2]  ; 7.049 ; 7.049 ; 7.049 ; 7.049 ;
; bit_in[6]  ; bcd_out[3]  ; 7.171 ; 7.171 ; 7.171 ; 7.171 ;
; bit_in[6]  ; bcd_out[4]  ; 7.198 ; 7.198 ; 7.198 ; 7.198 ;
; bit_in[6]  ; bcd_out[5]  ; 7.246 ; 7.246 ; 7.246 ; 7.246 ;
; bit_in[6]  ; bcd_out[6]  ; 7.108 ; 7.108 ; 7.108 ; 7.108 ;
; bit_in[6]  ; bcd_out[7]  ; 7.107 ; 7.107 ; 7.107 ; 7.107 ;
; bit_in[6]  ; bcd_out[8]  ; 7.142 ; 7.142 ; 7.142 ; 7.142 ;
; bit_in[6]  ; bcd_out[9]  ; 7.222 ; 7.222 ; 7.222 ; 7.222 ;
; bit_in[6]  ; bcd_out[10] ; 7.228 ; 7.228 ; 7.228 ; 7.228 ;
; bit_in[6]  ; bcd_out[11] ; 7.222 ; 7.222 ; 7.222 ; 7.222 ;
; bit_in[6]  ; bcd_out[12] ; 7.307 ; 7.307 ; 7.307 ; 7.307 ;
; bit_in[6]  ; bcd_out[13] ; 6.892 ; 6.892 ; 6.892 ; 6.892 ;
; bit_in[6]  ; bcd_out[14] ; 6.429 ; 6.429 ; 6.429 ; 6.429 ;
; bit_in[6]  ; bcd_out[15] ; 6.091 ;       ;       ; 6.091 ;
; bit_in[7]  ; bcd_out[1]  ; 7.345 ; 7.345 ; 7.345 ; 7.345 ;
; bit_in[7]  ; bcd_out[2]  ; 7.349 ; 7.349 ; 7.349 ; 7.349 ;
; bit_in[7]  ; bcd_out[3]  ; 7.471 ; 7.471 ; 7.471 ; 7.471 ;
; bit_in[7]  ; bcd_out[4]  ; 7.498 ; 7.498 ; 7.498 ; 7.498 ;
; bit_in[7]  ; bcd_out[5]  ; 7.611 ; 7.611 ; 7.611 ; 7.611 ;
; bit_in[7]  ; bcd_out[6]  ; 7.473 ; 7.473 ; 7.473 ; 7.473 ;
; bit_in[7]  ; bcd_out[7]  ; 7.472 ; 7.472 ; 7.472 ; 7.472 ;
; bit_in[7]  ; bcd_out[8]  ; 7.507 ; 7.507 ; 7.507 ; 7.507 ;
; bit_in[7]  ; bcd_out[9]  ; 7.588 ; 7.588 ; 7.588 ; 7.588 ;
; bit_in[7]  ; bcd_out[10] ; 7.594 ; 7.594 ; 7.594 ; 7.594 ;
; bit_in[7]  ; bcd_out[11] ; 7.588 ; 7.588 ; 7.588 ; 7.588 ;
; bit_in[7]  ; bcd_out[12] ; 7.673 ; 7.673 ; 7.673 ; 7.673 ;
; bit_in[7]  ; bcd_out[13] ; 7.387 ; 7.387 ; 7.387 ; 7.387 ;
; bit_in[7]  ; bcd_out[14] ; 6.985 ; 6.985 ; 6.985 ; 6.985 ;
; bit_in[7]  ; bcd_out[15] ; 6.681 ; 6.681 ; 6.681 ; 6.681 ;
; bit_in[8]  ; bcd_out[1]  ; 7.747 ; 7.747 ; 7.747 ; 7.747 ;
; bit_in[8]  ; bcd_out[2]  ; 7.751 ; 7.751 ; 7.751 ; 7.751 ;
; bit_in[8]  ; bcd_out[3]  ; 7.873 ; 7.873 ; 7.873 ; 7.873 ;
; bit_in[8]  ; bcd_out[4]  ; 7.900 ; 7.900 ; 7.900 ; 7.900 ;
; bit_in[8]  ; bcd_out[5]  ; 7.948 ; 7.948 ; 7.948 ; 7.948 ;
; bit_in[8]  ; bcd_out[6]  ; 7.810 ; 7.810 ; 7.810 ; 7.810 ;
; bit_in[8]  ; bcd_out[7]  ; 7.809 ; 7.809 ; 7.809 ; 7.809 ;
; bit_in[8]  ; bcd_out[8]  ; 7.844 ; 7.844 ; 7.844 ; 7.844 ;
; bit_in[8]  ; bcd_out[9]  ; 7.924 ; 7.924 ; 7.924 ; 7.924 ;
; bit_in[8]  ; bcd_out[10] ; 7.930 ; 7.930 ; 7.930 ; 7.930 ;
; bit_in[8]  ; bcd_out[11] ; 7.924 ; 7.924 ; 7.924 ; 7.924 ;
; bit_in[8]  ; bcd_out[12] ; 8.009 ; 8.009 ; 8.009 ; 8.009 ;
; bit_in[8]  ; bcd_out[13] ; 7.692 ; 7.692 ; 7.692 ; 7.692 ;
; bit_in[8]  ; bcd_out[14] ; 7.290 ; 7.290 ; 7.290 ; 7.290 ;
; bit_in[8]  ; bcd_out[15] ; 6.986 ; 6.986 ; 6.986 ; 6.986 ;
; bit_in[9]  ; bcd_out[1]  ; 5.980 ; 5.980 ; 5.980 ; 5.980 ;
; bit_in[9]  ; bcd_out[2]  ; 5.984 ; 5.984 ; 5.984 ; 5.984 ;
; bit_in[9]  ; bcd_out[3]  ; 6.106 ; 6.106 ; 6.106 ; 6.106 ;
; bit_in[9]  ; bcd_out[4]  ; 6.133 ; 6.133 ; 6.133 ; 6.133 ;
; bit_in[9]  ; bcd_out[5]  ; 6.181 ; 6.181 ; 6.181 ; 6.181 ;
; bit_in[9]  ; bcd_out[6]  ; 6.043 ; 6.043 ; 6.043 ; 6.043 ;
; bit_in[9]  ; bcd_out[7]  ; 6.042 ; 6.042 ; 6.042 ; 6.042 ;
; bit_in[9]  ; bcd_out[8]  ; 6.077 ; 6.077 ; 6.077 ; 6.077 ;
; bit_in[9]  ; bcd_out[9]  ; 6.157 ; 6.157 ; 6.157 ; 6.157 ;
; bit_in[9]  ; bcd_out[10] ; 6.163 ; 6.163 ; 6.163 ; 6.163 ;
; bit_in[9]  ; bcd_out[11] ; 6.157 ; 6.157 ; 6.157 ; 6.157 ;
; bit_in[9]  ; bcd_out[12] ; 6.242 ; 6.242 ; 6.242 ; 6.242 ;
; bit_in[9]  ; bcd_out[13] ; 5.925 ; 5.925 ; 5.925 ; 5.925 ;
; bit_in[9]  ; bcd_out[14] ; 5.523 ; 5.523 ; 5.523 ; 5.523 ;
; bit_in[9]  ; bcd_out[15] ; 5.219 ; 5.219 ; 5.219 ; 5.219 ;
; bit_in[10] ; bcd_out[1]  ; 8.237 ; 8.237 ; 8.237 ; 8.237 ;
; bit_in[10] ; bcd_out[2]  ; 8.241 ; 8.241 ; 8.241 ; 8.241 ;
; bit_in[10] ; bcd_out[3]  ; 8.363 ; 8.363 ; 8.363 ; 8.363 ;
; bit_in[10] ; bcd_out[4]  ; 8.390 ; 8.390 ; 8.390 ; 8.390 ;
; bit_in[10] ; bcd_out[5]  ; 8.438 ; 8.438 ; 8.438 ; 8.438 ;
; bit_in[10] ; bcd_out[6]  ; 8.300 ; 8.300 ; 8.300 ; 8.300 ;
; bit_in[10] ; bcd_out[7]  ; 8.299 ; 8.299 ; 8.299 ; 8.299 ;
; bit_in[10] ; bcd_out[8]  ; 8.334 ; 8.334 ; 8.334 ; 8.334 ;
; bit_in[10] ; bcd_out[9]  ; 8.414 ; 8.414 ; 8.414 ; 8.414 ;
; bit_in[10] ; bcd_out[10] ; 8.420 ; 8.420 ; 8.420 ; 8.420 ;
; bit_in[10] ; bcd_out[11] ; 8.414 ; 8.414 ; 8.414 ; 8.414 ;
; bit_in[10] ; bcd_out[12] ; 8.499 ; 8.499 ; 8.499 ; 8.499 ;
; bit_in[10] ; bcd_out[13] ; 8.182 ; 8.182 ; 8.182 ; 8.182 ;
; bit_in[10] ; bcd_out[14] ; 7.780 ; 7.780 ; 7.780 ; 7.780 ;
; bit_in[10] ; bcd_out[15] ; 7.476 ; 7.476 ; 7.476 ; 7.476 ;
; bit_in[11] ; bcd_out[1]  ; 8.142 ; 8.142 ; 8.142 ; 8.142 ;
; bit_in[11] ; bcd_out[2]  ; 8.146 ; 8.146 ; 8.146 ; 8.146 ;
; bit_in[11] ; bcd_out[3]  ; 8.268 ; 8.268 ; 8.268 ; 8.268 ;
; bit_in[11] ; bcd_out[4]  ; 8.295 ; 8.295 ; 8.295 ; 8.295 ;
; bit_in[11] ; bcd_out[5]  ; 8.343 ; 8.343 ; 8.343 ; 8.343 ;
; bit_in[11] ; bcd_out[6]  ; 8.205 ; 8.205 ; 8.205 ; 8.205 ;
; bit_in[11] ; bcd_out[7]  ; 8.204 ; 8.204 ; 8.204 ; 8.204 ;
; bit_in[11] ; bcd_out[8]  ; 8.239 ; 8.239 ; 8.239 ; 8.239 ;
; bit_in[11] ; bcd_out[9]  ; 8.319 ; 8.319 ; 8.319 ; 8.319 ;
; bit_in[11] ; bcd_out[10] ; 8.325 ; 8.325 ; 8.325 ; 8.325 ;
; bit_in[11] ; bcd_out[11] ; 8.319 ; 8.319 ; 8.319 ; 8.319 ;
; bit_in[11] ; bcd_out[12] ; 8.404 ; 8.404 ; 8.404 ; 8.404 ;
; bit_in[11] ; bcd_out[13] ; 8.087 ; 8.087 ; 8.087 ; 8.087 ;
; bit_in[11] ; bcd_out[14] ; 7.685 ; 7.685 ; 7.685 ; 7.685 ;
; bit_in[11] ; bcd_out[15] ; 7.381 ; 7.381 ; 7.381 ; 7.381 ;
; bit_in[12] ; bcd_out[1]  ; 8.225 ; 8.225 ; 8.225 ; 8.225 ;
; bit_in[12] ; bcd_out[2]  ; 8.229 ; 8.229 ; 8.229 ; 8.229 ;
; bit_in[12] ; bcd_out[3]  ; 8.351 ; 8.351 ; 8.351 ; 8.351 ;
; bit_in[12] ; bcd_out[4]  ; 8.378 ; 8.378 ; 8.378 ; 8.378 ;
; bit_in[12] ; bcd_out[5]  ; 8.426 ; 8.426 ; 8.426 ; 8.426 ;
; bit_in[12] ; bcd_out[6]  ; 8.288 ; 8.288 ; 8.288 ; 8.288 ;
; bit_in[12] ; bcd_out[7]  ; 8.287 ; 8.287 ; 8.287 ; 8.287 ;
; bit_in[12] ; bcd_out[8]  ; 8.322 ; 8.322 ; 8.322 ; 8.322 ;
; bit_in[12] ; bcd_out[9]  ; 8.402 ; 8.402 ; 8.402 ; 8.402 ;
; bit_in[12] ; bcd_out[10] ; 8.408 ; 8.408 ; 8.408 ; 8.408 ;
; bit_in[12] ; bcd_out[11] ; 8.402 ; 8.402 ; 8.402 ; 8.402 ;
; bit_in[12] ; bcd_out[12] ; 8.487 ; 8.487 ; 8.487 ; 8.487 ;
; bit_in[12] ; bcd_out[13] ; 8.170 ; 8.170 ; 8.170 ; 8.170 ;
; bit_in[12] ; bcd_out[14] ; 7.768 ; 7.768 ; 7.768 ; 7.768 ;
; bit_in[12] ; bcd_out[15] ; 7.464 ; 7.464 ; 7.464 ; 7.464 ;
+------------+-------------+-------+-------+-------+-------+


+----------------------------------------------------------+
; Minimum Propagation Delay                                ;
+------------+-------------+-------+-------+-------+-------+
; Input Port ; Output Port ; RR    ; RF    ; FR    ; FF    ;
+------------+-------------+-------+-------+-------+-------+
; bit_in[0]  ; bcd_out[0]  ; 2.572 ;       ;       ; 2.572 ;
; bit_in[1]  ; bcd_out[1]  ; 5.441 ; 5.441 ; 5.441 ; 5.441 ;
; bit_in[1]  ; bcd_out[2]  ; 5.444 ; 5.444 ; 5.444 ; 5.444 ;
; bit_in[1]  ; bcd_out[3]  ; 5.563 ; 5.563 ; 5.563 ; 5.563 ;
; bit_in[1]  ; bcd_out[4]  ; 5.583 ;       ;       ; 5.583 ;
; bit_in[2]  ; bcd_out[1]  ; 5.507 ; 5.507 ; 5.507 ; 5.507 ;
; bit_in[2]  ; bcd_out[2]  ; 5.509 ; 5.509 ; 5.509 ; 5.509 ;
; bit_in[2]  ; bcd_out[3]  ; 5.623 ; 5.623 ; 5.623 ; 5.623 ;
; bit_in[2]  ; bcd_out[4]  ; 5.653 ; 5.653 ; 5.653 ; 5.653 ;
; bit_in[2]  ; bcd_out[5]  ; 5.711 ; 5.711 ; 5.711 ; 5.711 ;
; bit_in[2]  ; bcd_out[6]  ; 5.573 ; 5.573 ; 5.573 ; 5.573 ;
; bit_in[2]  ; bcd_out[7]  ; 5.564 ; 5.564 ; 5.564 ; 5.564 ;
; bit_in[2]  ; bcd_out[8]  ; 5.606 ;       ;       ; 5.606 ;
; bit_in[3]  ; bcd_out[1]  ; 5.750 ; 5.750 ; 5.750 ; 5.750 ;
; bit_in[3]  ; bcd_out[2]  ; 5.752 ; 5.752 ; 5.752 ; 5.752 ;
; bit_in[3]  ; bcd_out[3]  ; 5.866 ; 5.866 ; 5.866 ; 5.866 ;
; bit_in[3]  ; bcd_out[4]  ; 5.896 ; 5.896 ; 5.896 ; 5.896 ;
; bit_in[3]  ; bcd_out[5]  ; 5.952 ; 5.952 ; 5.952 ; 5.952 ;
; bit_in[3]  ; bcd_out[6]  ; 5.814 ; 5.814 ; 5.814 ; 5.814 ;
; bit_in[3]  ; bcd_out[7]  ; 5.805 ; 5.805 ; 5.805 ; 5.805 ;
; bit_in[3]  ; bcd_out[8]  ; 5.847 ; 5.847 ; 5.847 ; 5.847 ;
; bit_in[3]  ; bcd_out[9]  ; 6.104 ; 6.104 ; 6.104 ; 6.104 ;
; bit_in[3]  ; bcd_out[10] ; 6.110 ; 6.110 ; 6.110 ; 6.110 ;
; bit_in[3]  ; bcd_out[11] ; 6.104 ; 6.104 ; 6.104 ; 6.104 ;
; bit_in[3]  ; bcd_out[12] ; 6.189 ;       ;       ; 6.189 ;
; bit_in[4]  ; bcd_out[1]  ; 5.962 ; 5.962 ; 5.962 ; 5.962 ;
; bit_in[4]  ; bcd_out[2]  ; 5.964 ; 5.964 ; 5.964 ; 5.964 ;
; bit_in[4]  ; bcd_out[3]  ; 6.078 ; 6.078 ; 6.078 ; 6.078 ;
; bit_in[4]  ; bcd_out[4]  ; 6.108 ; 6.108 ; 6.108 ; 6.108 ;
; bit_in[4]  ; bcd_out[5]  ; 6.164 ; 6.164 ; 6.164 ; 6.164 ;
; bit_in[4]  ; bcd_out[6]  ; 6.026 ; 6.026 ; 6.026 ; 6.026 ;
; bit_in[4]  ; bcd_out[7]  ; 6.017 ; 6.017 ; 6.017 ; 6.017 ;
; bit_in[4]  ; bcd_out[8]  ; 6.059 ; 6.059 ; 6.059 ; 6.059 ;
; bit_in[4]  ; bcd_out[9]  ; 6.153 ; 6.153 ; 6.153 ; 6.153 ;
; bit_in[4]  ; bcd_out[10] ; 6.158 ; 6.158 ; 6.158 ; 6.158 ;
; bit_in[4]  ; bcd_out[11] ; 6.153 ; 6.153 ; 6.153 ; 6.153 ;
; bit_in[4]  ; bcd_out[12] ; 6.238 ; 6.238 ; 6.238 ; 6.238 ;
; bit_in[4]  ; bcd_out[13] ; 6.071 ;       ;       ; 6.071 ;
; bit_in[5]  ; bcd_out[1]  ; 6.514 ; 6.514 ; 6.514 ; 6.514 ;
; bit_in[5]  ; bcd_out[2]  ; 6.516 ; 6.516 ; 6.516 ; 6.516 ;
; bit_in[5]  ; bcd_out[3]  ; 6.630 ; 6.630 ; 6.630 ; 6.630 ;
; bit_in[5]  ; bcd_out[4]  ; 6.660 ; 6.660 ; 6.660 ; 6.660 ;
; bit_in[5]  ; bcd_out[5]  ; 6.646 ; 6.646 ; 6.646 ; 6.646 ;
; bit_in[5]  ; bcd_out[6]  ; 6.520 ; 6.520 ; 6.520 ; 6.520 ;
; bit_in[5]  ; bcd_out[7]  ; 6.502 ; 6.502 ; 6.502 ; 6.502 ;
; bit_in[5]  ; bcd_out[8]  ; 6.544 ; 6.544 ; 6.544 ; 6.544 ;
; bit_in[5]  ; bcd_out[9]  ; 6.618 ; 6.618 ; 6.618 ; 6.618 ;
; bit_in[5]  ; bcd_out[10] ; 6.623 ; 6.623 ; 6.623 ; 6.623 ;
; bit_in[5]  ; bcd_out[11] ; 6.618 ; 6.618 ; 6.618 ; 6.618 ;
; bit_in[5]  ; bcd_out[12] ; 6.703 ; 6.703 ; 6.703 ; 6.703 ;
; bit_in[5]  ; bcd_out[13] ; 6.536 ; 6.536 ; 6.536 ; 6.536 ;
; bit_in[5]  ; bcd_out[14] ; 6.235 ;       ;       ; 6.235 ;
; bit_in[6]  ; bcd_out[1]  ; 6.584 ; 6.584 ; 6.584 ; 6.584 ;
; bit_in[6]  ; bcd_out[2]  ; 6.586 ; 6.586 ; 6.586 ; 6.586 ;
; bit_in[6]  ; bcd_out[3]  ; 6.700 ; 6.700 ; 6.700 ; 6.700 ;
; bit_in[6]  ; bcd_out[4]  ; 6.730 ; 6.730 ; 6.730 ; 6.730 ;
; bit_in[6]  ; bcd_out[5]  ; 6.609 ; 6.609 ; 6.609 ; 6.609 ;
; bit_in[6]  ; bcd_out[6]  ; 6.483 ; 6.483 ; 6.483 ; 6.483 ;
; bit_in[6]  ; bcd_out[7]  ; 6.465 ; 6.465 ; 6.465 ; 6.465 ;
; bit_in[6]  ; bcd_out[8]  ; 6.507 ; 6.507 ; 6.507 ; 6.507 ;
; bit_in[6]  ; bcd_out[9]  ; 6.350 ; 6.350 ; 6.350 ; 6.350 ;
; bit_in[6]  ; bcd_out[10] ; 6.355 ; 6.355 ; 6.355 ; 6.355 ;
; bit_in[6]  ; bcd_out[11] ; 6.350 ; 6.350 ; 6.350 ; 6.350 ;
; bit_in[6]  ; bcd_out[12] ; 6.435 ; 6.435 ; 6.435 ; 6.435 ;
; bit_in[6]  ; bcd_out[13] ; 6.270 ; 6.270 ; 6.270 ; 6.270 ;
; bit_in[6]  ; bcd_out[14] ; 5.932 ; 5.932 ; 5.932 ; 5.932 ;
; bit_in[6]  ; bcd_out[15] ; 6.091 ;       ;       ; 6.091 ;
; bit_in[7]  ; bcd_out[1]  ; 6.758 ; 6.758 ; 6.758 ; 6.758 ;
; bit_in[7]  ; bcd_out[2]  ; 6.760 ; 6.760 ; 6.760 ; 6.760 ;
; bit_in[7]  ; bcd_out[3]  ; 6.874 ; 6.874 ; 6.874 ; 6.874 ;
; bit_in[7]  ; bcd_out[4]  ; 6.904 ; 6.904 ; 6.904 ; 6.904 ;
; bit_in[7]  ; bcd_out[5]  ; 6.785 ; 6.785 ; 6.785 ; 6.785 ;
; bit_in[7]  ; bcd_out[6]  ; 6.659 ; 6.659 ; 6.659 ; 6.659 ;
; bit_in[7]  ; bcd_out[7]  ; 6.641 ; 6.641 ; 6.641 ; 6.641 ;
; bit_in[7]  ; bcd_out[8]  ; 6.683 ; 6.683 ; 6.683 ; 6.683 ;
; bit_in[7]  ; bcd_out[9]  ; 6.403 ; 6.403 ; 6.403 ; 6.403 ;
; bit_in[7]  ; bcd_out[10] ; 6.408 ; 6.408 ; 6.408 ; 6.408 ;
; bit_in[7]  ; bcd_out[11] ; 6.403 ; 6.403 ; 6.403 ; 6.403 ;
; bit_in[7]  ; bcd_out[12] ; 6.488 ; 6.488 ; 6.488 ; 6.488 ;
; bit_in[7]  ; bcd_out[13] ; 6.323 ; 6.323 ; 6.323 ; 6.323 ;
; bit_in[7]  ; bcd_out[14] ; 5.991 ; 5.991 ; 5.991 ; 5.991 ;
; bit_in[7]  ; bcd_out[15] ; 5.996 ; 6.267 ; 6.267 ; 5.996 ;
; bit_in[8]  ; bcd_out[1]  ; 7.014 ; 7.014 ; 7.014 ; 7.014 ;
; bit_in[8]  ; bcd_out[2]  ; 7.016 ; 7.016 ; 7.016 ; 7.016 ;
; bit_in[8]  ; bcd_out[3]  ; 7.130 ; 7.130 ; 7.130 ; 7.130 ;
; bit_in[8]  ; bcd_out[4]  ; 7.160 ; 7.160 ; 7.160 ; 7.160 ;
; bit_in[8]  ; bcd_out[5]  ; 7.041 ; 7.041 ; 7.041 ; 7.041 ;
; bit_in[8]  ; bcd_out[6]  ; 6.915 ; 6.915 ; 6.915 ; 6.915 ;
; bit_in[8]  ; bcd_out[7]  ; 6.897 ; 6.897 ; 6.897 ; 6.897 ;
; bit_in[8]  ; bcd_out[8]  ; 6.939 ; 6.939 ; 6.939 ; 6.939 ;
; bit_in[8]  ; bcd_out[9]  ; 6.172 ; 6.172 ; 6.172 ; 6.172 ;
; bit_in[8]  ; bcd_out[10] ; 6.177 ; 6.177 ; 6.177 ; 6.177 ;
; bit_in[8]  ; bcd_out[11] ; 6.172 ; 6.172 ; 6.172 ; 6.172 ;
; bit_in[8]  ; bcd_out[12] ; 6.257 ; 6.257 ; 6.257 ; 6.257 ;
; bit_in[8]  ; bcd_out[13] ; 6.092 ; 6.092 ; 6.092 ; 6.092 ;
; bit_in[8]  ; bcd_out[14] ; 5.760 ; 5.760 ; 5.760 ; 5.760 ;
; bit_in[8]  ; bcd_out[15] ; 5.941 ; 5.941 ; 5.941 ; 5.941 ;
; bit_in[9]  ; bcd_out[1]  ; 5.047 ; 5.047 ; 5.047 ; 5.047 ;
; bit_in[9]  ; bcd_out[2]  ; 5.049 ; 5.049 ; 5.049 ; 5.049 ;
; bit_in[9]  ; bcd_out[3]  ; 5.163 ; 5.163 ; 5.163 ; 5.163 ;
; bit_in[9]  ; bcd_out[4]  ; 5.193 ; 5.193 ; 5.193 ; 5.193 ;
; bit_in[9]  ; bcd_out[5]  ; 4.855 ; 4.855 ; 4.855 ; 4.855 ;
; bit_in[9]  ; bcd_out[6]  ; 4.729 ; 4.729 ; 4.729 ; 4.729 ;
; bit_in[9]  ; bcd_out[7]  ; 4.711 ; 4.711 ; 4.711 ; 4.711 ;
; bit_in[9]  ; bcd_out[8]  ; 4.753 ; 4.753 ; 4.753 ; 4.753 ;
; bit_in[9]  ; bcd_out[9]  ; 4.147 ; 4.147 ; 4.147 ; 4.147 ;
; bit_in[9]  ; bcd_out[10] ; 4.152 ; 4.152 ; 4.152 ; 4.152 ;
; bit_in[9]  ; bcd_out[11] ; 4.147 ; 4.147 ; 4.147 ; 4.147 ;
; bit_in[9]  ; bcd_out[12] ; 4.232 ; 4.232 ; 4.232 ; 4.232 ;
; bit_in[9]  ; bcd_out[13] ; 4.067 ; 4.067 ; 4.067 ; 4.067 ;
; bit_in[9]  ; bcd_out[14] ; 3.735 ; 3.735 ; 3.735 ; 3.735 ;
; bit_in[9]  ; bcd_out[15] ; 3.748 ; 3.748 ; 3.748 ; 3.748 ;
; bit_in[10] ; bcd_out[1]  ; 7.297 ; 7.297 ; 7.297 ; 7.297 ;
; bit_in[10] ; bcd_out[2]  ; 7.299 ; 7.299 ; 7.299 ; 7.299 ;
; bit_in[10] ; bcd_out[3]  ; 7.413 ; 7.413 ; 7.413 ; 7.413 ;
; bit_in[10] ; bcd_out[4]  ; 7.443 ; 7.443 ; 7.443 ; 7.443 ;
; bit_in[10] ; bcd_out[5]  ; 7.098 ; 7.098 ; 7.098 ; 7.098 ;
; bit_in[10] ; bcd_out[6]  ; 6.972 ; 6.972 ; 6.972 ; 6.972 ;
; bit_in[10] ; bcd_out[7]  ; 6.954 ; 6.954 ; 6.954 ; 6.954 ;
; bit_in[10] ; bcd_out[8]  ; 6.996 ; 6.996 ; 6.996 ; 6.996 ;
; bit_in[10] ; bcd_out[9]  ; 6.086 ; 6.086 ; 6.086 ; 6.086 ;
; bit_in[10] ; bcd_out[10] ; 6.091 ; 6.091 ; 6.091 ; 6.091 ;
; bit_in[10] ; bcd_out[11] ; 6.086 ; 6.086 ; 6.086 ; 6.086 ;
; bit_in[10] ; bcd_out[12] ; 6.171 ; 6.171 ; 6.171 ; 6.171 ;
; bit_in[10] ; bcd_out[13] ; 6.006 ; 6.006 ; 6.006 ; 6.006 ;
; bit_in[10] ; bcd_out[14] ; 5.674 ; 5.674 ; 5.674 ; 5.674 ;
; bit_in[10] ; bcd_out[15] ; 5.870 ; 5.991 ; 5.991 ; 5.870 ;
; bit_in[11] ; bcd_out[1]  ; 7.205 ; 7.205 ; 7.205 ; 7.205 ;
; bit_in[11] ; bcd_out[2]  ; 7.207 ; 7.207 ; 7.207 ; 7.207 ;
; bit_in[11] ; bcd_out[3]  ; 7.321 ; 7.321 ; 7.321 ; 7.321 ;
; bit_in[11] ; bcd_out[4]  ; 7.351 ; 7.351 ; 7.351 ; 7.351 ;
; bit_in[11] ; bcd_out[5]  ; 7.008 ; 7.008 ; 7.008 ; 7.008 ;
; bit_in[11] ; bcd_out[6]  ; 6.882 ; 6.882 ; 6.882 ; 6.882 ;
; bit_in[11] ; bcd_out[7]  ; 6.864 ; 6.864 ; 6.864 ; 6.864 ;
; bit_in[11] ; bcd_out[8]  ; 6.906 ; 6.906 ; 6.906 ; 6.906 ;
; bit_in[11] ; bcd_out[9]  ; 6.016 ; 6.016 ; 6.016 ; 6.016 ;
; bit_in[11] ; bcd_out[10] ; 6.021 ; 6.021 ; 6.021 ; 6.021 ;
; bit_in[11] ; bcd_out[11] ; 6.016 ; 6.016 ; 6.016 ; 6.016 ;
; bit_in[11] ; bcd_out[12] ; 6.101 ; 6.101 ; 6.101 ; 6.101 ;
; bit_in[11] ; bcd_out[13] ; 5.936 ; 5.936 ; 5.936 ; 5.936 ;
; bit_in[11] ; bcd_out[14] ; 5.604 ; 5.604 ; 5.604 ; 5.604 ;
; bit_in[11] ; bcd_out[15] ; 5.800 ; 5.901 ; 5.901 ; 5.800 ;
; bit_in[12] ; bcd_out[1]  ; 7.289 ; 7.289 ; 7.289 ; 7.289 ;
; bit_in[12] ; bcd_out[2]  ; 7.291 ; 7.291 ; 7.291 ; 7.291 ;
; bit_in[12] ; bcd_out[3]  ; 7.405 ; 7.405 ; 7.405 ; 7.405 ;
; bit_in[12] ; bcd_out[4]  ; 7.435 ; 7.435 ; 7.435 ; 7.435 ;
; bit_in[12] ; bcd_out[5]  ; 7.093 ; 7.093 ; 7.093 ; 7.093 ;
; bit_in[12] ; bcd_out[6]  ; 6.967 ; 6.967 ; 6.967 ; 6.967 ;
; bit_in[12] ; bcd_out[7]  ; 6.949 ; 6.949 ; 6.949 ; 6.949 ;
; bit_in[12] ; bcd_out[8]  ; 6.991 ; 6.991 ; 6.991 ; 6.991 ;
; bit_in[12] ; bcd_out[9]  ; 6.001 ; 6.001 ; 6.001 ; 6.001 ;
; bit_in[12] ; bcd_out[10] ; 6.006 ; 6.006 ; 6.006 ; 6.006 ;
; bit_in[12] ; bcd_out[11] ; 6.001 ; 6.001 ; 6.001 ; 6.001 ;
; bit_in[12] ; bcd_out[12] ; 6.086 ; 6.086 ; 6.086 ; 6.086 ;
; bit_in[12] ; bcd_out[13] ; 5.921 ; 5.921 ; 5.921 ; 5.921 ;
; bit_in[12] ; bcd_out[14] ; 5.589 ; 5.589 ; 5.589 ; 5.589 ;
; bit_in[12] ; bcd_out[15] ; 5.785 ; 5.986 ; 5.986 ; 5.785 ;
+------------+-------------+-------+-------+-------+-------+


+----------------------------------------------------------------------------+
; Multicorner Timing Analysis Summary                                        ;
+------------------+-------+------+----------+---------+---------------------+
; Clock            ; Setup ; Hold ; Recovery ; Removal ; Minimum Pulse Width ;
+------------------+-------+------+----------+---------+---------------------+
; Worst-case Slack ; N/A   ; N/A  ; N/A      ; N/A     ; N/A                 ;
; Design-wide TNS  ; 0.0   ; 0.0  ; 0.0      ; 0.0     ; 0.0                 ;
+------------------+-------+------+----------+---------+---------------------+


+--------------------------------------------------------------+
; Progagation Delay                                            ;
+------------+-------------+--------+--------+--------+--------+
; Input Port ; Output Port ; RR     ; RF     ; FR     ; FF     ;
+------------+-------------+--------+--------+--------+--------+
; bit_in[0]  ; bcd_out[0]  ; 4.802  ;        ;        ; 4.802  ;
; bit_in[1]  ; bcd_out[1]  ; 9.782  ; 9.782  ; 9.782  ; 9.782  ;
; bit_in[1]  ; bcd_out[2]  ; 9.760  ; 9.760  ; 9.760  ; 9.760  ;
; bit_in[1]  ; bcd_out[3]  ; 10.028 ; 10.028 ; 10.028 ; 10.028 ;
; bit_in[1]  ; bcd_out[4]  ; 10.067 ;        ;        ; 10.067 ;
; bit_in[2]  ; bcd_out[1]  ; 10.177 ; 10.177 ; 10.177 ; 10.177 ;
; bit_in[2]  ; bcd_out[2]  ; 10.183 ; 10.183 ; 10.183 ; 10.183 ;
; bit_in[2]  ; bcd_out[3]  ; 10.436 ; 10.436 ; 10.436 ; 10.436 ;
; bit_in[2]  ; bcd_out[4]  ; 10.478 ; 10.478 ; 10.478 ; 10.478 ;
; bit_in[2]  ; bcd_out[5]  ; 10.331 ; 10.331 ; 10.331 ; 10.331 ;
; bit_in[2]  ; bcd_out[6]  ; 10.061 ; 10.061 ; 10.061 ; 10.061 ;
; bit_in[2]  ; bcd_out[7]  ; 10.054 ; 10.054 ; 10.054 ; 10.054 ;
; bit_in[2]  ; bcd_out[8]  ; 10.126 ;        ;        ; 10.126 ;
; bit_in[3]  ; bcd_out[1]  ; 10.897 ; 10.897 ; 10.897 ; 10.897 ;
; bit_in[3]  ; bcd_out[2]  ; 10.903 ; 10.903 ; 10.903 ; 10.903 ;
; bit_in[3]  ; bcd_out[3]  ; 11.156 ; 11.156 ; 11.156 ; 11.156 ;
; bit_in[3]  ; bcd_out[4]  ; 11.198 ; 11.198 ; 11.198 ; 11.198 ;
; bit_in[3]  ; bcd_out[5]  ; 11.286 ; 11.286 ; 11.286 ; 11.286 ;
; bit_in[3]  ; bcd_out[6]  ; 11.015 ; 11.015 ; 11.015 ; 11.015 ;
; bit_in[3]  ; bcd_out[7]  ; 11.006 ; 11.006 ; 11.006 ; 11.006 ;
; bit_in[3]  ; bcd_out[8]  ; 11.080 ; 11.080 ; 11.080 ; 11.080 ;
; bit_in[3]  ; bcd_out[9]  ; 11.282 ; 11.282 ; 11.282 ; 11.282 ;
; bit_in[3]  ; bcd_out[10] ; 11.285 ; 11.285 ; 11.285 ; 11.285 ;
; bit_in[3]  ; bcd_out[11] ; 11.282 ; 11.282 ; 11.282 ; 11.282 ;
; bit_in[3]  ; bcd_out[12] ; 11.488 ;        ;        ; 11.488 ;
; bit_in[4]  ; bcd_out[1]  ; 11.604 ; 11.604 ; 11.604 ; 11.604 ;
; bit_in[4]  ; bcd_out[2]  ; 11.610 ; 11.610 ; 11.610 ; 11.610 ;
; bit_in[4]  ; bcd_out[3]  ; 11.863 ; 11.863 ; 11.863 ; 11.863 ;
; bit_in[4]  ; bcd_out[4]  ; 11.905 ; 11.905 ; 11.905 ; 11.905 ;
; bit_in[4]  ; bcd_out[5]  ; 11.994 ; 11.994 ; 11.994 ; 11.994 ;
; bit_in[4]  ; bcd_out[6]  ; 11.723 ; 11.723 ; 11.723 ; 11.723 ;
; bit_in[4]  ; bcd_out[7]  ; 11.714 ; 11.714 ; 11.714 ; 11.714 ;
; bit_in[4]  ; bcd_out[8]  ; 11.788 ; 11.788 ; 11.788 ; 11.788 ;
; bit_in[4]  ; bcd_out[9]  ; 11.988 ; 11.988 ; 11.988 ; 11.988 ;
; bit_in[4]  ; bcd_out[10] ; 11.991 ; 11.991 ; 11.991 ; 11.991 ;
; bit_in[4]  ; bcd_out[11] ; 11.988 ; 11.988 ; 11.988 ; 11.988 ;
; bit_in[4]  ; bcd_out[12] ; 12.194 ; 12.194 ; 12.194 ; 12.194 ;
; bit_in[4]  ; bcd_out[13] ; 11.195 ;        ;        ; 11.195 ;
; bit_in[5]  ; bcd_out[1]  ; 13.082 ; 13.082 ; 13.082 ; 13.082 ;
; bit_in[5]  ; bcd_out[2]  ; 13.088 ; 13.088 ; 13.088 ; 13.088 ;
; bit_in[5]  ; bcd_out[3]  ; 13.341 ; 13.341 ; 13.341 ; 13.341 ;
; bit_in[5]  ; bcd_out[4]  ; 13.383 ; 13.383 ; 13.383 ; 13.383 ;
; bit_in[5]  ; bcd_out[5]  ; 13.471 ; 13.471 ; 13.471 ; 13.471 ;
; bit_in[5]  ; bcd_out[6]  ; 13.200 ; 13.200 ; 13.200 ; 13.200 ;
; bit_in[5]  ; bcd_out[7]  ; 13.191 ; 13.191 ; 13.191 ; 13.191 ;
; bit_in[5]  ; bcd_out[8]  ; 13.265 ; 13.265 ; 13.265 ; 13.265 ;
; bit_in[5]  ; bcd_out[9]  ; 13.466 ; 13.466 ; 13.466 ; 13.466 ;
; bit_in[5]  ; bcd_out[10] ; 13.469 ; 13.469 ; 13.469 ; 13.469 ;
; bit_in[5]  ; bcd_out[11] ; 13.466 ; 13.466 ; 13.466 ; 13.466 ;
; bit_in[5]  ; bcd_out[12] ; 13.672 ; 13.672 ; 13.672 ; 13.672 ;
; bit_in[5]  ; bcd_out[13] ; 12.672 ; 12.672 ; 12.672 ; 12.672 ;
; bit_in[5]  ; bcd_out[14] ; 11.655 ;        ;        ; 11.655 ;
; bit_in[6]  ; bcd_out[1]  ; 13.515 ; 13.515 ; 13.515 ; 13.515 ;
; bit_in[6]  ; bcd_out[2]  ; 13.521 ; 13.521 ; 13.521 ; 13.521 ;
; bit_in[6]  ; bcd_out[3]  ; 13.774 ; 13.774 ; 13.774 ; 13.774 ;
; bit_in[6]  ; bcd_out[4]  ; 13.816 ; 13.816 ; 13.816 ; 13.816 ;
; bit_in[6]  ; bcd_out[5]  ; 13.904 ; 13.904 ; 13.904 ; 13.904 ;
; bit_in[6]  ; bcd_out[6]  ; 13.633 ; 13.633 ; 13.633 ; 13.633 ;
; bit_in[6]  ; bcd_out[7]  ; 13.624 ; 13.624 ; 13.624 ; 13.624 ;
; bit_in[6]  ; bcd_out[8]  ; 13.698 ; 13.698 ; 13.698 ; 13.698 ;
; bit_in[6]  ; bcd_out[9]  ; 13.899 ; 13.899 ; 13.899 ; 13.899 ;
; bit_in[6]  ; bcd_out[10] ; 13.902 ; 13.902 ; 13.902 ; 13.902 ;
; bit_in[6]  ; bcd_out[11] ; 13.899 ; 13.899 ; 13.899 ; 13.899 ;
; bit_in[6]  ; bcd_out[12] ; 14.105 ; 14.105 ; 14.105 ; 14.105 ;
; bit_in[6]  ; bcd_out[13] ; 13.105 ; 13.105 ; 13.105 ; 13.105 ;
; bit_in[6]  ; bcd_out[14] ; 12.088 ; 12.088 ; 12.088 ; 12.088 ;
; bit_in[6]  ; bcd_out[15] ; 11.310 ;        ;        ; 11.310 ;
; bit_in[7]  ; bcd_out[1]  ; 14.227 ; 14.227 ; 14.227 ; 14.227 ;
; bit_in[7]  ; bcd_out[2]  ; 14.233 ; 14.233 ; 14.233 ; 14.233 ;
; bit_in[7]  ; bcd_out[3]  ; 14.486 ; 14.486 ; 14.486 ; 14.486 ;
; bit_in[7]  ; bcd_out[4]  ; 14.528 ; 14.528 ; 14.528 ; 14.528 ;
; bit_in[7]  ; bcd_out[5]  ; 14.828 ; 14.828 ; 14.828 ; 14.828 ;
; bit_in[7]  ; bcd_out[6]  ; 14.557 ; 14.557 ; 14.557 ; 14.557 ;
; bit_in[7]  ; bcd_out[7]  ; 14.548 ; 14.548 ; 14.548 ; 14.548 ;
; bit_in[7]  ; bcd_out[8]  ; 14.622 ; 14.622 ; 14.622 ; 14.622 ;
; bit_in[7]  ; bcd_out[9]  ; 14.822 ; 14.822 ; 14.822 ; 14.822 ;
; bit_in[7]  ; bcd_out[10] ; 14.825 ; 14.825 ; 14.825 ; 14.825 ;
; bit_in[7]  ; bcd_out[11] ; 14.822 ; 14.822 ; 14.822 ; 14.822 ;
; bit_in[7]  ; bcd_out[12] ; 15.028 ; 15.028 ; 15.028 ; 15.028 ;
; bit_in[7]  ; bcd_out[13] ; 14.339 ; 14.339 ; 14.339 ; 14.339 ;
; bit_in[7]  ; bcd_out[14] ; 13.421 ; 13.421 ; 13.421 ; 13.421 ;
; bit_in[7]  ; bcd_out[15] ; 12.703 ; 12.703 ; 12.703 ; 12.703 ;
; bit_in[8]  ; bcd_out[1]  ; 15.195 ; 15.195 ; 15.195 ; 15.195 ;
; bit_in[8]  ; bcd_out[2]  ; 15.201 ; 15.201 ; 15.201 ; 15.201 ;
; bit_in[8]  ; bcd_out[3]  ; 15.454 ; 15.454 ; 15.454 ; 15.454 ;
; bit_in[8]  ; bcd_out[4]  ; 15.496 ; 15.496 ; 15.496 ; 15.496 ;
; bit_in[8]  ; bcd_out[5]  ; 15.584 ; 15.584 ; 15.584 ; 15.584 ;
; bit_in[8]  ; bcd_out[6]  ; 15.313 ; 15.313 ; 15.313 ; 15.313 ;
; bit_in[8]  ; bcd_out[7]  ; 15.304 ; 15.304 ; 15.304 ; 15.304 ;
; bit_in[8]  ; bcd_out[8]  ; 15.378 ; 15.378 ; 15.378 ; 15.378 ;
; bit_in[8]  ; bcd_out[9]  ; 15.579 ; 15.579 ; 15.579 ; 15.579 ;
; bit_in[8]  ; bcd_out[10] ; 15.582 ; 15.582 ; 15.582 ; 15.582 ;
; bit_in[8]  ; bcd_out[11] ; 15.579 ; 15.579 ; 15.579 ; 15.579 ;
; bit_in[8]  ; bcd_out[12] ; 15.785 ; 15.785 ; 15.785 ; 15.785 ;
; bit_in[8]  ; bcd_out[13] ; 15.036 ; 15.036 ; 15.036 ; 15.036 ;
; bit_in[8]  ; bcd_out[14] ; 14.118 ; 14.118 ; 14.118 ; 14.118 ;
; bit_in[8]  ; bcd_out[15] ; 13.400 ; 13.400 ; 13.400 ; 13.400 ;
; bit_in[9]  ; bcd_out[1]  ; 12.656 ; 12.656 ; 12.656 ; 12.656 ;
; bit_in[9]  ; bcd_out[2]  ; 12.662 ; 12.662 ; 12.662 ; 12.662 ;
; bit_in[9]  ; bcd_out[3]  ; 12.915 ; 12.915 ; 12.915 ; 12.915 ;
; bit_in[9]  ; bcd_out[4]  ; 12.957 ; 12.957 ; 12.957 ; 12.957 ;
; bit_in[9]  ; bcd_out[5]  ; 13.045 ; 13.045 ; 13.045 ; 13.045 ;
; bit_in[9]  ; bcd_out[6]  ; 12.774 ; 12.774 ; 12.774 ; 12.774 ;
; bit_in[9]  ; bcd_out[7]  ; 12.765 ; 12.765 ; 12.765 ; 12.765 ;
; bit_in[9]  ; bcd_out[8]  ; 12.839 ; 12.839 ; 12.839 ; 12.839 ;
; bit_in[9]  ; bcd_out[9]  ; 13.040 ; 13.040 ; 13.040 ; 13.040 ;
; bit_in[9]  ; bcd_out[10] ; 13.043 ; 13.043 ; 13.043 ; 13.043 ;
; bit_in[9]  ; bcd_out[11] ; 13.040 ; 13.040 ; 13.040 ; 13.040 ;
; bit_in[9]  ; bcd_out[12] ; 13.246 ; 13.246 ; 13.246 ; 13.246 ;
; bit_in[9]  ; bcd_out[13] ; 12.497 ; 12.497 ; 12.497 ; 12.497 ;
; bit_in[9]  ; bcd_out[14] ; 11.579 ; 11.579 ; 11.579 ; 11.579 ;
; bit_in[9]  ; bcd_out[15] ; 10.861 ; 10.861 ; 10.861 ; 10.861 ;
; bit_in[10] ; bcd_out[1]  ; 16.339 ; 16.339 ; 16.339 ; 16.339 ;
; bit_in[10] ; bcd_out[2]  ; 16.345 ; 16.345 ; 16.345 ; 16.345 ;
; bit_in[10] ; bcd_out[3]  ; 16.598 ; 16.598 ; 16.598 ; 16.598 ;
; bit_in[10] ; bcd_out[4]  ; 16.640 ; 16.640 ; 16.640 ; 16.640 ;
; bit_in[10] ; bcd_out[5]  ; 16.728 ; 16.728 ; 16.728 ; 16.728 ;
; bit_in[10] ; bcd_out[6]  ; 16.457 ; 16.457 ; 16.457 ; 16.457 ;
; bit_in[10] ; bcd_out[7]  ; 16.448 ; 16.448 ; 16.448 ; 16.448 ;
; bit_in[10] ; bcd_out[8]  ; 16.522 ; 16.522 ; 16.522 ; 16.522 ;
; bit_in[10] ; bcd_out[9]  ; 16.723 ; 16.723 ; 16.723 ; 16.723 ;
; bit_in[10] ; bcd_out[10] ; 16.726 ; 16.726 ; 16.726 ; 16.726 ;
; bit_in[10] ; bcd_out[11] ; 16.723 ; 16.723 ; 16.723 ; 16.723 ;
; bit_in[10] ; bcd_out[12] ; 16.929 ; 16.929 ; 16.929 ; 16.929 ;
; bit_in[10] ; bcd_out[13] ; 16.180 ; 16.180 ; 16.180 ; 16.180 ;
; bit_in[10] ; bcd_out[14] ; 15.262 ; 15.262 ; 15.262 ; 15.262 ;
; bit_in[10] ; bcd_out[15] ; 14.544 ; 14.544 ; 14.544 ; 14.544 ;
; bit_in[11] ; bcd_out[1]  ; 16.095 ; 16.095 ; 16.095 ; 16.095 ;
; bit_in[11] ; bcd_out[2]  ; 16.101 ; 16.101 ; 16.101 ; 16.101 ;
; bit_in[11] ; bcd_out[3]  ; 16.354 ; 16.354 ; 16.354 ; 16.354 ;
; bit_in[11] ; bcd_out[4]  ; 16.396 ; 16.396 ; 16.396 ; 16.396 ;
; bit_in[11] ; bcd_out[5]  ; 16.484 ; 16.484 ; 16.484 ; 16.484 ;
; bit_in[11] ; bcd_out[6]  ; 16.213 ; 16.213 ; 16.213 ; 16.213 ;
; bit_in[11] ; bcd_out[7]  ; 16.204 ; 16.204 ; 16.204 ; 16.204 ;
; bit_in[11] ; bcd_out[8]  ; 16.278 ; 16.278 ; 16.278 ; 16.278 ;
; bit_in[11] ; bcd_out[9]  ; 16.479 ; 16.479 ; 16.479 ; 16.479 ;
; bit_in[11] ; bcd_out[10] ; 16.482 ; 16.482 ; 16.482 ; 16.482 ;
; bit_in[11] ; bcd_out[11] ; 16.479 ; 16.479 ; 16.479 ; 16.479 ;
; bit_in[11] ; bcd_out[12] ; 16.685 ; 16.685 ; 16.685 ; 16.685 ;
; bit_in[11] ; bcd_out[13] ; 15.936 ; 15.936 ; 15.936 ; 15.936 ;
; bit_in[11] ; bcd_out[14] ; 15.018 ; 15.018 ; 15.018 ; 15.018 ;
; bit_in[11] ; bcd_out[15] ; 14.300 ; 14.300 ; 14.300 ; 14.300 ;
; bit_in[12] ; bcd_out[1]  ; 16.332 ; 16.332 ; 16.332 ; 16.332 ;
; bit_in[12] ; bcd_out[2]  ; 16.338 ; 16.338 ; 16.338 ; 16.338 ;
; bit_in[12] ; bcd_out[3]  ; 16.591 ; 16.591 ; 16.591 ; 16.591 ;
; bit_in[12] ; bcd_out[4]  ; 16.633 ; 16.633 ; 16.633 ; 16.633 ;
; bit_in[12] ; bcd_out[5]  ; 16.721 ; 16.721 ; 16.721 ; 16.721 ;
; bit_in[12] ; bcd_out[6]  ; 16.450 ; 16.450 ; 16.450 ; 16.450 ;
; bit_in[12] ; bcd_out[7]  ; 16.441 ; 16.441 ; 16.441 ; 16.441 ;
; bit_in[12] ; bcd_out[8]  ; 16.515 ; 16.515 ; 16.515 ; 16.515 ;
; bit_in[12] ; bcd_out[9]  ; 16.716 ; 16.716 ; 16.716 ; 16.716 ;
; bit_in[12] ; bcd_out[10] ; 16.719 ; 16.719 ; 16.719 ; 16.719 ;
; bit_in[12] ; bcd_out[11] ; 16.716 ; 16.716 ; 16.716 ; 16.716 ;
; bit_in[12] ; bcd_out[12] ; 16.922 ; 16.922 ; 16.922 ; 16.922 ;
; bit_in[12] ; bcd_out[13] ; 16.173 ; 16.173 ; 16.173 ; 16.173 ;
; bit_in[12] ; bcd_out[14] ; 15.255 ; 15.255 ; 15.255 ; 15.255 ;
; bit_in[12] ; bcd_out[15] ; 14.537 ; 14.537 ; 14.537 ; 14.537 ;
+------------+-------------+--------+--------+--------+--------+


+----------------------------------------------------------+
; Minimum Progagation Delay                                ;
+------------+-------------+-------+-------+-------+-------+
; Input Port ; Output Port ; RR    ; RF    ; FR    ; FF    ;
+------------+-------------+-------+-------+-------+-------+
; bit_in[0]  ; bcd_out[0]  ; 2.572 ;       ;       ; 2.572 ;
; bit_in[1]  ; bcd_out[1]  ; 5.441 ; 5.441 ; 5.441 ; 5.441 ;
; bit_in[1]  ; bcd_out[2]  ; 5.444 ; 5.444 ; 5.444 ; 5.444 ;
; bit_in[1]  ; bcd_out[3]  ; 5.563 ; 5.563 ; 5.563 ; 5.563 ;
; bit_in[1]  ; bcd_out[4]  ; 5.583 ;       ;       ; 5.583 ;
; bit_in[2]  ; bcd_out[1]  ; 5.507 ; 5.507 ; 5.507 ; 5.507 ;
; bit_in[2]  ; bcd_out[2]  ; 5.509 ; 5.509 ; 5.509 ; 5.509 ;
; bit_in[2]  ; bcd_out[3]  ; 5.623 ; 5.623 ; 5.623 ; 5.623 ;
; bit_in[2]  ; bcd_out[4]  ; 5.653 ; 5.653 ; 5.653 ; 5.653 ;
; bit_in[2]  ; bcd_out[5]  ; 5.711 ; 5.711 ; 5.711 ; 5.711 ;
; bit_in[2]  ; bcd_out[6]  ; 5.573 ; 5.573 ; 5.573 ; 5.573 ;
; bit_in[2]  ; bcd_out[7]  ; 5.564 ; 5.564 ; 5.564 ; 5.564 ;
; bit_in[2]  ; bcd_out[8]  ; 5.606 ;       ;       ; 5.606 ;
; bit_in[3]  ; bcd_out[1]  ; 5.750 ; 5.750 ; 5.750 ; 5.750 ;
; bit_in[3]  ; bcd_out[2]  ; 5.752 ; 5.752 ; 5.752 ; 5.752 ;
; bit_in[3]  ; bcd_out[3]  ; 5.866 ; 5.866 ; 5.866 ; 5.866 ;
; bit_in[3]  ; bcd_out[4]  ; 5.896 ; 5.896 ; 5.896 ; 5.896 ;
; bit_in[3]  ; bcd_out[5]  ; 5.952 ; 5.952 ; 5.952 ; 5.952 ;
; bit_in[3]  ; bcd_out[6]  ; 5.814 ; 5.814 ; 5.814 ; 5.814 ;
; bit_in[3]  ; bcd_out[7]  ; 5.805 ; 5.805 ; 5.805 ; 5.805 ;
; bit_in[3]  ; bcd_out[8]  ; 5.847 ; 5.847 ; 5.847 ; 5.847 ;
; bit_in[3]  ; bcd_out[9]  ; 6.104 ; 6.104 ; 6.104 ; 6.104 ;
; bit_in[3]  ; bcd_out[10] ; 6.110 ; 6.110 ; 6.110 ; 6.110 ;
; bit_in[3]  ; bcd_out[11] ; 6.104 ; 6.104 ; 6.104 ; 6.104 ;
; bit_in[3]  ; bcd_out[12] ; 6.189 ;       ;       ; 6.189 ;
; bit_in[4]  ; bcd_out[1]  ; 5.962 ; 5.962 ; 5.962 ; 5.962 ;
; bit_in[4]  ; bcd_out[2]  ; 5.964 ; 5.964 ; 5.964 ; 5.964 ;
; bit_in[4]  ; bcd_out[3]  ; 6.078 ; 6.078 ; 6.078 ; 6.078 ;
; bit_in[4]  ; bcd_out[4]  ; 6.108 ; 6.108 ; 6.108 ; 6.108 ;
; bit_in[4]  ; bcd_out[5]  ; 6.164 ; 6.164 ; 6.164 ; 6.164 ;
; bit_in[4]  ; bcd_out[6]  ; 6.026 ; 6.026 ; 6.026 ; 6.026 ;
; bit_in[4]  ; bcd_out[7]  ; 6.017 ; 6.017 ; 6.017 ; 6.017 ;
; bit_in[4]  ; bcd_out[8]  ; 6.059 ; 6.059 ; 6.059 ; 6.059 ;
; bit_in[4]  ; bcd_out[9]  ; 6.153 ; 6.153 ; 6.153 ; 6.153 ;
; bit_in[4]  ; bcd_out[10] ; 6.158 ; 6.158 ; 6.158 ; 6.158 ;
; bit_in[4]  ; bcd_out[11] ; 6.153 ; 6.153 ; 6.153 ; 6.153 ;
; bit_in[4]  ; bcd_out[12] ; 6.238 ; 6.238 ; 6.238 ; 6.238 ;
; bit_in[4]  ; bcd_out[13] ; 6.071 ;       ;       ; 6.071 ;
; bit_in[5]  ; bcd_out[1]  ; 6.514 ; 6.514 ; 6.514 ; 6.514 ;
; bit_in[5]  ; bcd_out[2]  ; 6.516 ; 6.516 ; 6.516 ; 6.516 ;
; bit_in[5]  ; bcd_out[3]  ; 6.630 ; 6.630 ; 6.630 ; 6.630 ;
; bit_in[5]  ; bcd_out[4]  ; 6.660 ; 6.660 ; 6.660 ; 6.660 ;
; bit_in[5]  ; bcd_out[5]  ; 6.646 ; 6.646 ; 6.646 ; 6.646 ;
; bit_in[5]  ; bcd_out[6]  ; 6.520 ; 6.520 ; 6.520 ; 6.520 ;
; bit_in[5]  ; bcd_out[7]  ; 6.502 ; 6.502 ; 6.502 ; 6.502 ;
; bit_in[5]  ; bcd_out[8]  ; 6.544 ; 6.544 ; 6.544 ; 6.544 ;
; bit_in[5]  ; bcd_out[9]  ; 6.618 ; 6.618 ; 6.618 ; 6.618 ;
; bit_in[5]  ; bcd_out[10] ; 6.623 ; 6.623 ; 6.623 ; 6.623 ;
; bit_in[5]  ; bcd_out[11] ; 6.618 ; 6.618 ; 6.618 ; 6.618 ;
; bit_in[5]  ; bcd_out[12] ; 6.703 ; 6.703 ; 6.703 ; 6.703 ;
; bit_in[5]  ; bcd_out[13] ; 6.536 ; 6.536 ; 6.536 ; 6.536 ;
; bit_in[5]  ; bcd_out[14] ; 6.235 ;       ;       ; 6.235 ;
; bit_in[6]  ; bcd_out[1]  ; 6.584 ; 6.584 ; 6.584 ; 6.584 ;
; bit_in[6]  ; bcd_out[2]  ; 6.586 ; 6.586 ; 6.586 ; 6.586 ;
; bit_in[6]  ; bcd_out[3]  ; 6.700 ; 6.700 ; 6.700 ; 6.700 ;
; bit_in[6]  ; bcd_out[4]  ; 6.730 ; 6.730 ; 6.730 ; 6.730 ;
; bit_in[6]  ; bcd_out[5]  ; 6.609 ; 6.609 ; 6.609 ; 6.609 ;
; bit_in[6]  ; bcd_out[6]  ; 6.483 ; 6.483 ; 6.483 ; 6.483 ;
; bit_in[6]  ; bcd_out[7]  ; 6.465 ; 6.465 ; 6.465 ; 6.465 ;
; bit_in[6]  ; bcd_out[8]  ; 6.507 ; 6.507 ; 6.507 ; 6.507 ;
; bit_in[6]  ; bcd_out[9]  ; 6.350 ; 6.350 ; 6.350 ; 6.350 ;
; bit_in[6]  ; bcd_out[10] ; 6.355 ; 6.355 ; 6.355 ; 6.355 ;
; bit_in[6]  ; bcd_out[11] ; 6.350 ; 6.350 ; 6.350 ; 6.350 ;
; bit_in[6]  ; bcd_out[12] ; 6.435 ; 6.435 ; 6.435 ; 6.435 ;
; bit_in[6]  ; bcd_out[13] ; 6.270 ; 6.270 ; 6.270 ; 6.270 ;
; bit_in[6]  ; bcd_out[14] ; 5.932 ; 5.932 ; 5.932 ; 5.932 ;
; bit_in[6]  ; bcd_out[15] ; 6.091 ;       ;       ; 6.091 ;
; bit_in[7]  ; bcd_out[1]  ; 6.758 ; 6.758 ; 6.758 ; 6.758 ;
; bit_in[7]  ; bcd_out[2]  ; 6.760 ; 6.760 ; 6.760 ; 6.760 ;
; bit_in[7]  ; bcd_out[3]  ; 6.874 ; 6.874 ; 6.874 ; 6.874 ;
; bit_in[7]  ; bcd_out[4]  ; 6.904 ; 6.904 ; 6.904 ; 6.904 ;
; bit_in[7]  ; bcd_out[5]  ; 6.785 ; 6.785 ; 6.785 ; 6.785 ;
; bit_in[7]  ; bcd_out[6]  ; 6.659 ; 6.659 ; 6.659 ; 6.659 ;
; bit_in[7]  ; bcd_out[7]  ; 6.641 ; 6.641 ; 6.641 ; 6.641 ;
; bit_in[7]  ; bcd_out[8]  ; 6.683 ; 6.683 ; 6.683 ; 6.683 ;
; bit_in[7]  ; bcd_out[9]  ; 6.403 ; 6.403 ; 6.403 ; 6.403 ;
; bit_in[7]  ; bcd_out[10] ; 6.408 ; 6.408 ; 6.408 ; 6.408 ;
; bit_in[7]  ; bcd_out[11] ; 6.403 ; 6.403 ; 6.403 ; 6.403 ;
; bit_in[7]  ; bcd_out[12] ; 6.488 ; 6.488 ; 6.488 ; 6.488 ;
; bit_in[7]  ; bcd_out[13] ; 6.323 ; 6.323 ; 6.323 ; 6.323 ;
; bit_in[7]  ; bcd_out[14] ; 5.991 ; 5.991 ; 5.991 ; 5.991 ;
; bit_in[7]  ; bcd_out[15] ; 5.996 ; 6.267 ; 6.267 ; 5.996 ;
; bit_in[8]  ; bcd_out[1]  ; 7.014 ; 7.014 ; 7.014 ; 7.014 ;
; bit_in[8]  ; bcd_out[2]  ; 7.016 ; 7.016 ; 7.016 ; 7.016 ;
; bit_in[8]  ; bcd_out[3]  ; 7.130 ; 7.130 ; 7.130 ; 7.130 ;
; bit_in[8]  ; bcd_out[4]  ; 7.160 ; 7.160 ; 7.160 ; 7.160 ;
; bit_in[8]  ; bcd_out[5]  ; 7.041 ; 7.041 ; 7.041 ; 7.041 ;
; bit_in[8]  ; bcd_out[6]  ; 6.915 ; 6.915 ; 6.915 ; 6.915 ;
; bit_in[8]  ; bcd_out[7]  ; 6.897 ; 6.897 ; 6.897 ; 6.897 ;
; bit_in[8]  ; bcd_out[8]  ; 6.939 ; 6.939 ; 6.939 ; 6.939 ;
; bit_in[8]  ; bcd_out[9]  ; 6.172 ; 6.172 ; 6.172 ; 6.172 ;
; bit_in[8]  ; bcd_out[10] ; 6.177 ; 6.177 ; 6.177 ; 6.177 ;
; bit_in[8]  ; bcd_out[11] ; 6.172 ; 6.172 ; 6.172 ; 6.172 ;
; bit_in[8]  ; bcd_out[12] ; 6.257 ; 6.257 ; 6.257 ; 6.257 ;
; bit_in[8]  ; bcd_out[13] ; 6.092 ; 6.092 ; 6.092 ; 6.092 ;
; bit_in[8]  ; bcd_out[14] ; 5.760 ; 5.760 ; 5.760 ; 5.760 ;
; bit_in[8]  ; bcd_out[15] ; 5.941 ; 5.941 ; 5.941 ; 5.941 ;
; bit_in[9]  ; bcd_out[1]  ; 5.047 ; 5.047 ; 5.047 ; 5.047 ;
; bit_in[9]  ; bcd_out[2]  ; 5.049 ; 5.049 ; 5.049 ; 5.049 ;
; bit_in[9]  ; bcd_out[3]  ; 5.163 ; 5.163 ; 5.163 ; 5.163 ;
; bit_in[9]  ; bcd_out[4]  ; 5.193 ; 5.193 ; 5.193 ; 5.193 ;
; bit_in[9]  ; bcd_out[5]  ; 4.855 ; 4.855 ; 4.855 ; 4.855 ;
; bit_in[9]  ; bcd_out[6]  ; 4.729 ; 4.729 ; 4.729 ; 4.729 ;
; bit_in[9]  ; bcd_out[7]  ; 4.711 ; 4.711 ; 4.711 ; 4.711 ;
; bit_in[9]  ; bcd_out[8]  ; 4.753 ; 4.753 ; 4.753 ; 4.753 ;
; bit_in[9]  ; bcd_out[9]  ; 4.147 ; 4.147 ; 4.147 ; 4.147 ;
; bit_in[9]  ; bcd_out[10] ; 4.152 ; 4.152 ; 4.152 ; 4.152 ;
; bit_in[9]  ; bcd_out[11] ; 4.147 ; 4.147 ; 4.147 ; 4.147 ;
; bit_in[9]  ; bcd_out[12] ; 4.232 ; 4.232 ; 4.232 ; 4.232 ;
; bit_in[9]  ; bcd_out[13] ; 4.067 ; 4.067 ; 4.067 ; 4.067 ;
; bit_in[9]  ; bcd_out[14] ; 3.735 ; 3.735 ; 3.735 ; 3.735 ;
; bit_in[9]  ; bcd_out[15] ; 3.748 ; 3.748 ; 3.748 ; 3.748 ;
; bit_in[10] ; bcd_out[1]  ; 7.297 ; 7.297 ; 7.297 ; 7.297 ;
; bit_in[10] ; bcd_out[2]  ; 7.299 ; 7.299 ; 7.299 ; 7.299 ;
; bit_in[10] ; bcd_out[3]  ; 7.413 ; 7.413 ; 7.413 ; 7.413 ;
; bit_in[10] ; bcd_out[4]  ; 7.443 ; 7.443 ; 7.443 ; 7.443 ;
; bit_in[10] ; bcd_out[5]  ; 7.098 ; 7.098 ; 7.098 ; 7.098 ;
; bit_in[10] ; bcd_out[6]  ; 6.972 ; 6.972 ; 6.972 ; 6.972 ;
; bit_in[10] ; bcd_out[7]  ; 6.954 ; 6.954 ; 6.954 ; 6.954 ;
; bit_in[10] ; bcd_out[8]  ; 6.996 ; 6.996 ; 6.996 ; 6.996 ;
; bit_in[10] ; bcd_out[9]  ; 6.086 ; 6.086 ; 6.086 ; 6.086 ;
; bit_in[10] ; bcd_out[10] ; 6.091 ; 6.091 ; 6.091 ; 6.091 ;
; bit_in[10] ; bcd_out[11] ; 6.086 ; 6.086 ; 6.086 ; 6.086 ;
; bit_in[10] ; bcd_out[12] ; 6.171 ; 6.171 ; 6.171 ; 6.171 ;
; bit_in[10] ; bcd_out[13] ; 6.006 ; 6.006 ; 6.006 ; 6.006 ;
; bit_in[10] ; bcd_out[14] ; 5.674 ; 5.674 ; 5.674 ; 5.674 ;
; bit_in[10] ; bcd_out[15] ; 5.870 ; 5.991 ; 5.991 ; 5.870 ;
; bit_in[11] ; bcd_out[1]  ; 7.205 ; 7.205 ; 7.205 ; 7.205 ;
; bit_in[11] ; bcd_out[2]  ; 7.207 ; 7.207 ; 7.207 ; 7.207 ;
; bit_in[11] ; bcd_out[3]  ; 7.321 ; 7.321 ; 7.321 ; 7.321 ;
; bit_in[11] ; bcd_out[4]  ; 7.351 ; 7.351 ; 7.351 ; 7.351 ;
; bit_in[11] ; bcd_out[5]  ; 7.008 ; 7.008 ; 7.008 ; 7.008 ;
; bit_in[11] ; bcd_out[6]  ; 6.882 ; 6.882 ; 6.882 ; 6.882 ;
; bit_in[11] ; bcd_out[7]  ; 6.864 ; 6.864 ; 6.864 ; 6.864 ;
; bit_in[11] ; bcd_out[8]  ; 6.906 ; 6.906 ; 6.906 ; 6.906 ;
; bit_in[11] ; bcd_out[9]  ; 6.016 ; 6.016 ; 6.016 ; 6.016 ;
; bit_in[11] ; bcd_out[10] ; 6.021 ; 6.021 ; 6.021 ; 6.021 ;
; bit_in[11] ; bcd_out[11] ; 6.016 ; 6.016 ; 6.016 ; 6.016 ;
; bit_in[11] ; bcd_out[12] ; 6.101 ; 6.101 ; 6.101 ; 6.101 ;
; bit_in[11] ; bcd_out[13] ; 5.936 ; 5.936 ; 5.936 ; 5.936 ;
; bit_in[11] ; bcd_out[14] ; 5.604 ; 5.604 ; 5.604 ; 5.604 ;
; bit_in[11] ; bcd_out[15] ; 5.800 ; 5.901 ; 5.901 ; 5.800 ;
; bit_in[12] ; bcd_out[1]  ; 7.289 ; 7.289 ; 7.289 ; 7.289 ;
; bit_in[12] ; bcd_out[2]  ; 7.291 ; 7.291 ; 7.291 ; 7.291 ;
; bit_in[12] ; bcd_out[3]  ; 7.405 ; 7.405 ; 7.405 ; 7.405 ;
; bit_in[12] ; bcd_out[4]  ; 7.435 ; 7.435 ; 7.435 ; 7.435 ;
; bit_in[12] ; bcd_out[5]  ; 7.093 ; 7.093 ; 7.093 ; 7.093 ;
; bit_in[12] ; bcd_out[6]  ; 6.967 ; 6.967 ; 6.967 ; 6.967 ;
; bit_in[12] ; bcd_out[7]  ; 6.949 ; 6.949 ; 6.949 ; 6.949 ;
; bit_in[12] ; bcd_out[8]  ; 6.991 ; 6.991 ; 6.991 ; 6.991 ;
; bit_in[12] ; bcd_out[9]  ; 6.001 ; 6.001 ; 6.001 ; 6.001 ;
; bit_in[12] ; bcd_out[10] ; 6.006 ; 6.006 ; 6.006 ; 6.006 ;
; bit_in[12] ; bcd_out[11] ; 6.001 ; 6.001 ; 6.001 ; 6.001 ;
; bit_in[12] ; bcd_out[12] ; 6.086 ; 6.086 ; 6.086 ; 6.086 ;
; bit_in[12] ; bcd_out[13] ; 5.921 ; 5.921 ; 5.921 ; 5.921 ;
; bit_in[12] ; bcd_out[14] ; 5.589 ; 5.589 ; 5.589 ; 5.589 ;
; bit_in[12] ; bcd_out[15] ; 5.785 ; 5.986 ; 5.986 ; 5.785 ;
+------------+-------------+-------+-------+-------+-------+


-------------------
; Clock Transfers ;
-------------------
Nothing to report.


---------------
; Report TCCS ;
---------------
No dedicated SERDES Transmitter circuitry present in device or used in design


---------------
; Report RSKM ;
---------------
No dedicated SERDES Receiver circuitry present in device or used in design


+------------------------------------------------+
; Unconstrained Paths                            ;
+---------------------------------+-------+------+
; Property                        ; Setup ; Hold ;
+---------------------------------+-------+------+
; Illegal Clocks                  ; 0     ; 0    ;
; Unconstrained Clocks            ; 0     ; 0    ;
; Unconstrained Input Ports       ; 13    ; 13   ;
; Unconstrained Input Port Paths  ; 157   ; 157  ;
; Unconstrained Output Ports      ; 16    ; 16   ;
; Unconstrained Output Port Paths ; 157   ; 157  ;
+---------------------------------+-------+------+


+------------------------------------+
; TimeQuest Timing Analyzer Messages ;
+------------------------------------+
Info: *******************************************************************
Info: Running Quartus II 64-Bit TimeQuest Timing Analyzer
    Info: Version 13.0.0 Build 156 04/24/2013 SJ Web Edition
    Info: Processing started: Wed Mar 11 00:19:38 2020
Info: Command: quartus_sta bitToBcd -c bitToBcd
Info: qsta_default_script.tcl version: #1
Warning (20028): Parallel compilation is not licensed and has been disabled
Info (21077): Low junction temperature is 0 degrees C
Info (21077): High junction temperature is 85 degrees C
Critical Warning (332012): Synopsys Design Constraints File file not found: 'bitToBcd.sdc'. A Synopsys Design Constraints File is required by the TimeQuest Timing Analyzer to get proper timing constraints. Without it, the Compiler will not properly optimize the design.
Info (332142): No user constrained base clocks found in the design. Calling "derive_clocks -period 1.0"
Info (332096): The command derive_clocks did not find any clocks to derive.  No clocks were created or changed.
Warning (332068): No clocks defined in design.
Info: Found TIMEQUEST_REPORT_SCRIPT_INCLUDE_DEFAULT_ANALYSIS = ON
Info (332159): No clocks to report
Info: Analyzing Slow Model
Info (332140): No fmax paths to report
Info (332140): No Setup paths to report
Info (332140): No Hold paths to report
Info (332140): No Recovery paths to report
Info (332140): No Removal paths to report
Info (332140): No Minimum Pulse Width paths to report
Info (332001): The selected device family is not supported by the report_metastability command.
Info: Analyzing Fast Model
Info (332142): No user constrained base clocks found in the design. Calling "derive_clocks -period 1.0"
Info (332096): The command derive_clocks did not find any clocks to derive.  No clocks were created or changed.
Warning (332068): No clocks defined in design.
Info (332140): No Setup paths to report
Info (332140): No Hold paths to report
Info (332140): No Recovery paths to report
Info (332140): No Removal paths to report
Info (332140): No Minimum Pulse Width paths to report
Info (332001): The selected device family is not supported by the report_metastability command.
Info (332102): Design is not fully constrained for setup requirements
Info (332102): Design is not fully constrained for hold requirements
Info: Quartus II 64-Bit TimeQuest Timing Analyzer was successful. 0 errors, 4 warnings
    Info: Peak virtual memory: 4544 megabytes
    Info: Processing ended: Wed Mar 11 00:19:39 2020
    Info: Elapsed time: 00:00:01
    Info: Total CPU time (on all processors): 00:00:01


