Simulator report for bitToBcd
Wed Mar 11 00:23:08 2020
Quartus II 64-Bit Version 13.0.0 Build 156 04/24/2013 SJ Web Edition


---------------------
; Table of Contents ;
---------------------
  1. Legal Notice
  2. Simulator Summary
  3. Simulator Settings
  4. Simulation Waveforms
  5. Coverage Summary
  6. Complete 1/0-Value Coverage
  7. Missing 1-Value Coverage
  8. Missing 0-Value Coverage
  9. Simulator INI Usage
 10. Simulator Messages



----------------
; Legal Notice ;
----------------
Copyright (C) 1991-2013 Altera Corporation
Your use of Altera Corporation's design tools, logic functions 
and other software and tools, and its AMPP partner logic 
functions, and any output files from any of the foregoing 
(including device programming or simulation files), and any 
associated documentation or information are expressly subject 
to the terms and conditions of the Altera Program License 
Subscription Agreement, Altera MegaCore Function License 
Agreement, or other applicable license agreement, including, 
without limitation, that your use is for the sole purpose of 
programming logic devices manufactured by Altera and sold by 
Altera or its authorized distributors.  Please refer to the 
applicable agreement for further details.



+--------------------------------------------+
; Simulator Summary                          ;
+-----------------------------+--------------+
; Type                        ; Value        ;
+-----------------------------+--------------+
; Simulation Start Time       ; 0 ps         ;
; Simulation End Time         ; 1.0 us       ;
; Simulation Netlist Size     ; 365 nodes    ;
; Simulation Coverage         ;       0.00 % ;
; Total Number of Transitions ; 0            ;
; Simulation Breakpoints      ; 0            ;
; Family                      ; Cyclone II   ;
+-----------------------------+--------------+


+--------------------------------------------------------------------------------------------------------------------------------------------------------------------------------------------------+
; Simulator Settings                                                                                                                                                                               ;
+--------------------------------------------------------------------------------------------+-------------------------------------------------------------------------------------+---------------+
; Option                                                                                     ; Setting                                                                             ; Default Value ;
+--------------------------------------------------------------------------------------------+-------------------------------------------------------------------------------------+---------------+
; Simulation mode                                                                            ; Functional                                                                          ; Timing        ;
; Start time                                                                                 ; 0 ns                                                                                ; 0 ns          ;
; Simulation results format                                                                  ; VWF                                                                                 ;               ;
; Vector input source                                                                        ; C:/Users/Aty/Documents/UFRN/Sistemas Digitais/Componentes/BITBCD/bitToBcd13bits.vwf ;               ;
; Add pins automatically to simulation output waveforms                                      ; On                                                                                  ; On            ;
; Check outputs                                                                              ; Off                                                                                 ; Off           ;
; Report simulation coverage                                                                 ; On                                                                                  ; On            ;
; Display complete 1/0 value coverage report                                                 ; On                                                                                  ; On            ;
; Display missing 1-value coverage report                                                    ; On                                                                                  ; On            ;
; Display missing 0-value coverage report                                                    ; On                                                                                  ; On            ;
; Detect setup and hold time violations                                                      ; Off                                                                                 ; Off           ;
; Detect glitches                                                                            ; Off                                                                                 ; Off           ;
; Disable timing delays in Timing Simulation                                                 ; Off                                                                                 ; Off           ;
; Generate Signal Activity File                                                              ; Off                                                                                 ; Off           ;
; Generate VCD File for PowerPlay Power Analyzer                                             ; Off                                                                                 ; Off           ;
; Group bus channels in simulation results                                                   ; Off                                                                                 ; Off           ;
; Preserve fewer signal transitions to reduce memory requirements                            ; On                                                                                  ; On            ;
; Trigger vector comparison with the specified mode                                          ; INPUT_EDGE                                                                          ; INPUT_EDGE    ;
; Disable setup and hold time violations detection in input registers of bi-directional pins ; Off                                                                                 ; Off           ;
; Overwrite Waveform Inputs With Simulation Outputs                                          ; Off                                                                                 ;               ;
; Perform Glitch Filtering in Timing Simulation                                              ; Auto                                                                                ; Auto          ;
+--------------------------------------------------------------------------------------------+-------------------------------------------------------------------------------------+---------------+


+----------------------+
; Simulation Waveforms ;
+----------------------+
Waveform report data cannot be output to ASCII.
Please use Quartus II 64-Bit to view the waveform report data.


+--------------------------------------------------------------------+
; Coverage Summary                                                   ;
+-----------------------------------------------------+--------------+
; Type                                                ; Value        ;
+-----------------------------------------------------+--------------+
; Total coverage as a percentage                      ;       0.00 % ;
; Total nodes checked                                 ; 365          ;
; Total output ports checked                          ; 365          ;
; Total output ports with complete 1/0-value coverage ; 0            ;
; Total output ports with no 1/0-value coverage       ; 365          ;
; Total output ports with no 1-value coverage         ; 365          ;
; Total output ports with no 0-value coverage         ; 365          ;
+-----------------------------------------------------+--------------+


The following table displays output ports that toggle between 1 and 0 during simulation.
+-------------------------------------------------+
; Complete 1/0-Value Coverage                     ;
+-----------+------------------+------------------+
; Node Name ; Output Port Name ; Output Port Type ;
+-----------+------------------+------------------+


The following table displays output ports that do not toggle to 1 during simulation.
+------------------------------------------------------------------------------------------------------------------+
; Missing 1-Value Coverage                                                                                         ;
+-----------------------------------------------+-----------------------------------------------+------------------+
; Node Name                                     ; Output Port Name                              ; Output Port Type ;
+-----------------------------------------------+-----------------------------------------------+------------------+
; |bitToBcd13bits|bit_in[0]                     ; |bitToBcd13bits|bit_in[0]                     ; out              ;
; |bitToBcd13bits|bit_in[1]                     ; |bitToBcd13bits|bit_in[1]                     ; out              ;
; |bitToBcd13bits|bit_in[2]                     ; |bitToBcd13bits|bit_in[2]                     ; out              ;
; |bitToBcd13bits|bit_in[3]                     ; |bitToBcd13bits|bit_in[3]                     ; out              ;
; |bitToBcd13bits|bit_in[4]                     ; |bitToBcd13bits|bit_in[4]                     ; out              ;
; |bitToBcd13bits|bit_in[5]                     ; |bitToBcd13bits|bit_in[5]                     ; out              ;
; |bitToBcd13bits|bit_in[6]                     ; |bitToBcd13bits|bit_in[6]                     ; out              ;
; |bitToBcd13bits|bit_in[7]                     ; |bitToBcd13bits|bit_in[7]                     ; out              ;
; |bitToBcd13bits|bit_in[8]                     ; |bitToBcd13bits|bit_in[8]                     ; out              ;
; |bitToBcd13bits|bit_in[9]                     ; |bitToBcd13bits|bit_in[9]                     ; out              ;
; |bitToBcd13bits|bit_in[10]                    ; |bitToBcd13bits|bit_in[10]                    ; out              ;
; |bitToBcd13bits|bit_in[11]                    ; |bitToBcd13bits|bit_in[11]                    ; out              ;
; |bitToBcd13bits|bit_in[12]                    ; |bitToBcd13bits|bit_in[12]                    ; out              ;
; |bitToBcd13bits|bcd_out[0]                    ; |bitToBcd13bits|bcd_out[0]                    ; pin_out          ;
; |bitToBcd13bits|bcd_out[1]                    ; |bitToBcd13bits|bcd_out[1]                    ; pin_out          ;
; |bitToBcd13bits|bcd_out[2]                    ; |bitToBcd13bits|bcd_out[2]                    ; pin_out          ;
; |bitToBcd13bits|bcd_out[3]                    ; |bitToBcd13bits|bcd_out[3]                    ; pin_out          ;
; |bitToBcd13bits|bcd_out[4]                    ; |bitToBcd13bits|bcd_out[4]                    ; pin_out          ;
; |bitToBcd13bits|bcd_out[5]                    ; |bitToBcd13bits|bcd_out[5]                    ; pin_out          ;
; |bitToBcd13bits|bcd_out[6]                    ; |bitToBcd13bits|bcd_out[6]                    ; pin_out          ;
; |bitToBcd13bits|bcd_out[7]                    ; |bitToBcd13bits|bcd_out[7]                    ; pin_out          ;
; |bitToBcd13bits|bcd_out[8]                    ; |bitToBcd13bits|bcd_out[8]                    ; pin_out          ;
; |bitToBcd13bits|bcd_out[9]                    ; |bitToBcd13bits|bcd_out[9]                    ; pin_out          ;
; |bitToBcd13bits|bcd_out[10]                   ; |bitToBcd13bits|bcd_out[10]                   ; pin_out          ;
; |bitToBcd13bits|bcd_out[11]                   ; |bitToBcd13bits|bcd_out[11]                   ; pin_out          ;
; |bitToBcd13bits|bcd_out[12]                   ; |bitToBcd13bits|bcd_out[12]                   ; pin_out          ;
; |bitToBcd13bits|bcd_out[13]                   ; |bitToBcd13bits|bcd_out[13]                   ; pin_out          ;
; |bitToBcd13bits|bcd_out[14]                   ; |bitToBcd13bits|bcd_out[14]                   ; pin_out          ;
; |bitToBcd13bits|bcd_out[15]                   ; |bitToBcd13bits|bcd_out[15]                   ; pin_out          ;
; |bitToBcd13bits|ciBitToBcd:ciBtB21|BtB_out~0  ; |bitToBcd13bits|ciBitToBcd:ciBtB21|BtB_out~0  ; out0             ;
; |bitToBcd13bits|ciBitToBcd:ciBtB21|BtB_out~1  ; |bitToBcd13bits|ciBitToBcd:ciBtB21|BtB_out~1  ; out0             ;
; |bitToBcd13bits|ciBitToBcd:ciBtB21|BtB_out[3] ; |bitToBcd13bits|ciBitToBcd:ciBtB21|BtB_out[3] ; out0             ;
; |bitToBcd13bits|ciBitToBcd:ciBtB21|BtB_out~3  ; |bitToBcd13bits|ciBitToBcd:ciBtB21|BtB_out~3  ; out0             ;
; |bitToBcd13bits|ciBitToBcd:ciBtB21|BtB_out~4  ; |bitToBcd13bits|ciBitToBcd:ciBtB21|BtB_out~4  ; out0             ;
; |bitToBcd13bits|ciBitToBcd:ciBtB21|BtB_out~5  ; |bitToBcd13bits|ciBitToBcd:ciBtB21|BtB_out~5  ; out0             ;
; |bitToBcd13bits|ciBitToBcd:ciBtB21|BtB_out[2] ; |bitToBcd13bits|ciBitToBcd:ciBtB21|BtB_out[2] ; out0             ;
; |bitToBcd13bits|ciBitToBcd:ciBtB21|BtB_out~7  ; |bitToBcd13bits|ciBitToBcd:ciBtB21|BtB_out~7  ; out0             ;
; |bitToBcd13bits|ciBitToBcd:ciBtB21|BtB_out~8  ; |bitToBcd13bits|ciBitToBcd:ciBtB21|BtB_out~8  ; out0             ;
; |bitToBcd13bits|ciBitToBcd:ciBtB21|BtB_out~9  ; |bitToBcd13bits|ciBitToBcd:ciBtB21|BtB_out~9  ; out0             ;
; |bitToBcd13bits|ciBitToBcd:ciBtB21|BtB_out[1] ; |bitToBcd13bits|ciBitToBcd:ciBtB21|BtB_out[1] ; out0             ;
; |bitToBcd13bits|ciBitToBcd:ciBtB21|BtB_out~11 ; |bitToBcd13bits|ciBitToBcd:ciBtB21|BtB_out~11 ; out0             ;
; |bitToBcd13bits|ciBitToBcd:ciBtB21|BtB_out~12 ; |bitToBcd13bits|ciBitToBcd:ciBtB21|BtB_out~12 ; out0             ;
; |bitToBcd13bits|ciBitToBcd:ciBtB21|BtB_out~13 ; |bitToBcd13bits|ciBitToBcd:ciBtB21|BtB_out~13 ; out0             ;
; |bitToBcd13bits|ciBitToBcd:ciBtB21|BtB_out~14 ; |bitToBcd13bits|ciBitToBcd:ciBtB21|BtB_out~14 ; out0             ;
; |bitToBcd13bits|ciBitToBcd:ciBtB21|BtB_out~15 ; |bitToBcd13bits|ciBitToBcd:ciBtB21|BtB_out~15 ; out0             ;
; |bitToBcd13bits|ciBitToBcd:ciBtB21|BtB_out[0] ; |bitToBcd13bits|ciBitToBcd:ciBtB21|BtB_out[0] ; out0             ;
; |bitToBcd13bits|ciBitToBcd:ciBtB20|BtB_out~0  ; |bitToBcd13bits|ciBitToBcd:ciBtB20|BtB_out~0  ; out0             ;
; |bitToBcd13bits|ciBitToBcd:ciBtB20|BtB_out~1  ; |bitToBcd13bits|ciBitToBcd:ciBtB20|BtB_out~1  ; out0             ;
; |bitToBcd13bits|ciBitToBcd:ciBtB20|BtB_out[3] ; |bitToBcd13bits|ciBitToBcd:ciBtB20|BtB_out[3] ; out0             ;
; |bitToBcd13bits|ciBitToBcd:ciBtB20|BtB_out~3  ; |bitToBcd13bits|ciBitToBcd:ciBtB20|BtB_out~3  ; out0             ;
; |bitToBcd13bits|ciBitToBcd:ciBtB20|BtB_out~4  ; |bitToBcd13bits|ciBitToBcd:ciBtB20|BtB_out~4  ; out0             ;
; |bitToBcd13bits|ciBitToBcd:ciBtB20|BtB_out~5  ; |bitToBcd13bits|ciBitToBcd:ciBtB20|BtB_out~5  ; out0             ;
; |bitToBcd13bits|ciBitToBcd:ciBtB20|BtB_out[2] ; |bitToBcd13bits|ciBitToBcd:ciBtB20|BtB_out[2] ; out0             ;
; |bitToBcd13bits|ciBitToBcd:ciBtB20|BtB_out~7  ; |bitToBcd13bits|ciBitToBcd:ciBtB20|BtB_out~7  ; out0             ;
; |bitToBcd13bits|ciBitToBcd:ciBtB20|BtB_out~8  ; |bitToBcd13bits|ciBitToBcd:ciBtB20|BtB_out~8  ; out0             ;
; |bitToBcd13bits|ciBitToBcd:ciBtB20|BtB_out~9  ; |bitToBcd13bits|ciBitToBcd:ciBtB20|BtB_out~9  ; out0             ;
; |bitToBcd13bits|ciBitToBcd:ciBtB20|BtB_out[1] ; |bitToBcd13bits|ciBitToBcd:ciBtB20|BtB_out[1] ; out0             ;
; |bitToBcd13bits|ciBitToBcd:ciBtB20|BtB_out~11 ; |bitToBcd13bits|ciBitToBcd:ciBtB20|BtB_out~11 ; out0             ;
; |bitToBcd13bits|ciBitToBcd:ciBtB20|BtB_out~12 ; |bitToBcd13bits|ciBitToBcd:ciBtB20|BtB_out~12 ; out0             ;
; |bitToBcd13bits|ciBitToBcd:ciBtB20|BtB_out~13 ; |bitToBcd13bits|ciBitToBcd:ciBtB20|BtB_out~13 ; out0             ;
; |bitToBcd13bits|ciBitToBcd:ciBtB20|BtB_out~14 ; |bitToBcd13bits|ciBitToBcd:ciBtB20|BtB_out~14 ; out0             ;
; |bitToBcd13bits|ciBitToBcd:ciBtB20|BtB_out~15 ; |bitToBcd13bits|ciBitToBcd:ciBtB20|BtB_out~15 ; out0             ;
; |bitToBcd13bits|ciBitToBcd:ciBtB20|BtB_out[0] ; |bitToBcd13bits|ciBitToBcd:ciBtB20|BtB_out[0] ; out0             ;
; |bitToBcd13bits|ciBitToBcd:ciBtB19|BtB_out~0  ; |bitToBcd13bits|ciBitToBcd:ciBtB19|BtB_out~0  ; out0             ;
; |bitToBcd13bits|ciBitToBcd:ciBtB19|BtB_out~1  ; |bitToBcd13bits|ciBitToBcd:ciBtB19|BtB_out~1  ; out0             ;
; |bitToBcd13bits|ciBitToBcd:ciBtB19|BtB_out[3] ; |bitToBcd13bits|ciBitToBcd:ciBtB19|BtB_out[3] ; out0             ;
; |bitToBcd13bits|ciBitToBcd:ciBtB19|BtB_out~3  ; |bitToBcd13bits|ciBitToBcd:ciBtB19|BtB_out~3  ; out0             ;
; |bitToBcd13bits|ciBitToBcd:ciBtB19|BtB_out~4  ; |bitToBcd13bits|ciBitToBcd:ciBtB19|BtB_out~4  ; out0             ;
; |bitToBcd13bits|ciBitToBcd:ciBtB19|BtB_out~5  ; |bitToBcd13bits|ciBitToBcd:ciBtB19|BtB_out~5  ; out0             ;
; |bitToBcd13bits|ciBitToBcd:ciBtB19|BtB_out[2] ; |bitToBcd13bits|ciBitToBcd:ciBtB19|BtB_out[2] ; out0             ;
; |bitToBcd13bits|ciBitToBcd:ciBtB19|BtB_out~7  ; |bitToBcd13bits|ciBitToBcd:ciBtB19|BtB_out~7  ; out0             ;
; |bitToBcd13bits|ciBitToBcd:ciBtB19|BtB_out~8  ; |bitToBcd13bits|ciBitToBcd:ciBtB19|BtB_out~8  ; out0             ;
; |bitToBcd13bits|ciBitToBcd:ciBtB19|BtB_out~9  ; |bitToBcd13bits|ciBitToBcd:ciBtB19|BtB_out~9  ; out0             ;
; |bitToBcd13bits|ciBitToBcd:ciBtB19|BtB_out[1] ; |bitToBcd13bits|ciBitToBcd:ciBtB19|BtB_out[1] ; out0             ;
; |bitToBcd13bits|ciBitToBcd:ciBtB19|BtB_out~11 ; |bitToBcd13bits|ciBitToBcd:ciBtB19|BtB_out~11 ; out0             ;
; |bitToBcd13bits|ciBitToBcd:ciBtB19|BtB_out~12 ; |bitToBcd13bits|ciBitToBcd:ciBtB19|BtB_out~12 ; out0             ;
; |bitToBcd13bits|ciBitToBcd:ciBtB19|BtB_out~13 ; |bitToBcd13bits|ciBitToBcd:ciBtB19|BtB_out~13 ; out0             ;
; |bitToBcd13bits|ciBitToBcd:ciBtB19|BtB_out~14 ; |bitToBcd13bits|ciBitToBcd:ciBtB19|BtB_out~14 ; out0             ;
; |bitToBcd13bits|ciBitToBcd:ciBtB19|BtB_out~15 ; |bitToBcd13bits|ciBitToBcd:ciBtB19|BtB_out~15 ; out0             ;
; |bitToBcd13bits|ciBitToBcd:ciBtB19|BtB_out[0] ; |bitToBcd13bits|ciBitToBcd:ciBtB19|BtB_out[0] ; out0             ;
; |bitToBcd13bits|ciBitToBcd:ciBtB18|BtB_out~0  ; |bitToBcd13bits|ciBitToBcd:ciBtB18|BtB_out~0  ; out0             ;
; |bitToBcd13bits|ciBitToBcd:ciBtB18|BtB_out~1  ; |bitToBcd13bits|ciBitToBcd:ciBtB18|BtB_out~1  ; out0             ;
; |bitToBcd13bits|ciBitToBcd:ciBtB18|BtB_out[3] ; |bitToBcd13bits|ciBitToBcd:ciBtB18|BtB_out[3] ; out0             ;
; |bitToBcd13bits|ciBitToBcd:ciBtB18|BtB_out~3  ; |bitToBcd13bits|ciBitToBcd:ciBtB18|BtB_out~3  ; out0             ;
; |bitToBcd13bits|ciBitToBcd:ciBtB18|BtB_out~4  ; |bitToBcd13bits|ciBitToBcd:ciBtB18|BtB_out~4  ; out0             ;
; |bitToBcd13bits|ciBitToBcd:ciBtB18|BtB_out~5  ; |bitToBcd13bits|ciBitToBcd:ciBtB18|BtB_out~5  ; out0             ;
; |bitToBcd13bits|ciBitToBcd:ciBtB18|BtB_out[2] ; |bitToBcd13bits|ciBitToBcd:ciBtB18|BtB_out[2] ; out0             ;
; |bitToBcd13bits|ciBitToBcd:ciBtB18|BtB_out~7  ; |bitToBcd13bits|ciBitToBcd:ciBtB18|BtB_out~7  ; out0             ;
; |bitToBcd13bits|ciBitToBcd:ciBtB18|BtB_out~8  ; |bitToBcd13bits|ciBitToBcd:ciBtB18|BtB_out~8  ; out0             ;
; |bitToBcd13bits|ciBitToBcd:ciBtB18|BtB_out~9  ; |bitToBcd13bits|ciBitToBcd:ciBtB18|BtB_out~9  ; out0             ;
; |bitToBcd13bits|ciBitToBcd:ciBtB18|BtB_out[1] ; |bitToBcd13bits|ciBitToBcd:ciBtB18|BtB_out[1] ; out0             ;
; |bitToBcd13bits|ciBitToBcd:ciBtB18|BtB_out~11 ; |bitToBcd13bits|ciBitToBcd:ciBtB18|BtB_out~11 ; out0             ;
; |bitToBcd13bits|ciBitToBcd:ciBtB18|BtB_out~12 ; |bitToBcd13bits|ciBitToBcd:ciBtB18|BtB_out~12 ; out0             ;
; |bitToBcd13bits|ciBitToBcd:ciBtB18|BtB_out~13 ; |bitToBcd13bits|ciBitToBcd:ciBtB18|BtB_out~13 ; out0             ;
; |bitToBcd13bits|ciBitToBcd:ciBtB18|BtB_out~14 ; |bitToBcd13bits|ciBitToBcd:ciBtB18|BtB_out~14 ; out0             ;
; |bitToBcd13bits|ciBitToBcd:ciBtB18|BtB_out~15 ; |bitToBcd13bits|ciBitToBcd:ciBtB18|BtB_out~15 ; out0             ;
; |bitToBcd13bits|ciBitToBcd:ciBtB18|BtB_out[0] ; |bitToBcd13bits|ciBitToBcd:ciBtB18|BtB_out[0] ; out0             ;
; |bitToBcd13bits|ciBitToBcd:ciBtB17|BtB_out~0  ; |bitToBcd13bits|ciBitToBcd:ciBtB17|BtB_out~0  ; out0             ;
; |bitToBcd13bits|ciBitToBcd:ciBtB17|BtB_out~1  ; |bitToBcd13bits|ciBitToBcd:ciBtB17|BtB_out~1  ; out0             ;
; |bitToBcd13bits|ciBitToBcd:ciBtB17|BtB_out[3] ; |bitToBcd13bits|ciBitToBcd:ciBtB17|BtB_out[3] ; out0             ;
; |bitToBcd13bits|ciBitToBcd:ciBtB17|BtB_out~3  ; |bitToBcd13bits|ciBitToBcd:ciBtB17|BtB_out~3  ; out0             ;
; |bitToBcd13bits|ciBitToBcd:ciBtB17|BtB_out~4  ; |bitToBcd13bits|ciBitToBcd:ciBtB17|BtB_out~4  ; out0             ;
; |bitToBcd13bits|ciBitToBcd:ciBtB17|BtB_out~5  ; |bitToBcd13bits|ciBitToBcd:ciBtB17|BtB_out~5  ; out0             ;
; |bitToBcd13bits|ciBitToBcd:ciBtB17|BtB_out[2] ; |bitToBcd13bits|ciBitToBcd:ciBtB17|BtB_out[2] ; out0             ;
; |bitToBcd13bits|ciBitToBcd:ciBtB17|BtB_out~7  ; |bitToBcd13bits|ciBitToBcd:ciBtB17|BtB_out~7  ; out0             ;
; |bitToBcd13bits|ciBitToBcd:ciBtB17|BtB_out~8  ; |bitToBcd13bits|ciBitToBcd:ciBtB17|BtB_out~8  ; out0             ;
; |bitToBcd13bits|ciBitToBcd:ciBtB17|BtB_out~9  ; |bitToBcd13bits|ciBitToBcd:ciBtB17|BtB_out~9  ; out0             ;
; |bitToBcd13bits|ciBitToBcd:ciBtB17|BtB_out[1] ; |bitToBcd13bits|ciBitToBcd:ciBtB17|BtB_out[1] ; out0             ;
; |bitToBcd13bits|ciBitToBcd:ciBtB17|BtB_out~11 ; |bitToBcd13bits|ciBitToBcd:ciBtB17|BtB_out~11 ; out0             ;
; |bitToBcd13bits|ciBitToBcd:ciBtB17|BtB_out~12 ; |bitToBcd13bits|ciBitToBcd:ciBtB17|BtB_out~12 ; out0             ;
; |bitToBcd13bits|ciBitToBcd:ciBtB17|BtB_out~13 ; |bitToBcd13bits|ciBitToBcd:ciBtB17|BtB_out~13 ; out0             ;
; |bitToBcd13bits|ciBitToBcd:ciBtB17|BtB_out~14 ; |bitToBcd13bits|ciBitToBcd:ciBtB17|BtB_out~14 ; out0             ;
; |bitToBcd13bits|ciBitToBcd:ciBtB17|BtB_out~15 ; |bitToBcd13bits|ciBitToBcd:ciBtB17|BtB_out~15 ; out0             ;
; |bitToBcd13bits|ciBitToBcd:ciBtB17|BtB_out[0] ; |bitToBcd13bits|ciBitToBcd:ciBtB17|BtB_out[0] ; out0             ;
; |bitToBcd13bits|ciBitToBcd:ciBtB16|BtB_out~0  ; |bitToBcd13bits|ciBitToBcd:ciBtB16|BtB_out~0  ; out0             ;
; |bitToBcd13bits|ciBitToBcd:ciBtB16|BtB_out~1  ; |bitToBcd13bits|ciBitToBcd:ciBtB16|BtB_out~1  ; out0             ;
; |bitToBcd13bits|ciBitToBcd:ciBtB16|BtB_out[3] ; |bitToBcd13bits|ciBitToBcd:ciBtB16|BtB_out[3] ; out0             ;
; |bitToBcd13bits|ciBitToBcd:ciBtB16|BtB_out~3  ; |bitToBcd13bits|ciBitToBcd:ciBtB16|BtB_out~3  ; out0             ;
; |bitToBcd13bits|ciBitToBcd:ciBtB16|BtB_out~4  ; |bitToBcd13bits|ciBitToBcd:ciBtB16|BtB_out~4  ; out0             ;
; |bitToBcd13bits|ciBitToBcd:ciBtB16|BtB_out~5  ; |bitToBcd13bits|ciBitToBcd:ciBtB16|BtB_out~5  ; out0             ;
; |bitToBcd13bits|ciBitToBcd:ciBtB16|BtB_out[2] ; |bitToBcd13bits|ciBitToBcd:ciBtB16|BtB_out[2] ; out0             ;
; |bitToBcd13bits|ciBitToBcd:ciBtB16|BtB_out~7  ; |bitToBcd13bits|ciBitToBcd:ciBtB16|BtB_out~7  ; out0             ;
; |bitToBcd13bits|ciBitToBcd:ciBtB16|BtB_out~8  ; |bitToBcd13bits|ciBitToBcd:ciBtB16|BtB_out~8  ; out0             ;
; |bitToBcd13bits|ciBitToBcd:ciBtB16|BtB_out~9  ; |bitToBcd13bits|ciBitToBcd:ciBtB16|BtB_out~9  ; out0             ;
; |bitToBcd13bits|ciBitToBcd:ciBtB16|BtB_out[1] ; |bitToBcd13bits|ciBitToBcd:ciBtB16|BtB_out[1] ; out0             ;
; |bitToBcd13bits|ciBitToBcd:ciBtB16|BtB_out~11 ; |bitToBcd13bits|ciBitToBcd:ciBtB16|BtB_out~11 ; out0             ;
; |bitToBcd13bits|ciBitToBcd:ciBtB16|BtB_out~12 ; |bitToBcd13bits|ciBitToBcd:ciBtB16|BtB_out~12 ; out0             ;
; |bitToBcd13bits|ciBitToBcd:ciBtB16|BtB_out~13 ; |bitToBcd13bits|ciBitToBcd:ciBtB16|BtB_out~13 ; out0             ;
; |bitToBcd13bits|ciBitToBcd:ciBtB16|BtB_out~14 ; |bitToBcd13bits|ciBitToBcd:ciBtB16|BtB_out~14 ; out0             ;
; |bitToBcd13bits|ciBitToBcd:ciBtB16|BtB_out~15 ; |bitToBcd13bits|ciBitToBcd:ciBtB16|BtB_out~15 ; out0             ;
; |bitToBcd13bits|ciBitToBcd:ciBtB16|BtB_out[0] ; |bitToBcd13bits|ciBitToBcd:ciBtB16|BtB_out[0] ; out0             ;
; |bitToBcd13bits|ciBitToBcd:ciBtB15|BtB_out~0  ; |bitToBcd13bits|ciBitToBcd:ciBtB15|BtB_out~0  ; out0             ;
; |bitToBcd13bits|ciBitToBcd:ciBtB15|BtB_out~1  ; |bitToBcd13bits|ciBitToBcd:ciBtB15|BtB_out~1  ; out0             ;
; |bitToBcd13bits|ciBitToBcd:ciBtB15|BtB_out[3] ; |bitToBcd13bits|ciBitToBcd:ciBtB15|BtB_out[3] ; out0             ;
; |bitToBcd13bits|ciBitToBcd:ciBtB15|BtB_out~3  ; |bitToBcd13bits|ciBitToBcd:ciBtB15|BtB_out~3  ; out0             ;
; |bitToBcd13bits|ciBitToBcd:ciBtB15|BtB_out~4  ; |bitToBcd13bits|ciBitToBcd:ciBtB15|BtB_out~4  ; out0             ;
; |bitToBcd13bits|ciBitToBcd:ciBtB15|BtB_out~5  ; |bitToBcd13bits|ciBitToBcd:ciBtB15|BtB_out~5  ; out0             ;
; |bitToBcd13bits|ciBitToBcd:ciBtB15|BtB_out[2] ; |bitToBcd13bits|ciBitToBcd:ciBtB15|BtB_out[2] ; out0             ;
; |bitToBcd13bits|ciBitToBcd:ciBtB15|BtB_out~7  ; |bitToBcd13bits|ciBitToBcd:ciBtB15|BtB_out~7  ; out0             ;
; |bitToBcd13bits|ciBitToBcd:ciBtB15|BtB_out~8  ; |bitToBcd13bits|ciBitToBcd:ciBtB15|BtB_out~8  ; out0             ;
; |bitToBcd13bits|ciBitToBcd:ciBtB15|BtB_out~9  ; |bitToBcd13bits|ciBitToBcd:ciBtB15|BtB_out~9  ; out0             ;
; |bitToBcd13bits|ciBitToBcd:ciBtB15|BtB_out[1] ; |bitToBcd13bits|ciBitToBcd:ciBtB15|BtB_out[1] ; out0             ;
; |bitToBcd13bits|ciBitToBcd:ciBtB15|BtB_out~11 ; |bitToBcd13bits|ciBitToBcd:ciBtB15|BtB_out~11 ; out0             ;
; |bitToBcd13bits|ciBitToBcd:ciBtB15|BtB_out~12 ; |bitToBcd13bits|ciBitToBcd:ciBtB15|BtB_out~12 ; out0             ;
; |bitToBcd13bits|ciBitToBcd:ciBtB15|BtB_out~13 ; |bitToBcd13bits|ciBitToBcd:ciBtB15|BtB_out~13 ; out0             ;
; |bitToBcd13bits|ciBitToBcd:ciBtB15|BtB_out~14 ; |bitToBcd13bits|ciBitToBcd:ciBtB15|BtB_out~14 ; out0             ;
; |bitToBcd13bits|ciBitToBcd:ciBtB15|BtB_out~15 ; |bitToBcd13bits|ciBitToBcd:ciBtB15|BtB_out~15 ; out0             ;
; |bitToBcd13bits|ciBitToBcd:ciBtB15|BtB_out[0] ; |bitToBcd13bits|ciBitToBcd:ciBtB15|BtB_out[0] ; out0             ;
; |bitToBcd13bits|ciBitToBcd:ciBtB14|BtB_out~0  ; |bitToBcd13bits|ciBitToBcd:ciBtB14|BtB_out~0  ; out0             ;
; |bitToBcd13bits|ciBitToBcd:ciBtB14|BtB_out~1  ; |bitToBcd13bits|ciBitToBcd:ciBtB14|BtB_out~1  ; out0             ;
; |bitToBcd13bits|ciBitToBcd:ciBtB14|BtB_out[3] ; |bitToBcd13bits|ciBitToBcd:ciBtB14|BtB_out[3] ; out0             ;
; |bitToBcd13bits|ciBitToBcd:ciBtB14|BtB_out~3  ; |bitToBcd13bits|ciBitToBcd:ciBtB14|BtB_out~3  ; out0             ;
; |bitToBcd13bits|ciBitToBcd:ciBtB14|BtB_out~4  ; |bitToBcd13bits|ciBitToBcd:ciBtB14|BtB_out~4  ; out0             ;
; |bitToBcd13bits|ciBitToBcd:ciBtB14|BtB_out~5  ; |bitToBcd13bits|ciBitToBcd:ciBtB14|BtB_out~5  ; out0             ;
; |bitToBcd13bits|ciBitToBcd:ciBtB14|BtB_out[2] ; |bitToBcd13bits|ciBitToBcd:ciBtB14|BtB_out[2] ; out0             ;
; |bitToBcd13bits|ciBitToBcd:ciBtB14|BtB_out~7  ; |bitToBcd13bits|ciBitToBcd:ciBtB14|BtB_out~7  ; out0             ;
; |bitToBcd13bits|ciBitToBcd:ciBtB14|BtB_out~8  ; |bitToBcd13bits|ciBitToBcd:ciBtB14|BtB_out~8  ; out0             ;
; |bitToBcd13bits|ciBitToBcd:ciBtB14|BtB_out~9  ; |bitToBcd13bits|ciBitToBcd:ciBtB14|BtB_out~9  ; out0             ;
; |bitToBcd13bits|ciBitToBcd:ciBtB14|BtB_out[1] ; |bitToBcd13bits|ciBitToBcd:ciBtB14|BtB_out[1] ; out0             ;
; |bitToBcd13bits|ciBitToBcd:ciBtB14|BtB_out~11 ; |bitToBcd13bits|ciBitToBcd:ciBtB14|BtB_out~11 ; out0             ;
; |bitToBcd13bits|ciBitToBcd:ciBtB14|BtB_out~12 ; |bitToBcd13bits|ciBitToBcd:ciBtB14|BtB_out~12 ; out0             ;
; |bitToBcd13bits|ciBitToBcd:ciBtB14|BtB_out~13 ; |bitToBcd13bits|ciBitToBcd:ciBtB14|BtB_out~13 ; out0             ;
; |bitToBcd13bits|ciBitToBcd:ciBtB14|BtB_out~14 ; |bitToBcd13bits|ciBitToBcd:ciBtB14|BtB_out~14 ; out0             ;
; |bitToBcd13bits|ciBitToBcd:ciBtB14|BtB_out~15 ; |bitToBcd13bits|ciBitToBcd:ciBtB14|BtB_out~15 ; out0             ;
; |bitToBcd13bits|ciBitToBcd:ciBtB14|BtB_out[0] ; |bitToBcd13bits|ciBitToBcd:ciBtB14|BtB_out[0] ; out0             ;
; |bitToBcd13bits|ciBitToBcd:ciBtB13|BtB_out~0  ; |bitToBcd13bits|ciBitToBcd:ciBtB13|BtB_out~0  ; out0             ;
; |bitToBcd13bits|ciBitToBcd:ciBtB13|BtB_out~1  ; |bitToBcd13bits|ciBitToBcd:ciBtB13|BtB_out~1  ; out0             ;
; |bitToBcd13bits|ciBitToBcd:ciBtB13|BtB_out[3] ; |bitToBcd13bits|ciBitToBcd:ciBtB13|BtB_out[3] ; out0             ;
; |bitToBcd13bits|ciBitToBcd:ciBtB13|BtB_out~3  ; |bitToBcd13bits|ciBitToBcd:ciBtB13|BtB_out~3  ; out0             ;
; |bitToBcd13bits|ciBitToBcd:ciBtB13|BtB_out~4  ; |bitToBcd13bits|ciBitToBcd:ciBtB13|BtB_out~4  ; out0             ;
; |bitToBcd13bits|ciBitToBcd:ciBtB13|BtB_out~5  ; |bitToBcd13bits|ciBitToBcd:ciBtB13|BtB_out~5  ; out0             ;
; |bitToBcd13bits|ciBitToBcd:ciBtB13|BtB_out[2] ; |bitToBcd13bits|ciBitToBcd:ciBtB13|BtB_out[2] ; out0             ;
; |bitToBcd13bits|ciBitToBcd:ciBtB13|BtB_out~7  ; |bitToBcd13bits|ciBitToBcd:ciBtB13|BtB_out~7  ; out0             ;
; |bitToBcd13bits|ciBitToBcd:ciBtB13|BtB_out~8  ; |bitToBcd13bits|ciBitToBcd:ciBtB13|BtB_out~8  ; out0             ;
; |bitToBcd13bits|ciBitToBcd:ciBtB13|BtB_out~9  ; |bitToBcd13bits|ciBitToBcd:ciBtB13|BtB_out~9  ; out0             ;
; |bitToBcd13bits|ciBitToBcd:ciBtB13|BtB_out[1] ; |bitToBcd13bits|ciBitToBcd:ciBtB13|BtB_out[1] ; out0             ;
; |bitToBcd13bits|ciBitToBcd:ciBtB13|BtB_out~11 ; |bitToBcd13bits|ciBitToBcd:ciBtB13|BtB_out~11 ; out0             ;
; |bitToBcd13bits|ciBitToBcd:ciBtB13|BtB_out~12 ; |bitToBcd13bits|ciBitToBcd:ciBtB13|BtB_out~12 ; out0             ;
; |bitToBcd13bits|ciBitToBcd:ciBtB13|BtB_out~13 ; |bitToBcd13bits|ciBitToBcd:ciBtB13|BtB_out~13 ; out0             ;
; |bitToBcd13bits|ciBitToBcd:ciBtB13|BtB_out~14 ; |bitToBcd13bits|ciBitToBcd:ciBtB13|BtB_out~14 ; out0             ;
; |bitToBcd13bits|ciBitToBcd:ciBtB13|BtB_out~15 ; |bitToBcd13bits|ciBitToBcd:ciBtB13|BtB_out~15 ; out0             ;
; |bitToBcd13bits|ciBitToBcd:ciBtB13|BtB_out[0] ; |bitToBcd13bits|ciBitToBcd:ciBtB13|BtB_out[0] ; out0             ;
; |bitToBcd13bits|ciBitToBcd:ciBtB12|BtB_out~0  ; |bitToBcd13bits|ciBitToBcd:ciBtB12|BtB_out~0  ; out0             ;
; |bitToBcd13bits|ciBitToBcd:ciBtB12|BtB_out~1  ; |bitToBcd13bits|ciBitToBcd:ciBtB12|BtB_out~1  ; out0             ;
; |bitToBcd13bits|ciBitToBcd:ciBtB12|BtB_out[3] ; |bitToBcd13bits|ciBitToBcd:ciBtB12|BtB_out[3] ; out0             ;
; |bitToBcd13bits|ciBitToBcd:ciBtB12|BtB_out~3  ; |bitToBcd13bits|ciBitToBcd:ciBtB12|BtB_out~3  ; out0             ;
; |bitToBcd13bits|ciBitToBcd:ciBtB12|BtB_out~4  ; |bitToBcd13bits|ciBitToBcd:ciBtB12|BtB_out~4  ; out0             ;
; |bitToBcd13bits|ciBitToBcd:ciBtB12|BtB_out~5  ; |bitToBcd13bits|ciBitToBcd:ciBtB12|BtB_out~5  ; out0             ;
; |bitToBcd13bits|ciBitToBcd:ciBtB12|BtB_out[2] ; |bitToBcd13bits|ciBitToBcd:ciBtB12|BtB_out[2] ; out0             ;
; |bitToBcd13bits|ciBitToBcd:ciBtB12|BtB_out~7  ; |bitToBcd13bits|ciBitToBcd:ciBtB12|BtB_out~7  ; out0             ;
; |bitToBcd13bits|ciBitToBcd:ciBtB12|BtB_out~8  ; |bitToBcd13bits|ciBitToBcd:ciBtB12|BtB_out~8  ; out0             ;
; |bitToBcd13bits|ciBitToBcd:ciBtB12|BtB_out~9  ; |bitToBcd13bits|ciBitToBcd:ciBtB12|BtB_out~9  ; out0             ;
; |bitToBcd13bits|ciBitToBcd:ciBtB12|BtB_out[1] ; |bitToBcd13bits|ciBitToBcd:ciBtB12|BtB_out[1] ; out0             ;
; |bitToBcd13bits|ciBitToBcd:ciBtB12|BtB_out~11 ; |bitToBcd13bits|ciBitToBcd:ciBtB12|BtB_out~11 ; out0             ;
; |bitToBcd13bits|ciBitToBcd:ciBtB12|BtB_out~12 ; |bitToBcd13bits|ciBitToBcd:ciBtB12|BtB_out~12 ; out0             ;
; |bitToBcd13bits|ciBitToBcd:ciBtB12|BtB_out~13 ; |bitToBcd13bits|ciBitToBcd:ciBtB12|BtB_out~13 ; out0             ;
; |bitToBcd13bits|ciBitToBcd:ciBtB12|BtB_out~14 ; |bitToBcd13bits|ciBitToBcd:ciBtB12|BtB_out~14 ; out0             ;
; |bitToBcd13bits|ciBitToBcd:ciBtB12|BtB_out~15 ; |bitToBcd13bits|ciBitToBcd:ciBtB12|BtB_out~15 ; out0             ;
; |bitToBcd13bits|ciBitToBcd:ciBtB12|BtB_out[0] ; |bitToBcd13bits|ciBitToBcd:ciBtB12|BtB_out[0] ; out0             ;
; |bitToBcd13bits|ciBitToBcd:ciBtB11|BtB_out~0  ; |bitToBcd13bits|ciBitToBcd:ciBtB11|BtB_out~0  ; out0             ;
; |bitToBcd13bits|ciBitToBcd:ciBtB11|BtB_out~1  ; |bitToBcd13bits|ciBitToBcd:ciBtB11|BtB_out~1  ; out0             ;
; |bitToBcd13bits|ciBitToBcd:ciBtB11|BtB_out[3] ; |bitToBcd13bits|ciBitToBcd:ciBtB11|BtB_out[3] ; out0             ;
; |bitToBcd13bits|ciBitToBcd:ciBtB11|BtB_out~3  ; |bitToBcd13bits|ciBitToBcd:ciBtB11|BtB_out~3  ; out0             ;
; |bitToBcd13bits|ciBitToBcd:ciBtB11|BtB_out~4  ; |bitToBcd13bits|ciBitToBcd:ciBtB11|BtB_out~4  ; out0             ;
; |bitToBcd13bits|ciBitToBcd:ciBtB11|BtB_out~5  ; |bitToBcd13bits|ciBitToBcd:ciBtB11|BtB_out~5  ; out0             ;
; |bitToBcd13bits|ciBitToBcd:ciBtB11|BtB_out[2] ; |bitToBcd13bits|ciBitToBcd:ciBtB11|BtB_out[2] ; out0             ;
; |bitToBcd13bits|ciBitToBcd:ciBtB11|BtB_out~7  ; |bitToBcd13bits|ciBitToBcd:ciBtB11|BtB_out~7  ; out0             ;
; |bitToBcd13bits|ciBitToBcd:ciBtB11|BtB_out~8  ; |bitToBcd13bits|ciBitToBcd:ciBtB11|BtB_out~8  ; out0             ;
; |bitToBcd13bits|ciBitToBcd:ciBtB11|BtB_out~9  ; |bitToBcd13bits|ciBitToBcd:ciBtB11|BtB_out~9  ; out0             ;
; |bitToBcd13bits|ciBitToBcd:ciBtB11|BtB_out[1] ; |bitToBcd13bits|ciBitToBcd:ciBtB11|BtB_out[1] ; out0             ;
; |bitToBcd13bits|ciBitToBcd:ciBtB11|BtB_out~11 ; |bitToBcd13bits|ciBitToBcd:ciBtB11|BtB_out~11 ; out0             ;
; |bitToBcd13bits|ciBitToBcd:ciBtB11|BtB_out~12 ; |bitToBcd13bits|ciBitToBcd:ciBtB11|BtB_out~12 ; out0             ;
; |bitToBcd13bits|ciBitToBcd:ciBtB11|BtB_out~13 ; |bitToBcd13bits|ciBitToBcd:ciBtB11|BtB_out~13 ; out0             ;
; |bitToBcd13bits|ciBitToBcd:ciBtB11|BtB_out~14 ; |bitToBcd13bits|ciBitToBcd:ciBtB11|BtB_out~14 ; out0             ;
; |bitToBcd13bits|ciBitToBcd:ciBtB11|BtB_out~15 ; |bitToBcd13bits|ciBitToBcd:ciBtB11|BtB_out~15 ; out0             ;
; |bitToBcd13bits|ciBitToBcd:ciBtB11|BtB_out[0] ; |bitToBcd13bits|ciBitToBcd:ciBtB11|BtB_out[0] ; out0             ;
; |bitToBcd13bits|ciBitToBcd:ciBtB10|BtB_out~0  ; |bitToBcd13bits|ciBitToBcd:ciBtB10|BtB_out~0  ; out0             ;
; |bitToBcd13bits|ciBitToBcd:ciBtB10|BtB_out~1  ; |bitToBcd13bits|ciBitToBcd:ciBtB10|BtB_out~1  ; out0             ;
; |bitToBcd13bits|ciBitToBcd:ciBtB10|BtB_out~3  ; |bitToBcd13bits|ciBitToBcd:ciBtB10|BtB_out~3  ; out0             ;
; |bitToBcd13bits|ciBitToBcd:ciBtB10|BtB_out~4  ; |bitToBcd13bits|ciBitToBcd:ciBtB10|BtB_out~4  ; out0             ;
; |bitToBcd13bits|ciBitToBcd:ciBtB10|BtB_out~8  ; |bitToBcd13bits|ciBitToBcd:ciBtB10|BtB_out~8  ; out0             ;
; |bitToBcd13bits|ciBitToBcd:ciBtB10|BtB_out~9  ; |bitToBcd13bits|ciBitToBcd:ciBtB10|BtB_out~9  ; out0             ;
; |bitToBcd13bits|ciBitToBcd:ciBtB10|BtB_out~12 ; |bitToBcd13bits|ciBitToBcd:ciBtB10|BtB_out~12 ; out0             ;
; |bitToBcd13bits|ciBitToBcd:ciBtB10|BtB_out~13 ; |bitToBcd13bits|ciBitToBcd:ciBtB10|BtB_out~13 ; out0             ;
; |bitToBcd13bits|ciBitToBcd:ciBtB10|BtB_out~15 ; |bitToBcd13bits|ciBitToBcd:ciBtB10|BtB_out~15 ; out0             ;
; |bitToBcd13bits|ciBitToBcd:ciBtB10|BtB_out[0] ; |bitToBcd13bits|ciBitToBcd:ciBtB10|BtB_out[0] ; out0             ;
; |bitToBcd13bits|ciBitToBcd:ciBtB09|BtB_out~0  ; |bitToBcd13bits|ciBitToBcd:ciBtB09|BtB_out~0  ; out0             ;
; |bitToBcd13bits|ciBitToBcd:ciBtB09|BtB_out~1  ; |bitToBcd13bits|ciBitToBcd:ciBtB09|BtB_out~1  ; out0             ;
; |bitToBcd13bits|ciBitToBcd:ciBtB09|BtB_out[3] ; |bitToBcd13bits|ciBitToBcd:ciBtB09|BtB_out[3] ; out0             ;
; |bitToBcd13bits|ciBitToBcd:ciBtB09|BtB_out~3  ; |bitToBcd13bits|ciBitToBcd:ciBtB09|BtB_out~3  ; out0             ;
; |bitToBcd13bits|ciBitToBcd:ciBtB09|BtB_out~4  ; |bitToBcd13bits|ciBitToBcd:ciBtB09|BtB_out~4  ; out0             ;
; |bitToBcd13bits|ciBitToBcd:ciBtB09|BtB_out~5  ; |bitToBcd13bits|ciBitToBcd:ciBtB09|BtB_out~5  ; out0             ;
; |bitToBcd13bits|ciBitToBcd:ciBtB09|BtB_out[2] ; |bitToBcd13bits|ciBitToBcd:ciBtB09|BtB_out[2] ; out0             ;
; |bitToBcd13bits|ciBitToBcd:ciBtB09|BtB_out~7  ; |bitToBcd13bits|ciBitToBcd:ciBtB09|BtB_out~7  ; out0             ;
; |bitToBcd13bits|ciBitToBcd:ciBtB09|BtB_out~8  ; |bitToBcd13bits|ciBitToBcd:ciBtB09|BtB_out~8  ; out0             ;
; |bitToBcd13bits|ciBitToBcd:ciBtB09|BtB_out~9  ; |bitToBcd13bits|ciBitToBcd:ciBtB09|BtB_out~9  ; out0             ;
; |bitToBcd13bits|ciBitToBcd:ciBtB09|BtB_out[1] ; |bitToBcd13bits|ciBitToBcd:ciBtB09|BtB_out[1] ; out0             ;
; |bitToBcd13bits|ciBitToBcd:ciBtB09|BtB_out~11 ; |bitToBcd13bits|ciBitToBcd:ciBtB09|BtB_out~11 ; out0             ;
; |bitToBcd13bits|ciBitToBcd:ciBtB09|BtB_out~12 ; |bitToBcd13bits|ciBitToBcd:ciBtB09|BtB_out~12 ; out0             ;
; |bitToBcd13bits|ciBitToBcd:ciBtB09|BtB_out~13 ; |bitToBcd13bits|ciBitToBcd:ciBtB09|BtB_out~13 ; out0             ;
; |bitToBcd13bits|ciBitToBcd:ciBtB09|BtB_out~14 ; |bitToBcd13bits|ciBitToBcd:ciBtB09|BtB_out~14 ; out0             ;
; |bitToBcd13bits|ciBitToBcd:ciBtB09|BtB_out~15 ; |bitToBcd13bits|ciBitToBcd:ciBtB09|BtB_out~15 ; out0             ;
; |bitToBcd13bits|ciBitToBcd:ciBtB09|BtB_out[0] ; |bitToBcd13bits|ciBitToBcd:ciBtB09|BtB_out[0] ; out0             ;
; |bitToBcd13bits|ciBitToBcd:ciBtB08|BtB_out~0  ; |bitToBcd13bits|ciBitToBcd:ciBtB08|BtB_out~0  ; out0             ;
; |bitToBcd13bits|ciBitToBcd:ciBtB08|BtB_out~1  ; |bitToBcd13bits|ciBitToBcd:ciBtB08|BtB_out~1  ; out0             ;
; |bitToBcd13bits|ciBitToBcd:ciBtB08|BtB_out[3] ; |bitToBcd13bits|ciBitToBcd:ciBtB08|BtB_out[3] ; out0             ;
; |bitToBcd13bits|ciBitToBcd:ciBtB08|BtB_out~3  ; |bitToBcd13bits|ciBitToBcd:ciBtB08|BtB_out~3  ; out0             ;
; |bitToBcd13bits|ciBitToBcd:ciBtB08|BtB_out~4  ; |bitToBcd13bits|ciBitToBcd:ciBtB08|BtB_out~4  ; out0             ;
; |bitToBcd13bits|ciBitToBcd:ciBtB08|BtB_out~5  ; |bitToBcd13bits|ciBitToBcd:ciBtB08|BtB_out~5  ; out0             ;
; |bitToBcd13bits|ciBitToBcd:ciBtB08|BtB_out[2] ; |bitToBcd13bits|ciBitToBcd:ciBtB08|BtB_out[2] ; out0             ;
; |bitToBcd13bits|ciBitToBcd:ciBtB08|BtB_out~7  ; |bitToBcd13bits|ciBitToBcd:ciBtB08|BtB_out~7  ; out0             ;
; |bitToBcd13bits|ciBitToBcd:ciBtB08|BtB_out~8  ; |bitToBcd13bits|ciBitToBcd:ciBtB08|BtB_out~8  ; out0             ;
; |bitToBcd13bits|ciBitToBcd:ciBtB08|BtB_out~9  ; |bitToBcd13bits|ciBitToBcd:ciBtB08|BtB_out~9  ; out0             ;
; |bitToBcd13bits|ciBitToBcd:ciBtB08|BtB_out[1] ; |bitToBcd13bits|ciBitToBcd:ciBtB08|BtB_out[1] ; out0             ;
; |bitToBcd13bits|ciBitToBcd:ciBtB08|BtB_out~11 ; |bitToBcd13bits|ciBitToBcd:ciBtB08|BtB_out~11 ; out0             ;
; |bitToBcd13bits|ciBitToBcd:ciBtB08|BtB_out~12 ; |bitToBcd13bits|ciBitToBcd:ciBtB08|BtB_out~12 ; out0             ;
; |bitToBcd13bits|ciBitToBcd:ciBtB08|BtB_out~13 ; |bitToBcd13bits|ciBitToBcd:ciBtB08|BtB_out~13 ; out0             ;
; |bitToBcd13bits|ciBitToBcd:ciBtB08|BtB_out~14 ; |bitToBcd13bits|ciBitToBcd:ciBtB08|BtB_out~14 ; out0             ;
; |bitToBcd13bits|ciBitToBcd:ciBtB08|BtB_out~15 ; |bitToBcd13bits|ciBitToBcd:ciBtB08|BtB_out~15 ; out0             ;
; |bitToBcd13bits|ciBitToBcd:ciBtB08|BtB_out[0] ; |bitToBcd13bits|ciBitToBcd:ciBtB08|BtB_out[0] ; out0             ;
; |bitToBcd13bits|ciBitToBcd:ciBtB07|BtB_out~0  ; |bitToBcd13bits|ciBitToBcd:ciBtB07|BtB_out~0  ; out0             ;
; |bitToBcd13bits|ciBitToBcd:ciBtB07|BtB_out~1  ; |bitToBcd13bits|ciBitToBcd:ciBtB07|BtB_out~1  ; out0             ;
; |bitToBcd13bits|ciBitToBcd:ciBtB07|BtB_out[3] ; |bitToBcd13bits|ciBitToBcd:ciBtB07|BtB_out[3] ; out0             ;
; |bitToBcd13bits|ciBitToBcd:ciBtB07|BtB_out~3  ; |bitToBcd13bits|ciBitToBcd:ciBtB07|BtB_out~3  ; out0             ;
; |bitToBcd13bits|ciBitToBcd:ciBtB07|BtB_out~4  ; |bitToBcd13bits|ciBitToBcd:ciBtB07|BtB_out~4  ; out0             ;
; |bitToBcd13bits|ciBitToBcd:ciBtB07|BtB_out~5  ; |bitToBcd13bits|ciBitToBcd:ciBtB07|BtB_out~5  ; out0             ;
; |bitToBcd13bits|ciBitToBcd:ciBtB07|BtB_out[2] ; |bitToBcd13bits|ciBitToBcd:ciBtB07|BtB_out[2] ; out0             ;
; |bitToBcd13bits|ciBitToBcd:ciBtB07|BtB_out~7  ; |bitToBcd13bits|ciBitToBcd:ciBtB07|BtB_out~7  ; out0             ;
; |bitToBcd13bits|ciBitToBcd:ciBtB07|BtB_out~8  ; |bitToBcd13bits|ciBitToBcd:ciBtB07|BtB_out~8  ; out0             ;
; |bitToBcd13bits|ciBitToBcd:ciBtB07|BtB_out~9  ; |bitToBcd13bits|ciBitToBcd:ciBtB07|BtB_out~9  ; out0             ;
; |bitToBcd13bits|ciBitToBcd:ciBtB07|BtB_out[1] ; |bitToBcd13bits|ciBitToBcd:ciBtB07|BtB_out[1] ; out0             ;
; |bitToBcd13bits|ciBitToBcd:ciBtB07|BtB_out~11 ; |bitToBcd13bits|ciBitToBcd:ciBtB07|BtB_out~11 ; out0             ;
; |bitToBcd13bits|ciBitToBcd:ciBtB07|BtB_out~12 ; |bitToBcd13bits|ciBitToBcd:ciBtB07|BtB_out~12 ; out0             ;
; |bitToBcd13bits|ciBitToBcd:ciBtB07|BtB_out~13 ; |bitToBcd13bits|ciBitToBcd:ciBtB07|BtB_out~13 ; out0             ;
; |bitToBcd13bits|ciBitToBcd:ciBtB07|BtB_out~14 ; |bitToBcd13bits|ciBitToBcd:ciBtB07|BtB_out~14 ; out0             ;
; |bitToBcd13bits|ciBitToBcd:ciBtB07|BtB_out~15 ; |bitToBcd13bits|ciBitToBcd:ciBtB07|BtB_out~15 ; out0             ;
; |bitToBcd13bits|ciBitToBcd:ciBtB07|BtB_out[0] ; |bitToBcd13bits|ciBitToBcd:ciBtB07|BtB_out[0] ; out0             ;
; |bitToBcd13bits|ciBitToBcd:ciBtB06|BtB_out~0  ; |bitToBcd13bits|ciBitToBcd:ciBtB06|BtB_out~0  ; out0             ;
; |bitToBcd13bits|ciBitToBcd:ciBtB06|BtB_out~1  ; |bitToBcd13bits|ciBitToBcd:ciBtB06|BtB_out~1  ; out0             ;
; |bitToBcd13bits|ciBitToBcd:ciBtB06|BtB_out[3] ; |bitToBcd13bits|ciBitToBcd:ciBtB06|BtB_out[3] ; out0             ;
; |bitToBcd13bits|ciBitToBcd:ciBtB06|BtB_out~3  ; |bitToBcd13bits|ciBitToBcd:ciBtB06|BtB_out~3  ; out0             ;
; |bitToBcd13bits|ciBitToBcd:ciBtB06|BtB_out~4  ; |bitToBcd13bits|ciBitToBcd:ciBtB06|BtB_out~4  ; out0             ;
; |bitToBcd13bits|ciBitToBcd:ciBtB06|BtB_out~5  ; |bitToBcd13bits|ciBitToBcd:ciBtB06|BtB_out~5  ; out0             ;
; |bitToBcd13bits|ciBitToBcd:ciBtB06|BtB_out[2] ; |bitToBcd13bits|ciBitToBcd:ciBtB06|BtB_out[2] ; out0             ;
; |bitToBcd13bits|ciBitToBcd:ciBtB06|BtB_out~7  ; |bitToBcd13bits|ciBitToBcd:ciBtB06|BtB_out~7  ; out0             ;
; |bitToBcd13bits|ciBitToBcd:ciBtB06|BtB_out~8  ; |bitToBcd13bits|ciBitToBcd:ciBtB06|BtB_out~8  ; out0             ;
; |bitToBcd13bits|ciBitToBcd:ciBtB06|BtB_out~9  ; |bitToBcd13bits|ciBitToBcd:ciBtB06|BtB_out~9  ; out0             ;
; |bitToBcd13bits|ciBitToBcd:ciBtB06|BtB_out[1] ; |bitToBcd13bits|ciBitToBcd:ciBtB06|BtB_out[1] ; out0             ;
; |bitToBcd13bits|ciBitToBcd:ciBtB06|BtB_out~11 ; |bitToBcd13bits|ciBitToBcd:ciBtB06|BtB_out~11 ; out0             ;
; |bitToBcd13bits|ciBitToBcd:ciBtB06|BtB_out~12 ; |bitToBcd13bits|ciBitToBcd:ciBtB06|BtB_out~12 ; out0             ;
; |bitToBcd13bits|ciBitToBcd:ciBtB06|BtB_out~13 ; |bitToBcd13bits|ciBitToBcd:ciBtB06|BtB_out~13 ; out0             ;
; |bitToBcd13bits|ciBitToBcd:ciBtB06|BtB_out~14 ; |bitToBcd13bits|ciBitToBcd:ciBtB06|BtB_out~14 ; out0             ;
; |bitToBcd13bits|ciBitToBcd:ciBtB06|BtB_out~15 ; |bitToBcd13bits|ciBitToBcd:ciBtB06|BtB_out~15 ; out0             ;
; |bitToBcd13bits|ciBitToBcd:ciBtB06|BtB_out[0] ; |bitToBcd13bits|ciBitToBcd:ciBtB06|BtB_out[0] ; out0             ;
; |bitToBcd13bits|ciBitToBcd:ciBtB05|BtB_out~0  ; |bitToBcd13bits|ciBitToBcd:ciBtB05|BtB_out~0  ; out0             ;
; |bitToBcd13bits|ciBitToBcd:ciBtB05|BtB_out~1  ; |bitToBcd13bits|ciBitToBcd:ciBtB05|BtB_out~1  ; out0             ;
; |bitToBcd13bits|ciBitToBcd:ciBtB05|BtB_out[3] ; |bitToBcd13bits|ciBitToBcd:ciBtB05|BtB_out[3] ; out0             ;
; |bitToBcd13bits|ciBitToBcd:ciBtB05|BtB_out~3  ; |bitToBcd13bits|ciBitToBcd:ciBtB05|BtB_out~3  ; out0             ;
; |bitToBcd13bits|ciBitToBcd:ciBtB05|BtB_out~4  ; |bitToBcd13bits|ciBitToBcd:ciBtB05|BtB_out~4  ; out0             ;
; |bitToBcd13bits|ciBitToBcd:ciBtB05|BtB_out~5  ; |bitToBcd13bits|ciBitToBcd:ciBtB05|BtB_out~5  ; out0             ;
; |bitToBcd13bits|ciBitToBcd:ciBtB05|BtB_out[2] ; |bitToBcd13bits|ciBitToBcd:ciBtB05|BtB_out[2] ; out0             ;
; |bitToBcd13bits|ciBitToBcd:ciBtB05|BtB_out~7  ; |bitToBcd13bits|ciBitToBcd:ciBtB05|BtB_out~7  ; out0             ;
; |bitToBcd13bits|ciBitToBcd:ciBtB05|BtB_out~8  ; |bitToBcd13bits|ciBitToBcd:ciBtB05|BtB_out~8  ; out0             ;
; |bitToBcd13bits|ciBitToBcd:ciBtB05|BtB_out~9  ; |bitToBcd13bits|ciBitToBcd:ciBtB05|BtB_out~9  ; out0             ;
; |bitToBcd13bits|ciBitToBcd:ciBtB05|BtB_out[1] ; |bitToBcd13bits|ciBitToBcd:ciBtB05|BtB_out[1] ; out0             ;
; |bitToBcd13bits|ciBitToBcd:ciBtB05|BtB_out~11 ; |bitToBcd13bits|ciBitToBcd:ciBtB05|BtB_out~11 ; out0             ;
; |bitToBcd13bits|ciBitToBcd:ciBtB05|BtB_out~12 ; |bitToBcd13bits|ciBitToBcd:ciBtB05|BtB_out~12 ; out0             ;
; |bitToBcd13bits|ciBitToBcd:ciBtB05|BtB_out~13 ; |bitToBcd13bits|ciBitToBcd:ciBtB05|BtB_out~13 ; out0             ;
; |bitToBcd13bits|ciBitToBcd:ciBtB05|BtB_out~14 ; |bitToBcd13bits|ciBitToBcd:ciBtB05|BtB_out~14 ; out0             ;
; |bitToBcd13bits|ciBitToBcd:ciBtB05|BtB_out~15 ; |bitToBcd13bits|ciBitToBcd:ciBtB05|BtB_out~15 ; out0             ;
; |bitToBcd13bits|ciBitToBcd:ciBtB05|BtB_out[0] ; |bitToBcd13bits|ciBitToBcd:ciBtB05|BtB_out[0] ; out0             ;
; |bitToBcd13bits|ciBitToBcd:ciBtB04|BtB_out~0  ; |bitToBcd13bits|ciBitToBcd:ciBtB04|BtB_out~0  ; out0             ;
; |bitToBcd13bits|ciBitToBcd:ciBtB04|BtB_out~1  ; |bitToBcd13bits|ciBitToBcd:ciBtB04|BtB_out~1  ; out0             ;
; |bitToBcd13bits|ciBitToBcd:ciBtB04|BtB_out~3  ; |bitToBcd13bits|ciBitToBcd:ciBtB04|BtB_out~3  ; out0             ;
; |bitToBcd13bits|ciBitToBcd:ciBtB04|BtB_out~4  ; |bitToBcd13bits|ciBitToBcd:ciBtB04|BtB_out~4  ; out0             ;
; |bitToBcd13bits|ciBitToBcd:ciBtB04|BtB_out~8  ; |bitToBcd13bits|ciBitToBcd:ciBtB04|BtB_out~8  ; out0             ;
; |bitToBcd13bits|ciBitToBcd:ciBtB04|BtB_out~9  ; |bitToBcd13bits|ciBitToBcd:ciBtB04|BtB_out~9  ; out0             ;
; |bitToBcd13bits|ciBitToBcd:ciBtB04|BtB_out~12 ; |bitToBcd13bits|ciBitToBcd:ciBtB04|BtB_out~12 ; out0             ;
; |bitToBcd13bits|ciBitToBcd:ciBtB04|BtB_out~13 ; |bitToBcd13bits|ciBitToBcd:ciBtB04|BtB_out~13 ; out0             ;
; |bitToBcd13bits|ciBitToBcd:ciBtB04|BtB_out~15 ; |bitToBcd13bits|ciBitToBcd:ciBtB04|BtB_out~15 ; out0             ;
; |bitToBcd13bits|ciBitToBcd:ciBtB04|BtB_out[0] ; |bitToBcd13bits|ciBitToBcd:ciBtB04|BtB_out[0] ; out0             ;
; |bitToBcd13bits|ciBitToBcd:ciBtB03|BtB_out~0  ; |bitToBcd13bits|ciBitToBcd:ciBtB03|BtB_out~0  ; out0             ;
; |bitToBcd13bits|ciBitToBcd:ciBtB03|BtB_out~1  ; |bitToBcd13bits|ciBitToBcd:ciBtB03|BtB_out~1  ; out0             ;
; |bitToBcd13bits|ciBitToBcd:ciBtB03|BtB_out[3] ; |bitToBcd13bits|ciBitToBcd:ciBtB03|BtB_out[3] ; out0             ;
; |bitToBcd13bits|ciBitToBcd:ciBtB03|BtB_out~3  ; |bitToBcd13bits|ciBitToBcd:ciBtB03|BtB_out~3  ; out0             ;
; |bitToBcd13bits|ciBitToBcd:ciBtB03|BtB_out~4  ; |bitToBcd13bits|ciBitToBcd:ciBtB03|BtB_out~4  ; out0             ;
; |bitToBcd13bits|ciBitToBcd:ciBtB03|BtB_out~5  ; |bitToBcd13bits|ciBitToBcd:ciBtB03|BtB_out~5  ; out0             ;
; |bitToBcd13bits|ciBitToBcd:ciBtB03|BtB_out[2] ; |bitToBcd13bits|ciBitToBcd:ciBtB03|BtB_out[2] ; out0             ;
; |bitToBcd13bits|ciBitToBcd:ciBtB03|BtB_out~7  ; |bitToBcd13bits|ciBitToBcd:ciBtB03|BtB_out~7  ; out0             ;
; |bitToBcd13bits|ciBitToBcd:ciBtB03|BtB_out~8  ; |bitToBcd13bits|ciBitToBcd:ciBtB03|BtB_out~8  ; out0             ;
; |bitToBcd13bits|ciBitToBcd:ciBtB03|BtB_out~9  ; |bitToBcd13bits|ciBitToBcd:ciBtB03|BtB_out~9  ; out0             ;
; |bitToBcd13bits|ciBitToBcd:ciBtB03|BtB_out[1] ; |bitToBcd13bits|ciBitToBcd:ciBtB03|BtB_out[1] ; out0             ;
; |bitToBcd13bits|ciBitToBcd:ciBtB03|BtB_out~11 ; |bitToBcd13bits|ciBitToBcd:ciBtB03|BtB_out~11 ; out0             ;
; |bitToBcd13bits|ciBitToBcd:ciBtB03|BtB_out~12 ; |bitToBcd13bits|ciBitToBcd:ciBtB03|BtB_out~12 ; out0             ;
; |bitToBcd13bits|ciBitToBcd:ciBtB03|BtB_out~13 ; |bitToBcd13bits|ciBitToBcd:ciBtB03|BtB_out~13 ; out0             ;
; |bitToBcd13bits|ciBitToBcd:ciBtB03|BtB_out~14 ; |bitToBcd13bits|ciBitToBcd:ciBtB03|BtB_out~14 ; out0             ;
; |bitToBcd13bits|ciBitToBcd:ciBtB03|BtB_out~15 ; |bitToBcd13bits|ciBitToBcd:ciBtB03|BtB_out~15 ; out0             ;
; |bitToBcd13bits|ciBitToBcd:ciBtB03|BtB_out[0] ; |bitToBcd13bits|ciBitToBcd:ciBtB03|BtB_out[0] ; out0             ;
; |bitToBcd13bits|ciBitToBcd:ciBtB02|BtB_out~0  ; |bitToBcd13bits|ciBitToBcd:ciBtB02|BtB_out~0  ; out0             ;
; |bitToBcd13bits|ciBitToBcd:ciBtB02|BtB_out~1  ; |bitToBcd13bits|ciBitToBcd:ciBtB02|BtB_out~1  ; out0             ;
; |bitToBcd13bits|ciBitToBcd:ciBtB02|BtB_out[3] ; |bitToBcd13bits|ciBitToBcd:ciBtB02|BtB_out[3] ; out0             ;
; |bitToBcd13bits|ciBitToBcd:ciBtB02|BtB_out~3  ; |bitToBcd13bits|ciBitToBcd:ciBtB02|BtB_out~3  ; out0             ;
; |bitToBcd13bits|ciBitToBcd:ciBtB02|BtB_out~4  ; |bitToBcd13bits|ciBitToBcd:ciBtB02|BtB_out~4  ; out0             ;
; |bitToBcd13bits|ciBitToBcd:ciBtB02|BtB_out~5  ; |bitToBcd13bits|ciBitToBcd:ciBtB02|BtB_out~5  ; out0             ;
; |bitToBcd13bits|ciBitToBcd:ciBtB02|BtB_out[2] ; |bitToBcd13bits|ciBitToBcd:ciBtB02|BtB_out[2] ; out0             ;
; |bitToBcd13bits|ciBitToBcd:ciBtB02|BtB_out~7  ; |bitToBcd13bits|ciBitToBcd:ciBtB02|BtB_out~7  ; out0             ;
; |bitToBcd13bits|ciBitToBcd:ciBtB02|BtB_out~8  ; |bitToBcd13bits|ciBitToBcd:ciBtB02|BtB_out~8  ; out0             ;
; |bitToBcd13bits|ciBitToBcd:ciBtB02|BtB_out~9  ; |bitToBcd13bits|ciBitToBcd:ciBtB02|BtB_out~9  ; out0             ;
; |bitToBcd13bits|ciBitToBcd:ciBtB02|BtB_out[1] ; |bitToBcd13bits|ciBitToBcd:ciBtB02|BtB_out[1] ; out0             ;
; |bitToBcd13bits|ciBitToBcd:ciBtB02|BtB_out~11 ; |bitToBcd13bits|ciBitToBcd:ciBtB02|BtB_out~11 ; out0             ;
; |bitToBcd13bits|ciBitToBcd:ciBtB02|BtB_out~12 ; |bitToBcd13bits|ciBitToBcd:ciBtB02|BtB_out~12 ; out0             ;
; |bitToBcd13bits|ciBitToBcd:ciBtB02|BtB_out~13 ; |bitToBcd13bits|ciBitToBcd:ciBtB02|BtB_out~13 ; out0             ;
; |bitToBcd13bits|ciBitToBcd:ciBtB02|BtB_out~14 ; |bitToBcd13bits|ciBitToBcd:ciBtB02|BtB_out~14 ; out0             ;
; |bitToBcd13bits|ciBitToBcd:ciBtB02|BtB_out~15 ; |bitToBcd13bits|ciBitToBcd:ciBtB02|BtB_out~15 ; out0             ;
; |bitToBcd13bits|ciBitToBcd:ciBtB02|BtB_out[0] ; |bitToBcd13bits|ciBitToBcd:ciBtB02|BtB_out[0] ; out0             ;
; |bitToBcd13bits|ciBitToBcd:ciBtB01|BtB_out~0  ; |bitToBcd13bits|ciBitToBcd:ciBtB01|BtB_out~0  ; out0             ;
; |bitToBcd13bits|ciBitToBcd:ciBtB01|BtB_out~1  ; |bitToBcd13bits|ciBitToBcd:ciBtB01|BtB_out~1  ; out0             ;
; |bitToBcd13bits|ciBitToBcd:ciBtB01|BtB_out~3  ; |bitToBcd13bits|ciBitToBcd:ciBtB01|BtB_out~3  ; out0             ;
; |bitToBcd13bits|ciBitToBcd:ciBtB01|BtB_out~4  ; |bitToBcd13bits|ciBitToBcd:ciBtB01|BtB_out~4  ; out0             ;
; |bitToBcd13bits|ciBitToBcd:ciBtB01|BtB_out~8  ; |bitToBcd13bits|ciBitToBcd:ciBtB01|BtB_out~8  ; out0             ;
; |bitToBcd13bits|ciBitToBcd:ciBtB01|BtB_out~9  ; |bitToBcd13bits|ciBitToBcd:ciBtB01|BtB_out~9  ; out0             ;
; |bitToBcd13bits|ciBitToBcd:ciBtB01|BtB_out~12 ; |bitToBcd13bits|ciBitToBcd:ciBtB01|BtB_out~12 ; out0             ;
; |bitToBcd13bits|ciBitToBcd:ciBtB01|BtB_out~13 ; |bitToBcd13bits|ciBitToBcd:ciBtB01|BtB_out~13 ; out0             ;
; |bitToBcd13bits|ciBitToBcd:ciBtB01|BtB_out~15 ; |bitToBcd13bits|ciBitToBcd:ciBtB01|BtB_out~15 ; out0             ;
; |bitToBcd13bits|ciBitToBcd:ciBtB01|BtB_out[0] ; |bitToBcd13bits|ciBitToBcd:ciBtB01|BtB_out[0] ; out0             ;
+-----------------------------------------------+-----------------------------------------------+------------------+


The following table displays output ports that do not toggle to 0 during simulation.
+------------------------------------------------------------------------------------------------------------------+
; Missing 0-Value Coverage                                                                                         ;
+-----------------------------------------------+-----------------------------------------------+------------------+
; Node Name                                     ; Output Port Name                              ; Output Port Type ;
+-----------------------------------------------+-----------------------------------------------+------------------+
; |bitToBcd13bits|bit_in[0]                     ; |bitToBcd13bits|bit_in[0]                     ; out              ;
; |bitToBcd13bits|bit_in[1]                     ; |bitToBcd13bits|bit_in[1]                     ; out              ;
; |bitToBcd13bits|bit_in[2]                     ; |bitToBcd13bits|bit_in[2]                     ; out              ;
; |bitToBcd13bits|bit_in[3]                     ; |bitToBcd13bits|bit_in[3]                     ; out              ;
; |bitToBcd13bits|bit_in[4]                     ; |bitToBcd13bits|bit_in[4]                     ; out              ;
; |bitToBcd13bits|bit_in[5]                     ; |bitToBcd13bits|bit_in[5]                     ; out              ;
; |bitToBcd13bits|bit_in[6]                     ; |bitToBcd13bits|bit_in[6]                     ; out              ;
; |bitToBcd13bits|bit_in[7]                     ; |bitToBcd13bits|bit_in[7]                     ; out              ;
; |bitToBcd13bits|bit_in[8]                     ; |bitToBcd13bits|bit_in[8]                     ; out              ;
; |bitToBcd13bits|bit_in[9]                     ; |bitToBcd13bits|bit_in[9]                     ; out              ;
; |bitToBcd13bits|bit_in[10]                    ; |bitToBcd13bits|bit_in[10]                    ; out              ;
; |bitToBcd13bits|bit_in[11]                    ; |bitToBcd13bits|bit_in[11]                    ; out              ;
; |bitToBcd13bits|bit_in[12]                    ; |bitToBcd13bits|bit_in[12]                    ; out              ;
; |bitToBcd13bits|bcd_out[0]                    ; |bitToBcd13bits|bcd_out[0]                    ; pin_out          ;
; |bitToBcd13bits|bcd_out[1]                    ; |bitToBcd13bits|bcd_out[1]                    ; pin_out          ;
; |bitToBcd13bits|bcd_out[2]                    ; |bitToBcd13bits|bcd_out[2]                    ; pin_out          ;
; |bitToBcd13bits|bcd_out[3]                    ; |bitToBcd13bits|bcd_out[3]                    ; pin_out          ;
; |bitToBcd13bits|bcd_out[4]                    ; |bitToBcd13bits|bcd_out[4]                    ; pin_out          ;
; |bitToBcd13bits|bcd_out[5]                    ; |bitToBcd13bits|bcd_out[5]                    ; pin_out          ;
; |bitToBcd13bits|bcd_out[6]                    ; |bitToBcd13bits|bcd_out[6]                    ; pin_out          ;
; |bitToBcd13bits|bcd_out[7]                    ; |bitToBcd13bits|bcd_out[7]                    ; pin_out          ;
; |bitToBcd13bits|bcd_out[8]                    ; |bitToBcd13bits|bcd_out[8]                    ; pin_out          ;
; |bitToBcd13bits|bcd_out[9]                    ; |bitToBcd13bits|bcd_out[9]                    ; pin_out          ;
; |bitToBcd13bits|bcd_out[10]                   ; |bitToBcd13bits|bcd_out[10]                   ; pin_out          ;
; |bitToBcd13bits|bcd_out[11]                   ; |bitToBcd13bits|bcd_out[11]                   ; pin_out          ;
; |bitToBcd13bits|bcd_out[12]                   ; |bitToBcd13bits|bcd_out[12]                   ; pin_out          ;
; |bitToBcd13bits|bcd_out[13]                   ; |bitToBcd13bits|bcd_out[13]                   ; pin_out          ;
; |bitToBcd13bits|bcd_out[14]                   ; |bitToBcd13bits|bcd_out[14]                   ; pin_out          ;
; |bitToBcd13bits|bcd_out[15]                   ; |bitToBcd13bits|bcd_out[15]                   ; pin_out          ;
; |bitToBcd13bits|ciBitToBcd:ciBtB21|BtB_out~0  ; |bitToBcd13bits|ciBitToBcd:ciBtB21|BtB_out~0  ; out0             ;
; |bitToBcd13bits|ciBitToBcd:ciBtB21|BtB_out~1  ; |bitToBcd13bits|ciBitToBcd:ciBtB21|BtB_out~1  ; out0             ;
; |bitToBcd13bits|ciBitToBcd:ciBtB21|BtB_out[3] ; |bitToBcd13bits|ciBitToBcd:ciBtB21|BtB_out[3] ; out0             ;
; |bitToBcd13bits|ciBitToBcd:ciBtB21|BtB_out~3  ; |bitToBcd13bits|ciBitToBcd:ciBtB21|BtB_out~3  ; out0             ;
; |bitToBcd13bits|ciBitToBcd:ciBtB21|BtB_out~4  ; |bitToBcd13bits|ciBitToBcd:ciBtB21|BtB_out~4  ; out0             ;
; |bitToBcd13bits|ciBitToBcd:ciBtB21|BtB_out~5  ; |bitToBcd13bits|ciBitToBcd:ciBtB21|BtB_out~5  ; out0             ;
; |bitToBcd13bits|ciBitToBcd:ciBtB21|BtB_out[2] ; |bitToBcd13bits|ciBitToBcd:ciBtB21|BtB_out[2] ; out0             ;
; |bitToBcd13bits|ciBitToBcd:ciBtB21|BtB_out~7  ; |bitToBcd13bits|ciBitToBcd:ciBtB21|BtB_out~7  ; out0             ;
; |bitToBcd13bits|ciBitToBcd:ciBtB21|BtB_out~8  ; |bitToBcd13bits|ciBitToBcd:ciBtB21|BtB_out~8  ; out0             ;
; |bitToBcd13bits|ciBitToBcd:ciBtB21|BtB_out~9  ; |bitToBcd13bits|ciBitToBcd:ciBtB21|BtB_out~9  ; out0             ;
; |bitToBcd13bits|ciBitToBcd:ciBtB21|BtB_out[1] ; |bitToBcd13bits|ciBitToBcd:ciBtB21|BtB_out[1] ; out0             ;
; |bitToBcd13bits|ciBitToBcd:ciBtB21|BtB_out~11 ; |bitToBcd13bits|ciBitToBcd:ciBtB21|BtB_out~11 ; out0             ;
; |bitToBcd13bits|ciBitToBcd:ciBtB21|BtB_out~12 ; |bitToBcd13bits|ciBitToBcd:ciBtB21|BtB_out~12 ; out0             ;
; |bitToBcd13bits|ciBitToBcd:ciBtB21|BtB_out~13 ; |bitToBcd13bits|ciBitToBcd:ciBtB21|BtB_out~13 ; out0             ;
; |bitToBcd13bits|ciBitToBcd:ciBtB21|BtB_out~14 ; |bitToBcd13bits|ciBitToBcd:ciBtB21|BtB_out~14 ; out0             ;
; |bitToBcd13bits|ciBitToBcd:ciBtB21|BtB_out~15 ; |bitToBcd13bits|ciBitToBcd:ciBtB21|BtB_out~15 ; out0             ;
; |bitToBcd13bits|ciBitToBcd:ciBtB21|BtB_out[0] ; |bitToBcd13bits|ciBitToBcd:ciBtB21|BtB_out[0] ; out0             ;
; |bitToBcd13bits|ciBitToBcd:ciBtB20|BtB_out~0  ; |bitToBcd13bits|ciBitToBcd:ciBtB20|BtB_out~0  ; out0             ;
; |bitToBcd13bits|ciBitToBcd:ciBtB20|BtB_out~1  ; |bitToBcd13bits|ciBitToBcd:ciBtB20|BtB_out~1  ; out0             ;
; |bitToBcd13bits|ciBitToBcd:ciBtB20|BtB_out[3] ; |bitToBcd13bits|ciBitToBcd:ciBtB20|BtB_out[3] ; out0             ;
; |bitToBcd13bits|ciBitToBcd:ciBtB20|BtB_out~3  ; |bitToBcd13bits|ciBitToBcd:ciBtB20|BtB_out~3  ; out0             ;
; |bitToBcd13bits|ciBitToBcd:ciBtB20|BtB_out~4  ; |bitToBcd13bits|ciBitToBcd:ciBtB20|BtB_out~4  ; out0             ;
; |bitToBcd13bits|ciBitToBcd:ciBtB20|BtB_out~5  ; |bitToBcd13bits|ciBitToBcd:ciBtB20|BtB_out~5  ; out0             ;
; |bitToBcd13bits|ciBitToBcd:ciBtB20|BtB_out[2] ; |bitToBcd13bits|ciBitToBcd:ciBtB20|BtB_out[2] ; out0             ;
; |bitToBcd13bits|ciBitToBcd:ciBtB20|BtB_out~7  ; |bitToBcd13bits|ciBitToBcd:ciBtB20|BtB_out~7  ; out0             ;
; |bitToBcd13bits|ciBitToBcd:ciBtB20|BtB_out~8  ; |bitToBcd13bits|ciBitToBcd:ciBtB20|BtB_out~8  ; out0             ;
; |bitToBcd13bits|ciBitToBcd:ciBtB20|BtB_out~9  ; |bitToBcd13bits|ciBitToBcd:ciBtB20|BtB_out~9  ; out0             ;
; |bitToBcd13bits|ciBitToBcd:ciBtB20|BtB_out[1] ; |bitToBcd13bits|ciBitToBcd:ciBtB20|BtB_out[1] ; out0             ;
; |bitToBcd13bits|ciBitToBcd:ciBtB20|BtB_out~11 ; |bitToBcd13bits|ciBitToBcd:ciBtB20|BtB_out~11 ; out0             ;
; |bitToBcd13bits|ciBitToBcd:ciBtB20|BtB_out~12 ; |bitToBcd13bits|ciBitToBcd:ciBtB20|BtB_out~12 ; out0             ;
; |bitToBcd13bits|ciBitToBcd:ciBtB20|BtB_out~13 ; |bitToBcd13bits|ciBitToBcd:ciBtB20|BtB_out~13 ; out0             ;
; |bitToBcd13bits|ciBitToBcd:ciBtB20|BtB_out~14 ; |bitToBcd13bits|ciBitToBcd:ciBtB20|BtB_out~14 ; out0             ;
; |bitToBcd13bits|ciBitToBcd:ciBtB20|BtB_out~15 ; |bitToBcd13bits|ciBitToBcd:ciBtB20|BtB_out~15 ; out0             ;
; |bitToBcd13bits|ciBitToBcd:ciBtB20|BtB_out[0] ; |bitToBcd13bits|ciBitToBcd:ciBtB20|BtB_out[0] ; out0             ;
; |bitToBcd13bits|ciBitToBcd:ciBtB19|BtB_out~0  ; |bitToBcd13bits|ciBitToBcd:ciBtB19|BtB_out~0  ; out0             ;
; |bitToBcd13bits|ciBitToBcd:ciBtB19|BtB_out~1  ; |bitToBcd13bits|ciBitToBcd:ciBtB19|BtB_out~1  ; out0             ;
; |bitToBcd13bits|ciBitToBcd:ciBtB19|BtB_out[3] ; |bitToBcd13bits|ciBitToBcd:ciBtB19|BtB_out[3] ; out0             ;
; |bitToBcd13bits|ciBitToBcd:ciBtB19|BtB_out~3  ; |bitToBcd13bits|ciBitToBcd:ciBtB19|BtB_out~3  ; out0             ;
; |bitToBcd13bits|ciBitToBcd:ciBtB19|BtB_out~4  ; |bitToBcd13bits|ciBitToBcd:ciBtB19|BtB_out~4  ; out0             ;
; |bitToBcd13bits|ciBitToBcd:ciBtB19|BtB_out~5  ; |bitToBcd13bits|ciBitToBcd:ciBtB19|BtB_out~5  ; out0             ;
; |bitToBcd13bits|ciBitToBcd:ciBtB19|BtB_out[2] ; |bitToBcd13bits|ciBitToBcd:ciBtB19|BtB_out[2] ; out0             ;
; |bitToBcd13bits|ciBitToBcd:ciBtB19|BtB_out~7  ; |bitToBcd13bits|ciBitToBcd:ciBtB19|BtB_out~7  ; out0             ;
; |bitToBcd13bits|ciBitToBcd:ciBtB19|BtB_out~8  ; |bitToBcd13bits|ciBitToBcd:ciBtB19|BtB_out~8  ; out0             ;
; |bitToBcd13bits|ciBitToBcd:ciBtB19|BtB_out~9  ; |bitToBcd13bits|ciBitToBcd:ciBtB19|BtB_out~9  ; out0             ;
; |bitToBcd13bits|ciBitToBcd:ciBtB19|BtB_out[1] ; |bitToBcd13bits|ciBitToBcd:ciBtB19|BtB_out[1] ; out0             ;
; |bitToBcd13bits|ciBitToBcd:ciBtB19|BtB_out~11 ; |bitToBcd13bits|ciBitToBcd:ciBtB19|BtB_out~11 ; out0             ;
; |bitToBcd13bits|ciBitToBcd:ciBtB19|BtB_out~12 ; |bitToBcd13bits|ciBitToBcd:ciBtB19|BtB_out~12 ; out0             ;
; |bitToBcd13bits|ciBitToBcd:ciBtB19|BtB_out~13 ; |bitToBcd13bits|ciBitToBcd:ciBtB19|BtB_out~13 ; out0             ;
; |bitToBcd13bits|ciBitToBcd:ciBtB19|BtB_out~14 ; |bitToBcd13bits|ciBitToBcd:ciBtB19|BtB_out~14 ; out0             ;
; |bitToBcd13bits|ciBitToBcd:ciBtB19|BtB_out~15 ; |bitToBcd13bits|ciBitToBcd:ciBtB19|BtB_out~15 ; out0             ;
; |bitToBcd13bits|ciBitToBcd:ciBtB19|BtB_out[0] ; |bitToBcd13bits|ciBitToBcd:ciBtB19|BtB_out[0] ; out0             ;
; |bitToBcd13bits|ciBitToBcd:ciBtB18|BtB_out~0  ; |bitToBcd13bits|ciBitToBcd:ciBtB18|BtB_out~0  ; out0             ;
; |bitToBcd13bits|ciBitToBcd:ciBtB18|BtB_out~1  ; |bitToBcd13bits|ciBitToBcd:ciBtB18|BtB_out~1  ; out0             ;
; |bitToBcd13bits|ciBitToBcd:ciBtB18|BtB_out[3] ; |bitToBcd13bits|ciBitToBcd:ciBtB18|BtB_out[3] ; out0             ;
; |bitToBcd13bits|ciBitToBcd:ciBtB18|BtB_out~3  ; |bitToBcd13bits|ciBitToBcd:ciBtB18|BtB_out~3  ; out0             ;
; |bitToBcd13bits|ciBitToBcd:ciBtB18|BtB_out~4  ; |bitToBcd13bits|ciBitToBcd:ciBtB18|BtB_out~4  ; out0             ;
; |bitToBcd13bits|ciBitToBcd:ciBtB18|BtB_out~5  ; |bitToBcd13bits|ciBitToBcd:ciBtB18|BtB_out~5  ; out0             ;
; |bitToBcd13bits|ciBitToBcd:ciBtB18|BtB_out[2] ; |bitToBcd13bits|ciBitToBcd:ciBtB18|BtB_out[2] ; out0             ;
; |bitToBcd13bits|ciBitToBcd:ciBtB18|BtB_out~7  ; |bitToBcd13bits|ciBitToBcd:ciBtB18|BtB_out~7  ; out0             ;
; |bitToBcd13bits|ciBitToBcd:ciBtB18|BtB_out~8  ; |bitToBcd13bits|ciBitToBcd:ciBtB18|BtB_out~8  ; out0             ;
; |bitToBcd13bits|ciBitToBcd:ciBtB18|BtB_out~9  ; |bitToBcd13bits|ciBitToBcd:ciBtB18|BtB_out~9  ; out0             ;
; |bitToBcd13bits|ciBitToBcd:ciBtB18|BtB_out[1] ; |bitToBcd13bits|ciBitToBcd:ciBtB18|BtB_out[1] ; out0             ;
; |bitToBcd13bits|ciBitToBcd:ciBtB18|BtB_out~11 ; |bitToBcd13bits|ciBitToBcd:ciBtB18|BtB_out~11 ; out0             ;
; |bitToBcd13bits|ciBitToBcd:ciBtB18|BtB_out~12 ; |bitToBcd13bits|ciBitToBcd:ciBtB18|BtB_out~12 ; out0             ;
; |bitToBcd13bits|ciBitToBcd:ciBtB18|BtB_out~13 ; |bitToBcd13bits|ciBitToBcd:ciBtB18|BtB_out~13 ; out0             ;
; |bitToBcd13bits|ciBitToBcd:ciBtB18|BtB_out~14 ; |bitToBcd13bits|ciBitToBcd:ciBtB18|BtB_out~14 ; out0             ;
; |bitToBcd13bits|ciBitToBcd:ciBtB18|BtB_out~15 ; |bitToBcd13bits|ciBitToBcd:ciBtB18|BtB_out~15 ; out0             ;
; |bitToBcd13bits|ciBitToBcd:ciBtB18|BtB_out[0] ; |bitToBcd13bits|ciBitToBcd:ciBtB18|BtB_out[0] ; out0             ;
; |bitToBcd13bits|ciBitToBcd:ciBtB17|BtB_out~0  ; |bitToBcd13bits|ciBitToBcd:ciBtB17|BtB_out~0  ; out0             ;
; |bitToBcd13bits|ciBitToBcd:ciBtB17|BtB_out~1  ; |bitToBcd13bits|ciBitToBcd:ciBtB17|BtB_out~1  ; out0             ;
; |bitToBcd13bits|ciBitToBcd:ciBtB17|BtB_out[3] ; |bitToBcd13bits|ciBitToBcd:ciBtB17|BtB_out[3] ; out0             ;
; |bitToBcd13bits|ciBitToBcd:ciBtB17|BtB_out~3  ; |bitToBcd13bits|ciBitToBcd:ciBtB17|BtB_out~3  ; out0             ;
; |bitToBcd13bits|ciBitToBcd:ciBtB17|BtB_out~4  ; |bitToBcd13bits|ciBitToBcd:ciBtB17|BtB_out~4  ; out0             ;
; |bitToBcd13bits|ciBitToBcd:ciBtB17|BtB_out~5  ; |bitToBcd13bits|ciBitToBcd:ciBtB17|BtB_out~5  ; out0             ;
; |bitToBcd13bits|ciBitToBcd:ciBtB17|BtB_out[2] ; |bitToBcd13bits|ciBitToBcd:ciBtB17|BtB_out[2] ; out0             ;
; |bitToBcd13bits|ciBitToBcd:ciBtB17|BtB_out~7  ; |bitToBcd13bits|ciBitToBcd:ciBtB17|BtB_out~7  ; out0             ;
; |bitToBcd13bits|ciBitToBcd:ciBtB17|BtB_out~8  ; |bitToBcd13bits|ciBitToBcd:ciBtB17|BtB_out~8  ; out0             ;
; |bitToBcd13bits|ciBitToBcd:ciBtB17|BtB_out~9  ; |bitToBcd13bits|ciBitToBcd:ciBtB17|BtB_out~9  ; out0             ;
; |bitToBcd13bits|ciBitToBcd:ciBtB17|BtB_out[1] ; |bitToBcd13bits|ciBitToBcd:ciBtB17|BtB_out[1] ; out0             ;
; |bitToBcd13bits|ciBitToBcd:ciBtB17|BtB_out~11 ; |bitToBcd13bits|ciBitToBcd:ciBtB17|BtB_out~11 ; out0             ;
; |bitToBcd13bits|ciBitToBcd:ciBtB17|BtB_out~12 ; |bitToBcd13bits|ciBitToBcd:ciBtB17|BtB_out~12 ; out0             ;
; |bitToBcd13bits|ciBitToBcd:ciBtB17|BtB_out~13 ; |bitToBcd13bits|ciBitToBcd:ciBtB17|BtB_out~13 ; out0             ;
; |bitToBcd13bits|ciBitToBcd:ciBtB17|BtB_out~14 ; |bitToBcd13bits|ciBitToBcd:ciBtB17|BtB_out~14 ; out0             ;
; |bitToBcd13bits|ciBitToBcd:ciBtB17|BtB_out~15 ; |bitToBcd13bits|ciBitToBcd:ciBtB17|BtB_out~15 ; out0             ;
; |bitToBcd13bits|ciBitToBcd:ciBtB17|BtB_out[0] ; |bitToBcd13bits|ciBitToBcd:ciBtB17|BtB_out[0] ; out0             ;
; |bitToBcd13bits|ciBitToBcd:ciBtB16|BtB_out~0  ; |bitToBcd13bits|ciBitToBcd:ciBtB16|BtB_out~0  ; out0             ;
; |bitToBcd13bits|ciBitToBcd:ciBtB16|BtB_out~1  ; |bitToBcd13bits|ciBitToBcd:ciBtB16|BtB_out~1  ; out0             ;
; |bitToBcd13bits|ciBitToBcd:ciBtB16|BtB_out[3] ; |bitToBcd13bits|ciBitToBcd:ciBtB16|BtB_out[3] ; out0             ;
; |bitToBcd13bits|ciBitToBcd:ciBtB16|BtB_out~3  ; |bitToBcd13bits|ciBitToBcd:ciBtB16|BtB_out~3  ; out0             ;
; |bitToBcd13bits|ciBitToBcd:ciBtB16|BtB_out~4  ; |bitToBcd13bits|ciBitToBcd:ciBtB16|BtB_out~4  ; out0             ;
; |bitToBcd13bits|ciBitToBcd:ciBtB16|BtB_out~5  ; |bitToBcd13bits|ciBitToBcd:ciBtB16|BtB_out~5  ; out0             ;
; |bitToBcd13bits|ciBitToBcd:ciBtB16|BtB_out[2] ; |bitToBcd13bits|ciBitToBcd:ciBtB16|BtB_out[2] ; out0             ;
; |bitToBcd13bits|ciBitToBcd:ciBtB16|BtB_out~7  ; |bitToBcd13bits|ciBitToBcd:ciBtB16|BtB_out~7  ; out0             ;
; |bitToBcd13bits|ciBitToBcd:ciBtB16|BtB_out~8  ; |bitToBcd13bits|ciBitToBcd:ciBtB16|BtB_out~8  ; out0             ;
; |bitToBcd13bits|ciBitToBcd:ciBtB16|BtB_out~9  ; |bitToBcd13bits|ciBitToBcd:ciBtB16|BtB_out~9  ; out0             ;
; |bitToBcd13bits|ciBitToBcd:ciBtB16|BtB_out[1] ; |bitToBcd13bits|ciBitToBcd:ciBtB16|BtB_out[1] ; out0             ;
; |bitToBcd13bits|ciBitToBcd:ciBtB16|BtB_out~11 ; |bitToBcd13bits|ciBitToBcd:ciBtB16|BtB_out~11 ; out0             ;
; |bitToBcd13bits|ciBitToBcd:ciBtB16|BtB_out~12 ; |bitToBcd13bits|ciBitToBcd:ciBtB16|BtB_out~12 ; out0             ;
; |bitToBcd13bits|ciBitToBcd:ciBtB16|BtB_out~13 ; |bitToBcd13bits|ciBitToBcd:ciBtB16|BtB_out~13 ; out0             ;
; |bitToBcd13bits|ciBitToBcd:ciBtB16|BtB_out~14 ; |bitToBcd13bits|ciBitToBcd:ciBtB16|BtB_out~14 ; out0             ;
; |bitToBcd13bits|ciBitToBcd:ciBtB16|BtB_out~15 ; |bitToBcd13bits|ciBitToBcd:ciBtB16|BtB_out~15 ; out0             ;
; |bitToBcd13bits|ciBitToBcd:ciBtB16|BtB_out[0] ; |bitToBcd13bits|ciBitToBcd:ciBtB16|BtB_out[0] ; out0             ;
; |bitToBcd13bits|ciBitToBcd:ciBtB15|BtB_out~0  ; |bitToBcd13bits|ciBitToBcd:ciBtB15|BtB_out~0  ; out0             ;
; |bitToBcd13bits|ciBitToBcd:ciBtB15|BtB_out~1  ; |bitToBcd13bits|ciBitToBcd:ciBtB15|BtB_out~1  ; out0             ;
; |bitToBcd13bits|ciBitToBcd:ciBtB15|BtB_out[3] ; |bitToBcd13bits|ciBitToBcd:ciBtB15|BtB_out[3] ; out0             ;
; |bitToBcd13bits|ciBitToBcd:ciBtB15|BtB_out~3  ; |bitToBcd13bits|ciBitToBcd:ciBtB15|BtB_out~3  ; out0             ;
; |bitToBcd13bits|ciBitToBcd:ciBtB15|BtB_out~4  ; |bitToBcd13bits|ciBitToBcd:ciBtB15|BtB_out~4  ; out0             ;
; |bitToBcd13bits|ciBitToBcd:ciBtB15|BtB_out~5  ; |bitToBcd13bits|ciBitToBcd:ciBtB15|BtB_out~5  ; out0             ;
; |bitToBcd13bits|ciBitToBcd:ciBtB15|BtB_out[2] ; |bitToBcd13bits|ciBitToBcd:ciBtB15|BtB_out[2] ; out0             ;
; |bitToBcd13bits|ciBitToBcd:ciBtB15|BtB_out~7  ; |bitToBcd13bits|ciBitToBcd:ciBtB15|BtB_out~7  ; out0             ;
; |bitToBcd13bits|ciBitToBcd:ciBtB15|BtB_out~8  ; |bitToBcd13bits|ciBitToBcd:ciBtB15|BtB_out~8  ; out0             ;
; |bitToBcd13bits|ciBitToBcd:ciBtB15|BtB_out~9  ; |bitToBcd13bits|ciBitToBcd:ciBtB15|BtB_out~9  ; out0             ;
; |bitToBcd13bits|ciBitToBcd:ciBtB15|BtB_out[1] ; |bitToBcd13bits|ciBitToBcd:ciBtB15|BtB_out[1] ; out0             ;
; |bitToBcd13bits|ciBitToBcd:ciBtB15|BtB_out~11 ; |bitToBcd13bits|ciBitToBcd:ciBtB15|BtB_out~11 ; out0             ;
; |bitToBcd13bits|ciBitToBcd:ciBtB15|BtB_out~12 ; |bitToBcd13bits|ciBitToBcd:ciBtB15|BtB_out~12 ; out0             ;
; |bitToBcd13bits|ciBitToBcd:ciBtB15|BtB_out~13 ; |bitToBcd13bits|ciBitToBcd:ciBtB15|BtB_out~13 ; out0             ;
; |bitToBcd13bits|ciBitToBcd:ciBtB15|BtB_out~14 ; |bitToBcd13bits|ciBitToBcd:ciBtB15|BtB_out~14 ; out0             ;
; |bitToBcd13bits|ciBitToBcd:ciBtB15|BtB_out~15 ; |bitToBcd13bits|ciBitToBcd:ciBtB15|BtB_out~15 ; out0             ;
; |bitToBcd13bits|ciBitToBcd:ciBtB15|BtB_out[0] ; |bitToBcd13bits|ciBitToBcd:ciBtB15|BtB_out[0] ; out0             ;
; |bitToBcd13bits|ciBitToBcd:ciBtB14|BtB_out~0  ; |bitToBcd13bits|ciBitToBcd:ciBtB14|BtB_out~0  ; out0             ;
; |bitToBcd13bits|ciBitToBcd:ciBtB14|BtB_out~1  ; |bitToBcd13bits|ciBitToBcd:ciBtB14|BtB_out~1  ; out0             ;
; |bitToBcd13bits|ciBitToBcd:ciBtB14|BtB_out[3] ; |bitToBcd13bits|ciBitToBcd:ciBtB14|BtB_out[3] ; out0             ;
; |bitToBcd13bits|ciBitToBcd:ciBtB14|BtB_out~3  ; |bitToBcd13bits|ciBitToBcd:ciBtB14|BtB_out~3  ; out0             ;
; |bitToBcd13bits|ciBitToBcd:ciBtB14|BtB_out~4  ; |bitToBcd13bits|ciBitToBcd:ciBtB14|BtB_out~4  ; out0             ;
; |bitToBcd13bits|ciBitToBcd:ciBtB14|BtB_out~5  ; |bitToBcd13bits|ciBitToBcd:ciBtB14|BtB_out~5  ; out0             ;
; |bitToBcd13bits|ciBitToBcd:ciBtB14|BtB_out[2] ; |bitToBcd13bits|ciBitToBcd:ciBtB14|BtB_out[2] ; out0             ;
; |bitToBcd13bits|ciBitToBcd:ciBtB14|BtB_out~7  ; |bitToBcd13bits|ciBitToBcd:ciBtB14|BtB_out~7  ; out0             ;
; |bitToBcd13bits|ciBitToBcd:ciBtB14|BtB_out~8  ; |bitToBcd13bits|ciBitToBcd:ciBtB14|BtB_out~8  ; out0             ;
; |bitToBcd13bits|ciBitToBcd:ciBtB14|BtB_out~9  ; |bitToBcd13bits|ciBitToBcd:ciBtB14|BtB_out~9  ; out0             ;
; |bitToBcd13bits|ciBitToBcd:ciBtB14|BtB_out[1] ; |bitToBcd13bits|ciBitToBcd:ciBtB14|BtB_out[1] ; out0             ;
; |bitToBcd13bits|ciBitToBcd:ciBtB14|BtB_out~11 ; |bitToBcd13bits|ciBitToBcd:ciBtB14|BtB_out~11 ; out0             ;
; |bitToBcd13bits|ciBitToBcd:ciBtB14|BtB_out~12 ; |bitToBcd13bits|ciBitToBcd:ciBtB14|BtB_out~12 ; out0             ;
; |bitToBcd13bits|ciBitToBcd:ciBtB14|BtB_out~13 ; |bitToBcd13bits|ciBitToBcd:ciBtB14|BtB_out~13 ; out0             ;
; |bitToBcd13bits|ciBitToBcd:ciBtB14|BtB_out~14 ; |bitToBcd13bits|ciBitToBcd:ciBtB14|BtB_out~14 ; out0             ;
; |bitToBcd13bits|ciBitToBcd:ciBtB14|BtB_out~15 ; |bitToBcd13bits|ciBitToBcd:ciBtB14|BtB_out~15 ; out0             ;
; |bitToBcd13bits|ciBitToBcd:ciBtB14|BtB_out[0] ; |bitToBcd13bits|ciBitToBcd:ciBtB14|BtB_out[0] ; out0             ;
; |bitToBcd13bits|ciBitToBcd:ciBtB13|BtB_out~0  ; |bitToBcd13bits|ciBitToBcd:ciBtB13|BtB_out~0  ; out0             ;
; |bitToBcd13bits|ciBitToBcd:ciBtB13|BtB_out~1  ; |bitToBcd13bits|ciBitToBcd:ciBtB13|BtB_out~1  ; out0             ;
; |bitToBcd13bits|ciBitToBcd:ciBtB13|BtB_out[3] ; |bitToBcd13bits|ciBitToBcd:ciBtB13|BtB_out[3] ; out0             ;
; |bitToBcd13bits|ciBitToBcd:ciBtB13|BtB_out~3  ; |bitToBcd13bits|ciBitToBcd:ciBtB13|BtB_out~3  ; out0             ;
; |bitToBcd13bits|ciBitToBcd:ciBtB13|BtB_out~4  ; |bitToBcd13bits|ciBitToBcd:ciBtB13|BtB_out~4  ; out0             ;
; |bitToBcd13bits|ciBitToBcd:ciBtB13|BtB_out~5  ; |bitToBcd13bits|ciBitToBcd:ciBtB13|BtB_out~5  ; out0             ;
; |bitToBcd13bits|ciBitToBcd:ciBtB13|BtB_out[2] ; |bitToBcd13bits|ciBitToBcd:ciBtB13|BtB_out[2] ; out0             ;
; |bitToBcd13bits|ciBitToBcd:ciBtB13|BtB_out~7  ; |bitToBcd13bits|ciBitToBcd:ciBtB13|BtB_out~7  ; out0             ;
; |bitToBcd13bits|ciBitToBcd:ciBtB13|BtB_out~8  ; |bitToBcd13bits|ciBitToBcd:ciBtB13|BtB_out~8  ; out0             ;
; |bitToBcd13bits|ciBitToBcd:ciBtB13|BtB_out~9  ; |bitToBcd13bits|ciBitToBcd:ciBtB13|BtB_out~9  ; out0             ;
; |bitToBcd13bits|ciBitToBcd:ciBtB13|BtB_out[1] ; |bitToBcd13bits|ciBitToBcd:ciBtB13|BtB_out[1] ; out0             ;
; |bitToBcd13bits|ciBitToBcd:ciBtB13|BtB_out~11 ; |bitToBcd13bits|ciBitToBcd:ciBtB13|BtB_out~11 ; out0             ;
; |bitToBcd13bits|ciBitToBcd:ciBtB13|BtB_out~12 ; |bitToBcd13bits|ciBitToBcd:ciBtB13|BtB_out~12 ; out0             ;
; |bitToBcd13bits|ciBitToBcd:ciBtB13|BtB_out~13 ; |bitToBcd13bits|ciBitToBcd:ciBtB13|BtB_out~13 ; out0             ;
; |bitToBcd13bits|ciBitToBcd:ciBtB13|BtB_out~14 ; |bitToBcd13bits|ciBitToBcd:ciBtB13|BtB_out~14 ; out0             ;
; |bitToBcd13bits|ciBitToBcd:ciBtB13|BtB_out~15 ; |bitToBcd13bits|ciBitToBcd:ciBtB13|BtB_out~15 ; out0             ;
; |bitToBcd13bits|ciBitToBcd:ciBtB13|BtB_out[0] ; |bitToBcd13bits|ciBitToBcd:ciBtB13|BtB_out[0] ; out0             ;
; |bitToBcd13bits|ciBitToBcd:ciBtB12|BtB_out~0  ; |bitToBcd13bits|ciBitToBcd:ciBtB12|BtB_out~0  ; out0             ;
; |bitToBcd13bits|ciBitToBcd:ciBtB12|BtB_out~1  ; |bitToBcd13bits|ciBitToBcd:ciBtB12|BtB_out~1  ; out0             ;
; |bitToBcd13bits|ciBitToBcd:ciBtB12|BtB_out[3] ; |bitToBcd13bits|ciBitToBcd:ciBtB12|BtB_out[3] ; out0             ;
; |bitToBcd13bits|ciBitToBcd:ciBtB12|BtB_out~3  ; |bitToBcd13bits|ciBitToBcd:ciBtB12|BtB_out~3  ; out0             ;
; |bitToBcd13bits|ciBitToBcd:ciBtB12|BtB_out~4  ; |bitToBcd13bits|ciBitToBcd:ciBtB12|BtB_out~4  ; out0             ;
; |bitToBcd13bits|ciBitToBcd:ciBtB12|BtB_out~5  ; |bitToBcd13bits|ciBitToBcd:ciBtB12|BtB_out~5  ; out0             ;
; |bitToBcd13bits|ciBitToBcd:ciBtB12|BtB_out[2] ; |bitToBcd13bits|ciBitToBcd:ciBtB12|BtB_out[2] ; out0             ;
; |bitToBcd13bits|ciBitToBcd:ciBtB12|BtB_out~7  ; |bitToBcd13bits|ciBitToBcd:ciBtB12|BtB_out~7  ; out0             ;
; |bitToBcd13bits|ciBitToBcd:ciBtB12|BtB_out~8  ; |bitToBcd13bits|ciBitToBcd:ciBtB12|BtB_out~8  ; out0             ;
; |bitToBcd13bits|ciBitToBcd:ciBtB12|BtB_out~9  ; |bitToBcd13bits|ciBitToBcd:ciBtB12|BtB_out~9  ; out0             ;
; |bitToBcd13bits|ciBitToBcd:ciBtB12|BtB_out[1] ; |bitToBcd13bits|ciBitToBcd:ciBtB12|BtB_out[1] ; out0             ;
; |bitToBcd13bits|ciBitToBcd:ciBtB12|BtB_out~11 ; |bitToBcd13bits|ciBitToBcd:ciBtB12|BtB_out~11 ; out0             ;
; |bitToBcd13bits|ciBitToBcd:ciBtB12|BtB_out~12 ; |bitToBcd13bits|ciBitToBcd:ciBtB12|BtB_out~12 ; out0             ;
; |bitToBcd13bits|ciBitToBcd:ciBtB12|BtB_out~13 ; |bitToBcd13bits|ciBitToBcd:ciBtB12|BtB_out~13 ; out0             ;
; |bitToBcd13bits|ciBitToBcd:ciBtB12|BtB_out~14 ; |bitToBcd13bits|ciBitToBcd:ciBtB12|BtB_out~14 ; out0             ;
; |bitToBcd13bits|ciBitToBcd:ciBtB12|BtB_out~15 ; |bitToBcd13bits|ciBitToBcd:ciBtB12|BtB_out~15 ; out0             ;
; |bitToBcd13bits|ciBitToBcd:ciBtB12|BtB_out[0] ; |bitToBcd13bits|ciBitToBcd:ciBtB12|BtB_out[0] ; out0             ;
; |bitToBcd13bits|ciBitToBcd:ciBtB11|BtB_out~0  ; |bitToBcd13bits|ciBitToBcd:ciBtB11|BtB_out~0  ; out0             ;
; |bitToBcd13bits|ciBitToBcd:ciBtB11|BtB_out~1  ; |bitToBcd13bits|ciBitToBcd:ciBtB11|BtB_out~1  ; out0             ;
; |bitToBcd13bits|ciBitToBcd:ciBtB11|BtB_out[3] ; |bitToBcd13bits|ciBitToBcd:ciBtB11|BtB_out[3] ; out0             ;
; |bitToBcd13bits|ciBitToBcd:ciBtB11|BtB_out~3  ; |bitToBcd13bits|ciBitToBcd:ciBtB11|BtB_out~3  ; out0             ;
; |bitToBcd13bits|ciBitToBcd:ciBtB11|BtB_out~4  ; |bitToBcd13bits|ciBitToBcd:ciBtB11|BtB_out~4  ; out0             ;
; |bitToBcd13bits|ciBitToBcd:ciBtB11|BtB_out~5  ; |bitToBcd13bits|ciBitToBcd:ciBtB11|BtB_out~5  ; out0             ;
; |bitToBcd13bits|ciBitToBcd:ciBtB11|BtB_out[2] ; |bitToBcd13bits|ciBitToBcd:ciBtB11|BtB_out[2] ; out0             ;
; |bitToBcd13bits|ciBitToBcd:ciBtB11|BtB_out~7  ; |bitToBcd13bits|ciBitToBcd:ciBtB11|BtB_out~7  ; out0             ;
; |bitToBcd13bits|ciBitToBcd:ciBtB11|BtB_out~8  ; |bitToBcd13bits|ciBitToBcd:ciBtB11|BtB_out~8  ; out0             ;
; |bitToBcd13bits|ciBitToBcd:ciBtB11|BtB_out~9  ; |bitToBcd13bits|ciBitToBcd:ciBtB11|BtB_out~9  ; out0             ;
; |bitToBcd13bits|ciBitToBcd:ciBtB11|BtB_out[1] ; |bitToBcd13bits|ciBitToBcd:ciBtB11|BtB_out[1] ; out0             ;
; |bitToBcd13bits|ciBitToBcd:ciBtB11|BtB_out~11 ; |bitToBcd13bits|ciBitToBcd:ciBtB11|BtB_out~11 ; out0             ;
; |bitToBcd13bits|ciBitToBcd:ciBtB11|BtB_out~12 ; |bitToBcd13bits|ciBitToBcd:ciBtB11|BtB_out~12 ; out0             ;
; |bitToBcd13bits|ciBitToBcd:ciBtB11|BtB_out~13 ; |bitToBcd13bits|ciBitToBcd:ciBtB11|BtB_out~13 ; out0             ;
; |bitToBcd13bits|ciBitToBcd:ciBtB11|BtB_out~14 ; |bitToBcd13bits|ciBitToBcd:ciBtB11|BtB_out~14 ; out0             ;
; |bitToBcd13bits|ciBitToBcd:ciBtB11|BtB_out~15 ; |bitToBcd13bits|ciBitToBcd:ciBtB11|BtB_out~15 ; out0             ;
; |bitToBcd13bits|ciBitToBcd:ciBtB11|BtB_out[0] ; |bitToBcd13bits|ciBitToBcd:ciBtB11|BtB_out[0] ; out0             ;
; |bitToBcd13bits|ciBitToBcd:ciBtB10|BtB_out~0  ; |bitToBcd13bits|ciBitToBcd:ciBtB10|BtB_out~0  ; out0             ;
; |bitToBcd13bits|ciBitToBcd:ciBtB10|BtB_out~1  ; |bitToBcd13bits|ciBitToBcd:ciBtB10|BtB_out~1  ; out0             ;
; |bitToBcd13bits|ciBitToBcd:ciBtB10|BtB_out~3  ; |bitToBcd13bits|ciBitToBcd:ciBtB10|BtB_out~3  ; out0             ;
; |bitToBcd13bits|ciBitToBcd:ciBtB10|BtB_out~4  ; |bitToBcd13bits|ciBitToBcd:ciBtB10|BtB_out~4  ; out0             ;
; |bitToBcd13bits|ciBitToBcd:ciBtB10|BtB_out~8  ; |bitToBcd13bits|ciBitToBcd:ciBtB10|BtB_out~8  ; out0             ;
; |bitToBcd13bits|ciBitToBcd:ciBtB10|BtB_out~9  ; |bitToBcd13bits|ciBitToBcd:ciBtB10|BtB_out~9  ; out0             ;
; |bitToBcd13bits|ciBitToBcd:ciBtB10|BtB_out~12 ; |bitToBcd13bits|ciBitToBcd:ciBtB10|BtB_out~12 ; out0             ;
; |bitToBcd13bits|ciBitToBcd:ciBtB10|BtB_out~13 ; |bitToBcd13bits|ciBitToBcd:ciBtB10|BtB_out~13 ; out0             ;
; |bitToBcd13bits|ciBitToBcd:ciBtB10|BtB_out~15 ; |bitToBcd13bits|ciBitToBcd:ciBtB10|BtB_out~15 ; out0             ;
; |bitToBcd13bits|ciBitToBcd:ciBtB10|BtB_out[0] ; |bitToBcd13bits|ciBitToBcd:ciBtB10|BtB_out[0] ; out0             ;
; |bitToBcd13bits|ciBitToBcd:ciBtB09|BtB_out~0  ; |bitToBcd13bits|ciBitToBcd:ciBtB09|BtB_out~0  ; out0             ;
; |bitToBcd13bits|ciBitToBcd:ciBtB09|BtB_out~1  ; |bitToBcd13bits|ciBitToBcd:ciBtB09|BtB_out~1  ; out0             ;
; |bitToBcd13bits|ciBitToBcd:ciBtB09|BtB_out[3] ; |bitToBcd13bits|ciBitToBcd:ciBtB09|BtB_out[3] ; out0             ;
; |bitToBcd13bits|ciBitToBcd:ciBtB09|BtB_out~3  ; |bitToBcd13bits|ciBitToBcd:ciBtB09|BtB_out~3  ; out0             ;
; |bitToBcd13bits|ciBitToBcd:ciBtB09|BtB_out~4  ; |bitToBcd13bits|ciBitToBcd:ciBtB09|BtB_out~4  ; out0             ;
; |bitToBcd13bits|ciBitToBcd:ciBtB09|BtB_out~5  ; |bitToBcd13bits|ciBitToBcd:ciBtB09|BtB_out~5  ; out0             ;
; |bitToBcd13bits|ciBitToBcd:ciBtB09|BtB_out[2] ; |bitToBcd13bits|ciBitToBcd:ciBtB09|BtB_out[2] ; out0             ;
; |bitToBcd13bits|ciBitToBcd:ciBtB09|BtB_out~7  ; |bitToBcd13bits|ciBitToBcd:ciBtB09|BtB_out~7  ; out0             ;
; |bitToBcd13bits|ciBitToBcd:ciBtB09|BtB_out~8  ; |bitToBcd13bits|ciBitToBcd:ciBtB09|BtB_out~8  ; out0             ;
; |bitToBcd13bits|ciBitToBcd:ciBtB09|BtB_out~9  ; |bitToBcd13bits|ciBitToBcd:ciBtB09|BtB_out~9  ; out0             ;
; |bitToBcd13bits|ciBitToBcd:ciBtB09|BtB_out[1] ; |bitToBcd13bits|ciBitToBcd:ciBtB09|BtB_out[1] ; out0             ;
; |bitToBcd13bits|ciBitToBcd:ciBtB09|BtB_out~11 ; |bitToBcd13bits|ciBitToBcd:ciBtB09|BtB_out~11 ; out0             ;
; |bitToBcd13bits|ciBitToBcd:ciBtB09|BtB_out~12 ; |bitToBcd13bits|ciBitToBcd:ciBtB09|BtB_out~12 ; out0             ;
; |bitToBcd13bits|ciBitToBcd:ciBtB09|BtB_out~13 ; |bitToBcd13bits|ciBitToBcd:ciBtB09|BtB_out~13 ; out0             ;
; |bitToBcd13bits|ciBitToBcd:ciBtB09|BtB_out~14 ; |bitToBcd13bits|ciBitToBcd:ciBtB09|BtB_out~14 ; out0             ;
; |bitToBcd13bits|ciBitToBcd:ciBtB09|BtB_out~15 ; |bitToBcd13bits|ciBitToBcd:ciBtB09|BtB_out~15 ; out0             ;
; |bitToBcd13bits|ciBitToBcd:ciBtB09|BtB_out[0] ; |bitToBcd13bits|ciBitToBcd:ciBtB09|BtB_out[0] ; out0             ;
; |bitToBcd13bits|ciBitToBcd:ciBtB08|BtB_out~0  ; |bitToBcd13bits|ciBitToBcd:ciBtB08|BtB_out~0  ; out0             ;
; |bitToBcd13bits|ciBitToBcd:ciBtB08|BtB_out~1  ; |bitToBcd13bits|ciBitToBcd:ciBtB08|BtB_out~1  ; out0             ;
; |bitToBcd13bits|ciBitToBcd:ciBtB08|BtB_out[3] ; |bitToBcd13bits|ciBitToBcd:ciBtB08|BtB_out[3] ; out0             ;
; |bitToBcd13bits|ciBitToBcd:ciBtB08|BtB_out~3  ; |bitToBcd13bits|ciBitToBcd:ciBtB08|BtB_out~3  ; out0             ;
; |bitToBcd13bits|ciBitToBcd:ciBtB08|BtB_out~4  ; |bitToBcd13bits|ciBitToBcd:ciBtB08|BtB_out~4  ; out0             ;
; |bitToBcd13bits|ciBitToBcd:ciBtB08|BtB_out~5  ; |bitToBcd13bits|ciBitToBcd:ciBtB08|BtB_out~5  ; out0             ;
; |bitToBcd13bits|ciBitToBcd:ciBtB08|BtB_out[2] ; |bitToBcd13bits|ciBitToBcd:ciBtB08|BtB_out[2] ; out0             ;
; |bitToBcd13bits|ciBitToBcd:ciBtB08|BtB_out~7  ; |bitToBcd13bits|ciBitToBcd:ciBtB08|BtB_out~7  ; out0             ;
; |bitToBcd13bits|ciBitToBcd:ciBtB08|BtB_out~8  ; |bitToBcd13bits|ciBitToBcd:ciBtB08|BtB_out~8  ; out0             ;
; |bitToBcd13bits|ciBitToBcd:ciBtB08|BtB_out~9  ; |bitToBcd13bits|ciBitToBcd:ciBtB08|BtB_out~9  ; out0             ;
; |bitToBcd13bits|ciBitToBcd:ciBtB08|BtB_out[1] ; |bitToBcd13bits|ciBitToBcd:ciBtB08|BtB_out[1] ; out0             ;
; |bitToBcd13bits|ciBitToBcd:ciBtB08|BtB_out~11 ; |bitToBcd13bits|ciBitToBcd:ciBtB08|BtB_out~11 ; out0             ;
; |bitToBcd13bits|ciBitToBcd:ciBtB08|BtB_out~12 ; |bitToBcd13bits|ciBitToBcd:ciBtB08|BtB_out~12 ; out0             ;
; |bitToBcd13bits|ciBitToBcd:ciBtB08|BtB_out~13 ; |bitToBcd13bits|ciBitToBcd:ciBtB08|BtB_out~13 ; out0             ;
; |bitToBcd13bits|ciBitToBcd:ciBtB08|BtB_out~14 ; |bitToBcd13bits|ciBitToBcd:ciBtB08|BtB_out~14 ; out0             ;
; |bitToBcd13bits|ciBitToBcd:ciBtB08|BtB_out~15 ; |bitToBcd13bits|ciBitToBcd:ciBtB08|BtB_out~15 ; out0             ;
; |bitToBcd13bits|ciBitToBcd:ciBtB08|BtB_out[0] ; |bitToBcd13bits|ciBitToBcd:ciBtB08|BtB_out[0] ; out0             ;
; |bitToBcd13bits|ciBitToBcd:ciBtB07|BtB_out~0  ; |bitToBcd13bits|ciBitToBcd:ciBtB07|BtB_out~0  ; out0             ;
; |bitToBcd13bits|ciBitToBcd:ciBtB07|BtB_out~1  ; |bitToBcd13bits|ciBitToBcd:ciBtB07|BtB_out~1  ; out0             ;
; |bitToBcd13bits|ciBitToBcd:ciBtB07|BtB_out[3] ; |bitToBcd13bits|ciBitToBcd:ciBtB07|BtB_out[3] ; out0             ;
; |bitToBcd13bits|ciBitToBcd:ciBtB07|BtB_out~3  ; |bitToBcd13bits|ciBitToBcd:ciBtB07|BtB_out~3  ; out0             ;
; |bitToBcd13bits|ciBitToBcd:ciBtB07|BtB_out~4  ; |bitToBcd13bits|ciBitToBcd:ciBtB07|BtB_out~4  ; out0             ;
; |bitToBcd13bits|ciBitToBcd:ciBtB07|BtB_out~5  ; |bitToBcd13bits|ciBitToBcd:ciBtB07|BtB_out~5  ; out0             ;
; |bitToBcd13bits|ciBitToBcd:ciBtB07|BtB_out[2] ; |bitToBcd13bits|ciBitToBcd:ciBtB07|BtB_out[2] ; out0             ;
; |bitToBcd13bits|ciBitToBcd:ciBtB07|BtB_out~7  ; |bitToBcd13bits|ciBitToBcd:ciBtB07|BtB_out~7  ; out0             ;
; |bitToBcd13bits|ciBitToBcd:ciBtB07|BtB_out~8  ; |bitToBcd13bits|ciBitToBcd:ciBtB07|BtB_out~8  ; out0             ;
; |bitToBcd13bits|ciBitToBcd:ciBtB07|BtB_out~9  ; |bitToBcd13bits|ciBitToBcd:ciBtB07|BtB_out~9  ; out0             ;
; |bitToBcd13bits|ciBitToBcd:ciBtB07|BtB_out[1] ; |bitToBcd13bits|ciBitToBcd:ciBtB07|BtB_out[1] ; out0             ;
; |bitToBcd13bits|ciBitToBcd:ciBtB07|BtB_out~11 ; |bitToBcd13bits|ciBitToBcd:ciBtB07|BtB_out~11 ; out0             ;
; |bitToBcd13bits|ciBitToBcd:ciBtB07|BtB_out~12 ; |bitToBcd13bits|ciBitToBcd:ciBtB07|BtB_out~12 ; out0             ;
; |bitToBcd13bits|ciBitToBcd:ciBtB07|BtB_out~13 ; |bitToBcd13bits|ciBitToBcd:ciBtB07|BtB_out~13 ; out0             ;
; |bitToBcd13bits|ciBitToBcd:ciBtB07|BtB_out~14 ; |bitToBcd13bits|ciBitToBcd:ciBtB07|BtB_out~14 ; out0             ;
; |bitToBcd13bits|ciBitToBcd:ciBtB07|BtB_out~15 ; |bitToBcd13bits|ciBitToBcd:ciBtB07|BtB_out~15 ; out0             ;
; |bitToBcd13bits|ciBitToBcd:ciBtB07|BtB_out[0] ; |bitToBcd13bits|ciBitToBcd:ciBtB07|BtB_out[0] ; out0             ;
; |bitToBcd13bits|ciBitToBcd:ciBtB06|BtB_out~0  ; |bitToBcd13bits|ciBitToBcd:ciBtB06|BtB_out~0  ; out0             ;
; |bitToBcd13bits|ciBitToBcd:ciBtB06|BtB_out~1  ; |bitToBcd13bits|ciBitToBcd:ciBtB06|BtB_out~1  ; out0             ;
; |bitToBcd13bits|ciBitToBcd:ciBtB06|BtB_out[3] ; |bitToBcd13bits|ciBitToBcd:ciBtB06|BtB_out[3] ; out0             ;
; |bitToBcd13bits|ciBitToBcd:ciBtB06|BtB_out~3  ; |bitToBcd13bits|ciBitToBcd:ciBtB06|BtB_out~3  ; out0             ;
; |bitToBcd13bits|ciBitToBcd:ciBtB06|BtB_out~4  ; |bitToBcd13bits|ciBitToBcd:ciBtB06|BtB_out~4  ; out0             ;
; |bitToBcd13bits|ciBitToBcd:ciBtB06|BtB_out~5  ; |bitToBcd13bits|ciBitToBcd:ciBtB06|BtB_out~5  ; out0             ;
; |bitToBcd13bits|ciBitToBcd:ciBtB06|BtB_out[2] ; |bitToBcd13bits|ciBitToBcd:ciBtB06|BtB_out[2] ; out0             ;
; |bitToBcd13bits|ciBitToBcd:ciBtB06|BtB_out~7  ; |bitToBcd13bits|ciBitToBcd:ciBtB06|BtB_out~7  ; out0             ;
; |bitToBcd13bits|ciBitToBcd:ciBtB06|BtB_out~8  ; |bitToBcd13bits|ciBitToBcd:ciBtB06|BtB_out~8  ; out0             ;
; |bitToBcd13bits|ciBitToBcd:ciBtB06|BtB_out~9  ; |bitToBcd13bits|ciBitToBcd:ciBtB06|BtB_out~9  ; out0             ;
; |bitToBcd13bits|ciBitToBcd:ciBtB06|BtB_out[1] ; |bitToBcd13bits|ciBitToBcd:ciBtB06|BtB_out[1] ; out0             ;
; |bitToBcd13bits|ciBitToBcd:ciBtB06|BtB_out~11 ; |bitToBcd13bits|ciBitToBcd:ciBtB06|BtB_out~11 ; out0             ;
; |bitToBcd13bits|ciBitToBcd:ciBtB06|BtB_out~12 ; |bitToBcd13bits|ciBitToBcd:ciBtB06|BtB_out~12 ; out0             ;
; |bitToBcd13bits|ciBitToBcd:ciBtB06|BtB_out~13 ; |bitToBcd13bits|ciBitToBcd:ciBtB06|BtB_out~13 ; out0             ;
; |bitToBcd13bits|ciBitToBcd:ciBtB06|BtB_out~14 ; |bitToBcd13bits|ciBitToBcd:ciBtB06|BtB_out~14 ; out0             ;
; |bitToBcd13bits|ciBitToBcd:ciBtB06|BtB_out~15 ; |bitToBcd13bits|ciBitToBcd:ciBtB06|BtB_out~15 ; out0             ;
; |bitToBcd13bits|ciBitToBcd:ciBtB06|BtB_out[0] ; |bitToBcd13bits|ciBitToBcd:ciBtB06|BtB_out[0] ; out0             ;
; |bitToBcd13bits|ciBitToBcd:ciBtB05|BtB_out~0  ; |bitToBcd13bits|ciBitToBcd:ciBtB05|BtB_out~0  ; out0             ;
; |bitToBcd13bits|ciBitToBcd:ciBtB05|BtB_out~1  ; |bitToBcd13bits|ciBitToBcd:ciBtB05|BtB_out~1  ; out0             ;
; |bitToBcd13bits|ciBitToBcd:ciBtB05|BtB_out[3] ; |bitToBcd13bits|ciBitToBcd:ciBtB05|BtB_out[3] ; out0             ;
; |bitToBcd13bits|ciBitToBcd:ciBtB05|BtB_out~3  ; |bitToBcd13bits|ciBitToBcd:ciBtB05|BtB_out~3  ; out0             ;
; |bitToBcd13bits|ciBitToBcd:ciBtB05|BtB_out~4  ; |bitToBcd13bits|ciBitToBcd:ciBtB05|BtB_out~4  ; out0             ;
; |bitToBcd13bits|ciBitToBcd:ciBtB05|BtB_out~5  ; |bitToBcd13bits|ciBitToBcd:ciBtB05|BtB_out~5  ; out0             ;
; |bitToBcd13bits|ciBitToBcd:ciBtB05|BtB_out[2] ; |bitToBcd13bits|ciBitToBcd:ciBtB05|BtB_out[2] ; out0             ;
; |bitToBcd13bits|ciBitToBcd:ciBtB05|BtB_out~7  ; |bitToBcd13bits|ciBitToBcd:ciBtB05|BtB_out~7  ; out0             ;
; |bitToBcd13bits|ciBitToBcd:ciBtB05|BtB_out~8  ; |bitToBcd13bits|ciBitToBcd:ciBtB05|BtB_out~8  ; out0             ;
; |bitToBcd13bits|ciBitToBcd:ciBtB05|BtB_out~9  ; |bitToBcd13bits|ciBitToBcd:ciBtB05|BtB_out~9  ; out0             ;
; |bitToBcd13bits|ciBitToBcd:ciBtB05|BtB_out[1] ; |bitToBcd13bits|ciBitToBcd:ciBtB05|BtB_out[1] ; out0             ;
; |bitToBcd13bits|ciBitToBcd:ciBtB05|BtB_out~11 ; |bitToBcd13bits|ciBitToBcd:ciBtB05|BtB_out~11 ; out0             ;
; |bitToBcd13bits|ciBitToBcd:ciBtB05|BtB_out~12 ; |bitToBcd13bits|ciBitToBcd:ciBtB05|BtB_out~12 ; out0             ;
; |bitToBcd13bits|ciBitToBcd:ciBtB05|BtB_out~13 ; |bitToBcd13bits|ciBitToBcd:ciBtB05|BtB_out~13 ; out0             ;
; |bitToBcd13bits|ciBitToBcd:ciBtB05|BtB_out~14 ; |bitToBcd13bits|ciBitToBcd:ciBtB05|BtB_out~14 ; out0             ;
; |bitToBcd13bits|ciBitToBcd:ciBtB05|BtB_out~15 ; |bitToBcd13bits|ciBitToBcd:ciBtB05|BtB_out~15 ; out0             ;
; |bitToBcd13bits|ciBitToBcd:ciBtB05|BtB_out[0] ; |bitToBcd13bits|ciBitToBcd:ciBtB05|BtB_out[0] ; out0             ;
; |bitToBcd13bits|ciBitToBcd:ciBtB04|BtB_out~0  ; |bitToBcd13bits|ciBitToBcd:ciBtB04|BtB_out~0  ; out0             ;
; |bitToBcd13bits|ciBitToBcd:ciBtB04|BtB_out~1  ; |bitToBcd13bits|ciBitToBcd:ciBtB04|BtB_out~1  ; out0             ;
; |bitToBcd13bits|ciBitToBcd:ciBtB04|BtB_out~3  ; |bitToBcd13bits|ciBitToBcd:ciBtB04|BtB_out~3  ; out0             ;
; |bitToBcd13bits|ciBitToBcd:ciBtB04|BtB_out~4  ; |bitToBcd13bits|ciBitToBcd:ciBtB04|BtB_out~4  ; out0             ;
; |bitToBcd13bits|ciBitToBcd:ciBtB04|BtB_out~8  ; |bitToBcd13bits|ciBitToBcd:ciBtB04|BtB_out~8  ; out0             ;
; |bitToBcd13bits|ciBitToBcd:ciBtB04|BtB_out~9  ; |bitToBcd13bits|ciBitToBcd:ciBtB04|BtB_out~9  ; out0             ;
; |bitToBcd13bits|ciBitToBcd:ciBtB04|BtB_out~12 ; |bitToBcd13bits|ciBitToBcd:ciBtB04|BtB_out~12 ; out0             ;
; |bitToBcd13bits|ciBitToBcd:ciBtB04|BtB_out~13 ; |bitToBcd13bits|ciBitToBcd:ciBtB04|BtB_out~13 ; out0             ;
; |bitToBcd13bits|ciBitToBcd:ciBtB04|BtB_out~15 ; |bitToBcd13bits|ciBitToBcd:ciBtB04|BtB_out~15 ; out0             ;
; |bitToBcd13bits|ciBitToBcd:ciBtB04|BtB_out[0] ; |bitToBcd13bits|ciBitToBcd:ciBtB04|BtB_out[0] ; out0             ;
; |bitToBcd13bits|ciBitToBcd:ciBtB03|BtB_out~0  ; |bitToBcd13bits|ciBitToBcd:ciBtB03|BtB_out~0  ; out0             ;
; |bitToBcd13bits|ciBitToBcd:ciBtB03|BtB_out~1  ; |bitToBcd13bits|ciBitToBcd:ciBtB03|BtB_out~1  ; out0             ;
; |bitToBcd13bits|ciBitToBcd:ciBtB03|BtB_out[3] ; |bitToBcd13bits|ciBitToBcd:ciBtB03|BtB_out[3] ; out0             ;
; |bitToBcd13bits|ciBitToBcd:ciBtB03|BtB_out~3  ; |bitToBcd13bits|ciBitToBcd:ciBtB03|BtB_out~3  ; out0             ;
; |bitToBcd13bits|ciBitToBcd:ciBtB03|BtB_out~4  ; |bitToBcd13bits|ciBitToBcd:ciBtB03|BtB_out~4  ; out0             ;
; |bitToBcd13bits|ciBitToBcd:ciBtB03|BtB_out~5  ; |bitToBcd13bits|ciBitToBcd:ciBtB03|BtB_out~5  ; out0             ;
; |bitToBcd13bits|ciBitToBcd:ciBtB03|BtB_out[2] ; |bitToBcd13bits|ciBitToBcd:ciBtB03|BtB_out[2] ; out0             ;
; |bitToBcd13bits|ciBitToBcd:ciBtB03|BtB_out~7  ; |bitToBcd13bits|ciBitToBcd:ciBtB03|BtB_out~7  ; out0             ;
; |bitToBcd13bits|ciBitToBcd:ciBtB03|BtB_out~8  ; |bitToBcd13bits|ciBitToBcd:ciBtB03|BtB_out~8  ; out0             ;
; |bitToBcd13bits|ciBitToBcd:ciBtB03|BtB_out~9  ; |bitToBcd13bits|ciBitToBcd:ciBtB03|BtB_out~9  ; out0             ;
; |bitToBcd13bits|ciBitToBcd:ciBtB03|BtB_out[1] ; |bitToBcd13bits|ciBitToBcd:ciBtB03|BtB_out[1] ; out0             ;
; |bitToBcd13bits|ciBitToBcd:ciBtB03|BtB_out~11 ; |bitToBcd13bits|ciBitToBcd:ciBtB03|BtB_out~11 ; out0             ;
; |bitToBcd13bits|ciBitToBcd:ciBtB03|BtB_out~12 ; |bitToBcd13bits|ciBitToBcd:ciBtB03|BtB_out~12 ; out0             ;
; |bitToBcd13bits|ciBitToBcd:ciBtB03|BtB_out~13 ; |bitToBcd13bits|ciBitToBcd:ciBtB03|BtB_out~13 ; out0             ;
; |bitToBcd13bits|ciBitToBcd:ciBtB03|BtB_out~14 ; |bitToBcd13bits|ciBitToBcd:ciBtB03|BtB_out~14 ; out0             ;
; |bitToBcd13bits|ciBitToBcd:ciBtB03|BtB_out~15 ; |bitToBcd13bits|ciBitToBcd:ciBtB03|BtB_out~15 ; out0             ;
; |bitToBcd13bits|ciBitToBcd:ciBtB03|BtB_out[0] ; |bitToBcd13bits|ciBitToBcd:ciBtB03|BtB_out[0] ; out0             ;
; |bitToBcd13bits|ciBitToBcd:ciBtB02|BtB_out~0  ; |bitToBcd13bits|ciBitToBcd:ciBtB02|BtB_out~0  ; out0             ;
; |bitToBcd13bits|ciBitToBcd:ciBtB02|BtB_out~1  ; |bitToBcd13bits|ciBitToBcd:ciBtB02|BtB_out~1  ; out0             ;
; |bitToBcd13bits|ciBitToBcd:ciBtB02|BtB_out[3] ; |bitToBcd13bits|ciBitToBcd:ciBtB02|BtB_out[3] ; out0             ;
; |bitToBcd13bits|ciBitToBcd:ciBtB02|BtB_out~3  ; |bitToBcd13bits|ciBitToBcd:ciBtB02|BtB_out~3  ; out0             ;
; |bitToBcd13bits|ciBitToBcd:ciBtB02|BtB_out~4  ; |bitToBcd13bits|ciBitToBcd:ciBtB02|BtB_out~4  ; out0             ;
; |bitToBcd13bits|ciBitToBcd:ciBtB02|BtB_out~5  ; |bitToBcd13bits|ciBitToBcd:ciBtB02|BtB_out~5  ; out0             ;
; |bitToBcd13bits|ciBitToBcd:ciBtB02|BtB_out[2] ; |bitToBcd13bits|ciBitToBcd:ciBtB02|BtB_out[2] ; out0             ;
; |bitToBcd13bits|ciBitToBcd:ciBtB02|BtB_out~7  ; |bitToBcd13bits|ciBitToBcd:ciBtB02|BtB_out~7  ; out0             ;
; |bitToBcd13bits|ciBitToBcd:ciBtB02|BtB_out~8  ; |bitToBcd13bits|ciBitToBcd:ciBtB02|BtB_out~8  ; out0             ;
; |bitToBcd13bits|ciBitToBcd:ciBtB02|BtB_out~9  ; |bitToBcd13bits|ciBitToBcd:ciBtB02|BtB_out~9  ; out0             ;
; |bitToBcd13bits|ciBitToBcd:ciBtB02|BtB_out[1] ; |bitToBcd13bits|ciBitToBcd:ciBtB02|BtB_out[1] ; out0             ;
; |bitToBcd13bits|ciBitToBcd:ciBtB02|BtB_out~11 ; |bitToBcd13bits|ciBitToBcd:ciBtB02|BtB_out~11 ; out0             ;
; |bitToBcd13bits|ciBitToBcd:ciBtB02|BtB_out~12 ; |bitToBcd13bits|ciBitToBcd:ciBtB02|BtB_out~12 ; out0             ;
; |bitToBcd13bits|ciBitToBcd:ciBtB02|BtB_out~13 ; |bitToBcd13bits|ciBitToBcd:ciBtB02|BtB_out~13 ; out0             ;
; |bitToBcd13bits|ciBitToBcd:ciBtB02|BtB_out~14 ; |bitToBcd13bits|ciBitToBcd:ciBtB02|BtB_out~14 ; out0             ;
; |bitToBcd13bits|ciBitToBcd:ciBtB02|BtB_out~15 ; |bitToBcd13bits|ciBitToBcd:ciBtB02|BtB_out~15 ; out0             ;
; |bitToBcd13bits|ciBitToBcd:ciBtB02|BtB_out[0] ; |bitToBcd13bits|ciBitToBcd:ciBtB02|BtB_out[0] ; out0             ;
; |bitToBcd13bits|ciBitToBcd:ciBtB01|BtB_out~0  ; |bitToBcd13bits|ciBitToBcd:ciBtB01|BtB_out~0  ; out0             ;
; |bitToBcd13bits|ciBitToBcd:ciBtB01|BtB_out~1  ; |bitToBcd13bits|ciBitToBcd:ciBtB01|BtB_out~1  ; out0             ;
; |bitToBcd13bits|ciBitToBcd:ciBtB01|BtB_out~3  ; |bitToBcd13bits|ciBitToBcd:ciBtB01|BtB_out~3  ; out0             ;
; |bitToBcd13bits|ciBitToBcd:ciBtB01|BtB_out~4  ; |bitToBcd13bits|ciBitToBcd:ciBtB01|BtB_out~4  ; out0             ;
; |bitToBcd13bits|ciBitToBcd:ciBtB01|BtB_out~8  ; |bitToBcd13bits|ciBitToBcd:ciBtB01|BtB_out~8  ; out0             ;
; |bitToBcd13bits|ciBitToBcd:ciBtB01|BtB_out~9  ; |bitToBcd13bits|ciBitToBcd:ciBtB01|BtB_out~9  ; out0             ;
; |bitToBcd13bits|ciBitToBcd:ciBtB01|BtB_out~12 ; |bitToBcd13bits|ciBitToBcd:ciBtB01|BtB_out~12 ; out0             ;
; |bitToBcd13bits|ciBitToBcd:ciBtB01|BtB_out~13 ; |bitToBcd13bits|ciBitToBcd:ciBtB01|BtB_out~13 ; out0             ;
; |bitToBcd13bits|ciBitToBcd:ciBtB01|BtB_out~15 ; |bitToBcd13bits|ciBitToBcd:ciBtB01|BtB_out~15 ; out0             ;
; |bitToBcd13bits|ciBitToBcd:ciBtB01|BtB_out[0] ; |bitToBcd13bits|ciBitToBcd:ciBtB01|BtB_out[0] ; out0             ;
+-----------------------------------------------+-----------------------------------------------+------------------+


+---------------------+
; Simulator INI Usage ;
+--------+------------+
; Option ; Usage      ;
+--------+------------+


+--------------------+
; Simulator Messages ;
+--------------------+
Info: *******************************************************************
Info: Running Quartus II 64-Bit Simulator
    Info: Version 13.0.0 Build 156 04/24/2013 SJ Web Edition
    Info: Processing started: Wed Mar 11 00:23:07 2020
Info: Command: quartus_sim --simulation_results_format=VWF bitToBcd -c bitToBcd
Info (324025): Using vector source file "C:/Users/Aty/Documents/UFRN/Sistemas Digitais/Componentes/BITBCD/bitToBcd13bits.vwf"
Info (310003): Option to preserve fewer signal transitions to reduce memory requirements is enabled
    Info (310004): Simulation has been partitioned into sub-simulations according to the maximum transition count determined by the engine. Transitions from memory will be flushed out to disk at the end of each sub-simulation to reduce memory requirements.
Info (310002): Simulation partitioned into 1 sub-simulations
Info (328053): Simulation coverage is       0.00 %
Info (328052): Number of transitions in simulation is 0
Info (324045): Vector file bitToBcd.sim.vwf is saved in VWF text format. You can compress it into CVWF format in order to reduce file size. For more details please refer to the Quartus II Help.
Info: Quartus II 64-Bit Simulator was successful. 0 errors, 0 warnings
    Info: Peak virtual memory: 4448 megabytes
    Info: Processing ended: Wed Mar 11 00:23:08 2020
    Info: Elapsed time: 00:00:01
    Info: Total CPU time (on all processors): 00:00:00


