

Microchip MPLAB XC8 Assembler V2.10 build 88905656 
                                                                                               Fri Sep 04 12:26:54 2020

Microchip MPLAB XC8 C Compiler v2.10 (Free license) build 20190730164152 Og1 
     1                           	processor	18F45K20
     2                           	fnconf	rparam,??,?,0
     3                           	opt	pw 120
     4                           	opt	flic
     5                           	psect	cinit,global,reloc=2,class=CODE,delta=1
     6                           	psect	cstackCOMRAM,global,class=COMRAM,space=1,delta=1,noexec
     7                           	psect	text0,global,reloc=2,class=CODE,delta=1
     8                           	psect	intsave_regs,global,class=BIGRAM,space=1,delta=1,noexec
     9                           	psect	rparam,global,class=COMRAM,space=1,delta=1,noexec
    10  0000                     
    11                           ; Version 2.10
    12                           ; Generated 31/07/2019 GMT
    13                           ; 
    14                           ; Copyright © 2019, Microchip Technology Inc. and its subsidiaries ("Microchip")
    15                           ; All rights reserved.
    16                           ; 
    17                           ; This software is developed by Microchip Technology Inc. and its subsidiaries ("Microch
      +                          ip").
    18                           ; 
    19                           ; Redistribution and use in source and binary forms, with or without modification, are
    20                           ; permitted provided that the following conditions are met:
    21                           ; 
    22                           ;     1. Redistributions of source code must retain the above copyright notice, this lis
      +                          t of
    23                           ;        conditions and the following disclaimer.
    24                           ; 
    25                           ;     2. Redistributions in binary form must reproduce the above copyright notice, this 
      +                          list
    26                           ;        of conditions and the following disclaimer in the documentation and/or other
    27                           ;        materials provided with the distribution.
    28                           ; 
    29                           ;     3. Microchip's name may not be used to endorse or promote products derived from th
      +                          is
    30                           ;        software without specific prior written permission.
    31                           ; 
    32                           ; THIS SOFTWARE IS PROVIDED BY MICROCHIP "AS IS" AND ANY EXPRESS OR IMPLIED WARRANTIES,
    33                           ; INCLUDING, BUT NOT LIMITED TO, THE IMPLIED WARRANTIES OF MERCHANTABILITY AND FITNESS F
      +                          OR
    34                           ; PURPOSE ARE DISCLAIMED.  IN NO EVENT SHALL MICROCHIP BE LIABLE FOR ANY DIRECT, INDIREC
      +                          T,
    35                           ; INCIDENTAL, SPECIAL, EXEMPLARY, OR CONSEQUENTIAL DAMAGES (INCLUDING BUT NOT LIMITED TO
    36                           ; PROCUREMENT OF SUBSTITUTE GOODS OR SERVICES; LOSS OF USE, DATA OR PROFITS; OR BUSINESS
    37                           ; INTERRUPTION) HOWSOEVER CAUSED AND ON ANY THEORY OF LIABILITY, WHETHER IN CONTRACT, ST
      +                          RICT
    38                           ; LIABILITY, OR TORT (INCLUDING NEGLIGENCE OR OTHERWISE) ARISING IN ANY WAY OUT OF THE U
      +                          SE OF
    39                           ; THIS SOFTWARE, EVEN IF ADVISED OF THE POSSIBILITY OF SUCH DAMAGE.
    40                           ; 
    41                           ; 
    42                           ; Code-generator required, PIC18F45K20 Definitions
    43                           ; 
    44                           ; SFR Addresses
    45  0000                     _PORTD	set	3971
    46  0000                     _TRISD	set	3989
    47  0000                     _OSCCONbits	set	4051
    48                           
    49                           ; #config settings
    50  0000                     
    51                           	psect	cinit
    52  007F7E                     __pcinit:
    53                           	opt callstack 0
    54  007F7E                     start_initialization:
    55                           	opt callstack 0
    56  007F7E                     __initialization:
    57                           	opt callstack 0
    58  007F7E                     end_of_initialization:
    59                           	opt callstack 0
    60  007F7E                     __end_of__initialization:
    61                           	opt callstack 0
    62  007F7E  0100               	movlb	0
    63  007F80  EFC2  F03F         	goto	_main	;jump to C main() function
    64                           
    65                           	psect	cstackCOMRAM
    66  000001                     __pcstackCOMRAM:
    67                           	opt callstack 0
    68  000001                     ??_main:
    69                           
    70                           ; 1 bytes @ 0x0
    71  000001                     	ds	2
    72                           
    73 ;;
    74 ;;Main: autosize = 0, tempsize = 2, incstack = 0, save=0
    75 ;;
    76 ;; *************** function _main *****************
    77 ;; Defined at:
    78 ;;		line 18 in file "semana14_PMPCI.c"
    79 ;; Parameters:    Size  Location     Type
    80 ;;		None
    81 ;; Auto vars:     Size  Location     Type
    82 ;;		None
    83 ;; Return value:  Size  Location     Type
    84 ;;                  1    wreg      void 
    85 ;; Registers used:
    86 ;;		wreg, status,2
    87 ;; Tracked objects:
    88 ;;		On entry : 0/0
    89 ;;		On exit  : 0/0
    90 ;;		Unchanged: 0/0
    91 ;; Data sizes:     COMRAM   BANK0   BANK1   BANK2   BANK3   BANK4   BANK5
    92 ;;      Params:         0       0       0       0       0       0       0
    93 ;;      Locals:         0       0       0       0       0       0       0
    94 ;;      Temps:          2       0       0       0       0       0       0
    95 ;;      Totals:         2       0       0       0       0       0       0
    96 ;;Total ram usage:        2 bytes
    97 ;; This function calls:
    98 ;;		Nothing
    99 ;; This function is called by:
   100 ;;		Startup code after reset
   101 ;; This function uses a non-reentrant model
   102 ;;
   103                           
   104                           	psect	text0
   105  007F84                     __ptext0:
   106                           	opt callstack 0
   107  007F84                     _main:
   108                           	opt callstack 31
   109  007F84                     
   110                           ;semana14_PMPCI.c: 19:     }
   111  007F84  50D3               	movf	211,w,c	;volatile
   112  007F86  0B8F               	andlw	-113
   113  007F88  0930               	iorlw	48
   114  007F8A  6ED3               	movwf	211,c	;volatile
   115                           
   116                           ;semana14_PMPCI.c: 20: }
   117  007F8C  0E00               	movlw	0
   118  007F8E  6E95               	movwf	149,c	;volatile
   119  007F90                     l13:
   120  007F90  0E24               	movlw	36
   121  007F92  6E83               	movwf	131,c	;volatile
   122  007F94  0E04               	movlw	4
   123  007F96  6E02               	movwf	(??_main+1)^0,c
   124  007F98  0ECF               	movlw	207
   125  007F9A  6E01               	movwf	??_main^0,c
   126  007F9C  0E02               	movlw	2
   127  007F9E                     u17:
   128  007F9E  2EE8               	decfsz	wreg,f,c
   129  007FA0  D7FE               	bra	u17
   130  007FA2  2E01               	decfsz	??_main^0,f,c
   131  007FA4  D7FC               	bra	u17
   132  007FA6  2E02               	decfsz	(??_main+1)^0,f,c
   133  007FA8  D7FA               	bra	u17
   134  007FAA  0E22               	movlw	34
   135  007FAC  6E83               	movwf	131,c	;volatile
   136  007FAE  0E02               	movlw	2
   137  007FB0  6E02               	movwf	(??_main+1)^0,c
   138  007FB2  0E45               	movlw	69
   139  007FB4  6E01               	movwf	??_main^0,c
   140  007FB6  0EAA               	movlw	170
   141  007FB8                     u27:
   142  007FB8  2EE8               	decfsz	wreg,f,c
   143  007FBA  D7FE               	bra	u27
   144  007FBC  2E01               	decfsz	??_main^0,f,c
   145  007FBE  D7FC               	bra	u27
   146  007FC0  2E02               	decfsz	(??_main+1)^0,f,c
   147  007FC2  D7FA               	bra	u27
   148  007FC4  0E81               	movlw	129
   149  007FC6  6E83               	movwf	131,c	;volatile
   150  007FC8  0E04               	movlw	4
   151  007FCA  6E02               	movwf	(??_main+1)^0,c
   152  007FCC  0ECF               	movlw	207
   153  007FCE  6E01               	movwf	??_main^0,c
   154  007FD0  0E02               	movlw	2
   155  007FD2                     u37:
   156  007FD2  2EE8               	decfsz	wreg,f,c
   157  007FD4  D7FE               	bra	u37
   158  007FD6  2E01               	decfsz	??_main^0,f,c
   159  007FD8  D7FC               	bra	u37
   160  007FDA  2E02               	decfsz	(??_main+1)^0,f,c
   161  007FDC  D7FA               	bra	u37
   162  007FDE  0E41               	movlw	65
   163  007FE0  6E83               	movwf	131,c	;volatile
   164  007FE2  0E02               	movlw	2
   165  007FE4  6E02               	movwf	(??_main+1)^0,c
   166  007FE6  0E45               	movlw	69
   167  007FE8  6E01               	movwf	??_main^0,c
   168  007FEA  0EAA               	movlw	170
   169  007FEC                     u47:
   170  007FEC  2EE8               	decfsz	wreg,f,c
   171  007FEE  D7FE               	bra	u47
   172  007FF0  2E01               	decfsz	??_main^0,f,c
   173  007FF2  D7FC               	bra	u47
   174  007FF4  2E02               	decfsz	(??_main+1)^0,f,c
   175  007FF6  D7FA               	bra	u47
   176  007FF8  EFC8  F03F         	goto	l13
   177  007FFC  EF00  F000         	goto	start
   178  008000                     __end_of_main:
   179                           	opt callstack 0
   180  0000                     
   181                           	psect	rparam
   182  0000                     tosu	equ	0xFFF
   183                           tosh	equ	0xFFE
   184                           tosl	equ	0xFFD
   185                           stkptr	equ	0xFFC
   186                           pclatu	equ	0xFFB
   187                           pclath	equ	0xFFA
   188                           pcl	equ	0xFF9
   189                           tblptru	equ	0xFF8
   190                           tblptrh	equ	0xFF7
   191                           tblptrl	equ	0xFF6
   192                           tablat	equ	0xFF5
   193                           prodh	equ	0xFF4
   194                           prodl	equ	0xFF3
   195                           indf0	equ	0xFEF
   196                           postinc0	equ	0xFEE
   197                           postdec0	equ	0xFED
   198                           preinc0	equ	0xFEC
   199                           plusw0	equ	0xFEB
   200                           fsr0h	equ	0xFEA
   201                           fsr0l	equ	0xFE9
   202                           wreg	equ	0xFE8
   203                           indf1	equ	0xFE7
   204                           postinc1	equ	0xFE6
   205                           postdec1	equ	0xFE5
   206                           preinc1	equ	0xFE4
   207                           plusw1	equ	0xFE3
   208                           fsr1h	equ	0xFE2
   209                           fsr1l	equ	0xFE1
   210                           bsr	equ	0xFE0
   211                           indf2	equ	0xFDF
   212                           postinc2	equ	0xFDE
   213                           postdec2	equ	0xFDD
   214                           preinc2	equ	0xFDC
   215                           plusw2	equ	0xFDB
   216                           fsr2h	equ	0xFDA
   217                           fsr2l	equ	0xFD9
   218                           status	equ	0xFD8


Data Sizes:
    Strings     0
    Constant    0
    Data        0
    BSS         0
    Persistent  0
    Stack       0

Auto Spaces:
    Space          Size  Autos    Used
    COMRAM           95      2       2
    BANK0           160      0       0
    BANK1           256      0       0
    BANK2           256      0       0
    BANK3           256      0       0
    BANK4           256      0       0
    BANK5           256      0       0

Pointer List with Targets:

    None.

Critical Paths under _main in COMRAM

    None.

Critical Paths under _main in BANK0

    None.

Critical Paths under _main in BANK1

    None.

Critical Paths under _main in BANK2

    None.

Critical Paths under _main in BANK3

    None.

Critical Paths under _main in BANK4

    None.

Critical Paths under _main in BANK5

    None.

Call Graph Tables:

 ---------------------------------------------------------------------------------
 (Depth) Function   	        Calls       Base Space   Used Autos Params    Refs
 ---------------------------------------------------------------------------------
 (0) _main                                                 2     2      0       0
                                              0 COMRAM     2     2      0
 ---------------------------------------------------------------------------------
 Estimated maximum stack depth 0
 ---------------------------------------------------------------------------------

 Call Graph Graphs:

 _main (ROOT)

 Address spaces:
Name               Size   Autos  Total    Cost      Usage
BITCOMRAM           5F      0       0       0        0.0%
EEDATA             100      0       0       0        0.0%
NULL                 0      0       0       0        0.0%
CODE                 0      0       0       0        0.0%
COMRAM              5F      2       2       1        2.1%
STACK                0      0       0       2        0.0%
DATA                 0      0       0       3        0.0%
BITBANK0            A0      0       0       4        0.0%
BANK0               A0      0       0       5        0.0%
BITBANK1           100      0       0       6        0.0%
BANK1              100      0       0       7        0.0%
BITBANK2           100      0       0       8        0.0%
BANK2              100      0       0       9        0.0%
BITBANK3           100      0       0      10        0.0%
BANK3              100      0       0      11        0.0%
BITBANK4           100      0       0      12        0.0%
BANK4              100      0       0      13        0.0%
BANK5              100      0       0      14        0.0%
ABS                  0      0       0      15        0.0%
BITBANK5           100      0       0      16        0.0%
BIGRAM             5FF      0       0      17        0.0%
BITSFR               0      0       0     200        0.0%
SFR                  0      0       0     200        0.0%


Microchip Technology PIC18 Macro Assembler V2.10 build 88905656 
Symbol Table                                                                                   Fri Sep 04 12:26:54 2020

                     l13 7F90                       u17 7F9E                       u27 7FB8  
                     u37 7FD2                       u47 7FEC                      l700 7FC8  
                    l702 7FE2                      l692 7F84                      l694 7F94  
                    l696 7FAA                      l698 7FC4                      wreg 000FE8  
           __CFG_LVP$OFF 000000                     _main 7F84                     start 0000  
           ___param_bank 000000                    ?_main 0001                    _PORTD 000F83  
                  _TRISD 000F95          __initialization 7F7E             __end_of_main 8000  
                 ??_main 0001            __activetblptr 000000           __CFG_WDTEN$OFF 000000  
             __accesstop 0060  __end_of__initialization 7F7E          __CFG_PBADEN$OFF 000000  
          ___rparam_used 000001           __pcstackCOMRAM 0001                  __Hparam 0000  
                __Lparam 0000                  __pcinit 7F7E                  __ramtop 0600  
                __ptext0 7F84     end_of_initialization 7F7E      start_initialization 7F7E  
               __Hrparam 0000                 __Lrparam 0000            __size_of_main 007C  
             _OSCCONbits 000FD3        __CFG_FOSC$INTIO67 000000  
