

Microchip MPLAB XC8 Assembler V2.10 build 88905656 
                                                                                               Thu Jul 23 21:16:52 2020

Microchip MPLAB XC8 C Compiler v2.10 (Free license) build 20190730164152 Og1 
     1                           	processor	18F45K20
     2                           	fnconf	rparam,??,?,0
     3                           	opt	pw 120
     4                           	opt	flic
     5                           	psect	cinit,global,reloc=2,class=CODE,delta=1
     6                           	psect	cstackCOMRAM,global,class=COMRAM,space=1,delta=1,noexec
     7                           	psect	text0,global,reloc=2,class=CODE,delta=1
     8                           	psect	intsave_regs,global,class=BIGRAM,space=1,delta=1,noexec
     9                           	psect	rparam,global,class=COMRAM,space=1,delta=1,noexec
    10  0000                     
    11                           ; Version 2.10
    12                           ; Generated 31/07/2019 GMT
    13                           ; 
    14                           ; Copyright © 2019, Microchip Technology Inc. and its subsidiaries ("Microchip")
    15                           ; All rights reserved.
    16                           ; 
    17                           ; This software is developed by Microchip Technology Inc. and its subsidiaries ("Microch
      +                          ip").
    18                           ; 
    19                           ; Redistribution and use in source and binary forms, with or without modification, are
    20                           ; permitted provided that the following conditions are met:
    21                           ; 
    22                           ;     1. Redistributions of source code must retain the above copyright notice, this lis
      +                          t of
    23                           ;        conditions and the following disclaimer.
    24                           ; 
    25                           ;     2. Redistributions in binary form must reproduce the above copyright notice, this 
      +                          list
    26                           ;        of conditions and the following disclaimer in the documentation and/or other
    27                           ;        materials provided with the distribution.
    28                           ; 
    29                           ;     3. Microchip's name may not be used to endorse or promote products derived from th
      +                          is
    30                           ;        software without specific prior written permission.
    31                           ; 
    32                           ; THIS SOFTWARE IS PROVIDED BY MICROCHIP "AS IS" AND ANY EXPRESS OR IMPLIED WARRANTIES,
    33                           ; INCLUDING, BUT NOT LIMITED TO, THE IMPLIED WARRANTIES OF MERCHANTABILITY AND FITNESS F
      +                          OR
    34                           ; PURPOSE ARE DISCLAIMED.  IN NO EVENT SHALL MICROCHIP BE LIABLE FOR ANY DIRECT, INDIREC
      +                          T,
    35                           ; INCIDENTAL, SPECIAL, EXEMPLARY, OR CONSEQUENTIAL DAMAGES (INCLUDING BUT NOT LIMITED TO
    36                           ; PROCUREMENT OF SUBSTITUTE GOODS OR SERVICES; LOSS OF USE, DATA OR PROFITS; OR BUSINESS
    37                           ; INTERRUPTION) HOWSOEVER CAUSED AND ON ANY THEORY OF LIABILITY, WHETHER IN CONTRACT, ST
      +                          RICT
    38                           ; LIABILITY, OR TORT (INCLUDING NEGLIGENCE OR OTHERWISE) ARISING IN ANY WAY OUT OF THE U
      +                          SE OF
    39                           ; THIS SOFTWARE, EVEN IF ADVISED OF THE POSSIBILITY OF SUCH DAMAGE.
    40                           ; 
    41                           ; 
    42                           ; Code-generator required, PIC18F45K20 Definitions
    43                           ; 
    44                           ; SFR Addresses
    45  0000                     _PORTD	set	3971
    46  0000                     _TRISD	set	3989
    47                           
    48                           ; #config settings
    49  0000                     
    50                           	psect	cinit
    51  007F4A                     __pcinit:
    52                           	opt callstack 0
    53  007F4A                     start_initialization:
    54                           	opt callstack 0
    55  007F4A                     __initialization:
    56                           	opt callstack 0
    57  007F4A                     end_of_initialization:
    58                           	opt callstack 0
    59  007F4A                     __end_of__initialization:
    60                           	opt callstack 0
    61  007F4A  0100               	movlb	0
    62  007F4C  EFA8  F03F         	goto	_main	;jump to C main() function
    63                           
    64                           	psect	cstackCOMRAM
    65  000001                     __pcstackCOMRAM:
    66                           	opt callstack 0
    67  000001                     ??_main:
    68                           
    69                           ; 1 bytes @ 0x0
    70  000001                     	ds	1
    71                           
    72 ;;
    73 ;;Main: autosize = 0, tempsize = 1, incstack = 0, save=0
    74 ;;
    75 ;; *************** function _main *****************
    76 ;; Defined at:
    77 ;;		line 19 in file "main_atv3_semana8.c"
    78 ;; Parameters:    Size  Location     Type
    79 ;;		None
    80 ;; Auto vars:     Size  Location     Type
    81 ;;		None
    82 ;; Return value:  Size  Location     Type
    83 ;;                  1    wreg      void 
    84 ;; Registers used:
    85 ;;		wreg, status,2
    86 ;; Tracked objects:
    87 ;;		On entry : 0/0
    88 ;;		On exit  : 0/0
    89 ;;		Unchanged: 0/0
    90 ;; Data sizes:     COMRAM   BANK0   BANK1   BANK2   BANK3   BANK4   BANK5
    91 ;;      Params:         0       0       0       0       0       0       0
    92 ;;      Locals:         0       0       0       0       0       0       0
    93 ;;      Temps:          1       0       0       0       0       0       0
    94 ;;      Totals:         1       0       0       0       0       0       0
    95 ;;Total ram usage:        1 bytes
    96 ;; This function calls:
    97 ;;		Nothing
    98 ;; This function is called by:
    99 ;;		Startup code after reset
   100 ;; This function uses a non-reentrant model
   101 ;;
   102                           
   103                           	psect	text0
   104  007F50                     __ptext0:
   105                           	opt callstack 0
   106  007F50                     _main:
   107                           	opt callstack 31
   108  007F50                     
   109                           ;main_atv3_semana8.c: 21:     TRISD = 0b00000000;
   110  007F50  0E00               	movlw	0
   111  007F52  6E95               	movwf	149,c	;volatile
   112                           
   113                           ;main_atv3_semana8.c: 23:     PORTD = 0b00000101;
   114  007F54  0E05               	movlw	5
   115  007F56  6E83               	movwf	131,c	;volatile
   116  007F58                     l692:
   117                           
   118                           ;main_atv3_semana8.c: 26:        _delay((unsigned long)((500)*(1000000/4000.0)));
   119  007F58  0EA3               	movlw	163
   120  007F5A  6E01               	movwf	??_main^0,c
   121  007F5C  0E55               	movlw	85
   122  007F5E                     u17:
   123  007F5E  2EE8               	decfsz	wreg,f,c
   124  007F60  D7FE               	bra	u17
   125  007F62  2E01               	decfsz	??_main^0,f,c
   126  007F64  D7FC               	bra	u17
   127  007F66  F000               	nop	
   128  007F68                     
   129                           ;main_atv3_semana8.c: 27:        PORTD = 0b00010101;
   130  007F68  0E15               	movlw	21
   131  007F6A  6E83               	movwf	131,c	;volatile
   132                           
   133                           ;main_atv3_semana8.c: 28:        _delay((unsigned long)((500)*(1000000/4000.0)));
   134  007F6C  0EA3               	movlw	163
   135  007F6E  6E01               	movwf	??_main^0,c
   136  007F70  0E55               	movlw	85
   137  007F72                     u27:
   138  007F72  2EE8               	decfsz	wreg,f,c
   139  007F74  D7FE               	bra	u27
   140  007F76  2E01               	decfsz	??_main^0,f,c
   141  007F78  D7FC               	bra	u27
   142  007F7A  F000               	nop	
   143  007F7C                     
   144                           ;main_atv3_semana8.c: 29:        PORTD = 0b00100101;
   145  007F7C  0E25               	movlw	37
   146  007F7E  6E83               	movwf	131,c	;volatile
   147  007F80                     
   148                           ;main_atv3_semana8.c: 30:        _delay((unsigned long)((500)*(1000000/4000.0)));
   149  007F80  0EA3               	movlw	163
   150  007F82  6E01               	movwf	??_main^0,c
   151  007F84  0E55               	movlw	85
   152  007F86                     u37:
   153  007F86  2EE8               	decfsz	wreg,f,c
   154  007F88  D7FE               	bra	u37
   155  007F8A  2E01               	decfsz	??_main^0,f,c
   156  007F8C  D7FC               	bra	u37
   157  007F8E  F000               	nop	
   158                           
   159                           ;main_atv3_semana8.c: 31:        PORTD = 0b01000101;
   160  007F90  0E45               	movlw	69
   161  007F92  6E83               	movwf	131,c	;volatile
   162  007F94                     
   163                           ;main_atv3_semana8.c: 32:        _delay((unsigned long)((500)*(1000000/4000.0)));
   164  007F94  0EA3               	movlw	163
   165  007F96  6E01               	movwf	??_main^0,c
   166  007F98  0E55               	movlw	85
   167  007F9A                     u47:
   168  007F9A  2EE8               	decfsz	wreg,f,c
   169  007F9C  D7FE               	bra	u47
   170  007F9E  2E01               	decfsz	??_main^0,f,c
   171  007FA0  D7FC               	bra	u47
   172  007FA2  F000               	nop	
   173  007FA4                     
   174                           ;main_atv3_semana8.c: 33:        PORTD = 0b10000001;
   175  007FA4  0E81               	movlw	129
   176  007FA6  6E83               	movwf	131,c	;volatile
   177                           
   178                           ;main_atv3_semana8.c: 34:        _delay((unsigned long)((500)*(1000000/4000.0)));
   179  007FA8  0EA3               	movlw	163
   180  007FAA  6E01               	movwf	??_main^0,c
   181  007FAC  0E55               	movlw	85
   182  007FAE                     u57:
   183  007FAE  2EE8               	decfsz	wreg,f,c
   184  007FB0  D7FE               	bra	u57
   185  007FB2  2E01               	decfsz	??_main^0,f,c
   186  007FB4  D7FC               	bra	u57
   187  007FB6  F000               	nop	
   188  007FB8                     
   189                           ;main_atv3_semana8.c: 35:        PORTD = 0b00010001;
   190  007FB8  0E11               	movlw	17
   191  007FBA  6E83               	movwf	131,c	;volatile
   192  007FBC                     
   193                           ;main_atv3_semana8.c: 36:        _delay((unsigned long)((500)*(1000000/4000.0)));
   194  007FBC  0EA3               	movlw	163
   195  007FBE  6E01               	movwf	??_main^0,c
   196  007FC0  0E55               	movlw	85
   197  007FC2                     u67:
   198  007FC2  2EE8               	decfsz	wreg,f,c
   199  007FC4  D7FE               	bra	u67
   200  007FC6  2E01               	decfsz	??_main^0,f,c
   201  007FC8  D7FC               	bra	u67
   202  007FCA  F000               	nop	
   203                           
   204                           ;main_atv3_semana8.c: 37:        PORTD = 0b00100001;
   205  007FCC  0E21               	movlw	33
   206  007FCE  6E83               	movwf	131,c	;volatile
   207  007FD0                     
   208                           ;main_atv3_semana8.c: 38:        _delay((unsigned long)((500)*(1000000/4000.0)));
   209  007FD0  0EA3               	movlw	163
   210  007FD2  6E01               	movwf	??_main^0,c
   211  007FD4  0E55               	movlw	85
   212  007FD6                     u77:
   213  007FD6  2EE8               	decfsz	wreg,f,c
   214  007FD8  D7FE               	bra	u77
   215  007FDA  2E01               	decfsz	??_main^0,f,c
   216  007FDC  D7FC               	bra	u77
   217  007FDE  F000               	nop	
   218  007FE0                     
   219                           ;main_atv3_semana8.c: 39:        PORTD = 0b01000001;
   220  007FE0  0E41               	movlw	65
   221  007FE2  6E83               	movwf	131,c	;volatile
   222                           
   223                           ;main_atv3_semana8.c: 40:        _delay((unsigned long)((500)*(1000000/4000.0)));
   224  007FE4  0EA3               	movlw	163
   225  007FE6  6E01               	movwf	??_main^0,c
   226  007FE8  0E55               	movlw	85
   227  007FEA                     u87:
   228  007FEA  2EE8               	decfsz	wreg,f,c
   229  007FEC  D7FE               	bra	u87
   230  007FEE  2E01               	decfsz	??_main^0,f,c
   231  007FF0  D7FC               	bra	u87
   232  007FF2  F000               	nop	
   233  007FF4                     
   234                           ;main_atv3_semana8.c: 41:        PORTD = 0b10000101;
   235  007FF4  0E85               	movlw	133
   236  007FF6  6E83               	movwf	131,c	;volatile
   237  007FF8  EFAC  F03F         	goto	l692
   238  007FFC  EF00  F000         	goto	start
   239  008000                     __end_of_main:
   240                           	opt callstack 0
   241  0000                     
   242                           	psect	rparam
   243  0000                     tosu	equ	0xFFF
   244                           tosh	equ	0xFFE
   245                           tosl	equ	0xFFD
   246                           stkptr	equ	0xFFC
   247                           pclatu	equ	0xFFB
   248                           pclath	equ	0xFFA
   249                           pcl	equ	0xFF9
   250                           tblptru	equ	0xFF8
   251                           tblptrh	equ	0xFF7
   252                           tblptrl	equ	0xFF6
   253                           tablat	equ	0xFF5
   254                           prodh	equ	0xFF4
   255                           prodl	equ	0xFF3
   256                           indf0	equ	0xFEF
   257                           postinc0	equ	0xFEE
   258                           postdec0	equ	0xFED
   259                           preinc0	equ	0xFEC
   260                           plusw0	equ	0xFEB
   261                           fsr0h	equ	0xFEA
   262                           fsr0l	equ	0xFE9
   263                           wreg	equ	0xFE8
   264                           indf1	equ	0xFE7
   265                           postinc1	equ	0xFE6
   266                           postdec1	equ	0xFE5
   267                           preinc1	equ	0xFE4
   268                           plusw1	equ	0xFE3
   269                           fsr1h	equ	0xFE2
   270                           fsr1l	equ	0xFE1
   271                           bsr	equ	0xFE0
   272                           indf2	equ	0xFDF
   273                           postinc2	equ	0xFDE
   274                           postdec2	equ	0xFDD
   275                           preinc2	equ	0xFDC
   276                           plusw2	equ	0xFDB
   277                           fsr2h	equ	0xFDA
   278                           fsr2l	equ	0xFD9
   279                           status	equ	0xFD8


Data Sizes:
    Strings     0
    Constant    0
    Data        0
    BSS         0
    Persistent  0
    Stack       0

Auto Spaces:
    Space          Size  Autos    Used
    COMRAM           95      1       1
    BANK0           160      0       0
    BANK1           256      0       0
    BANK2           256      0       0
    BANK3           256      0       0
    BANK4           256      0       0
    BANK5           256      0       0

Pointer List with Targets:

    None.

Critical Paths under _main in COMRAM

    None.

Critical Paths under _main in BANK0

    None.

Critical Paths under _main in BANK1

    None.

Critical Paths under _main in BANK2

    None.

Critical Paths under _main in BANK3

    None.

Critical Paths under _main in BANK4

    None.

Critical Paths under _main in BANK5

    None.

Call Graph Tables:

 ---------------------------------------------------------------------------------
 (Depth) Function   	        Calls       Base Space   Used Autos Params    Refs
 ---------------------------------------------------------------------------------
 (0) _main                                                 1     1      0       0
                                              0 COMRAM     1     1      0
 ---------------------------------------------------------------------------------
 Estimated maximum stack depth 0
 ---------------------------------------------------------------------------------

 Call Graph Graphs:

 _main (ROOT)

 Address spaces:
Name               Size   Autos  Total    Cost      Usage
BITCOMRAM           5F      0       0       0        0.0%
EEDATA             100      0       0       0        0.0%
NULL                 0      0       0       0        0.0%
CODE                 0      0       0       0        0.0%
COMRAM              5F      1       1       1        1.1%
STACK                0      0       0       2        0.0%
DATA                 0      0       0       3        0.0%
BITBANK0            A0      0       0       4        0.0%
BANK0               A0      0       0       5        0.0%
BITBANK1           100      0       0       6        0.0%
BANK1              100      0       0       7        0.0%
BITBANK2           100      0       0       8        0.0%
BANK2              100      0       0       9        0.0%
BITBANK3           100      0       0      10        0.0%
BANK3              100      0       0      11        0.0%
BITBANK4           100      0       0      12        0.0%
BANK4              100      0       0      13        0.0%
BANK5              100      0       0      14        0.0%
ABS                  0      0       0      15        0.0%
BITBANK5           100      0       0      16        0.0%
BIGRAM             5FF      0       0      17        0.0%
BITSFR               0      0       0     200        0.0%
SFR                  0      0       0     200        0.0%


Microchip Technology PIC18 Macro Assembler V2.10 build 88905656 
Symbol Table                                                                                   Thu Jul 23 21:16:52 2020

                     u17 7F5E                       u27 7F72                       u37 7F86  
                     u47 7F9A                       u57 7FAE                       u67 7FC2  
                     u77 7FD6                       u87 7FEA                      l700 7F94  
                    l710 7FE0                      l702 7FA4                      l712 7FF4  
                    l704 7FB8                      l706 7FBC                      l708 7FD0  
                    l690 7F50                      l692 7F58                      l694 7F68  
                    l696 7F7C                      l698 7F80                      wreg 000FE8  
           __CFG_LVP$OFF 000000                     _main 7F50                     start 0000  
           ___param_bank 000000                    ?_main 0001                    _PORTD 000F83  
                  _TRISD 000F95            __CFG_PWRT$OFF 000000           __CFG_MCLRE$OFF 000000  
        __initialization 7F4A             __end_of_main 8000                   ??_main 0001  
          __activetblptr 000000           __CFG_WDTEN$OFF 000000               __accesstop 0060  
__end_of__initialization 7F4A            ___rparam_used 000001           __pcstackCOMRAM 0001  
                __Hparam 0000                  __Lparam 0000                  __pcinit 7F4A  
                __ramtop 0600                  __ptext0 7F50     end_of_initialization 7F4A  
    start_initialization 7F4A                 __Hrparam 0000                 __Lrparam 0000  
          __size_of_main 00B0        __CFG_FOSC$INTIO67 000000  
