

Microchip MPLAB XC8 Assembler V2.10 build 88905656 
                                                                                               Thu Sep 10 18:32:23 2020

Microchip MPLAB XC8 C Compiler v2.10 (Free license) build 20190730164152 Og1 
     1                           	processor	18F45K20
     2                           	fnconf	rparam,??,?,0
     3                           	opt	pw 120
     4                           	opt	flic
     5                           	psect	cinit,global,reloc=2,class=CODE,delta=1
     6                           	psect	cstackCOMRAM,global,class=COMRAM,space=1,delta=1,noexec
     7                           	psect	text0,global,reloc=2,class=CODE,delta=1
     8                           	psect	intsave_regs,global,class=BIGRAM,space=1,delta=1,noexec
     9                           	psect	rparam,global,class=COMRAM,space=1,delta=1,noexec
    10  0000                     
    11                           ; Version 2.10
    12                           ; Generated 31/07/2019 GMT
    13                           ; 
    14                           ; Copyright © 2019, Microchip Technology Inc. and its subsidiaries ("Microchip")
    15                           ; All rights reserved.
    16                           ; 
    17                           ; This software is developed by Microchip Technology Inc. and its subsidiaries ("Microch
      +                          ip").
    18                           ; 
    19                           ; Redistribution and use in source and binary forms, with or without modification, are
    20                           ; permitted provided that the following conditions are met:
    21                           ; 
    22                           ;     1. Redistributions of source code must retain the above copyright notice, this lis
      +                          t of
    23                           ;        conditions and the following disclaimer.
    24                           ; 
    25                           ;     2. Redistributions in binary form must reproduce the above copyright notice, this 
      +                          list
    26                           ;        of conditions and the following disclaimer in the documentation and/or other
    27                           ;        materials provided with the distribution.
    28                           ; 
    29                           ;     3. Microchip's name may not be used to endorse or promote products derived from th
      +                          is
    30                           ;        software without specific prior written permission.
    31                           ; 
    32                           ; THIS SOFTWARE IS PROVIDED BY MICROCHIP "AS IS" AND ANY EXPRESS OR IMPLIED WARRANTIES,
    33                           ; INCLUDING, BUT NOT LIMITED TO, THE IMPLIED WARRANTIES OF MERCHANTABILITY AND FITNESS F
      +                          OR
    34                           ; PURPOSE ARE DISCLAIMED.  IN NO EVENT SHALL MICROCHIP BE LIABLE FOR ANY DIRECT, INDIREC
      +                          T,
    35                           ; INCIDENTAL, SPECIAL, EXEMPLARY, OR CONSEQUENTIAL DAMAGES (INCLUDING BUT NOT LIMITED TO
    36                           ; PROCUREMENT OF SUBSTITUTE GOODS OR SERVICES; LOSS OF USE, DATA OR PROFITS; OR BUSINESS
    37                           ; INTERRUPTION) HOWSOEVER CAUSED AND ON ANY THEORY OF LIABILITY, WHETHER IN CONTRACT, ST
      +                          RICT
    38                           ; LIABILITY, OR TORT (INCLUDING NEGLIGENCE OR OTHERWISE) ARISING IN ANY WAY OUT OF THE U
      +                          SE OF
    39                           ; THIS SOFTWARE, EVEN IF ADVISED OF THE POSSIBILITY OF SUCH DAMAGE.
    40                           ; 
    41                           ; 
    42                           ; Code-generator required, PIC18F45K20 Definitions
    43                           ; 
    44                           ; SFR Addresses
    45  0000                     _PORTD	set	3971
    46  0000                     _TRISD	set	3989
    47  0000                     _OSCCONbits	set	4051
    48                           
    49                           ; #config settings
    50  0000                     
    51                           	psect	cinit
    52  007F76                     __pcinit:
    53                           	opt callstack 0
    54  007F76                     start_initialization:
    55                           	opt callstack 0
    56  007F76                     __initialization:
    57                           	opt callstack 0
    58  007F76                     end_of_initialization:
    59                           	opt callstack 0
    60  007F76                     __end_of__initialization:
    61                           	opt callstack 0
    62  007F76  0100               	movlb	0
    63  007F78  EFBE  F03F         	goto	_main	;jump to C main() function
    64                           
    65                           	psect	cstackCOMRAM
    66  000001                     __pcstackCOMRAM:
    67                           	opt callstack 0
    68  000001                     ??_main:
    69                           
    70                           ; 1 bytes @ 0x0
    71  000001                     	ds	2
    72                           
    73 ;;
    74 ;;Main: autosize = 0, tempsize = 2, incstack = 0, save=0
    75 ;;
    76 ;; *************** function _main *****************
    77 ;; Defined at:
    78 ;;		line 18 in file "semana15_PMPCI.c"
    79 ;; Parameters:    Size  Location     Type
    80 ;;		None
    81 ;; Auto vars:     Size  Location     Type
    82 ;;		None
    83 ;; Return value:  Size  Location     Type
    84 ;;                  1    wreg      void 
    85 ;; Registers used:
    86 ;;		wreg, status,2
    87 ;; Tracked objects:
    88 ;;		On entry : 0/0
    89 ;;		On exit  : 0/0
    90 ;;		Unchanged: 0/0
    91 ;; Data sizes:     COMRAM   BANK0   BANK1   BANK2   BANK3   BANK4   BANK5
    92 ;;      Params:         0       0       0       0       0       0       0
    93 ;;      Locals:         0       0       0       0       0       0       0
    94 ;;      Temps:          2       0       0       0       0       0       0
    95 ;;      Totals:         2       0       0       0       0       0       0
    96 ;;Total ram usage:        2 bytes
    97 ;; This function calls:
    98 ;;		Nothing
    99 ;; This function is called by:
   100 ;;		Startup code after reset
   101 ;; This function uses a non-reentrant model
   102 ;;
   103                           
   104                           	psect	text0
   105  007F7C                     __ptext0:
   106                           	opt callstack 0
   107  007F7C                     _main:
   108                           	opt callstack 31
   109  007F7C                     
   110                           ;semana15_PMPCI.c: 19:     }
   111  007F7C  50D3               	movf	211,w,c	;volatile
   112  007F7E  0B8F               	andlw	-113
   113  007F80  0930               	iorlw	48
   114  007F82  6ED3               	movwf	211,c	;volatile
   115                           
   116                           ;semana15_PMPCI.c: 20: }
   117  007F84  0E00               	movlw	0
   118  007F86  6E95               	movwf	149,c	;volatile
   119  007F88                     l13:
   120  007F88  0E24               	movlw	36
   121  007F8A  6E83               	movwf	131,c	;volatile
   122  007F8C  0E09               	movlw	9
   123  007F8E  6E02               	movwf	(??_main+1)^0,c
   124  007F90  0EE1               	movlw	225
   125  007F92  6E01               	movwf	??_main^0,c
   126  007F94  0EB2               	movlw	178
   127  007F96                     u17:
   128  007F96  2EE8               	decfsz	wreg,f,c
   129  007F98  D7FE               	bra	u17
   130  007F9A  2E01               	decfsz	??_main^0,f,c
   131  007F9C  D7FC               	bra	u17
   132  007F9E  2E02               	decfsz	(??_main+1)^0,f,c
   133  007FA0  D7FA               	bra	u17
   134  007FA2  F000 F000          	nop2	
   135  007FA6  0E22               	movlw	34
   136  007FA8  6E83               	movwf	131,c	;volatile
   137  007FAA  0E04               	movlw	4
   138  007FAC  6E02               	movwf	(??_main+1)^0,c
   139  007FAE  0ECF               	movlw	207
   140  007FB0  6E01               	movwf	??_main^0,c
   141  007FB2  0E02               	movlw	2
   142  007FB4                     u27:
   143  007FB4  2EE8               	decfsz	wreg,f,c
   144  007FB6  D7FE               	bra	u27
   145  007FB8  2E01               	decfsz	??_main^0,f,c
   146  007FBA  D7FC               	bra	u27
   147  007FBC  2E02               	decfsz	(??_main+1)^0,f,c
   148  007FBE  D7FA               	bra	u27
   149  007FC0  0E81               	movlw	129
   150  007FC2  6E83               	movwf	131,c	;volatile
   151  007FC4  0E09               	movlw	9
   152  007FC6  6E02               	movwf	(??_main+1)^0,c
   153  007FC8  0EE1               	movlw	225
   154  007FCA  6E01               	movwf	??_main^0,c
   155  007FCC  0EB2               	movlw	178
   156  007FCE                     u37:
   157  007FCE  2EE8               	decfsz	wreg,f,c
   158  007FD0  D7FE               	bra	u37
   159  007FD2  2E01               	decfsz	??_main^0,f,c
   160  007FD4  D7FC               	bra	u37
   161  007FD6  2E02               	decfsz	(??_main+1)^0,f,c
   162  007FD8  D7FA               	bra	u37
   163  007FDA  F000 F000          	nop2	
   164  007FDE  0E41               	movlw	65
   165  007FE0  6E83               	movwf	131,c	;volatile
   166  007FE2  0E04               	movlw	4
   167  007FE4  6E02               	movwf	(??_main+1)^0,c
   168  007FE6  0ECF               	movlw	207
   169  007FE8  6E01               	movwf	??_main^0,c
   170  007FEA  0E02               	movlw	2
   171  007FEC                     u47:
   172  007FEC  2EE8               	decfsz	wreg,f,c
   173  007FEE  D7FE               	bra	u47
   174  007FF0  2E01               	decfsz	??_main^0,f,c
   175  007FF2  D7FC               	bra	u47
   176  007FF4  2E02               	decfsz	(??_main+1)^0,f,c
   177  007FF6  D7FA               	bra	u47
   178  007FF8  EFC4  F03F         	goto	l13
   179  007FFC  EF00  F000         	goto	start
   180  008000                     __end_of_main:
   181                           	opt callstack 0
   182  0000                     
   183                           	psect	rparam
   184  0000                     tosu	equ	0xFFF
   185                           tosh	equ	0xFFE
   186                           tosl	equ	0xFFD
   187                           stkptr	equ	0xFFC
   188                           pclatu	equ	0xFFB
   189                           pclath	equ	0xFFA
   190                           pcl	equ	0xFF9
   191                           tblptru	equ	0xFF8
   192                           tblptrh	equ	0xFF7
   193                           tblptrl	equ	0xFF6
   194                           tablat	equ	0xFF5
   195                           prodh	equ	0xFF4
   196                           prodl	equ	0xFF3
   197                           indf0	equ	0xFEF
   198                           postinc0	equ	0xFEE
   199                           postdec0	equ	0xFED
   200                           preinc0	equ	0xFEC
   201                           plusw0	equ	0xFEB
   202                           fsr0h	equ	0xFEA
   203                           fsr0l	equ	0xFE9
   204                           wreg	equ	0xFE8
   205                           indf1	equ	0xFE7
   206                           postinc1	equ	0xFE6
   207                           postdec1	equ	0xFE5
   208                           preinc1	equ	0xFE4
   209                           plusw1	equ	0xFE3
   210                           fsr1h	equ	0xFE2
   211                           fsr1l	equ	0xFE1
   212                           bsr	equ	0xFE0
   213                           indf2	equ	0xFDF
   214                           postinc2	equ	0xFDE
   215                           postdec2	equ	0xFDD
   216                           preinc2	equ	0xFDC
   217                           plusw2	equ	0xFDB
   218                           fsr2h	equ	0xFDA
   219                           fsr2l	equ	0xFD9
   220                           status	equ	0xFD8


Data Sizes:
    Strings     0
    Constant    0
    Data        0
    BSS         0
    Persistent  0
    Stack       0

Auto Spaces:
    Space          Size  Autos    Used
    COMRAM           95      2       2
    BANK0           160      0       0
    BANK1           256      0       0
    BANK2           256      0       0
    BANK3           256      0       0
    BANK4           256      0       0
    BANK5           256      0       0

Pointer List with Targets:

    None.

Critical Paths under _main in COMRAM

    None.

Critical Paths under _main in BANK0

    None.

Critical Paths under _main in BANK1

    None.

Critical Paths under _main in BANK2

    None.

Critical Paths under _main in BANK3

    None.

Critical Paths under _main in BANK4

    None.

Critical Paths under _main in BANK5

    None.

Call Graph Tables:

 ---------------------------------------------------------------------------------
 (Depth) Function   	        Calls       Base Space   Used Autos Params    Refs
 ---------------------------------------------------------------------------------
 (0) _main                                                 2     2      0       0
                                              0 COMRAM     2     2      0
 ---------------------------------------------------------------------------------
 Estimated maximum stack depth 0
 ---------------------------------------------------------------------------------

 Call Graph Graphs:

 _main (ROOT)

 Address spaces:
Name               Size   Autos  Total    Cost      Usage
BITCOMRAM           5F      0       0       0        0.0%
EEDATA             100      0       0       0        0.0%
NULL                 0      0       0       0        0.0%
CODE                 0      0       0       0        0.0%
COMRAM              5F      2       2       1        2.1%
STACK                0      0       0       2        0.0%
DATA                 0      0       0       3        0.0%
BITBANK0            A0      0       0       4        0.0%
BANK0               A0      0       0       5        0.0%
BITBANK1           100      0       0       6        0.0%
BANK1              100      0       0       7        0.0%
BITBANK2           100      0       0       8        0.0%
BANK2              100      0       0       9        0.0%
BITBANK3           100      0       0      10        0.0%
BANK3              100      0       0      11        0.0%
BITBANK4           100      0       0      12        0.0%
BANK4              100      0       0      13        0.0%
BANK5              100      0       0      14        0.0%
ABS                  0      0       0      15        0.0%
BITBANK5           100      0       0      16        0.0%
BIGRAM             5FF      0       0      17        0.0%
BITSFR               0      0       0     200        0.0%
SFR                  0      0       0     200        0.0%


Microchip Technology PIC18 Macro Assembler V2.10 build 88905656 
Symbol Table                                                                                   Thu Sep 10 18:32:23 2020

                     l13 7F88                       u17 7F96                       u27 7FB4  
                     u37 7FCE                       u47 7FEC                      l700 7FC4  
                    l702 7FE2                      l692 7F7C                      l694 7F8C  
                    l696 7FA6                      l698 7FC0                      wreg 000FE8  
           __CFG_LVP$OFF 000000                     _main 7F7C                     start 0000  
           ___param_bank 000000                    ?_main 0001                    _PORTD 000F83  
                  _TRISD 000F95          __initialization 7F76             __end_of_main 8000  
                 ??_main 0001            __activetblptr 000000           __CFG_WDTEN$OFF 000000  
             __accesstop 0060  __end_of__initialization 7F76          __CFG_PBADEN$OFF 000000  
          ___rparam_used 000001           __pcstackCOMRAM 0001                  __Hparam 0000  
                __Lparam 0000                  __pcinit 7F76                  __ramtop 0600  
                __ptext0 7F7C     end_of_initialization 7F76      start_initialization 7F76  
               __Hrparam 0000                 __Lrparam 0000            __size_of_main 0084  
             _OSCCONbits 000FD3        __CFG_FOSC$INTIO67 000000  
