

Microchip MPLAB XC8 Assembler V2.10 build 88905656 
                                                                                               Tue Sep 08 21:05:39 2020

Microchip MPLAB XC8 C Compiler v2.10 (Free license) build 20190730164152 Og1 
     1                           	processor	18F45K20
     2                           	fnconf	rparam,??,?,0
     3                           	opt	pw 120
     4                           	opt	flic
     5                           	psect	cinit,global,reloc=2,class=CODE,delta=1
     6                           	psect	cstackCOMRAM,global,class=COMRAM,space=1,delta=1,noexec
     7                           	psect	text0,global,reloc=2,class=CODE,delta=1
     8                           	psect	text1,global,reloc=2,class=CODE,delta=1
     9                           	psect	intsave_regs,global,class=BIGRAM,space=1,delta=1,noexec
    10                           	psect	rparam,global,class=COMRAM,space=1,delta=1,noexec
    11  0000                     
    12                           ; Version 2.10
    13                           ; Generated 31/07/2019 GMT
    14                           ; 
    15                           ; Copyright © 2019, Microchip Technology Inc. and its subsidiaries ("Microchip")
    16                           ; All rights reserved.
    17                           ; 
    18                           ; This software is developed by Microchip Technology Inc. and its subsidiaries ("Microch
      +                          ip").
    19                           ; 
    20                           ; Redistribution and use in source and binary forms, with or without modification, are
    21                           ; permitted provided that the following conditions are met:
    22                           ; 
    23                           ;     1. Redistributions of source code must retain the above copyright notice, this lis
      +                          t of
    24                           ;        conditions and the following disclaimer.
    25                           ; 
    26                           ;     2. Redistributions in binary form must reproduce the above copyright notice, this 
      +                          list
    27                           ;        of conditions and the following disclaimer in the documentation and/or other
    28                           ;        materials provided with the distribution.
    29                           ; 
    30                           ;     3. Microchip's name may not be used to endorse or promote products derived from th
      +                          is
    31                           ;        software without specific prior written permission.
    32                           ; 
    33                           ; THIS SOFTWARE IS PROVIDED BY MICROCHIP "AS IS" AND ANY EXPRESS OR IMPLIED WARRANTIES,
    34                           ; INCLUDING, BUT NOT LIMITED TO, THE IMPLIED WARRANTIES OF MERCHANTABILITY AND FITNESS F
      +                          OR
    35                           ; PURPOSE ARE DISCLAIMED.  IN NO EVENT SHALL MICROCHIP BE LIABLE FOR ANY DIRECT, INDIREC
      +                          T,
    36                           ; INCIDENTAL, SPECIAL, EXEMPLARY, OR CONSEQUENTIAL DAMAGES (INCLUDING BUT NOT LIMITED TO
    37                           ; PROCUREMENT OF SUBSTITUTE GOODS OR SERVICES; LOSS OF USE, DATA OR PROFITS; OR BUSINESS
    38                           ; INTERRUPTION) HOWSOEVER CAUSED AND ON ANY THEORY OF LIABILITY, WHETHER IN CONTRACT, ST
      +                          RICT
    39                           ; LIABILITY, OR TORT (INCLUDING NEGLIGENCE OR OTHERWISE) ARISING IN ANY WAY OUT OF THE U
      +                          SE OF
    40                           ; THIS SOFTWARE, EVEN IF ADVISED OF THE POSSIBILITY OF SUCH DAMAGE.
    41                           ; 
    42                           ; 
    43                           ; Code-generator required, PIC18F45K20 Definitions
    44                           ; 
    45                           ; SFR Addresses
    46  0000                     _PIR1	set	3998
    47  0000                     _PORTD	set	3971
    48  0000                     _TXREG	set	4013
    49  0000                     _PORTB	set	3969
    50  0000                     _TRISD	set	3989
    51  0000                     _TRISB	set	3987
    52  0000                     _SPBRG	set	4015
    53  0000                     _RCSTA	set	4011
    54  0000                     _TXSTA	set	4012
    55  0000                     _OSCCONbits	set	4051
    56                           
    57                           ; #config settings
    58  0000                     
    59                           	psect	cinit
    60  007F6C                     __pcinit:
    61                           	opt callstack 0
    62  007F6C                     start_initialization:
    63                           	opt callstack 0
    64  007F6C                     __initialization:
    65                           	opt callstack 0
    66  007F6C                     end_of_initialization:
    67                           	opt callstack 0
    68  007F6C                     __end_of__initialization:
    69                           	opt callstack 0
    70  007F6C  0100               	movlb	0
    71  007F6E  EFC4  F03F         	goto	_main	;jump to C main() function
    72                           
    73                           	psect	cstackCOMRAM
    74  000001                     __pcstackCOMRAM:
    75                           	opt callstack 0
    76  000001                     ??_main:
    77                           
    78                           ; 1 bytes @ 0x0
    79  000001                     	ds	1
    80  000002                     main@chave:
    81                           	opt callstack 0
    82                           
    83                           ; 1 bytes @ 0x1
    84  000002                     	ds	1
    85  000003                     main@i:
    86                           	opt callstack 0
    87                           
    88                           ; 2 bytes @ 0x2
    89  000003                     	ds	2
    90                           
    91 ;;
    92 ;;Main: autosize = 0, tempsize = 1, incstack = 0, save=0
    93 ;;
    94 ;; *************** function _main *****************
    95 ;; Defined at:
    96 ;;		line 37 in file "semana15_psrf_trasmissor.c"
    97 ;; Parameters:    Size  Location     Type
    98 ;;		None
    99 ;; Auto vars:     Size  Location     Type
   100 ;;  i               2    2[COMRAM] int 
   101 ;;  chave           1    1[COMRAM] unsigned char 
   102 ;; Return value:  Size  Location     Type
   103 ;;                  1    wreg      void 
   104 ;; Registers used:
   105 ;;		wreg, status,2, status,0, cstack
   106 ;; Tracked objects:
   107 ;;		On entry : 0/0
   108 ;;		On exit  : 0/0
   109 ;;		Unchanged: 0/0
   110 ;; Data sizes:     COMRAM   BANK0   BANK1   BANK2   BANK3   BANK4   BANK5
   111 ;;      Params:         0       0       0       0       0       0       0
   112 ;;      Locals:         3       0       0       0       0       0       0
   113 ;;      Temps:          1       0       0       0       0       0       0
   114 ;;      Totals:         4       0       0       0       0       0       0
   115 ;;Total ram usage:        4 bytes
   116 ;; Hardware stack levels required when called:    1
   117 ;; This function calls:
   118 ;;		_configura_serial
   119 ;; This function is called by:
   120 ;;		Startup code after reset
   121 ;; This function uses a non-reentrant model
   122 ;;
   123                           
   124                           	psect	text0
   125  007F88                     __ptext0:
   126                           	opt callstack 0
   127  007F88                     _main:
   128                           	opt callstack 30
   129  007F88                     
   130                           ;semana15_psrf_trasmissor.c: 38: }
   131  007F88  6893               	setf	147,c	;volatile
   132  007F8A  ECB9  F03F         	call	_configura_serial	;wreg free
   133  007F8E  0E00               	movlw	0
   134  007F90  6E95               	movwf	149,c	;volatile
   135  007F92                     l723:
   136  007F92  CF81 F002          	movff	3969,main@chave	;volatile
   137  007F96  5002               	movf	main@chave^0,w,c
   138  007F98  B4D8               	btfsc	status,2,c
   139  007F9A  EFD1  F03F         	goto	u11
   140  007F9E  EFD3  F03F         	goto	u10
   141  007FA2                     u11:
   142  007FA2  EFC9  F03F         	goto	l723
   143  007FA6                     u10:
   144  007FA6  0E00               	movlw	0
   145  007FA8  6E04               	movwf	(main@i+1)^0,c
   146  007FAA  0E00               	movlw	0
   147  007FAC  6E03               	movwf	main@i^0,c
   148  007FAE                     l733:
   149  007FAE  0E55               	movlw	85
   150  007FB0  6EAD               	movwf	173,c	;volatile
   151  007FB2  0E01               	movlw	1
   152  007FB4  6E83               	movwf	131,c	;volatile
   153  007FB6                     l34:
   154  007FB6  A89E               	btfss	158,4,c	;volatile
   155  007FB8  EFE0  F03F         	goto	u21
   156  007FBC  EFE2  F03F         	goto	u20
   157  007FC0                     u21:
   158  007FC0  EFDB  F03F         	goto	l34
   159  007FC4                     u20:
   160  007FC4  0EA3               	movlw	163
   161  007FC6  6E01               	movwf	??_main^0,c
   162  007FC8  0E55               	movlw	85
   163  007FCA                     u47:
   164  007FCA  2EE8               	decfsz	wreg,f,c
   165  007FCC  D7FE               	bra	u47
   166  007FCE  2E01               	decfsz	??_main^0,f,c
   167  007FD0  D7FC               	bra	u47
   168  007FD2  F000               	nop	
   169  007FD4  0E00               	movlw	0
   170  007FD6  6E83               	movwf	131,c	;volatile
   171  007FD8  4A03               	infsnz	main@i^0,f,c
   172  007FDA  2A04               	incf	(main@i+1)^0,f,c
   173  007FDC  BE04               	btfsc	(main@i+1)^0,7,c
   174  007FDE  EFFA  F03F         	goto	u31
   175  007FE2  5004               	movf	(main@i+1)^0,w,c
   176  007FE4  E109               	bnz	u30
   177  007FE6  0E0A               	movlw	10
   178  007FE8  5C03               	subwf	main@i^0,w,c
   179  007FEA  A0D8               	btfss	status,0,c
   180  007FEC  EFFA  F03F         	goto	u31
   181  007FF0  EFFC  F03F         	goto	u30
   182  007FF4                     u31:
   183  007FF4  EFD7  F03F         	goto	l733
   184  007FF8                     u30:
   185  007FF8  EFC9  F03F         	goto	l723
   186  007FFC  EF00  F000         	goto	start
   187  008000                     __end_of_main:
   188                           	opt callstack 0
   189                           
   190 ;; *************** function _configura_serial *****************
   191 ;; Defined at:
   192 ;;		line 27 in file "semana15_psrf_trasmissor.c"
   193 ;; Parameters:    Size  Location     Type
   194 ;;		None
   195 ;; Auto vars:     Size  Location     Type
   196 ;;		None
   197 ;; Return value:  Size  Location     Type
   198 ;;                  1    wreg      void 
   199 ;; Registers used:
   200 ;;		wreg, status,2
   201 ;; Tracked objects:
   202 ;;		On entry : 0/0
   203 ;;		On exit  : 0/0
   204 ;;		Unchanged: 0/0
   205 ;; Data sizes:     COMRAM   BANK0   BANK1   BANK2   BANK3   BANK4   BANK5
   206 ;;      Params:         0       0       0       0       0       0       0
   207 ;;      Locals:         0       0       0       0       0       0       0
   208 ;;      Temps:          0       0       0       0       0       0       0
   209 ;;      Totals:         0       0       0       0       0       0       0
   210 ;;Total ram usage:        0 bytes
   211 ;; Hardware stack levels used:    1
   212 ;; This function calls:
   213 ;;		Nothing
   214 ;; This function is called by:
   215 ;;		_main
   216 ;; This function uses a non-reentrant model
   217 ;;
   218                           
   219                           	psect	text1
   220  007F72                     __ptext1:
   221                           	opt callstack 0
   222  007F72                     _configura_serial:
   223                           	opt callstack 30
   224  007F72                     
   225                           ;semana15_psrf_trasmissor.c: 28:                TXREG = 0b01010101;
   226  007F72  50D3               	movf	211,w,c	;volatile
   227  007F74  0B8F               	andlw	-113
   228  007F76  0930               	iorlw	48
   229  007F78  6ED3               	movwf	211,c	;volatile
   230                           
   231                           ;semana15_psrf_trasmissor.c: 30:                while(!(PIR1&0b00010000));
   232  007F7A  0E20               	movlw	32
   233  007F7C  6EAC               	movwf	172,c	;volatile
   234                           
   235                           ;semana15_psrf_trasmissor.c: 32:                PORTD = 0x00;
   236  007F7E  0E90               	movlw	144
   237  007F80  6EAB               	movwf	171,c	;volatile
   238                           
   239                           ;semana15_psrf_trasmissor.c: 34:         }
   240  007F82  0E0C               	movlw	12
   241  007F84  6EAF               	movwf	175,c	;volatile
   242  007F86  0012               	return		;funcret
   243  007F88                     __end_of_configura_serial:
   244                           	opt callstack 0
   245  0000                     
   246                           	psect	rparam
   247  0000                     tosu	equ	0xFFF
   248                           tosh	equ	0xFFE
   249                           tosl	equ	0xFFD
   250                           stkptr	equ	0xFFC
   251                           pclatu	equ	0xFFB
   252                           pclath	equ	0xFFA
   253                           pcl	equ	0xFF9
   254                           tblptru	equ	0xFF8
   255                           tblptrh	equ	0xFF7
   256                           tblptrl	equ	0xFF6
   257                           tablat	equ	0xFF5
   258                           prodh	equ	0xFF4
   259                           prodl	equ	0xFF3
   260                           indf0	equ	0xFEF
   261                           postinc0	equ	0xFEE
   262                           postdec0	equ	0xFED
   263                           preinc0	equ	0xFEC
   264                           plusw0	equ	0xFEB
   265                           fsr0h	equ	0xFEA
   266                           fsr0l	equ	0xFE9
   267                           wreg	equ	0xFE8
   268                           indf1	equ	0xFE7
   269                           postinc1	equ	0xFE6
   270                           postdec1	equ	0xFE5
   271                           preinc1	equ	0xFE4
   272                           plusw1	equ	0xFE3
   273                           fsr1h	equ	0xFE2
   274                           fsr1l	equ	0xFE1
   275                           bsr	equ	0xFE0
   276                           indf2	equ	0xFDF
   277                           postinc2	equ	0xFDE
   278                           postdec2	equ	0xFDD
   279                           preinc2	equ	0xFDC
   280                           plusw2	equ	0xFDB
   281                           fsr2h	equ	0xFDA
   282                           fsr2l	equ	0xFD9
   283                           status	equ	0xFD8


Data Sizes:
    Strings     0
    Constant    0
    Data        0
    BSS         0
    Persistent  0
    Stack       0

Auto Spaces:
    Space          Size  Autos    Used
    COMRAM           95      4       4
    BANK0           160      0       0
    BANK1           256      0       0
    BANK2           256      0       0
    BANK3           256      0       0
    BANK4           256      0       0
    BANK5           256      0       0

Pointer List with Targets:

    None.

Critical Paths under _main in COMRAM

    None.

Critical Paths under _main in BANK0

    None.

Critical Paths under _main in BANK1

    None.

Critical Paths under _main in BANK2

    None.

Critical Paths under _main in BANK3

    None.

Critical Paths under _main in BANK4

    None.

Critical Paths under _main in BANK5

    None.

Call Graph Tables:

 ---------------------------------------------------------------------------------
 (Depth) Function   	        Calls       Base Space   Used Autos Params    Refs
 ---------------------------------------------------------------------------------
 (0) _main                                                 4     4      0      45
                                              0 COMRAM     4     4      0
                   _configura_serial
 ---------------------------------------------------------------------------------
 (1) _configura_serial                                     0     0      0       0
 ---------------------------------------------------------------------------------
 Estimated maximum stack depth 1
 ---------------------------------------------------------------------------------

 Call Graph Graphs:

 _main (ROOT)
   _configura_serial

 Address spaces:
Name               Size   Autos  Total    Cost      Usage
BITCOMRAM           5F      0       0       0        0.0%
EEDATA             100      0       0       0        0.0%
NULL                 0      0       0       0        0.0%
CODE                 0      0       0       0        0.0%
COMRAM              5F      4       4       1        4.2%
STACK                0      0       0       2        0.0%
DATA                 0      0       0       3        0.0%
BITBANK0            A0      0       0       4        0.0%
BANK0               A0      0       0       5        0.0%
BITBANK1           100      0       0       6        0.0%
BANK1              100      0       0       7        0.0%
BITBANK2           100      0       0       8        0.0%
BANK2              100      0       0       9        0.0%
BITBANK3           100      0       0      10        0.0%
BANK3              100      0       0      11        0.0%
BITBANK4           100      0       0      12        0.0%
BANK4              100      0       0      13        0.0%
BANK5              100      0       0      14        0.0%
ABS                  0      0       0      15        0.0%
BITBANK5           100      0       0      16        0.0%
BIGRAM             5FF      0       0      17        0.0%
BITSFR               0      0       0     200        0.0%
SFR                  0      0       0     200        0.0%


Microchip Technology PIC18 Macro Assembler V2.10 build 88905656 
Symbol Table                                                                                   Tue Sep 08 21:05:39 2020

                       l25 7F86                         l34 7FB6                         u10 7FA6  
                       u11 7FA2                         u20 7FC4                         u21 7FC0  
                       u30 7FF8                         u31 7FF4                         u47 7FCA  
                      l721 7F8E                        l715 7F72                        l723 7F92  
                      l741 7FDC                        l733 7FAE                        l725 7F96  
                      l717 7F88                        l735 7FC4                        l727 7FA6  
                      l719 7F8A                        l737 7FD4                        l739 7FD8  
                      wreg 000FE8               __CFG_LVP$OFF 000000                       _PIR1 000F9E  
                     _main 7F88                       start 0000               ___param_bank 000000  
                    ?_main 0001                      _RCSTA 000FAB                      _SPBRG 000FAF  
                    _PORTB 000F81                      _PORTD 000F83                      _TRISB 000F93  
                    _TRISD 000F95                      _TXREG 000FAD                      _TXSTA 000FAC  
        ?_configura_serial 0001                      main@i 0003         ??_configura_serial 0001  
                    status 000FD8            __initialization 7F6C               __end_of_main 8000  
                   ??_main 0001              __activetblptr 000000             __CFG_WDTEN$OFF 000000  
               __accesstop 0060    __end_of__initialization 7F6C            __CFG_PBADEN$OFF 000000  
            ___rparam_used 000001             __pcstackCOMRAM 0001                    __Hparam 0000  
                  __Lparam 0000  __size_of_configura_serial 0016                    __pcinit 7F6C  
                  __ramtop 0600                    __ptext0 7F88                    __ptext1 7F72  
     end_of_initialization 7F6C        start_initialization 7F6C           _configura_serial 7F72  
                main@chave 0002                   __Hrparam 0000                   __Lrparam 0000  
 __end_of_configura_serial 7F88              __size_of_main 0078                 _OSCCONbits 000FD3  
        __CFG_FOSC$INTIO67 000000  
