

Microchip MPLAB XC8 Assembler V2.10 build 88905656 
                                                                                               Thu Sep 03 20:43:10 2020

Microchip MPLAB XC8 C Compiler v2.10 (Free license) build 20190730164152 Og1 
     1                           	processor	18F45K20
     2                           	fnconf	rparam,??,?,0
     3                           	opt	pw 120
     4                           	opt	flic
     5                           	psect	cinit,global,reloc=2,class=CODE,delta=1
     6                           	psect	cstackCOMRAM,global,class=COMRAM,space=1,delta=1,noexec
     7                           	psect	text0,global,reloc=2,class=CODE,delta=1
     8                           	psect	text1,global,reloc=2,class=CODE,delta=1
     9                           	psect	intsave_regs,global,class=BIGRAM,space=1,delta=1,noexec
    10                           	psect	rparam,global,class=COMRAM,space=1,delta=1,noexec
    11  0000                     
    12                           ; Version 2.10
    13                           ; Generated 31/07/2019 GMT
    14                           ; 
    15                           ; Copyright © 2019, Microchip Technology Inc. and its subsidiaries ("Microchip")
    16                           ; All rights reserved.
    17                           ; 
    18                           ; This software is developed by Microchip Technology Inc. and its subsidiaries ("Microch
      +                          ip").
    19                           ; 
    20                           ; Redistribution and use in source and binary forms, with or without modification, are
    21                           ; permitted provided that the following conditions are met:
    22                           ; 
    23                           ;     1. Redistributions of source code must retain the above copyright notice, this lis
      +                          t of
    24                           ;        conditions and the following disclaimer.
    25                           ; 
    26                           ;     2. Redistributions in binary form must reproduce the above copyright notice, this 
      +                          list
    27                           ;        of conditions and the following disclaimer in the documentation and/or other
    28                           ;        materials provided with the distribution.
    29                           ; 
    30                           ;     3. Microchip's name may not be used to endorse or promote products derived from th
      +                          is
    31                           ;        software without specific prior written permission.
    32                           ; 
    33                           ; THIS SOFTWARE IS PROVIDED BY MICROCHIP "AS IS" AND ANY EXPRESS OR IMPLIED WARRANTIES,
    34                           ; INCLUDING, BUT NOT LIMITED TO, THE IMPLIED WARRANTIES OF MERCHANTABILITY AND FITNESS F
      +                          OR
    35                           ; PURPOSE ARE DISCLAIMED.  IN NO EVENT SHALL MICROCHIP BE LIABLE FOR ANY DIRECT, INDIREC
      +                          T,
    36                           ; INCIDENTAL, SPECIAL, EXEMPLARY, OR CONSEQUENTIAL DAMAGES (INCLUDING BUT NOT LIMITED TO
    37                           ; PROCUREMENT OF SUBSTITUTE GOODS OR SERVICES; LOSS OF USE, DATA OR PROFITS; OR BUSINESS
    38                           ; INTERRUPTION) HOWSOEVER CAUSED AND ON ANY THEORY OF LIABILITY, WHETHER IN CONTRACT, ST
      +                          RICT
    39                           ; LIABILITY, OR TORT (INCLUDING NEGLIGENCE OR OTHERWISE) ARISING IN ANY WAY OUT OF THE U
      +                          SE OF
    40                           ; THIS SOFTWARE, EVEN IF ADVISED OF THE POSSIBILITY OF SUCH DAMAGE.
    41                           ; 
    42                           ; 
    43                           ; Code-generator required, PIC18F45K20 Definitions
    44                           ; 
    45                           ; SFR Addresses
    46  0000                     _PORTD	set	3971
    47  0000                     _RCREG	set	4014
    48  0000                     _PIR1	set	3998
    49  0000                     _TRISD	set	3989
    50  0000                     _SPBRG	set	4015
    51  0000                     _RCSTA	set	4011
    52  0000                     _TXSTA	set	4012
    53  0000                     _OSCCONbits	set	4051
    54                           
    55                           ; #config settings
    56  0000                     
    57                           	psect	cinit
    58  007F88                     __pcinit:
    59                           	opt callstack 0
    60  007F88                     start_initialization:
    61                           	opt callstack 0
    62  007F88                     __initialization:
    63                           	opt callstack 0
    64  007F88                     end_of_initialization:
    65                           	opt callstack 0
    66  007F88                     __end_of__initialization:
    67                           	opt callstack 0
    68  007F88  0100               	movlb	0
    69  007F8A  EFD2  F03F         	goto	_main	;jump to C main() function
    70                           
    71                           	psect	cstackCOMRAM
    72  000001                     __pcstackCOMRAM:
    73                           	opt callstack 0
    74  000001                     ??_main:
    75                           
    76                           ; 1 bytes @ 0x0
    77  000001                     	ds	1
    78  000002                     main@valor_recebido:
    79                           	opt callstack 0
    80                           
    81                           ; 1 bytes @ 0x1
    82  000002                     	ds	1
    83                           
    84 ;;
    85 ;;Main: autosize = 0, tempsize = 1, incstack = 0, save=0
    86 ;;
    87 ;; *************** function _main *****************
    88 ;; Defined at:
    89 ;;		line 39 in file "semana14_psrf_exp2_receptor.c"
    90 ;; Parameters:    Size  Location     Type
    91 ;;		None
    92 ;; Auto vars:     Size  Location     Type
    93 ;;  valor_recebi    1    1[COMRAM] unsigned char 
    94 ;; Return value:  Size  Location     Type
    95 ;;                  1    wreg      void 
    96 ;; Registers used:
    97 ;;		wreg, status,2, status,0, cstack
    98 ;; Tracked objects:
    99 ;;		On entry : 0/0
   100 ;;		On exit  : 0/0
   101 ;;		Unchanged: 0/0
   102 ;; Data sizes:     COMRAM   BANK0   BANK1   BANK2   BANK3   BANK4   BANK5
   103 ;;      Params:         0       0       0       0       0       0       0
   104 ;;      Locals:         1       0       0       0       0       0       0
   105 ;;      Temps:          1       0       0       0       0       0       0
   106 ;;      Totals:         2       0       0       0       0       0       0
   107 ;;Total ram usage:        2 bytes
   108 ;; Hardware stack levels required when called:    1
   109 ;; This function calls:
   110 ;;		_configura_serial
   111 ;; This function is called by:
   112 ;;		Startup code after reset
   113 ;; This function uses a non-reentrant model
   114 ;;
   115                           
   116                           	psect	text0
   117  007FA4                     __ptext0:
   118                           	opt callstack 0
   119  007FA4                     _main:
   120                           	opt callstack 30
   121  007FA4                     
   122                           ;semana14_psrf_exp2_receptor.c: 40:     return;
   123  007FA4  ECC7  F03F         	call	_configura_serial	;wreg free
   124  007FA8  0E00               	movlw	0
   125  007FAA  6E95               	movwf	149,c	;volatile
   126  007FAC                     l715:
   127  007FAC  0E90               	movlw	144
   128  007FAE  6EAB               	movwf	171,c	;volatile
   129  007FB0                     l717:
   130  007FB0  CF9E F001          	movff	3998,??_main	;volatile
   131  007FB4  0E1F               	movlw	31
   132  007FB6  1601               	andwf	??_main^0,f,c
   133  007FB8  B4D8               	btfsc	status,2,c
   134  007FBA  EFE1  F03F         	goto	u11
   135  007FBE  EFE3  F03F         	goto	u10
   136  007FC2                     u11:
   137  007FC2  EFD8  F03F         	goto	l717
   138  007FC6                     u10:
   139  007FC6  CFAE F002          	movff	4014,main@valor_recebido	;volatile
   140  007FCA  0E80               	movlw	128
   141  007FCC  6EAB               	movwf	171,c	;volatile
   142  007FCE  0E55               	movlw	85
   143  007FD0  1802               	xorwf	main@valor_recebido^0,w,c
   144  007FD2  A4D8               	btfss	status,2,c
   145  007FD4  EFEE  F03F         	goto	u21
   146  007FD8  EFF0  F03F         	goto	u20
   147  007FDC                     u21:
   148  007FDC  EFF2  F03F         	goto	l725
   149  007FE0                     u20:
   150  007FE0  0E01               	movlw	1
   151  007FE2  6E83               	movwf	131,c	;volatile
   152  007FE4                     l725:
   153  007FE4  0EA3               	movlw	163
   154  007FE6  6E01               	movwf	??_main^0,c
   155  007FE8  0E55               	movlw	85
   156  007FEA                     u37:
   157  007FEA  2EE8               	decfsz	wreg,f,c
   158  007FEC  D7FE               	bra	u37
   159  007FEE  2E01               	decfsz	??_main^0,f,c
   160  007FF0  D7FC               	bra	u37
   161  007FF2  F000               	nop	
   162  007FF4  0E00               	movlw	0
   163  007FF6  6E83               	movwf	131,c	;volatile
   164  007FF8  EFD6  F03F         	goto	l715
   165  007FFC  EF00  F000         	goto	start
   166  008000                     __end_of_main:
   167                           	opt callstack 0
   168                           
   169 ;; *************** function _configura_serial *****************
   170 ;; Defined at:
   171 ;;		line 29 in file "semana14_psrf_exp2_receptor.c"
   172 ;; Parameters:    Size  Location     Type
   173 ;;		None
   174 ;; Auto vars:     Size  Location     Type
   175 ;;		None
   176 ;; Return value:  Size  Location     Type
   177 ;;                  1    wreg      void 
   178 ;; Registers used:
   179 ;;		wreg, status,2
   180 ;; Tracked objects:
   181 ;;		On entry : 0/0
   182 ;;		On exit  : 0/0
   183 ;;		Unchanged: 0/0
   184 ;; Data sizes:     COMRAM   BANK0   BANK1   BANK2   BANK3   BANK4   BANK5
   185 ;;      Params:         0       0       0       0       0       0       0
   186 ;;      Locals:         0       0       0       0       0       0       0
   187 ;;      Temps:          0       0       0       0       0       0       0
   188 ;;      Totals:         0       0       0       0       0       0       0
   189 ;;Total ram usage:        0 bytes
   190 ;; Hardware stack levels used:    1
   191 ;; This function calls:
   192 ;;		Nothing
   193 ;; This function is called by:
   194 ;;		_main
   195 ;; This function uses a non-reentrant model
   196 ;;
   197                           
   198                           	psect	text1
   199  007F8E                     __ptext1:
   200                           	opt callstack 0
   201  007F8E                     _configura_serial:
   202                           	opt callstack 30
   203  007F8E                     
   204                           ;semana14_psrf_exp2_receptor.c: 30: 
   205  007F8E  50D3               	movf	211,w,c	;volatile
   206  007F90  0B8F               	andlw	-113
   207  007F92  0930               	iorlw	48
   208  007F94  6ED3               	movwf	211,c	;volatile
   209                           
   210                           ;semana14_psrf_exp2_receptor.c: 32:             PORTD = 0b00000001;
   211  007F96  0E20               	movlw	32
   212  007F98  6EAC               	movwf	172,c	;volatile
   213                           
   214                           ;semana14_psrf_exp2_receptor.c: 34: 
   215  007F9A  0E90               	movlw	144
   216  007F9C  6EAB               	movwf	171,c	;volatile
   217                           
   218                           ;semana14_psrf_exp2_receptor.c: 36: 
   219  007F9E  0E0C               	movlw	12
   220  007FA0  6EAF               	movwf	175,c	;volatile
   221  007FA2  0012               	return		;funcret
   222  007FA4                     __end_of_configura_serial:
   223                           	opt callstack 0
   224  0000                     
   225                           	psect	rparam
   226  0000                     tosu	equ	0xFFF
   227                           tosh	equ	0xFFE
   228                           tosl	equ	0xFFD
   229                           stkptr	equ	0xFFC
   230                           pclatu	equ	0xFFB
   231                           pclath	equ	0xFFA
   232                           pcl	equ	0xFF9
   233                           tblptru	equ	0xFF8
   234                           tblptrh	equ	0xFF7
   235                           tblptrl	equ	0xFF6
   236                           tablat	equ	0xFF5
   237                           prodh	equ	0xFF4
   238                           prodl	equ	0xFF3
   239                           indf0	equ	0xFEF
   240                           postinc0	equ	0xFEE
   241                           postdec0	equ	0xFED
   242                           preinc0	equ	0xFEC
   243                           plusw0	equ	0xFEB
   244                           fsr0h	equ	0xFEA
   245                           fsr0l	equ	0xFE9
   246                           wreg	equ	0xFE8
   247                           indf1	equ	0xFE7
   248                           postinc1	equ	0xFE6
   249                           postdec1	equ	0xFE5
   250                           preinc1	equ	0xFE4
   251                           plusw1	equ	0xFE3
   252                           fsr1h	equ	0xFE2
   253                           fsr1l	equ	0xFE1
   254                           bsr	equ	0xFE0
   255                           indf2	equ	0xFDF
   256                           postinc2	equ	0xFDE
   257                           postdec2	equ	0xFDD
   258                           preinc2	equ	0xFDC
   259                           plusw2	equ	0xFDB
   260                           fsr2h	equ	0xFDA
   261                           fsr2l	equ	0xFD9
   262                           status	equ	0xFD8


Data Sizes:
    Strings     0
    Constant    0
    Data        0
    BSS         0
    Persistent  0
    Stack       0

Auto Spaces:
    Space          Size  Autos    Used
    COMRAM           95      2       2
    BANK0           160      0       0
    BANK1           256      0       0
    BANK2           256      0       0
    BANK3           256      0       0
    BANK4           256      0       0
    BANK5           256      0       0

Pointer List with Targets:

    None.

Critical Paths under _main in COMRAM

    None.

Critical Paths under _main in BANK0

    None.

Critical Paths under _main in BANK1

    None.

Critical Paths under _main in BANK2

    None.

Critical Paths under _main in BANK3

    None.

Critical Paths under _main in BANK4

    None.

Critical Paths under _main in BANK5

    None.

Call Graph Tables:

 ---------------------------------------------------------------------------------
 (Depth) Function   	        Calls       Base Space   Used Autos Params    Refs
 ---------------------------------------------------------------------------------
 (0) _main                                                 2     2      0      15
                                              0 COMRAM     2     2      0
                   _configura_serial
 ---------------------------------------------------------------------------------
 (1) _configura_serial                                     0     0      0       0
 ---------------------------------------------------------------------------------
 Estimated maximum stack depth 1
 ---------------------------------------------------------------------------------

 Call Graph Graphs:

 _main (ROOT)
   _configura_serial

 Address spaces:
Name               Size   Autos  Total    Cost      Usage
BITCOMRAM           5F      0       0       0        0.0%
EEDATA             100      0       0       0        0.0%
NULL                 0      0       0       0        0.0%
CODE                 0      0       0       0        0.0%
COMRAM              5F      2       2       1        2.1%
STACK                0      0       0       2        0.0%
DATA                 0      0       0       3        0.0%
BITBANK0            A0      0       0       4        0.0%
BANK0               A0      0       0       5        0.0%
BITBANK1           100      0       0       6        0.0%
BANK1              100      0       0       7        0.0%
BITBANK2           100      0       0       8        0.0%
BANK2              100      0       0       9        0.0%
BITBANK3           100      0       0      10        0.0%
BANK3              100      0       0      11        0.0%
BITBANK4           100      0       0      12        0.0%
BANK4              100      0       0      13        0.0%
BANK5              100      0       0      14        0.0%
ABS                  0      0       0      15        0.0%
BITBANK5           100      0       0      16        0.0%
BIGRAM             5FF      0       0      17        0.0%
BITSFR               0      0       0     200        0.0%
SFR                  0      0       0     200        0.0%


Microchip Technology PIC18 Macro Assembler V2.10 build 88905656 
Symbol Table                                                                                   Thu Sep 03 20:43:10 2020

                       l21 7FA2                         l29 7FC6                         u10 7FC6  
                       u11 7FC2                         u20 7FE0                         u21 7FDC  
                       u37 7FEA                        l711 7FA4                        l721 7FCE  
                      l713 7FA8                        l723 7FE0                        l715 7FAC  
                      l709 7F8E                        l725 7FE4                        l717 7FB0  
                      l727 7FF4                        l719 7FCA                        wreg 000FE8  
             __CFG_LVP$OFF 000000                       _PIR1 000F9E                       _main 7FA4  
                     start 0000               ___param_bank 000000                      ?_main 0001  
                    _RCREG 000FAE                      _RCSTA 000FAB                      _SPBRG 000FAF  
                    _PORTD 000F83                      _TRISD 000F95                      _TXSTA 000FAC  
       main@valor_recebido 0002          ?_configura_serial 0001         ??_configura_serial 0001  
                    status 000FD8            __initialization 7F88               __end_of_main 8000  
                   ??_main 0001              __activetblptr 000000             __CFG_WDTEN$OFF 000000  
               __accesstop 0060    __end_of__initialization 7F88            __CFG_PBADEN$OFF 000000  
            ___rparam_used 000001             __pcstackCOMRAM 0001                    __Hparam 0000  
                  __Lparam 0000  __size_of_configura_serial 0016                    __pcinit 7F88  
                  __ramtop 0600                    __ptext0 7FA4                    __ptext1 7F8E  
     end_of_initialization 7F88        start_initialization 7F88           _configura_serial 7F8E  
                 __Hrparam 0000                   __Lrparam 0000   __end_of_configura_serial 7FA4  
            __size_of_main 005C                 _OSCCONbits 000FD3          __CFG_FOSC$INTIO67 000000  
