Analysis & Synthesis report for projeto01
Tue Mar 10 14:28:07 2020
Quartus II 64-Bit Version 13.0.0 Build 156 04/24/2013 SJ Web Edition


---------------------
; Table of Contents ;
---------------------
  1. Legal Notice
  2. Analysis & Synthesis Summary
  3. Analysis & Synthesis Settings
  4. Parallel Compilation
  5. Analysis & Synthesis Source Files Read
  6. Analysis & Synthesis Resource Usage Summary
  7. Analysis & Synthesis Resource Utilization by Entity
  8. Analysis & Synthesis RAM Summary
  9. Analysis & Synthesis IP Cores Summary
 10. State Machine - |projeto01_MV|maquinaVendas:MV|blocoDeControleMV:BlocodeControle|estado
 11. State Machine - |projeto01_MV|botaoSincrono:BS|y_present
 12. Registers Removed During Synthesis
 13. General Register Statistics
 14. Source assignments for romMV:ROM|altsyncram:altsyncram_component|altsyncram_7m71:auto_generated
 15. Parameter Settings for User Entity Instance: romMV:ROM|altsyncram:altsyncram_component
 16. altsyncram Parameter Settings by Entity Instance
 17. Port Connectivity Checks: "bitToBcdToD7Seg:LedROM"
 18. Port Connectivity Checks: "bitToBcdToD7Seg:LedTotalMV|bitToBcd:BtB|ciBitToBcd:ciBtB04"
 19. Port Connectivity Checks: "bitToBcdToD7Seg:LedTotalMV|bitToBcd:BtB|ciBitToBcd:ciBtB01"
 20. Port Connectivity Checks: "maquinaVendas:MV|datapathMV:Datapath|Comparador_8Bits:Comp|Comparador_4Bits:Comp1"
 21. Port Connectivity Checks: "maquinaVendas:MV|datapathMV:Datapath|Comparador_8Bits:Comp"
 22. Port Connectivity Checks: "maquinaVendas:MV|datapathMV:Datapath|SUM_8Bits:SUM"
 23. Port Connectivity Checks: "maquinaVendas:MV|datapathMV:Datapath|reg8Bits:Reg"
 24. Port Connectivity Checks: "maquinaVendas:MV"
 25. Port Connectivity Checks: "contador6Bits:Cont|ffjk:Q5"
 26. Port Connectivity Checks: "contador6Bits:Cont|ffjk:Q4"
 27. Port Connectivity Checks: "contador6Bits:Cont|ffjk:Q3"
 28. Port Connectivity Checks: "contador6Bits:Cont|ffjk:Q2"
 29. Port Connectivity Checks: "contador6Bits:Cont|ffjk:Q1"
 30. Port Connectivity Checks: "contador6Bits:Cont|ffjk:Q0"
 31. Elapsed Time Per Partition
 32. Analysis & Synthesis Messages



----------------
; Legal Notice ;
----------------
Copyright (C) 1991-2013 Altera Corporation
Your use of Altera Corporation's design tools, logic functions 
and other software and tools, and its AMPP partner logic 
functions, and any output files from any of the foregoing 
(including device programming or simulation files), and any 
associated documentation or information are expressly subject 
to the terms and conditions of the Altera Program License 
Subscription Agreement, Altera MegaCore Function License 
Agreement, or other applicable license agreement, including, 
without limitation, that your use is for the sole purpose of 
programming logic devices manufactured by Altera and sold by 
Altera or its authorized distributors.  Please refer to the 
applicable agreement for further details.



+---------------------------------------------------------------------------------+
; Analysis & Synthesis Summary                                                    ;
+------------------------------------+--------------------------------------------+
; Analysis & Synthesis Status        ; Successful - Tue Mar 10 14:28:06 2020      ;
; Quartus II 64-Bit Version          ; 13.0.0 Build 156 04/24/2013 SJ Web Edition ;
; Revision Name                      ; projeto01                                  ;
; Top-level Entity Name              ; projeto01_MV                               ;
; Family                             ; Cyclone II                                 ;
; Total logic elements               ; 159                                        ;
;     Total combinational functions  ; 159                                        ;
;     Dedicated logic registers      ; 45                                         ;
; Total registers                    ; 45                                         ;
; Total pins                         ; 48                                         ;
; Total virtual pins                 ; 0                                          ;
; Total memory bits                  ; 512                                        ;
; Embedded Multiplier 9-bit elements ; 0                                          ;
; Total PLLs                         ; 0                                          ;
+------------------------------------+--------------------------------------------+


+----------------------------------------------------------------------------------------------------------------------+
; Analysis & Synthesis Settings                                                                                        ;
+----------------------------------------------------------------------------+--------------------+--------------------+
; Option                                                                     ; Setting            ; Default Value      ;
+----------------------------------------------------------------------------+--------------------+--------------------+
; Device                                                                     ; EP2C35F672C6       ;                    ;
; Top-level entity name                                                      ; projeto01_mv       ; projeto01          ;
; Family name                                                                ; Cyclone II         ; Cyclone IV GX      ;
; Use smart compilation                                                      ; Off                ; Off                ;
; Enable parallel Assembler and TimeQuest Timing Analyzer during compilation ; On                 ; On                 ;
; Enable compact report table                                                ; Off                ; Off                ;
; Restructure Multiplexers                                                   ; Auto               ; Auto               ;
; Create Debugging Nodes for IP Cores                                        ; Off                ; Off                ;
; Preserve fewer node names                                                  ; On                 ; On                 ;
; Disable OpenCore Plus hardware evaluation                                  ; Off                ; Off                ;
; Verilog Version                                                            ; Verilog_2001       ; Verilog_2001       ;
; VHDL Version                                                               ; VHDL_1993          ; VHDL_1993          ;
; State Machine Processing                                                   ; Auto               ; Auto               ;
; Safe State Machine                                                         ; Off                ; Off                ;
; Extract Verilog State Machines                                             ; On                 ; On                 ;
; Extract VHDL State Machines                                                ; On                 ; On                 ;
; Ignore Verilog initial constructs                                          ; Off                ; Off                ;
; Iteration limit for constant Verilog loops                                 ; 5000               ; 5000               ;
; Iteration limit for non-constant Verilog loops                             ; 250                ; 250                ;
; Add Pass-Through Logic to Inferred RAMs                                    ; On                 ; On                 ;
; Infer RAMs from Raw Logic                                                  ; On                 ; On                 ;
; Parallel Synthesis                                                         ; On                 ; On                 ;
; DSP Block Balancing                                                        ; Auto               ; Auto               ;
; NOT Gate Push-Back                                                         ; On                 ; On                 ;
; Power-Up Don't Care                                                        ; On                 ; On                 ;
; Remove Redundant Logic Cells                                               ; Off                ; Off                ;
; Remove Duplicate Registers                                                 ; On                 ; On                 ;
; Ignore CARRY Buffers                                                       ; Off                ; Off                ;
; Ignore CASCADE Buffers                                                     ; Off                ; Off                ;
; Ignore GLOBAL Buffers                                                      ; Off                ; Off                ;
; Ignore ROW GLOBAL Buffers                                                  ; Off                ; Off                ;
; Ignore LCELL Buffers                                                       ; Off                ; Off                ;
; Ignore SOFT Buffers                                                        ; On                 ; On                 ;
; Limit AHDL Integers to 32 Bits                                             ; Off                ; Off                ;
; Optimization Technique                                                     ; Balanced           ; Balanced           ;
; Carry Chain Length                                                         ; 70                 ; 70                 ;
; Auto Carry Chains                                                          ; On                 ; On                 ;
; Auto Open-Drain Pins                                                       ; On                 ; On                 ;
; Perform WYSIWYG Primitive Resynthesis                                      ; Off                ; Off                ;
; Auto ROM Replacement                                                       ; On                 ; On                 ;
; Auto RAM Replacement                                                       ; On                 ; On                 ;
; Auto Shift Register Replacement                                            ; Auto               ; Auto               ;
; Allow Shift Register Merging across Hierarchies                            ; Auto               ; Auto               ;
; Auto Clock Enable Replacement                                              ; On                 ; On                 ;
; Strict RAM Replacement                                                     ; Off                ; Off                ;
; Allow Synchronous Control Signals                                          ; On                 ; On                 ;
; Force Use of Synchronous Clear Signals                                     ; Off                ; Off                ;
; Auto RAM to Logic Cell Conversion                                          ; Off                ; Off                ;
; Auto Resource Sharing                                                      ; Off                ; Off                ;
; Allow Any RAM Size For Recognition                                         ; Off                ; Off                ;
; Allow Any ROM Size For Recognition                                         ; Off                ; Off                ;
; Allow Any Shift Register Size For Recognition                              ; Off                ; Off                ;
; Use LogicLock Constraints during Resource Balancing                        ; On                 ; On                 ;
; Ignore translate_off and synthesis_off directives                          ; Off                ; Off                ;
; Timing-Driven Synthesis                                                    ; Off                ; Off                ;
; Report Parameter Settings                                                  ; On                 ; On                 ;
; Report Source Assignments                                                  ; On                 ; On                 ;
; Report Connectivity Checks                                                 ; On                 ; On                 ;
; Ignore Maximum Fan-Out Assignments                                         ; Off                ; Off                ;
; Synchronization Register Chain Length                                      ; 2                  ; 2                  ;
; PowerPlay Power Optimization                                               ; Normal compilation ; Normal compilation ;
; HDL message level                                                          ; Level2             ; Level2             ;
; Suppress Register Optimization Related Messages                            ; Off                ; Off                ;
; Number of Removed Registers Reported in Synthesis Report                   ; 5000               ; 5000               ;
; Number of Swept Nodes Reported in Synthesis Report                         ; 5000               ; 5000               ;
; Number of Inverted Registers Reported in Synthesis Report                  ; 100                ; 100                ;
; Clock MUX Protection                                                       ; On                 ; On                 ;
; Auto Gated Clock Conversion                                                ; Off                ; Off                ;
; Block Design Naming                                                        ; Auto               ; Auto               ;
; SDC constraint protection                                                  ; Off                ; Off                ;
; Synthesis Effort                                                           ; Auto               ; Auto               ;
; Shift Register Replacement - Allow Asynchronous Clear Signal               ; On                 ; On                 ;
; Pre-Mapping Resynthesis Optimization                                       ; Off                ; Off                ;
; Analysis & Synthesis Message Level                                         ; Medium             ; Medium             ;
; Disable Register Merging Across Hierarchies                                ; Auto               ; Auto               ;
; Resource Aware Inference For Block RAM                                     ; On                 ; On                 ;
; Synthesis Seed                                                             ; 1                  ; 1                  ;
+----------------------------------------------------------------------------+--------------------+--------------------+


Parallel compilation was disabled, but you have multiple processors available. Enable parallel compilation to reduce compilation time.
+-------------------------------------+
; Parallel Compilation                ;
+----------------------------+--------+
; Processors                 ; Number ;
+----------------------------+--------+
; Number detected on machine ; 8      ;
; Maximum allowed            ; 1      ;
+----------------------------+--------+


+------------------------------------------------------------------------------------------------------------------------------------------------------------------------------------------------------------+
; Analysis & Synthesis Source Files Read                                                                                                                                                                     ;
+----------------------------------+-----------------+----------------------------------------+----------------------------------------------------------------------------------------------------+---------+
; File Name with User-Entered Path ; Used in Netlist ; File Type                              ; File Name with Absolute Path                                                                       ; Library ;
+----------------------------------+-----------------+----------------------------------------+----------------------------------------------------------------------------------------------------+---------+
; projeto01_mv.vhd                 ; yes             ; User VHDL File                         ; C:/Users/Aty/Documents/UFRN/Sistemas Digitais/Projeto01 - Maquina de Vendas/projeto01_mv.vhd       ;         ;
; divisorclock.vhd                 ; yes             ; Auto-Found VHDL File                   ; C:/Users/Aty/Documents/UFRN/Sistemas Digitais/Projeto01 - Maquina de Vendas/divisorclock.vhd       ;         ;
; botaosincrono.vhd                ; yes             ; Auto-Found VHDL File                   ; C:/Users/Aty/Documents/UFRN/Sistemas Digitais/Projeto01 - Maquina de Vendas/botaosincrono.vhd      ;         ;
; rommv.vhd                        ; yes             ; Auto-Found Wizard-Generated File       ; C:/Users/Aty/Documents/UFRN/Sistemas Digitais/Projeto01 - Maquina de Vendas/rommv.vhd              ;         ;
; altsyncram.tdf                   ; yes             ; Megafunction                           ; c:/altera/13.0/quartus/libraries/megafunctions/altsyncram.tdf                                      ;         ;
; stratix_ram_block.inc            ; yes             ; Megafunction                           ; c:/altera/13.0/quartus/libraries/megafunctions/stratix_ram_block.inc                               ;         ;
; lpm_mux.inc                      ; yes             ; Megafunction                           ; c:/altera/13.0/quartus/libraries/megafunctions/lpm_mux.inc                                         ;         ;
; lpm_decode.inc                   ; yes             ; Megafunction                           ; c:/altera/13.0/quartus/libraries/megafunctions/lpm_decode.inc                                      ;         ;
; aglobal130.inc                   ; yes             ; Megafunction                           ; c:/altera/13.0/quartus/libraries/megafunctions/aglobal130.inc                                      ;         ;
; a_rdenreg.inc                    ; yes             ; Megafunction                           ; c:/altera/13.0/quartus/libraries/megafunctions/a_rdenreg.inc                                       ;         ;
; altrom.inc                       ; yes             ; Megafunction                           ; c:/altera/13.0/quartus/libraries/megafunctions/altrom.inc                                          ;         ;
; altram.inc                       ; yes             ; Megafunction                           ; c:/altera/13.0/quartus/libraries/megafunctions/altram.inc                                          ;         ;
; altdpram.inc                     ; yes             ; Megafunction                           ; c:/altera/13.0/quartus/libraries/megafunctions/altdpram.inc                                        ;         ;
; db/altsyncram_7m71.tdf           ; yes             ; Auto-Generated Megafunction            ; C:/Users/Aty/Documents/UFRN/Sistemas Digitais/Projeto01 - Maquina de Vendas/db/altsyncram_7m71.tdf ;         ;
; rommv.mif                        ; yes             ; Auto-Found Memory Initialization File  ; C:/Users/Aty/Documents/UFRN/Sistemas Digitais/Projeto01 - Maquina de Vendas/rommv.mif              ;         ;
; contador6bits.vhd                ; yes             ; Auto-Found VHDL File                   ; C:/Users/Aty/Documents/UFRN/Sistemas Digitais/Projeto01 - Maquina de Vendas/contador6bits.vhd      ;         ;
; ffjk.vhd                         ; yes             ; Auto-Found VHDL File                   ; C:/Users/Aty/Documents/UFRN/Sistemas Digitais/Projeto01 - Maquina de Vendas/ffjk.vhd               ;         ;
; maquinavendas.vhd                ; yes             ; Auto-Found VHDL File                   ; C:/Users/Aty/Documents/UFRN/Sistemas Digitais/Projeto01 - Maquina de Vendas/maquinavendas.vhd      ;         ;
; blocodecontrolemv.vhd            ; yes             ; Auto-Found VHDL File                   ; C:/Users/Aty/Documents/UFRN/Sistemas Digitais/Projeto01 - Maquina de Vendas/blocodecontrolemv.vhd  ;         ;
; datapathmv.vhd                   ; yes             ; Auto-Found VHDL File                   ; C:/Users/Aty/Documents/UFRN/Sistemas Digitais/Projeto01 - Maquina de Vendas/datapathmv.vhd         ;         ;
; reg8bits.vhd                     ; yes             ; Auto-Found VHDL File                   ; C:/Users/Aty/Documents/UFRN/Sistemas Digitais/Projeto01 - Maquina de Vendas/reg8bits.vhd           ;         ;
; sum_8bits.vhd                    ; yes             ; Auto-Found VHDL File                   ; C:/Users/Aty/Documents/UFRN/Sistemas Digitais/Projeto01 - Maquina de Vendas/sum_8bits.vhd          ;         ;
; sum_4bits.vhd                    ; yes             ; Auto-Found VHDL File                   ; C:/Users/Aty/Documents/UFRN/Sistemas Digitais/Projeto01 - Maquina de Vendas/sum_4bits.vhd          ;         ;
; sum_2bits.vhd                    ; yes             ; Auto-Found VHDL File                   ; C:/Users/Aty/Documents/UFRN/Sistemas Digitais/Projeto01 - Maquina de Vendas/sum_2bits.vhd          ;         ;
; sum_1bit.vhd                     ; yes             ; Auto-Found VHDL File                   ; C:/Users/Aty/Documents/UFRN/Sistemas Digitais/Projeto01 - Maquina de Vendas/sum_1bit.vhd           ;         ;
; comparador_8bits.vhd             ; yes             ; Auto-Found VHDL File                   ; C:/Users/Aty/Documents/UFRN/Sistemas Digitais/Projeto01 - Maquina de Vendas/comparador_8bits.vhd   ;         ;
; comparador_4bits.vhd             ; yes             ; Auto-Found VHDL File                   ; C:/Users/Aty/Documents/UFRN/Sistemas Digitais/Projeto01 - Maquina de Vendas/comparador_4bits.vhd   ;         ;
; comparador.vhd                   ; yes             ; Auto-Found VHDL File                   ; C:/Users/Aty/Documents/UFRN/Sistemas Digitais/Projeto01 - Maquina de Vendas/comparador.vhd         ;         ;
; bittobcdtod7seg.vhd              ; yes             ; Auto-Found VHDL File                   ; C:/Users/Aty/Documents/UFRN/Sistemas Digitais/Projeto01 - Maquina de Vendas/bittobcdtod7seg.vhd    ;         ;
; bittobcd.vhd                     ; yes             ; Auto-Found VHDL File                   ; C:/Users/Aty/Documents/UFRN/Sistemas Digitais/Projeto01 - Maquina de Vendas/bittobcd.vhd           ;         ;
; cibittobcd.vhd                   ; yes             ; Auto-Found VHDL File                   ; C:/Users/Aty/Documents/UFRN/Sistemas Digitais/Projeto01 - Maquina de Vendas/cibittobcd.vhd         ;         ;
; d7seg.vhd                        ; yes             ; Auto-Found VHDL File                   ; C:/Users/Aty/Documents/UFRN/Sistemas Digitais/Projeto01 - Maquina de Vendas/d7seg.vhd              ;         ;
+----------------------------------+-----------------+----------------------------------------+----------------------------------------------------------------------------------------------------+---------+


+------------------------------------------------------------------------+
; Analysis & Synthesis Resource Usage Summary                            ;
+---------------------------------------------+--------------------------+
; Resource                                    ; Usage                    ;
+---------------------------------------------+--------------------------+
; Estimated Total logic elements              ; 159                      ;
;                                             ;                          ;
; Total combinational functions               ; 159                      ;
; Logic element usage by number of LUT inputs ;                          ;
;     -- 4 input functions                    ; 100                      ;
;     -- 3 input functions                    ; 22                       ;
;     -- <=2 input functions                  ; 37                       ;
;                                             ;                          ;
; Logic elements by mode                      ;                          ;
;     -- normal mode                          ; 129                      ;
;     -- arithmetic mode                      ; 30                       ;
;                                             ;                          ;
; Total registers                             ; 45                       ;
;     -- Dedicated logic registers            ; 45                       ;
;     -- I/O registers                        ; 0                        ;
;                                             ;                          ;
; I/O pins                                    ; 48                       ;
; Total memory bits                           ; 512                      ;
; Embedded Multiplier 9-bit elements          ; 0                        ;
; Maximum fan-out node                        ; divisorClock:DivClock|ax ;
; Maximum fan-out                             ; 29                       ;
; Total fan-out                               ; 744                      ;
; Average fan-out                             ; 2.86                     ;
+---------------------------------------------+--------------------------+


+-----------------------------------------------------------------------------------------------------------------------------------------------------------------------------------------------------------------------------------------------------------------------------------------+
; Analysis & Synthesis Resource Utilization by Entity                                                                                                                                                                                                                                     ;
+-------------------------------------------+-------------------+--------------+-------------+--------------+---------+-----------+------+--------------+------------------------------------------------------------------------------------------------------------------+--------------+
; Compilation Hierarchy Node                ; LC Combinationals ; LC Registers ; Memory Bits ; DSP Elements ; DSP 9x9 ; DSP 18x18 ; Pins ; Virtual Pins ; Full Hierarchy Name                                                                                              ; Library Name ;
+-------------------------------------------+-------------------+--------------+-------------+--------------+---------+-----------+------+--------------+------------------------------------------------------------------------------------------------------------------+--------------+
; |projeto01_MV                             ; 159 (0)           ; 45 (0)       ; 512         ; 0            ; 0       ; 0         ; 48   ; 0            ; |projeto01_MV                                                                                                    ;              ;
;    |bitToBcdToD7Seg:LedROM|               ; 34 (0)            ; 0 (0)        ; 0           ; 0            ; 0       ; 0         ; 0    ; 0            ; |projeto01_MV|bitToBcdToD7Seg:LedROM                                                                             ;              ;
;       |bitToBcd:BtB|                      ; 20 (0)            ; 0 (0)        ; 0           ; 0            ; 0       ; 0         ; 0    ; 0            ; |projeto01_MV|bitToBcdToD7Seg:LedROM|bitToBcd:BtB                                                                ;              ;
;          |ciBitToBcd:ciBtB01|             ; 1 (1)             ; 0 (0)        ; 0           ; 0            ; 0       ; 0         ; 0    ; 0            ; |projeto01_MV|bitToBcdToD7Seg:LedROM|bitToBcd:BtB|ciBitToBcd:ciBtB01                                             ;              ;
;          |ciBitToBcd:ciBtB02|             ; 4 (4)             ; 0 (0)        ; 0           ; 0            ; 0       ; 0         ; 0    ; 0            ; |projeto01_MV|bitToBcdToD7Seg:LedROM|bitToBcd:BtB|ciBitToBcd:ciBtB02                                             ;              ;
;          |ciBitToBcd:ciBtB03|             ; 4 (4)             ; 0 (0)        ; 0           ; 0            ; 0       ; 0         ; 0    ; 0            ; |projeto01_MV|bitToBcdToD7Seg:LedROM|bitToBcd:BtB|ciBitToBcd:ciBtB03                                             ;              ;
;          |ciBitToBcd:ciBtB05|             ; 4 (4)             ; 0 (0)        ; 0           ; 0            ; 0       ; 0         ; 0    ; 0            ; |projeto01_MV|bitToBcdToD7Seg:LedROM|bitToBcd:BtB|ciBitToBcd:ciBtB05                                             ;              ;
;          |ciBitToBcd:ciBtB06|             ; 3 (3)             ; 0 (0)        ; 0           ; 0            ; 0       ; 0         ; 0    ; 0            ; |projeto01_MV|bitToBcdToD7Seg:LedROM|bitToBcd:BtB|ciBitToBcd:ciBtB06                                             ;              ;
;          |ciBitToBcd:ciBtB07|             ; 4 (4)             ; 0 (0)        ; 0           ; 0            ; 0       ; 0         ; 0    ; 0            ; |projeto01_MV|bitToBcdToD7Seg:LedROM|bitToBcd:BtB|ciBitToBcd:ciBtB07                                             ;              ;
;       |d7Seg:D7S0|                        ; 7 (7)             ; 0 (0)        ; 0           ; 0            ; 0       ; 0         ; 0    ; 0            ; |projeto01_MV|bitToBcdToD7Seg:LedROM|d7Seg:D7S0                                                                  ;              ;
;       |d7Seg:D7S1|                        ; 7 (7)             ; 0 (0)        ; 0           ; 0            ; 0       ; 0         ; 0    ; 0            ; |projeto01_MV|bitToBcdToD7Seg:LedROM|d7Seg:D7S1                                                                  ;              ;
;    |bitToBcdToD7Seg:LedTotalMV|           ; 40 (0)            ; 0 (0)        ; 0           ; 0            ; 0       ; 0         ; 0    ; 0            ; |projeto01_MV|bitToBcdToD7Seg:LedTotalMV                                                                         ;              ;
;       |bitToBcd:BtB|                      ; 21 (0)            ; 0 (0)        ; 0           ; 0            ; 0       ; 0         ; 0    ; 0            ; |projeto01_MV|bitToBcdToD7Seg:LedTotalMV|bitToBcd:BtB                                                            ;              ;
;          |ciBitToBcd:ciBtB01|             ; 1 (1)             ; 0 (0)        ; 0           ; 0            ; 0       ; 0         ; 0    ; 0            ; |projeto01_MV|bitToBcdToD7Seg:LedTotalMV|bitToBcd:BtB|ciBitToBcd:ciBtB01                                         ;              ;
;          |ciBitToBcd:ciBtB02|             ; 4 (4)             ; 0 (0)        ; 0           ; 0            ; 0       ; 0         ; 0    ; 0            ; |projeto01_MV|bitToBcdToD7Seg:LedTotalMV|bitToBcd:BtB|ciBitToBcd:ciBtB02                                         ;              ;
;          |ciBitToBcd:ciBtB03|             ; 4 (4)             ; 0 (0)        ; 0           ; 0            ; 0       ; 0         ; 0    ; 0            ; |projeto01_MV|bitToBcdToD7Seg:LedTotalMV|bitToBcd:BtB|ciBitToBcd:ciBtB03                                         ;              ;
;          |ciBitToBcd:ciBtB05|             ; 4 (4)             ; 0 (0)        ; 0           ; 0            ; 0       ; 0         ; 0    ; 0            ; |projeto01_MV|bitToBcdToD7Seg:LedTotalMV|bitToBcd:BtB|ciBitToBcd:ciBtB05                                         ;              ;
;          |ciBitToBcd:ciBtB06|             ; 4 (4)             ; 0 (0)        ; 0           ; 0            ; 0       ; 0         ; 0    ; 0            ; |projeto01_MV|bitToBcdToD7Seg:LedTotalMV|bitToBcd:BtB|ciBitToBcd:ciBtB06                                         ;              ;
;          |ciBitToBcd:ciBtB07|             ; 4 (4)             ; 0 (0)        ; 0           ; 0            ; 0       ; 0         ; 0    ; 0            ; |projeto01_MV|bitToBcdToD7Seg:LedTotalMV|bitToBcd:BtB|ciBitToBcd:ciBtB07                                         ;              ;
;       |d7Seg:D7S0|                        ; 7 (7)             ; 0 (0)        ; 0           ; 0            ; 0       ; 0         ; 0    ; 0            ; |projeto01_MV|bitToBcdToD7Seg:LedTotalMV|d7Seg:D7S0                                                              ;              ;
;       |d7Seg:D7S1|                        ; 7 (7)             ; 0 (0)        ; 0           ; 0            ; 0       ; 0         ; 0    ; 0            ; |projeto01_MV|bitToBcdToD7Seg:LedTotalMV|d7Seg:D7S1                                                              ;              ;
;       |d7Seg:D7S2|                        ; 5 (5)             ; 0 (0)        ; 0           ; 0            ; 0       ; 0         ; 0    ; 0            ; |projeto01_MV|bitToBcdToD7Seg:LedTotalMV|d7Seg:D7S2                                                              ;              ;
;    |botaoSincrono:BS|                     ; 2 (2)             ; 2 (2)        ; 0           ; 0            ; 0       ; 0         ; 0    ; 0            ; |projeto01_MV|botaoSincrono:BS                                                                                   ;              ;
;    |contador6Bits:Cont|                   ; 7 (1)             ; 6 (0)        ; 0           ; 0            ; 0       ; 0         ; 0    ; 0            ; |projeto01_MV|contador6Bits:Cont                                                                                 ;              ;
;       |ffjk:Q0|                           ; 1 (1)             ; 1 (1)        ; 0           ; 0            ; 0       ; 0         ; 0    ; 0            ; |projeto01_MV|contador6Bits:Cont|ffjk:Q0                                                                         ;              ;
;       |ffjk:Q1|                           ; 1 (1)             ; 1 (1)        ; 0           ; 0            ; 0       ; 0         ; 0    ; 0            ; |projeto01_MV|contador6Bits:Cont|ffjk:Q1                                                                         ;              ;
;       |ffjk:Q2|                           ; 1 (1)             ; 1 (1)        ; 0           ; 0            ; 0       ; 0         ; 0    ; 0            ; |projeto01_MV|contador6Bits:Cont|ffjk:Q2                                                                         ;              ;
;       |ffjk:Q3|                           ; 1 (1)             ; 1 (1)        ; 0           ; 0            ; 0       ; 0         ; 0    ; 0            ; |projeto01_MV|contador6Bits:Cont|ffjk:Q3                                                                         ;              ;
;       |ffjk:Q4|                           ; 1 (1)             ; 1 (1)        ; 0           ; 0            ; 0       ; 0         ; 0    ; 0            ; |projeto01_MV|contador6Bits:Cont|ffjk:Q4                                                                         ;              ;
;       |ffjk:Q5|                           ; 1 (1)             ; 1 (1)        ; 0           ; 0            ; 0       ; 0         ; 0    ; 0            ; |projeto01_MV|contador6Bits:Cont|ffjk:Q5                                                                         ;              ;
;    |divisorClock:DivClock|                ; 47 (47)           ; 25 (25)      ; 0           ; 0            ; 0       ; 0         ; 0    ; 0            ; |projeto01_MV|divisorClock:DivClock                                                                              ;              ;
;    |maquinaVendas:MV|                     ; 29 (0)            ; 12 (0)       ; 0           ; 0            ; 0       ; 0         ; 0    ; 0            ; |projeto01_MV|maquinaVendas:MV                                                                                   ;              ;
;       |blocoDeControleMV:BlocodeControle| ; 5 (5)             ; 4 (4)        ; 0           ; 0            ; 0       ; 0         ; 0    ; 0            ; |projeto01_MV|maquinaVendas:MV|blocoDeControleMV:BlocodeControle                                                 ;              ;
;       |datapathMV:Datapath|               ; 24 (0)            ; 8 (0)        ; 0           ; 0            ; 0       ; 0         ; 0    ; 0            ; |projeto01_MV|maquinaVendas:MV|datapathMV:Datapath                                                               ;              ;
;          |Comparador_8Bits:Comp|          ; 14 (0)            ; 0 (0)        ; 0           ; 0            ; 0       ; 0         ; 0    ; 0            ; |projeto01_MV|maquinaVendas:MV|datapathMV:Datapath|Comparador_8Bits:Comp                                         ;              ;
;             |Comparador_4Bits:Comp1|      ; 2 (0)             ; 0 (0)        ; 0           ; 0            ; 0       ; 0         ; 0    ; 0            ; |projeto01_MV|maquinaVendas:MV|datapathMV:Datapath|Comparador_8Bits:Comp|Comparador_4Bits:Comp1                  ;              ;
;                |Comparador:Comp3|         ; 1 (1)             ; 0 (0)        ; 0           ; 0            ; 0       ; 0         ; 0    ; 0            ; |projeto01_MV|maquinaVendas:MV|datapathMV:Datapath|Comparador_8Bits:Comp|Comparador_4Bits:Comp1|Comparador:Comp3 ;              ;
;                |Comparador:Comp4|         ; 1 (1)             ; 0 (0)        ; 0           ; 0            ; 0       ; 0         ; 0    ; 0            ; |projeto01_MV|maquinaVendas:MV|datapathMV:Datapath|Comparador_8Bits:Comp|Comparador_4Bits:Comp1|Comparador:Comp4 ;              ;
;             |Comparador_4Bits:Comp2|      ; 12 (0)            ; 0 (0)        ; 0           ; 0            ; 0       ; 0         ; 0    ; 0            ; |projeto01_MV|maquinaVendas:MV|datapathMV:Datapath|Comparador_8Bits:Comp|Comparador_4Bits:Comp2                  ;              ;
;                |Comparador:Comp1|         ; 3 (3)             ; 0 (0)        ; 0           ; 0            ; 0       ; 0         ; 0    ; 0            ; |projeto01_MV|maquinaVendas:MV|datapathMV:Datapath|Comparador_8Bits:Comp|Comparador_4Bits:Comp2|Comparador:Comp1 ;              ;
;                |Comparador:Comp2|         ; 3 (3)             ; 0 (0)        ; 0           ; 0            ; 0       ; 0         ; 0    ; 0            ; |projeto01_MV|maquinaVendas:MV|datapathMV:Datapath|Comparador_8Bits:Comp|Comparador_4Bits:Comp2|Comparador:Comp2 ;              ;
;                |Comparador:Comp4|         ; 6 (6)             ; 0 (0)        ; 0           ; 0            ; 0       ; 0         ; 0    ; 0            ; |projeto01_MV|maquinaVendas:MV|datapathMV:Datapath|Comparador_8Bits:Comp|Comparador_4Bits:Comp2|Comparador:Comp4 ;              ;
;          |SUM_8Bits:SUM|                  ; 1 (0)             ; 0 (0)        ; 0           ; 0            ; 0       ; 0         ; 0    ; 0            ; |projeto01_MV|maquinaVendas:MV|datapathMV:Datapath|SUM_8Bits:SUM                                                 ;              ;
;             |SUM_4Bits:SUM01|             ; 1 (0)             ; 0 (0)        ; 0           ; 0            ; 0       ; 0         ; 0    ; 0            ; |projeto01_MV|maquinaVendas:MV|datapathMV:Datapath|SUM_8Bits:SUM|SUM_4Bits:SUM01                                 ;              ;
;                |SUM_2Bits:SUM01|          ; 1 (0)             ; 0 (0)        ; 0           ; 0            ; 0       ; 0         ; 0    ; 0            ; |projeto01_MV|maquinaVendas:MV|datapathMV:Datapath|SUM_8Bits:SUM|SUM_4Bits:SUM01|SUM_2Bits:SUM01                 ;              ;
;                   |SUM_1Bit:SUM01|        ; 1 (1)             ; 0 (0)        ; 0           ; 0            ; 0       ; 0         ; 0    ; 0            ; |projeto01_MV|maquinaVendas:MV|datapathMV:Datapath|SUM_8Bits:SUM|SUM_4Bits:SUM01|SUM_2Bits:SUM01|SUM_1Bit:SUM01  ;              ;
;          |reg8Bits:Reg|                   ; 9 (9)             ; 8 (8)        ; 0           ; 0            ; 0       ; 0         ; 0    ; 0            ; |projeto01_MV|maquinaVendas:MV|datapathMV:Datapath|reg8Bits:Reg                                                  ;              ;
;    |romMV:ROM|                            ; 0 (0)             ; 0 (0)        ; 512         ; 0            ; 0       ; 0         ; 0    ; 0            ; |projeto01_MV|romMV:ROM                                                                                          ;              ;
;       |altsyncram:altsyncram_component|   ; 0 (0)             ; 0 (0)        ; 512         ; 0            ; 0       ; 0         ; 0    ; 0            ; |projeto01_MV|romMV:ROM|altsyncram:altsyncram_component                                                          ;              ;
;          |altsyncram_7m71:auto_generated| ; 0 (0)             ; 0 (0)        ; 512         ; 0            ; 0       ; 0         ; 0    ; 0            ; |projeto01_MV|romMV:ROM|altsyncram:altsyncram_component|altsyncram_7m71:auto_generated                           ;              ;
+-------------------------------------------+-------------------+--------------+-------------+--------------+---------+-----------+------+--------------+------------------------------------------------------------------------------------------------------------------+--------------+
Note: For table entries with two numbers listed, the numbers in parentheses indicate the number of resources of the given type used by the specific entity alone. The numbers listed outside of parentheses indicate the total resources of the given type used by the specific entity and all of its sub-entities in the hierarchy.


+----------------------------------------------------------------------------------------------------------------------------------------------------------------------------------+
; Analysis & Synthesis RAM Summary                                                                                                                                                 ;
+-------------------------------------------------------------------------------------+------+------+--------------+--------------+--------------+--------------+------+-----------+
; Name                                                                                ; Type ; Mode ; Port A Depth ; Port A Width ; Port B Depth ; Port B Width ; Size ; MIF       ;
+-------------------------------------------------------------------------------------+------+------+--------------+--------------+--------------+--------------+------+-----------+
; romMV:ROM|altsyncram:altsyncram_component|altsyncram_7m71:auto_generated|ALTSYNCRAM ; AUTO ; ROM  ; 64           ; 8            ; --           ; --           ; 512  ; romMV.mif ;
+-------------------------------------------------------------------------------------+------+------+--------------+--------------+--------------+--------------+------+-----------+


+---------------------------------------------------------------------------------------------------------------------------------------------------------------------------------+
; Analysis & Synthesis IP Cores Summary                                                                                                                                           ;
+--------+--------------+---------+--------------+--------------+-------------------------+---------------------------------------------------------------------------------------+
; Vendor ; IP Core Name ; Version ; Release Date ; License Type ; Entity Instance         ; IP Include File                                                                       ;
+--------+--------------+---------+--------------+--------------+-------------------------+---------------------------------------------------------------------------------------+
; Altera ; ROM: 1-PORT  ; N/A     ; N/A          ; N/A          ; |projeto01_MV|romMV:ROM ; C:/Users/Aty/Documents/UFRN/Sistemas Digitais/Projeto01 - Maquina de Vendas/rommv.vhd ;
+--------+--------------+---------+--------------+--------------+-------------------------+---------------------------------------------------------------------------------------+


Encoding Type:  One-Hot
+-----------------------------------------------------------------------------------------+
; State Machine - |projeto01_MV|maquinaVendas:MV|blocoDeControleMV:BlocodeControle|estado ;
+-----------+-----------+-----------+-----------+-----------------------------------------+
; Name      ; estado.E4 ; estado.E3 ; estado.E2 ; estado.E1                               ;
+-----------+-----------+-----------+-----------+-----------------------------------------+
; estado.E1 ; 0         ; 0         ; 0         ; 0                                       ;
; estado.E2 ; 0         ; 0         ; 1         ; 1                                       ;
; estado.E3 ; 0         ; 1         ; 0         ; 1                                       ;
; estado.E4 ; 1         ; 0         ; 0         ; 1                                       ;
+-----------+-----------+-----------+-----------+-----------------------------------------+


Encoding Type:  One-Hot
+-----------------------------------------------------------+
; State Machine - |projeto01_MV|botaoSincrono:BS|y_present  ;
+--------------+--------------+--------------+--------------+
; Name         ; y_present.E3 ; y_present.E2 ; y_present.E1 ;
+--------------+--------------+--------------+--------------+
; y_present.E1 ; 0            ; 0            ; 0            ;
; y_present.E2 ; 0            ; 1            ; 1            ;
; y_present.E3 ; 1            ; 0            ; 1            ;
+--------------+--------------+--------------+--------------+


+------------------------------------------------------------+
; Registers Removed During Synthesis                         ;
+---------------------------------------+--------------------+
; Register name                         ; Reason for Removal ;
+---------------------------------------+--------------------+
; botaoSincrono:BS|y_present.E3         ; Lost fanout        ;
; Total Number of Removed Registers = 1 ;                    ;
+---------------------------------------+--------------------+


+------------------------------------------------------+
; General Register Statistics                          ;
+----------------------------------------------+-------+
; Statistic                                    ; Value ;
+----------------------------------------------+-------+
; Total registers                              ; 45    ;
; Number of registers using Synchronous Clear  ; 0     ;
; Number of registers using Synchronous Load   ; 0     ;
; Number of registers using Asynchronous Clear ; 18    ;
; Number of registers using Asynchronous Load  ; 0     ;
; Number of registers using Clock Enable       ; 7     ;
; Number of registers using Preset             ; 0     ;
+----------------------------------------------+-------+


+-------------------------------------------------------------------------------------------------+
; Source assignments for romMV:ROM|altsyncram:altsyncram_component|altsyncram_7m71:auto_generated ;
+---------------------------------+--------------------+------+-----------------------------------+
; Assignment                      ; Value              ; From ; To                                ;
+---------------------------------+--------------------+------+-----------------------------------+
; OPTIMIZE_POWER_DURING_SYNTHESIS ; NORMAL_COMPILATION ; -    ; -                                 ;
+---------------------------------+--------------------+------+-----------------------------------+


+----------------------------------------------------------------------------------------+
; Parameter Settings for User Entity Instance: romMV:ROM|altsyncram:altsyncram_component ;
+------------------------------------+----------------------+----------------------------+
; Parameter Name                     ; Value                ; Type                       ;
+------------------------------------+----------------------+----------------------------+
; BYTE_SIZE_BLOCK                    ; 8                    ; Untyped                    ;
; AUTO_CARRY_CHAINS                  ; ON                   ; AUTO_CARRY                 ;
; IGNORE_CARRY_BUFFERS               ; OFF                  ; IGNORE_CARRY               ;
; AUTO_CASCADE_CHAINS                ; ON                   ; AUTO_CASCADE               ;
; IGNORE_CASCADE_BUFFERS             ; OFF                  ; IGNORE_CASCADE             ;
; WIDTH_BYTEENA                      ; 1                    ; Untyped                    ;
; OPERATION_MODE                     ; ROM                  ; Untyped                    ;
; WIDTH_A                            ; 8                    ; Signed Integer             ;
; WIDTHAD_A                          ; 6                    ; Signed Integer             ;
; NUMWORDS_A                         ; 64                   ; Signed Integer             ;
; OUTDATA_REG_A                      ; UNREGISTERED         ; Untyped                    ;
; ADDRESS_ACLR_A                     ; NONE                 ; Untyped                    ;
; OUTDATA_ACLR_A                     ; NONE                 ; Untyped                    ;
; WRCONTROL_ACLR_A                   ; NONE                 ; Untyped                    ;
; INDATA_ACLR_A                      ; NONE                 ; Untyped                    ;
; BYTEENA_ACLR_A                     ; NONE                 ; Untyped                    ;
; WIDTH_B                            ; 1                    ; Untyped                    ;
; WIDTHAD_B                          ; 1                    ; Untyped                    ;
; NUMWORDS_B                         ; 1                    ; Untyped                    ;
; INDATA_REG_B                       ; CLOCK1               ; Untyped                    ;
; WRCONTROL_WRADDRESS_REG_B          ; CLOCK1               ; Untyped                    ;
; RDCONTROL_REG_B                    ; CLOCK1               ; Untyped                    ;
; ADDRESS_REG_B                      ; CLOCK1               ; Untyped                    ;
; OUTDATA_REG_B                      ; UNREGISTERED         ; Untyped                    ;
; BYTEENA_REG_B                      ; CLOCK1               ; Untyped                    ;
; INDATA_ACLR_B                      ; NONE                 ; Untyped                    ;
; WRCONTROL_ACLR_B                   ; NONE                 ; Untyped                    ;
; ADDRESS_ACLR_B                     ; NONE                 ; Untyped                    ;
; OUTDATA_ACLR_B                     ; NONE                 ; Untyped                    ;
; RDCONTROL_ACLR_B                   ; NONE                 ; Untyped                    ;
; BYTEENA_ACLR_B                     ; NONE                 ; Untyped                    ;
; WIDTH_BYTEENA_A                    ; 1                    ; Signed Integer             ;
; WIDTH_BYTEENA_B                    ; 1                    ; Untyped                    ;
; RAM_BLOCK_TYPE                     ; AUTO                 ; Untyped                    ;
; BYTE_SIZE                          ; 8                    ; Untyped                    ;
; READ_DURING_WRITE_MODE_MIXED_PORTS ; DONT_CARE            ; Untyped                    ;
; READ_DURING_WRITE_MODE_PORT_A      ; NEW_DATA_NO_NBE_READ ; Untyped                    ;
; READ_DURING_WRITE_MODE_PORT_B      ; NEW_DATA_NO_NBE_READ ; Untyped                    ;
; INIT_FILE                          ; romMV.mif            ; Untyped                    ;
; INIT_FILE_LAYOUT                   ; PORT_A               ; Untyped                    ;
; MAXIMUM_DEPTH                      ; 0                    ; Untyped                    ;
; CLOCK_ENABLE_INPUT_A               ; BYPASS               ; Untyped                    ;
; CLOCK_ENABLE_INPUT_B               ; NORMAL               ; Untyped                    ;
; CLOCK_ENABLE_OUTPUT_A              ; BYPASS               ; Untyped                    ;
; CLOCK_ENABLE_OUTPUT_B              ; NORMAL               ; Untyped                    ;
; CLOCK_ENABLE_CORE_A                ; USE_INPUT_CLKEN      ; Untyped                    ;
; CLOCK_ENABLE_CORE_B                ; USE_INPUT_CLKEN      ; Untyped                    ;
; ENABLE_ECC                         ; FALSE                ; Untyped                    ;
; ECC_PIPELINE_STAGE_ENABLED         ; FALSE                ; Untyped                    ;
; WIDTH_ECCSTATUS                    ; 3                    ; Untyped                    ;
; DEVICE_FAMILY                      ; Cyclone II           ; Untyped                    ;
; CBXI_PARAMETER                     ; altsyncram_7m71      ; Untyped                    ;
+------------------------------------+----------------------+----------------------------+
Note: In order to hide this table in the UI and the text report file, please set the "Show Parameter Settings in Synthesis Report" option in "Analysis and Synthesis Settings -> More Settings" to "Off".


+---------------------------------------------------------------------------------------+
; altsyncram Parameter Settings by Entity Instance                                      ;
+-------------------------------------------+-------------------------------------------+
; Name                                      ; Value                                     ;
+-------------------------------------------+-------------------------------------------+
; Number of entity instances                ; 1                                         ;
; Entity Instance                           ; romMV:ROM|altsyncram:altsyncram_component ;
;     -- OPERATION_MODE                     ; ROM                                       ;
;     -- WIDTH_A                            ; 8                                         ;
;     -- NUMWORDS_A                         ; 64                                        ;
;     -- OUTDATA_REG_A                      ; UNREGISTERED                              ;
;     -- WIDTH_B                            ; 1                                         ;
;     -- NUMWORDS_B                         ; 1                                         ;
;     -- ADDRESS_REG_B                      ; CLOCK1                                    ;
;     -- OUTDATA_REG_B                      ; UNREGISTERED                              ;
;     -- RAM_BLOCK_TYPE                     ; AUTO                                      ;
;     -- READ_DURING_WRITE_MODE_MIXED_PORTS ; DONT_CARE                                 ;
+-------------------------------------------+-------------------------------------------+


+----------------------------------------------------------------------------------------------------------------+
; Port Connectivity Checks: "bitToBcdToD7Seg:LedROM"                                                             ;
+------+--------+----------+-------------------------------------------------------------------------------------+
; Port ; Type   ; Severity ; Details                                                                             ;
+------+--------+----------+-------------------------------------------------------------------------------------+
; hex2 ; Output ; Info     ; Connected to dangling logic. Logic that only feeds a dangling port will be removed. ;
+------+--------+----------+-------------------------------------------------------------------------------------+


+----------------------------------------------------------------------------------------+
; Port Connectivity Checks: "bitToBcdToD7Seg:LedTotalMV|bitToBcd:BtB|ciBitToBcd:ciBtB04" ;
+-----------+-------+----------+---------------------------------------------------------+
; Port      ; Type  ; Severity ; Details                                                 ;
+-----------+-------+----------+---------------------------------------------------------+
; btb_in[3] ; Input ; Info     ; Stuck at GND                                            ;
+-----------+-------+----------+---------------------------------------------------------+


+----------------------------------------------------------------------------------------+
; Port Connectivity Checks: "bitToBcdToD7Seg:LedTotalMV|bitToBcd:BtB|ciBitToBcd:ciBtB01" ;
+-----------+-------+----------+---------------------------------------------------------+
; Port      ; Type  ; Severity ; Details                                                 ;
+-----------+-------+----------+---------------------------------------------------------+
; btb_in[3] ; Input ; Info     ; Stuck at GND                                            ;
+-----------+-------+----------+---------------------------------------------------------+


+---------------------------------------------------------------------------------------------------------------+
; Port Connectivity Checks: "maquinaVendas:MV|datapathMV:Datapath|Comparador_8Bits:Comp|Comparador_4Bits:Comp1" ;
+------+-------+----------+-------------------------------------------------------------------------------------+
; Port ; Type  ; Severity ; Details                                                                             ;
+------+-------+----------+-------------------------------------------------------------------------------------+
; gt   ; Input ; Info     ; Stuck at GND                                                                        ;
; lt   ; Input ; Info     ; Stuck at GND                                                                        ;
; eq   ; Input ; Info     ; Stuck at VCC                                                                        ;
+------+-------+----------+-------------------------------------------------------------------------------------+


+-----------------------------------------------------------------------------------------------------------------+
; Port Connectivity Checks: "maquinaVendas:MV|datapathMV:Datapath|Comparador_8Bits:Comp"                          ;
+-------+--------+----------+-------------------------------------------------------------------------------------+
; Port  ; Type   ; Severity ; Details                                                                             ;
+-------+--------+----------+-------------------------------------------------------------------------------------+
; aeqb8 ; Output ; Info     ; Connected to dangling logic. Logic that only feeds a dangling port will be removed. ;
; agtb8 ; Output ; Info     ; Connected to dangling logic. Logic that only feeds a dangling port will be removed. ;
+-------+--------+----------+-------------------------------------------------------------------------------------+


+------------------------------------------------------------------------------------------------------------------+
; Port Connectivity Checks: "maquinaVendas:MV|datapathMV:Datapath|SUM_8Bits:SUM"                                   ;
+--------+--------+----------+-------------------------------------------------------------------------------------+
; Port   ; Type   ; Severity ; Details                                                                             ;
+--------+--------+----------+-------------------------------------------------------------------------------------+
; c8_in  ; Input  ; Info     ; Stuck at GND                                                                        ;
; c8_out ; Output ; Info     ; Connected to dangling logic. Logic that only feeds a dangling port will be removed. ;
+--------+--------+----------+-------------------------------------------------------------------------------------+


+-------------------------------------------------------------------------------+
; Port Connectivity Checks: "maquinaVendas:MV|datapathMV:Datapath|reg8Bits:Reg" ;
+--------+-------+----------+---------------------------------------------------+
; Port   ; Type  ; Severity ; Details                                           ;
+--------+-------+----------+---------------------------------------------------+
; preset ; Input ; Info     ; Stuck at VCC                                      ;
+--------+-------+----------+---------------------------------------------------+


+--------------------------------------------------------------------------------------------------------------------+
; Port Connectivity Checks: "maquinaVendas:MV"                                                                       ;
+----------+--------+----------+-------------------------------------------------------------------------------------+
; Port     ; Type   ; Severity ; Details                                                                             ;
+----------+--------+----------+-------------------------------------------------------------------------------------+
; saida_mv ; Output ; Info     ; Connected to dangling logic. Logic that only feeds a dangling port will be removed. ;
+----------+--------+----------+-------------------------------------------------------------------------------------+


+--------------------------------------------------------+
; Port Connectivity Checks: "contador6Bits:Cont|ffjk:Q5" ;
+------+-------+----------+------------------------------+
; Port ; Type  ; Severity ; Details                      ;
+------+-------+----------+------------------------------+
; p    ; Input ; Info     ; Stuck at VCC                 ;
+------+-------+----------+------------------------------+


+--------------------------------------------------------+
; Port Connectivity Checks: "contador6Bits:Cont|ffjk:Q4" ;
+------+-------+----------+------------------------------+
; Port ; Type  ; Severity ; Details                      ;
+------+-------+----------+------------------------------+
; p    ; Input ; Info     ; Stuck at VCC                 ;
+------+-------+----------+------------------------------+


+--------------------------------------------------------+
; Port Connectivity Checks: "contador6Bits:Cont|ffjk:Q3" ;
+------+-------+----------+------------------------------+
; Port ; Type  ; Severity ; Details                      ;
+------+-------+----------+------------------------------+
; p    ; Input ; Info     ; Stuck at VCC                 ;
+------+-------+----------+------------------------------+


+--------------------------------------------------------+
; Port Connectivity Checks: "contador6Bits:Cont|ffjk:Q2" ;
+------+-------+----------+------------------------------+
; Port ; Type  ; Severity ; Details                      ;
+------+-------+----------+------------------------------+
; p    ; Input ; Info     ; Stuck at VCC                 ;
+------+-------+----------+------------------------------+


+--------------------------------------------------------+
; Port Connectivity Checks: "contador6Bits:Cont|ffjk:Q1" ;
+------+-------+----------+------------------------------+
; Port ; Type  ; Severity ; Details                      ;
+------+-------+----------+------------------------------+
; p    ; Input ; Info     ; Stuck at VCC                 ;
+------+-------+----------+------------------------------+


+--------------------------------------------------------+
; Port Connectivity Checks: "contador6Bits:Cont|ffjk:Q0" ;
+------+-------+----------+------------------------------+
; Port ; Type  ; Severity ; Details                      ;
+------+-------+----------+------------------------------+
; p    ; Input ; Info     ; Stuck at VCC                 ;
+------+-------+----------+------------------------------+


+-------------------------------+
; Elapsed Time Per Partition    ;
+----------------+--------------+
; Partition Name ; Elapsed Time ;
+----------------+--------------+
; Top            ; 00:00:01     ;
+----------------+--------------+


+-------------------------------+
; Analysis & Synthesis Messages ;
+-------------------------------+
Info: *******************************************************************
Info: Running Quartus II 64-Bit Analysis & Synthesis
    Info: Version 13.0.0 Build 156 04/24/2013 SJ Web Edition
    Info: Processing started: Tue Mar 10 14:28:01 2020
Info: Command: quartus_map --read_settings_files=on --write_settings_files=off projeto01 -c projeto01
Warning (136002): Ignored duplicate of assignment PARTITION_PRESERVE_HIGH_SPEED_TILES for node ""
Warning (136002): Ignored duplicate of assignment PARTITION_IGNORE_SOURCE_FILE_CHANGES for node ""
Warning (136002): Ignored duplicate of assignment PARTITION_ALWAYS_USE_QXP_NETLIST for node ""
Warning (136002): Ignored duplicate of assignment PARTITION_IMPORT_NEW_ASSIGNMENTS for node ""
Warning (136002): Ignored duplicate of assignment PARTITION_IMPORT_EXISTING_ASSIGNMENTS for node ""
Warning (136002): Ignored duplicate of assignment PARTITION_IMPORT_EXISTING_LOGICLOCK_REGIONS for node ""
Warning (136002): Ignored duplicate of assignment PARTITION_IMPORT_PIN_ASSIGNMENTS for node ""
Warning (136002): Ignored duplicate of assignment PARTITION_IMPORT_PROMOTE_ASSIGNMENTS for node ""
Warning (136002): Ignored duplicate of assignment PARTITION_TYPE for node ""
Warning (136002): Ignored duplicate of assignment ALLOW_MULTIPLE_PERSONAS for node ""
Warning (136002): Ignored duplicate of assignment PARTITION_ASD_REGION_ID for node ""
Warning (136002): Ignored duplicate of assignment CROSS_BOUNDARY_OPTIMIZATIONS for node ""
Warning (136002): Ignored duplicate of assignment PROPAGATE_CONSTANTS_ON_INPUTS for node ""
Warning (136002): Ignored duplicate of assignment PROPAGATE_INVERSIONS_ON_INPUTS for node ""
Warning (136002): Ignored duplicate of assignment REMOVE_LOGIC_ON_UNCONNECTED_OUTPUTS for node ""
Warning (136002): Ignored duplicate of assignment MERGE_EQUIVALENT_INPUTS for node ""
Warning (136002): Ignored duplicate of assignment MERGE_EQUIVALENT_BIDIRS for node ""
Warning (136002): Ignored duplicate of assignment ABSORB_PATHS_FROM_OUTPUTS_TO_INPUTS for node ""
Warning (136002): Ignored duplicate of assignment PARTITION_EXTRACT_HARD_BLOCK_NODES for node ""
Warning (136002): Ignored duplicate of assignment PARTITION_SOURCE for node ""
Warning (136002): Ignored duplicate of assignment PARTITION_BACK_ANNOTATION for node ""
Warning (136002): Ignored duplicate of assignment PARTITION_COLOR for node ""
Warning (136002): Ignored duplicate of assignment HIERARCHY_BLACKBOX_FILE for node "|"
Warning (136002): Ignored duplicate of assignment PARTITION_PRESERVE_HIGH_SPEED_TILES for node ""
Warning (136002): Ignored duplicate of assignment PARTITION_IGNORE_SOURCE_FILE_CHANGES for node ""
Warning (136002): Ignored duplicate of assignment PARTITION_ALWAYS_USE_QXP_NETLIST for node ""
Warning (136002): Ignored duplicate of assignment PARTITION_IMPORT_NEW_ASSIGNMENTS for node ""
Warning (136002): Ignored duplicate of assignment PARTITION_IMPORT_EXISTING_ASSIGNMENTS for node ""
Warning (136002): Ignored duplicate of assignment PARTITION_IMPORT_EXISTING_LOGICLOCK_REGIONS for node ""
Warning (136002): Ignored duplicate of assignment PARTITION_IMPORT_PIN_ASSIGNMENTS for node ""
Warning (136002): Ignored duplicate of assignment PARTITION_IMPORT_PROMOTE_ASSIGNMENTS for node ""
Warning (136002): Ignored duplicate of assignment PARTITION_TYPE for node ""
Warning (136002): Ignored duplicate of assignment ALLOW_MULTIPLE_PERSONAS for node ""
Warning (136002): Ignored duplicate of assignment PARTITION_ASD_REGION_ID for node ""
Warning (136002): Ignored duplicate of assignment CROSS_BOUNDARY_OPTIMIZATIONS for node ""
Warning (136002): Ignored duplicate of assignment PROPAGATE_CONSTANTS_ON_INPUTS for node ""
Warning (136002): Ignored duplicate of assignment PROPAGATE_INVERSIONS_ON_INPUTS for node ""
Warning (136002): Ignored duplicate of assignment REMOVE_LOGIC_ON_UNCONNECTED_OUTPUTS for node ""
Warning (136002): Ignored duplicate of assignment MERGE_EQUIVALENT_INPUTS for node ""
Warning (136002): Ignored duplicate of assignment MERGE_EQUIVALENT_BIDIRS for node ""
Warning (136002): Ignored duplicate of assignment ABSORB_PATHS_FROM_OUTPUTS_TO_INPUTS for node ""
Warning (136002): Ignored duplicate of assignment PARTITION_EXTRACT_HARD_BLOCK_NODES for node ""
Warning (136002): Ignored duplicate of assignment PARTITION_SOURCE for node ""
Warning (136002): Ignored duplicate of assignment PARTITION_BACK_ANNOTATION for node ""
Warning (136002): Ignored duplicate of assignment PARTITION_COLOR for node ""
Warning (136002): Ignored duplicate of assignment HIERARCHY_BLACKBOX_FILE for node "|"
Warning (136002): Ignored duplicate of assignment PARTITION_PRESERVE_HIGH_SPEED_TILES for node ""
Warning (136002): Ignored duplicate of assignment PARTITION_IGNORE_SOURCE_FILE_CHANGES for node ""
Warning (136002): Ignored duplicate of assignment PARTITION_ALWAYS_USE_QXP_NETLIST for node ""
Warning (136002): Ignored duplicate of assignment PARTITION_IMPORT_NEW_ASSIGNMENTS for node ""
Warning (136002): Ignored duplicate of assignment PARTITION_IMPORT_EXISTING_ASSIGNMENTS for node ""
Warning (136002): Ignored duplicate of assignment PARTITION_IMPORT_EXISTING_LOGICLOCK_REGIONS for node ""
Warning (136002): Ignored duplicate of assignment PARTITION_IMPORT_PIN_ASSIGNMENTS for node ""
Warning (136002): Ignored duplicate of assignment PARTITION_IMPORT_PROMOTE_ASSIGNMENTS for node ""
Warning (136002): Ignored duplicate of assignment PARTITION_TYPE for node ""
Warning (136002): Ignored duplicate of assignment ALLOW_MULTIPLE_PERSONAS for node ""
Warning (136002): Ignored duplicate of assignment PARTITION_ASD_REGION_ID for node ""
Warning (136002): Ignored duplicate of assignment CROSS_BOUNDARY_OPTIMIZATIONS for node ""
Warning (136002): Ignored duplicate of assignment PROPAGATE_CONSTANTS_ON_INPUTS for node ""
Warning (136002): Ignored duplicate of assignment PROPAGATE_INVERSIONS_ON_INPUTS for node ""
Warning (136002): Ignored duplicate of assignment REMOVE_LOGIC_ON_UNCONNECTED_OUTPUTS for node ""
Warning (136002): Ignored duplicate of assignment MERGE_EQUIVALENT_INPUTS for node ""
Warning (136002): Ignored duplicate of assignment MERGE_EQUIVALENT_BIDIRS for node ""
Warning (136002): Ignored duplicate of assignment ABSORB_PATHS_FROM_OUTPUTS_TO_INPUTS for node ""
Warning (136002): Ignored duplicate of assignment PARTITION_EXTRACT_HARD_BLOCK_NODES for node ""
Warning (136002): Ignored duplicate of assignment PARTITION_SOURCE for node ""
Warning (136002): Ignored duplicate of assignment PARTITION_BACK_ANNOTATION for node ""
Warning (136002): Ignored duplicate of assignment PARTITION_COLOR for node ""
Warning (136002): Ignored duplicate of assignment HIERARCHY_BLACKBOX_FILE for node "|"
Warning (136002): Ignored duplicate of assignment PARTITION_PRESERVE_HIGH_SPEED_TILES for node ""
Warning (136002): Ignored duplicate of assignment PARTITION_IGNORE_SOURCE_FILE_CHANGES for node ""
Warning (136002): Ignored duplicate of assignment PARTITION_ALWAYS_USE_QXP_NETLIST for node ""
Warning (136002): Ignored duplicate of assignment PARTITION_IMPORT_NEW_ASSIGNMENTS for node ""
Warning (136002): Ignored duplicate of assignment PARTITION_IMPORT_EXISTING_ASSIGNMENTS for node ""
Warning (136002): Ignored duplicate of assignment PARTITION_IMPORT_EXISTING_LOGICLOCK_REGIONS for node ""
Warning (136002): Ignored duplicate of assignment PARTITION_IMPORT_PIN_ASSIGNMENTS for node ""
Warning (136002): Ignored duplicate of assignment PARTITION_IMPORT_PROMOTE_ASSIGNMENTS for node ""
Warning (136002): Ignored duplicate of assignment PARTITION_TYPE for node ""
Warning (136002): Ignored duplicate of assignment ALLOW_MULTIPLE_PERSONAS for node ""
Warning (136002): Ignored duplicate of assignment PARTITION_ASD_REGION_ID for node ""
Warning (136002): Ignored duplicate of assignment CROSS_BOUNDARY_OPTIMIZATIONS for node ""
Warning (136002): Ignored duplicate of assignment PROPAGATE_CONSTANTS_ON_INPUTS for node ""
Warning (136002): Ignored duplicate of assignment PROPAGATE_INVERSIONS_ON_INPUTS for node ""
Warning (136002): Ignored duplicate of assignment REMOVE_LOGIC_ON_UNCONNECTED_OUTPUTS for node ""
Warning (136002): Ignored duplicate of assignment MERGE_EQUIVALENT_INPUTS for node ""
Warning (136002): Ignored duplicate of assignment MERGE_EQUIVALENT_BIDIRS for node ""
Warning (136002): Ignored duplicate of assignment ABSORB_PATHS_FROM_OUTPUTS_TO_INPUTS for node ""
Warning (136002): Ignored duplicate of assignment PARTITION_EXTRACT_HARD_BLOCK_NODES for node ""
Warning (136002): Ignored duplicate of assignment PARTITION_SOURCE for node ""
Warning (136002): Ignored duplicate of assignment PARTITION_BACK_ANNOTATION for node ""
Warning (136002): Ignored duplicate of assignment PARTITION_COLOR for node ""
Warning (136002): Ignored duplicate of assignment HIERARCHY_BLACKBOX_FILE for node "|"
Warning (20028): Parallel compilation is not licensed and has been disabled
Info (12021): Found 2 design units, including 1 entities, in source file projeto01_mv.vhd
    Info (12022): Found design unit 1: projeto01_MV-ckt
    Info (12023): Found entity 1: projeto01_MV
Info (12127): Elaborating entity "projeto01_mv" for the top level hierarchy
Warning (10036): Verilog HDL or VHDL warning at projeto01_mv.vhd(42): object "saida_SS" assigned a value but never read
Warning (10036): Verilog HDL or VHDL warning at projeto01_mv.vhd(45): object "lixo" assigned a value but never read
Warning (12125): Using design file divisorclock.vhd, which is not specified as a design file for the current project, but contains definitions for 2 design units and 1 entities in project
    Info (12022): Found design unit 1: divisorClock-ckt
    Info (12023): Found entity 1: divisorClock
Info (12128): Elaborating entity "divisorClock" for hierarchy "divisorClock:DivClock"
Warning (12125): Using design file botaosincrono.vhd, which is not specified as a design file for the current project, but contains definitions for 2 design units and 1 entities in project
    Info (12022): Found design unit 1: botaoSincrono-ckt
    Info (12023): Found entity 1: botaoSincrono
Info (12128): Elaborating entity "botaoSincrono" for hierarchy "botaoSincrono:BS"
Warning (12125): Using design file rommv.vhd, which is not specified as a design file for the current project, but contains definitions for 2 design units and 1 entities in project
    Info (12022): Found design unit 1: rommv-SYN
    Info (12023): Found entity 1: romMV
Info (12128): Elaborating entity "romMV" for hierarchy "romMV:ROM"
Info (12128): Elaborating entity "altsyncram" for hierarchy "romMV:ROM|altsyncram:altsyncram_component"
Info (12130): Elaborated megafunction instantiation "romMV:ROM|altsyncram:altsyncram_component"
Info (12133): Instantiated megafunction "romMV:ROM|altsyncram:altsyncram_component" with the following parameter:
    Info (12134): Parameter "clock_enable_input_a" = "BYPASS"
    Info (12134): Parameter "clock_enable_output_a" = "BYPASS"
    Info (12134): Parameter "init_file" = "romMV.mif"
    Info (12134): Parameter "intended_device_family" = "Cyclone II"
    Info (12134): Parameter "lpm_hint" = "ENABLE_RUNTIME_MOD=NO"
    Info (12134): Parameter "lpm_type" = "altsyncram"
    Info (12134): Parameter "numwords_a" = "64"
    Info (12134): Parameter "operation_mode" = "ROM"
    Info (12134): Parameter "outdata_aclr_a" = "NONE"
    Info (12134): Parameter "outdata_reg_a" = "UNREGISTERED"
    Info (12134): Parameter "widthad_a" = "6"
    Info (12134): Parameter "width_a" = "8"
    Info (12134): Parameter "width_byteena_a" = "1"
Info (12021): Found 1 design units, including 1 entities, in source file db/altsyncram_7m71.tdf
    Info (12023): Found entity 1: altsyncram_7m71
Info (12128): Elaborating entity "altsyncram_7m71" for hierarchy "romMV:ROM|altsyncram:altsyncram_component|altsyncram_7m71:auto_generated"
Warning (12125): Using design file contador6bits.vhd, which is not specified as a design file for the current project, but contains definitions for 2 design units and 1 entities in project
    Info (12022): Found design unit 1: contador6Bits-ckt
    Info (12023): Found entity 1: contador6Bits
Info (12128): Elaborating entity "contador6Bits" for hierarchy "contador6Bits:Cont"
Warning (12125): Using design file ffjk.vhd, which is not specified as a design file for the current project, but contains definitions for 2 design units and 1 entities in project
    Info (12022): Found design unit 1: ffjk-ckt
    Info (12023): Found entity 1: ffjk
Info (12128): Elaborating entity "ffjk" for hierarchy "contador6Bits:Cont|ffjk:Q0"
Warning (12125): Using design file maquinavendas.vhd, which is not specified as a design file for the current project, but contains definitions for 2 design units and 1 entities in project
    Info (12022): Found design unit 1: maquinaVendas-ckt
    Info (12023): Found entity 1: maquinaVendas
Info (12128): Elaborating entity "maquinaVendas" for hierarchy "maquinaVendas:MV"
Warning (12125): Using design file blocodecontrolemv.vhd, which is not specified as a design file for the current project, but contains definitions for 2 design units and 1 entities in project
    Info (12022): Found design unit 1: blocoDeControleMV-ckt
    Info (12023): Found entity 1: blocoDeControleMV
Info (12128): Elaborating entity "blocoDeControleMV" for hierarchy "maquinaVendas:MV|blocoDeControleMV:BlocodeControle"
Warning (12125): Using design file datapathmv.vhd, which is not specified as a design file for the current project, but contains definitions for 2 design units and 1 entities in project
    Info (12022): Found design unit 1: datapathMV-ckt
    Info (12023): Found entity 1: datapathMV
Info (12128): Elaborating entity "datapathMV" for hierarchy "maquinaVendas:MV|datapathMV:Datapath"
Warning (10036): Verilog HDL or VHDL warning at datapathmv.vhd(29): object "lixo_sum" assigned a value but never read
Warning (10036): Verilog HDL or VHDL warning at datapathmv.vhd(30): object "lixo_comp" assigned a value but never read
Warning (12125): Using design file reg8bits.vhd, which is not specified as a design file for the current project, but contains definitions for 2 design units and 1 entities in project
    Info (12022): Found design unit 1: reg8Bits-ckt
    Info (12023): Found entity 1: reg8Bits
Info (12128): Elaborating entity "reg8Bits" for hierarchy "maquinaVendas:MV|datapathMV:Datapath|reg8Bits:Reg"
Warning (12125): Using design file sum_8bits.vhd, which is not specified as a design file for the current project, but contains definitions for 2 design units and 1 entities in project
    Info (12022): Found design unit 1: SUM_8Bits-ckt
    Info (12023): Found entity 1: SUM_8Bits
Info (12128): Elaborating entity "SUM_8Bits" for hierarchy "maquinaVendas:MV|datapathMV:Datapath|SUM_8Bits:SUM"
Warning (12125): Using design file sum_4bits.vhd, which is not specified as a design file for the current project, but contains definitions for 2 design units and 1 entities in project
    Info (12022): Found design unit 1: SUM_4Bits-ckt
    Info (12023): Found entity 1: SUM_4Bits
Info (12128): Elaborating entity "SUM_4Bits" for hierarchy "maquinaVendas:MV|datapathMV:Datapath|SUM_8Bits:SUM|SUM_4Bits:SUM01"
Warning (12125): Using design file sum_2bits.vhd, which is not specified as a design file for the current project, but contains definitions for 2 design units and 1 entities in project
    Info (12022): Found design unit 1: SUM_2Bits-ckt
    Info (12023): Found entity 1: SUM_2Bits
Info (12128): Elaborating entity "SUM_2Bits" for hierarchy "maquinaVendas:MV|datapathMV:Datapath|SUM_8Bits:SUM|SUM_4Bits:SUM01|SUM_2Bits:SUM01"
Warning (12125): Using design file sum_1bit.vhd, which is not specified as a design file for the current project, but contains definitions for 2 design units and 1 entities in project
    Info (12022): Found design unit 1: SUM_1Bit-ckt
    Info (12023): Found entity 1: SUM_1Bit
Info (12128): Elaborating entity "SUM_1Bit" for hierarchy "maquinaVendas:MV|datapathMV:Datapath|SUM_8Bits:SUM|SUM_4Bits:SUM01|SUM_2Bits:SUM01|SUM_1Bit:SUM01"
Warning (12125): Using design file comparador_8bits.vhd, which is not specified as a design file for the current project, but contains definitions for 2 design units and 1 entities in project
    Info (12022): Found design unit 1: Comparador_8Bits-ckt
    Info (12023): Found entity 1: Comparador_8Bits
Info (12128): Elaborating entity "Comparador_8Bits" for hierarchy "maquinaVendas:MV|datapathMV:Datapath|Comparador_8Bits:Comp"
Warning (12125): Using design file comparador_4bits.vhd, which is not specified as a design file for the current project, but contains definitions for 2 design units and 1 entities in project
    Info (12022): Found design unit 1: Comparador_4Bits-ckt
    Info (12023): Found entity 1: Comparador_4Bits
Info (12128): Elaborating entity "Comparador_4Bits" for hierarchy "maquinaVendas:MV|datapathMV:Datapath|Comparador_8Bits:Comp|Comparador_4Bits:Comp1"
Warning (12125): Using design file comparador.vhd, which is not specified as a design file for the current project, but contains definitions for 2 design units and 1 entities in project
    Info (12022): Found design unit 1: Comparador-ckt
    Info (12023): Found entity 1: Comparador
Info (12128): Elaborating entity "Comparador" for hierarchy "maquinaVendas:MV|datapathMV:Datapath|Comparador_8Bits:Comp|Comparador_4Bits:Comp1|Comparador:Comp1"
Warning (12125): Using design file bittobcdtod7seg.vhd, which is not specified as a design file for the current project, but contains definitions for 2 design units and 1 entities in project
    Info (12022): Found design unit 1: bitToBcdToD7Seg-ckt
    Info (12023): Found entity 1: bitToBcdToD7Seg
Info (12128): Elaborating entity "bitToBcdToD7Seg" for hierarchy "bitToBcdToD7Seg:LedTotalMV"
Warning (12125): Using design file bittobcd.vhd, which is not specified as a design file for the current project, but contains definitions for 2 design units and 1 entities in project
    Info (12022): Found design unit 1: bitToBcd-ckt
    Info (12023): Found entity 1: bitToBcd
Info (12128): Elaborating entity "bitToBcd" for hierarchy "bitToBcdToD7Seg:LedTotalMV|bitToBcd:BtB"
Warning (12125): Using design file cibittobcd.vhd, which is not specified as a design file for the current project, but contains definitions for 2 design units and 1 entities in project
    Info (12022): Found design unit 1: ciBitToBcd-ckt
    Info (12023): Found entity 1: ciBitToBcd
Info (12128): Elaborating entity "ciBitToBcd" for hierarchy "bitToBcdToD7Seg:LedTotalMV|bitToBcd:BtB|ciBitToBcd:ciBtB01"
Warning (12125): Using design file d7seg.vhd, which is not specified as a design file for the current project, but contains definitions for 2 design units and 1 entities in project
    Info (12022): Found design unit 1: d7Seg-display
    Info (12023): Found entity 1: d7Seg
Info (12128): Elaborating entity "d7Seg" for hierarchy "bitToBcdToD7Seg:LedTotalMV|d7Seg:D7S2"
Warning (13024): Output pins are stuck at VCC or GND
    Warning (13410): Pin "LHEX2[1]" is stuck at GND
Info (17049): 1 registers lost all their fanouts during netlist optimizations.
Info (16010): Generating hard_block partition "hard_block:auto_generated_inst"
    Info (16011): Adding 0 node(s), including 0 DDIO, 0 PLL, 0 transceiver and 0 LCELL
Info (21057): Implemented 215 device resources after synthesis - the final resource count might be different
    Info (21058): Implemented 11 input pins
    Info (21059): Implemented 37 output pins
    Info (21061): Implemented 159 logic cells
    Info (21064): Implemented 8 RAM segments
Info: Quartus II 64-Bit Analysis & Synthesis was successful. 0 errors, 119 warnings
    Info: Peak virtual memory: 4661 megabytes
    Info: Processing ended: Tue Mar 10 14:28:07 2020
    Info: Elapsed time: 00:00:06
    Info: Total CPU time (on all processors): 00:00:04


