TimeQuest Timing Analyzer report for ULA
Sat Oct 03 23:28:17 2020
Quartus II 64-Bit Version 13.0.0 Build 156 04/24/2013 SJ Web Edition


---------------------
; Table of Contents ;
---------------------
  1. Legal Notice
  2. TimeQuest Timing Analyzer Summary
  3. Parallel Compilation
  4. Clocks
  5. Slow Model Fmax Summary
  6. Slow Model Setup Summary
  7. Slow Model Hold Summary
  8. Slow Model Recovery Summary
  9. Slow Model Removal Summary
 10. Slow Model Minimum Pulse Width Summary
 11. Propagation Delay
 12. Minimum Propagation Delay
 13. Fast Model Setup Summary
 14. Fast Model Hold Summary
 15. Fast Model Recovery Summary
 16. Fast Model Removal Summary
 17. Fast Model Minimum Pulse Width Summary
 18. Propagation Delay
 19. Minimum Propagation Delay
 20. Multicorner Timing Analysis Summary
 21. Progagation Delay
 22. Minimum Progagation Delay
 23. Clock Transfers
 24. Report TCCS
 25. Report RSKM
 26. Unconstrained Paths
 27. TimeQuest Timing Analyzer Messages



----------------
; Legal Notice ;
----------------
Copyright (C) 1991-2013 Altera Corporation
Your use of Altera Corporation's design tools, logic functions 
and other software and tools, and its AMPP partner logic 
functions, and any output files from any of the foregoing 
(including device programming or simulation files), and any 
associated documentation or information are expressly subject 
to the terms and conditions of the Altera Program License 
Subscription Agreement, Altera MegaCore Function License 
Agreement, or other applicable license agreement, including, 
without limitation, that your use is for the sole purpose of 
programming logic devices manufactured by Altera and sold by 
Altera or its authorized distributors.  Please refer to the 
applicable agreement for further details.



+-------------------------------------------------------------------------+
; TimeQuest Timing Analyzer Summary                                       ;
+--------------------+----------------------------------------------------+
; Quartus II Version ; Version 13.0.0 Build 156 04/24/2013 SJ Web Edition ;
; Revision Name      ; ULA                                                ;
; Device Family      ; Cyclone II                                         ;
; Device Name        ; EP2C35F672C6                                       ;
; Timing Models      ; Final                                              ;
; Delay Model        ; Combined                                           ;
; Rise/Fall Delays   ; Unavailable                                        ;
+--------------------+----------------------------------------------------+


Parallel compilation was disabled, but you have multiple processors available. Enable parallel compilation to reduce compilation time.
+-------------------------------------+
; Parallel Compilation                ;
+----------------------------+--------+
; Processors                 ; Number ;
+----------------------------+--------+
; Number detected on machine ; 8      ;
; Maximum allowed            ; 1      ;
+----------------------------+--------+


----------
; Clocks ;
----------
No clocks to report.


---------------------------
; Slow Model Fmax Summary ;
---------------------------
No paths to report.


----------------------------
; Slow Model Setup Summary ;
----------------------------
No paths to report.


---------------------------
; Slow Model Hold Summary ;
---------------------------
No paths to report.


-------------------------------
; Slow Model Recovery Summary ;
-------------------------------
No paths to report.


------------------------------
; Slow Model Removal Summary ;
------------------------------
No paths to report.


------------------------------------------
; Slow Model Minimum Pulse Width Summary ;
------------------------------------------
No paths to report.


+---------------------------------------------------------------+
; Propagation Delay                                             ;
+-------------+-------------+--------+--------+--------+--------+
; Input Port  ; Output Port ; RR     ; RF     ; FR     ; FF     ;
+-------------+-------------+--------+--------+--------+--------+
; ULA_A_IN[0] ; JMP_eq      ; 11.830 ; 11.830 ; 11.830 ; 11.830 ;
; ULA_A_IN[0] ; JMP_hi      ; 12.597 ;        ;        ; 12.597 ;
; ULA_A_IN[0] ; JMP_lo      ;        ; 12.867 ; 12.867 ;        ;
; ULA_A_IN[0] ; LED_OVRF    ; 25.302 ; 25.302 ; 25.302 ; 25.302 ;
; ULA_A_IN[0] ; ULA_OUT[0]  ; 15.272 ; 15.272 ; 15.272 ; 15.272 ;
; ULA_A_IN[0] ; ULA_OUT[1]  ; 16.422 ; 16.422 ; 16.422 ; 16.422 ;
; ULA_A_IN[0] ; ULA_OUT[2]  ; 15.734 ; 15.734 ; 15.734 ; 15.734 ;
; ULA_A_IN[0] ; ULA_OUT[3]  ; 16.087 ; 16.087 ; 16.087 ; 16.087 ;
; ULA_A_IN[0] ; ULA_OUT[4]  ; 19.013 ; 19.013 ; 19.013 ; 19.013 ;
; ULA_A_IN[0] ; ULA_OUT[5]  ; 20.216 ; 20.216 ; 20.216 ; 20.216 ;
; ULA_A_IN[0] ; ULA_OUT[6]  ; 23.748 ; 23.748 ; 23.748 ; 23.748 ;
; ULA_A_IN[0] ; ULA_OUT[7]  ; 24.474 ; 24.474 ; 24.474 ; 24.474 ;
; ULA_A_IN[1] ; JMP_eq      ; 8.816  ; 8.816  ; 8.816  ; 8.816  ;
; ULA_A_IN[1] ; JMP_hi      ; 10.261 ; 10.261 ; 10.261 ; 10.261 ;
; ULA_A_IN[1] ; JMP_lo      ; 10.532 ; 10.532 ; 10.532 ; 10.532 ;
; ULA_A_IN[1] ; LED_OVRF    ; 22.112 ; 22.112 ; 22.112 ; 22.112 ;
; ULA_A_IN[1] ; ULA_OUT[0]  ; 12.937 ; 12.937 ; 12.937 ; 12.937 ;
; ULA_A_IN[1] ; ULA_OUT[1]  ; 12.578 ; 12.578 ; 12.578 ; 12.578 ;
; ULA_A_IN[1] ; ULA_OUT[2]  ; 12.672 ; 12.672 ; 12.672 ; 12.672 ;
; ULA_A_IN[1] ; ULA_OUT[3]  ; 12.897 ; 12.897 ; 12.897 ; 12.897 ;
; ULA_A_IN[1] ; ULA_OUT[4]  ; 15.823 ; 15.823 ; 15.823 ; 15.823 ;
; ULA_A_IN[1] ; ULA_OUT[5]  ; 17.026 ; 17.026 ; 17.026 ; 17.026 ;
; ULA_A_IN[1] ; ULA_OUT[6]  ; 20.558 ; 20.558 ; 20.558 ; 20.558 ;
; ULA_A_IN[1] ; ULA_OUT[7]  ; 21.284 ; 21.284 ; 21.284 ; 21.284 ;
; ULA_A_IN[2] ; JMP_eq      ; 10.967 ; 10.967 ; 10.967 ; 10.967 ;
; ULA_A_IN[2] ; JMP_hi      ; 11.255 ;        ;        ; 11.255 ;
; ULA_A_IN[2] ; JMP_lo      ;        ; 11.523 ; 11.523 ;        ;
; ULA_A_IN[2] ; LED_OVRF    ; 25.364 ; 25.364 ; 25.364 ; 25.364 ;
; ULA_A_IN[2] ; ULA_OUT[0]  ; 13.928 ; 13.928 ; 13.928 ; 13.928 ;
; ULA_A_IN[2] ; ULA_OUT[1]  ; 14.729 ; 14.729 ; 14.729 ; 14.729 ;
; ULA_A_IN[2] ; ULA_OUT[2]  ; 15.128 ; 15.128 ; 15.128 ; 15.128 ;
; ULA_A_IN[2] ; ULA_OUT[3]  ; 16.149 ; 16.149 ; 16.149 ; 16.149 ;
; ULA_A_IN[2] ; ULA_OUT[4]  ; 19.075 ; 19.075 ; 19.075 ; 19.075 ;
; ULA_A_IN[2] ; ULA_OUT[5]  ; 20.278 ; 20.278 ; 20.278 ; 20.278 ;
; ULA_A_IN[2] ; ULA_OUT[6]  ; 23.810 ; 23.810 ; 23.810 ; 23.810 ;
; ULA_A_IN[2] ; ULA_OUT[7]  ; 24.536 ; 24.536 ; 24.536 ; 24.536 ;
; ULA_A_IN[3] ; JMP_eq      ; 11.048 ; 11.048 ; 11.048 ; 11.048 ;
; ULA_A_IN[3] ; JMP_hi      ; 12.685 ; 12.101 ; 12.101 ; 12.685 ;
; ULA_A_IN[3] ; JMP_lo      ; 12.372 ; 12.866 ; 12.866 ; 12.372 ;
; ULA_A_IN[3] ; LED_OVRF    ; 24.952 ; 24.952 ; 24.952 ; 24.952 ;
; ULA_A_IN[3] ; ULA_OUT[0]  ; 15.271 ; 15.271 ; 15.271 ; 15.271 ;
; ULA_A_IN[3] ; ULA_OUT[1]  ; 14.810 ; 14.810 ; 14.810 ; 14.810 ;
; ULA_A_IN[3] ; ULA_OUT[2]  ; 15.096 ; 15.096 ; 15.096 ; 15.096 ;
; ULA_A_IN[3] ; ULA_OUT[3]  ; 15.901 ; 15.901 ; 15.901 ; 15.901 ;
; ULA_A_IN[3] ; ULA_OUT[4]  ; 18.663 ; 18.663 ; 18.663 ; 18.663 ;
; ULA_A_IN[3] ; ULA_OUT[5]  ; 19.866 ; 19.866 ; 19.866 ; 19.866 ;
; ULA_A_IN[3] ; ULA_OUT[6]  ; 23.398 ; 23.398 ; 23.398 ; 23.398 ;
; ULA_A_IN[3] ; ULA_OUT[7]  ; 24.124 ; 24.124 ; 24.124 ; 24.124 ;
; ULA_A_IN[4] ; JMP_eq      ; 12.253 ; 12.253 ; 12.253 ; 12.253 ;
; ULA_A_IN[4] ; JMP_hi      ; 13.387 ; 13.306 ; 13.306 ; 13.387 ;
; ULA_A_IN[4] ; JMP_lo      ; 13.577 ; 13.577 ; 13.577 ; 13.577 ;
; ULA_A_IN[4] ; LED_OVRF    ; 24.500 ; 24.500 ; 24.500 ; 24.500 ;
; ULA_A_IN[4] ; ULA_OUT[0]  ; 15.982 ; 15.982 ; 15.982 ; 15.982 ;
; ULA_A_IN[4] ; ULA_OUT[1]  ; 16.015 ; 16.015 ; 16.015 ; 16.015 ;
; ULA_A_IN[4] ; ULA_OUT[2]  ; 15.798 ; 15.798 ; 15.798 ; 15.798 ;
; ULA_A_IN[4] ; ULA_OUT[3]  ; 10.893 ;        ;        ; 10.893 ;
; ULA_A_IN[4] ; ULA_OUT[4]  ; 18.008 ; 18.008 ; 18.008 ; 18.008 ;
; ULA_A_IN[4] ; ULA_OUT[5]  ; 19.211 ; 19.211 ; 19.211 ; 19.211 ;
; ULA_A_IN[4] ; ULA_OUT[6]  ; 22.743 ; 22.743 ; 22.743 ; 22.743 ;
; ULA_A_IN[4] ; ULA_OUT[7]  ; 23.469 ; 23.469 ; 23.469 ; 23.469 ;
; ULA_A_IN[5] ; JMP_eq      ; 11.516 ; 11.516 ; 11.516 ; 11.516 ;
; ULA_A_IN[5] ; JMP_hi      ; 12.569 ; 12.569 ; 12.569 ; 12.569 ;
; ULA_A_IN[5] ; JMP_lo      ; 12.840 ; 12.840 ; 12.840 ; 12.840 ;
; ULA_A_IN[5] ; LED_OVRF    ; 24.654 ; 24.654 ; 24.654 ; 24.654 ;
; ULA_A_IN[5] ; ULA_OUT[0]  ; 15.245 ; 15.245 ; 15.245 ; 15.245 ;
; ULA_A_IN[5] ; ULA_OUT[1]  ; 15.278 ; 15.278 ; 15.278 ; 15.278 ;
; ULA_A_IN[5] ; ULA_OUT[2]  ; 14.980 ; 14.980 ; 14.980 ; 14.980 ;
; ULA_A_IN[5] ; ULA_OUT[4]  ; 11.244 ;        ;        ; 11.244 ;
; ULA_A_IN[5] ; ULA_OUT[5]  ; 18.837 ; 18.837 ; 18.837 ; 18.837 ;
; ULA_A_IN[5] ; ULA_OUT[6]  ; 22.369 ; 22.369 ; 22.369 ; 22.369 ;
; ULA_A_IN[5] ; ULA_OUT[7]  ; 23.095 ; 23.095 ; 23.095 ; 23.095 ;
; ULA_A_IN[6] ; JMP_eq      ; 12.405 ; 12.405 ; 12.405 ; 12.405 ;
; ULA_A_IN[6] ; JMP_hi      ; 13.458 ; 13.458 ; 13.458 ; 13.458 ;
; ULA_A_IN[6] ; JMP_lo      ; 13.729 ; 13.729 ; 13.729 ; 13.729 ;
; ULA_A_IN[6] ; LED_OVRF    ; 24.600 ; 24.600 ; 24.600 ; 24.600 ;
; ULA_A_IN[6] ; ULA_OUT[0]  ; 16.134 ; 16.134 ; 16.134 ; 16.134 ;
; ULA_A_IN[6] ; ULA_OUT[1]  ; 16.167 ; 16.167 ; 16.167 ; 16.167 ;
; ULA_A_IN[6] ; ULA_OUT[2]  ; 15.869 ; 15.869 ; 15.869 ; 15.869 ;
; ULA_A_IN[6] ; ULA_OUT[5]  ; 11.357 ;        ;        ; 11.357 ;
; ULA_A_IN[6] ; ULA_OUT[6]  ; 20.462 ; 20.462 ; 20.462 ; 20.462 ;
; ULA_A_IN[6] ; ULA_OUT[7]  ; 21.273 ; 21.273 ; 21.273 ; 21.273 ;
; ULA_A_IN[7] ; JMP_eq      ; 12.136 ; 12.136 ; 12.136 ; 12.136 ;
; ULA_A_IN[7] ; JMP_hi      ; 13.189 ; 13.189 ; 13.189 ; 13.189 ;
; ULA_A_IN[7] ; JMP_lo      ; 13.460 ; 13.460 ; 13.460 ; 13.460 ;
; ULA_A_IN[7] ; LED_OVRF    ; 24.208 ; 24.208 ; 24.208 ; 24.208 ;
; ULA_A_IN[7] ; ULA_OUT[0]  ; 15.865 ; 15.865 ; 15.865 ; 15.865 ;
; ULA_A_IN[7] ; ULA_OUT[1]  ; 15.898 ; 15.898 ; 15.898 ; 15.898 ;
; ULA_A_IN[7] ; ULA_OUT[2]  ; 15.600 ; 15.600 ; 15.600 ; 15.600 ;
; ULA_A_IN[7] ; ULA_OUT[6]  ; 11.807 ;        ;        ; 11.807 ;
; ULA_A_IN[7] ; ULA_OUT[7]  ; 20.881 ; 20.881 ; 20.881 ; 20.881 ;
; ULA_B_IN[0] ; JMP_eq      ; 11.856 ; 11.856 ; 11.856 ; 11.856 ;
; ULA_B_IN[0] ; JMP_hi      ;        ; 12.131 ; 12.131 ;        ;
; ULA_B_IN[0] ; JMP_lo      ; 12.409 ;        ;        ; 12.409 ;
; ULA_B_IN[0] ; LED_OVRF    ; 25.504 ; 25.504 ; 25.504 ; 25.504 ;
; ULA_B_IN[0] ; ULA_OUT[0]  ; 14.814 ; 14.814 ; 14.814 ; 14.814 ;
; ULA_B_IN[0] ; ULA_OUT[1]  ; 16.007 ; 16.007 ; 16.007 ; 16.007 ;
; ULA_B_IN[0] ; ULA_OUT[2]  ; 15.319 ; 15.319 ; 15.319 ; 15.319 ;
; ULA_B_IN[0] ; ULA_OUT[3]  ; 16.289 ; 16.289 ; 16.289 ; 16.289 ;
; ULA_B_IN[0] ; ULA_OUT[4]  ; 19.215 ; 19.215 ; 19.215 ; 19.215 ;
; ULA_B_IN[0] ; ULA_OUT[5]  ; 20.418 ; 20.418 ; 20.418 ; 20.418 ;
; ULA_B_IN[0] ; ULA_OUT[6]  ; 23.950 ; 23.950 ; 23.950 ; 23.950 ;
; ULA_B_IN[0] ; ULA_OUT[7]  ; 24.676 ; 24.676 ; 24.676 ; 24.676 ;
; ULA_B_IN[1] ; JMP_eq      ; 11.958 ; 11.958 ; 11.958 ; 11.958 ;
; ULA_B_IN[1] ; JMP_hi      ; 13.403 ; 13.403 ; 13.403 ; 13.403 ;
; ULA_B_IN[1] ; JMP_lo      ; 13.674 ; 13.674 ; 13.674 ; 13.674 ;
; ULA_B_IN[1] ; LED_OVRF    ; 25.344 ; 25.344 ; 25.344 ; 25.344 ;
; ULA_B_IN[1] ; ULA_OUT[0]  ; 16.079 ; 16.079 ; 16.079 ; 16.079 ;
; ULA_B_IN[1] ; ULA_OUT[1]  ; 15.720 ; 15.720 ; 15.720 ; 15.720 ;
; ULA_B_IN[1] ; ULA_OUT[2]  ; 15.814 ; 15.814 ; 15.814 ; 15.814 ;
; ULA_B_IN[1] ; ULA_OUT[3]  ; 16.129 ; 16.129 ; 16.129 ; 16.129 ;
; ULA_B_IN[1] ; ULA_OUT[4]  ; 19.055 ; 19.055 ; 19.055 ; 19.055 ;
; ULA_B_IN[1] ; ULA_OUT[5]  ; 20.258 ; 20.258 ; 20.258 ; 20.258 ;
; ULA_B_IN[1] ; ULA_OUT[6]  ; 23.790 ; 23.790 ; 23.790 ; 23.790 ;
; ULA_B_IN[1] ; ULA_OUT[7]  ; 24.516 ; 24.516 ; 24.516 ; 24.516 ;
; ULA_B_IN[2] ; JMP_eq      ; 11.604 ; 11.604 ; 11.604 ; 11.604 ;
; ULA_B_IN[2] ; JMP_hi      ;        ; 11.335 ; 11.335 ;        ;
; ULA_B_IN[2] ; JMP_lo      ; 11.608 ;        ;        ; 11.608 ;
; ULA_B_IN[2] ; LED_OVRF    ; 23.652 ; 23.652 ; 23.652 ; 23.652 ;
; ULA_B_IN[2] ; ULA_OUT[0]  ; 14.013 ; 14.013 ; 14.013 ; 14.013 ;
; ULA_B_IN[2] ; ULA_OUT[1]  ; 15.366 ; 15.366 ; 15.366 ; 15.366 ;
; ULA_B_IN[2] ; ULA_OUT[2]  ; 14.815 ; 14.815 ; 14.815 ; 14.815 ;
; ULA_B_IN[2] ; ULA_OUT[3]  ; 14.474 ; 14.474 ; 14.474 ; 14.474 ;
; ULA_B_IN[2] ; ULA_OUT[4]  ; 17.363 ; 17.363 ; 17.363 ; 17.363 ;
; ULA_B_IN[2] ; ULA_OUT[5]  ; 18.566 ; 18.566 ; 18.566 ; 18.566 ;
; ULA_B_IN[2] ; ULA_OUT[6]  ; 22.098 ; 22.098 ; 22.098 ; 22.098 ;
; ULA_B_IN[2] ; ULA_OUT[7]  ; 22.824 ; 22.824 ; 22.824 ; 22.824 ;
; ULA_B_IN[3] ; JMP_eq      ; 11.704 ; 11.704 ; 11.704 ; 11.704 ;
; ULA_B_IN[3] ; JMP_hi      ; 12.757 ; 13.168 ; 13.168 ; 12.757 ;
; ULA_B_IN[3] ; JMP_lo      ; 13.348 ; 13.028 ; 13.028 ; 13.348 ;
; ULA_B_IN[3] ; LED_OVRF    ; 22.424 ; 22.424 ; 22.424 ; 22.424 ;
; ULA_B_IN[3] ; ULA_OUT[0]  ; 15.753 ; 15.753 ; 15.753 ; 15.753 ;
; ULA_B_IN[3] ; ULA_OUT[1]  ; 15.466 ; 15.466 ; 15.466 ; 15.466 ;
; ULA_B_IN[3] ; ULA_OUT[2]  ; 15.579 ; 15.579 ; 15.579 ; 15.579 ;
; ULA_B_IN[3] ; ULA_OUT[3]  ; 13.992 ; 13.992 ; 13.992 ; 13.992 ;
; ULA_B_IN[3] ; ULA_OUT[4]  ; 16.135 ; 16.135 ; 16.135 ; 16.135 ;
; ULA_B_IN[3] ; ULA_OUT[5]  ; 17.338 ; 17.338 ; 17.338 ; 17.338 ;
; ULA_B_IN[3] ; ULA_OUT[6]  ; 20.870 ; 20.870 ; 20.870 ; 20.870 ;
; ULA_B_IN[3] ; ULA_OUT[7]  ; 21.596 ; 21.596 ; 21.596 ; 21.596 ;
; ULA_B_IN[4] ; JMP_eq      ; 11.694 ; 11.694 ; 11.694 ; 11.694 ;
; ULA_B_IN[4] ; JMP_hi      ; 12.747 ; 12.930 ; 12.930 ; 12.747 ;
; ULA_B_IN[4] ; JMP_lo      ; 13.142 ; 13.018 ; 13.018 ; 13.142 ;
; ULA_B_IN[4] ; LED_OVRF    ; 19.952 ; 19.952 ; 19.952 ; 19.952 ;
; ULA_B_IN[4] ; ULA_OUT[0]  ; 15.547 ; 15.547 ; 15.547 ; 15.547 ;
; ULA_B_IN[4] ; ULA_OUT[1]  ; 15.456 ; 15.456 ; 15.456 ; 15.456 ;
; ULA_B_IN[4] ; ULA_OUT[2]  ; 15.341 ; 15.341 ; 15.341 ; 15.341 ;
; ULA_B_IN[4] ; ULA_OUT[4]  ; 13.824 ; 13.824 ; 13.824 ; 13.824 ;
; ULA_B_IN[4] ; ULA_OUT[5]  ; 14.866 ; 14.866 ; 14.866 ; 14.866 ;
; ULA_B_IN[4] ; ULA_OUT[6]  ; 18.398 ; 18.398 ; 18.398 ; 18.398 ;
; ULA_B_IN[4] ; ULA_OUT[7]  ; 19.124 ; 19.124 ; 19.124 ; 19.124 ;
; ULA_B_IN[5] ; JMP_eq      ; 11.843 ; 11.843 ; 11.843 ; 11.843 ;
; ULA_B_IN[5] ; JMP_hi      ; 12.896 ; 12.896 ; 12.896 ; 12.896 ;
; ULA_B_IN[5] ; JMP_lo      ; 13.167 ; 13.167 ; 13.167 ; 13.167 ;
; ULA_B_IN[5] ; LED_OVRF    ; 17.968 ; 17.968 ; 17.968 ; 17.968 ;
; ULA_B_IN[5] ; ULA_OUT[0]  ; 15.572 ; 15.572 ; 15.572 ; 15.572 ;
; ULA_B_IN[5] ; ULA_OUT[1]  ; 15.605 ; 15.605 ; 15.605 ; 15.605 ;
; ULA_B_IN[5] ; ULA_OUT[2]  ; 15.307 ; 15.307 ; 15.307 ; 15.307 ;
; ULA_B_IN[5] ; ULA_OUT[5]  ; 14.186 ; 14.186 ; 14.186 ; 14.186 ;
; ULA_B_IN[5] ; ULA_OUT[6]  ; 16.414 ; 16.414 ; 16.414 ; 16.414 ;
; ULA_B_IN[5] ; ULA_OUT[7]  ; 17.140 ; 17.140 ; 17.140 ; 17.140 ;
; ULA_B_IN[6] ; JMP_eq      ; 12.471 ; 12.471 ; 12.471 ; 12.471 ;
; ULA_B_IN[6] ; JMP_hi      ; 13.524 ; 13.524 ; 13.524 ; 13.524 ;
; ULA_B_IN[6] ; JMP_lo      ; 13.795 ; 13.795 ; 13.795 ; 13.795 ;
; ULA_B_IN[6] ; LED_OVRF    ; 15.381 ; 15.381 ; 15.381 ; 15.381 ;
; ULA_B_IN[6] ; ULA_OUT[0]  ; 16.200 ; 16.200 ; 16.200 ; 16.200 ;
; ULA_B_IN[6] ; ULA_OUT[1]  ; 16.233 ; 16.233 ; 16.233 ; 16.233 ;
; ULA_B_IN[6] ; ULA_OUT[2]  ; 15.935 ; 15.935 ; 15.935 ; 15.935 ;
; ULA_B_IN[6] ; ULA_OUT[6]  ; 14.024 ; 14.024 ; 14.024 ; 14.024 ;
; ULA_B_IN[6] ; ULA_OUT[7]  ; 15.120 ; 15.120 ; 15.120 ; 15.120 ;
; ULA_B_IN[7] ; JMP_eq      ; 12.229 ; 12.229 ; 12.229 ; 12.229 ;
; ULA_B_IN[7] ; JMP_hi      ; 13.282 ; 13.282 ; 13.282 ; 13.282 ;
; ULA_B_IN[7] ; JMP_lo      ; 13.553 ; 13.553 ; 13.553 ; 13.553 ;
; ULA_B_IN[7] ; LED_OVRF    ; 13.792 ; 13.758 ; 13.758 ; 13.792 ;
; ULA_B_IN[7] ; ULA_OUT[0]  ; 15.958 ; 15.958 ; 15.958 ; 15.958 ;
; ULA_B_IN[7] ; ULA_OUT[1]  ; 15.991 ; 15.991 ; 15.991 ; 15.991 ;
; ULA_B_IN[7] ; ULA_OUT[2]  ; 15.693 ; 15.693 ; 15.693 ; 15.693 ;
; ULA_B_IN[7] ; ULA_OUT[7]  ; 14.639 ; 14.639 ; 14.639 ; 14.639 ;
; ULA_S_IN[0] ; LED_OVRF    ; 7.886  ; 7.886  ; 7.886  ; 7.886  ;
; ULA_S_IN[0] ; ULA_OUT[0]  ; 8.808  ; 8.808  ; 8.808  ; 8.808  ;
; ULA_S_IN[0] ; ULA_OUT[1]  ; 10.866 ; 10.866 ; 10.866 ; 10.866 ;
; ULA_S_IN[0] ; ULA_OUT[2]  ; 9.727  ; 9.727  ; 9.727  ; 9.727  ;
; ULA_S_IN[0] ; ULA_OUT[3]  ; 10.042 ; 10.042 ; 10.042 ; 10.042 ;
; ULA_S_IN[0] ; ULA_OUT[4]  ; 10.891 ; 10.891 ; 10.891 ; 10.891 ;
; ULA_S_IN[0] ; ULA_OUT[5]  ; 9.858  ; 9.858  ; 9.858  ; 9.858  ;
; ULA_S_IN[0] ; ULA_OUT[6]  ; 10.372 ; 10.372 ; 10.372 ; 10.372 ;
; ULA_S_IN[0] ; ULA_OUT[7]  ; 10.097 ; 10.097 ; 10.097 ; 10.097 ;
; ULA_S_IN[1] ; LED_OVRF    ; 10.570 ; 10.570 ; 10.570 ; 10.570 ;
; ULA_S_IN[1] ; ULA_OUT[0]  ; 11.617 ; 11.617 ; 11.617 ; 11.617 ;
; ULA_S_IN[1] ; ULA_OUT[1]  ; 14.180 ; 14.180 ; 14.180 ; 14.180 ;
; ULA_S_IN[1] ; ULA_OUT[2]  ; 13.513 ; 13.513 ; 13.513 ; 13.513 ;
; ULA_S_IN[1] ; ULA_OUT[3]  ; 13.807 ; 13.807 ; 13.807 ; 13.807 ;
; ULA_S_IN[1] ; ULA_OUT[4]  ; 14.319 ; 14.319 ; 14.319 ; 14.319 ;
; ULA_S_IN[1] ; ULA_OUT[5]  ; 13.903 ; 13.903 ; 13.903 ; 13.903 ;
; ULA_S_IN[1] ; ULA_OUT[6]  ; 14.555 ; 14.555 ; 14.555 ; 14.555 ;
; ULA_S_IN[1] ; ULA_OUT[7]  ; 13.542 ; 13.542 ; 13.542 ; 13.542 ;
; ULA_S_IN[2] ; LED_OVRF    ;        ; 10.224 ; 10.224 ;        ;
; ULA_S_IN[2] ; ULA_OUT[0]  ; 11.482 ; 11.482 ; 11.482 ; 11.482 ;
; ULA_S_IN[2] ; ULA_OUT[1]  ; 13.868 ; 13.868 ; 13.868 ; 13.868 ;
; ULA_S_IN[2] ; ULA_OUT[2]  ; 12.381 ; 12.381 ; 12.381 ; 12.381 ;
; ULA_S_IN[2] ; ULA_OUT[3]  ; 13.220 ; 13.220 ; 13.220 ; 13.220 ;
; ULA_S_IN[2] ; ULA_OUT[4]  ; 13.732 ; 13.732 ; 13.732 ; 13.732 ;
; ULA_S_IN[2] ; ULA_OUT[5]  ; 13.316 ; 13.316 ; 13.316 ; 13.316 ;
; ULA_S_IN[2] ; ULA_OUT[6]  ; 13.968 ; 13.968 ; 13.968 ; 13.968 ;
; ULA_S_IN[2] ; ULA_OUT[7]  ; 12.362 ; 12.362 ; 12.362 ; 12.362 ;
; ULA_S_IN[3] ; LED_OVRF    ; 11.088 ; 11.088 ; 11.088 ; 11.088 ;
; ULA_S_IN[3] ; ULA_OUT[0]  ; 10.755 ; 10.755 ; 10.755 ; 10.755 ;
; ULA_S_IN[3] ; ULA_OUT[1]  ; 14.242 ; 14.242 ; 14.242 ; 14.242 ;
; ULA_S_IN[3] ; ULA_OUT[2]  ; 13.185 ; 13.185 ; 13.185 ; 13.185 ;
; ULA_S_IN[3] ; ULA_OUT[3]  ; 12.953 ; 12.953 ; 12.953 ; 12.953 ;
; ULA_S_IN[3] ; ULA_OUT[4]  ; 13.095 ; 13.095 ; 13.095 ; 13.095 ;
; ULA_S_IN[3] ; ULA_OUT[5]  ; 12.829 ; 12.829 ; 12.829 ; 12.829 ;
; ULA_S_IN[3] ; ULA_OUT[6]  ; 13.247 ; 13.247 ; 13.247 ; 13.247 ;
; ULA_S_IN[3] ; ULA_OUT[7]  ; 10.970 ; 10.970 ; 10.970 ; 10.970 ;
+-------------+-------------+--------+--------+--------+--------+


+---------------------------------------------------------------+
; Minimum Propagation Delay                                     ;
+-------------+-------------+--------+--------+--------+--------+
; Input Port  ; Output Port ; RR     ; RF     ; FR     ; FF     ;
+-------------+-------------+--------+--------+--------+--------+
; ULA_A_IN[0] ; JMP_eq      ; 11.830 ; 11.830 ; 11.830 ; 11.830 ;
; ULA_A_IN[0] ; JMP_hi      ; 12.597 ;        ;        ; 12.597 ;
; ULA_A_IN[0] ; JMP_lo      ;        ; 12.867 ; 12.867 ;        ;
; ULA_A_IN[0] ; LED_OVRF    ; 12.233 ; 12.233 ; 12.233 ; 12.233 ;
; ULA_A_IN[0] ; ULA_OUT[0]  ; 11.960 ; 11.693 ; 11.693 ; 11.960 ;
; ULA_A_IN[0] ; ULA_OUT[1]  ; 11.898 ; 13.815 ; 13.815 ; 11.898 ;
; ULA_A_IN[0] ; ULA_OUT[2]  ; 12.198 ; 12.198 ; 12.198 ; 12.198 ;
; ULA_A_IN[0] ; ULA_OUT[3]  ; 13.028 ; 13.028 ; 13.028 ; 13.028 ;
; ULA_A_IN[0] ; ULA_OUT[4]  ; 13.133 ; 13.133 ; 13.133 ; 13.133 ;
; ULA_A_IN[0] ; ULA_OUT[5]  ; 13.685 ; 13.685 ; 13.685 ; 13.685 ;
; ULA_A_IN[0] ; ULA_OUT[6]  ; 13.316 ; 13.316 ; 13.316 ; 13.316 ;
; ULA_A_IN[0] ; ULA_OUT[7]  ; 12.409 ; 12.409 ; 12.409 ; 12.409 ;
; ULA_A_IN[1] ; JMP_eq      ; 8.816  ; 8.816  ; 8.816  ; 8.816  ;
; ULA_A_IN[1] ; JMP_hi      ; 9.448  ; 10.261 ; 10.261 ; 9.448  ;
; ULA_A_IN[1] ; JMP_lo      ; 10.532 ; 9.568  ; 9.568  ; 10.532 ;
; ULA_A_IN[1] ; LED_OVRF    ; 9.230  ; 9.230  ; 9.230  ; 9.230  ;
; ULA_A_IN[1] ; ULA_OUT[0]  ; 8.162  ; 11.973 ; 11.973 ; 8.162  ;
; ULA_A_IN[1] ; ULA_OUT[1]  ; 8.992  ; 9.301  ; 9.301  ; 8.992  ;
; ULA_A_IN[1] ; ULA_OUT[2]  ; 7.199  ; 7.956  ; 7.956  ; 7.199  ;
; ULA_A_IN[1] ; ULA_OUT[3]  ; 9.493  ; 9.493  ; 9.493  ; 9.493  ;
; ULA_A_IN[1] ; ULA_OUT[4]  ; 9.901  ; 9.901  ; 9.901  ; 9.901  ;
; ULA_A_IN[1] ; ULA_OUT[5]  ; 9.897  ; 9.897  ; 9.897  ; 9.897  ;
; ULA_A_IN[1] ; ULA_OUT[6]  ; 9.832  ; 9.832  ; 9.832  ; 9.832  ;
; ULA_A_IN[1] ; ULA_OUT[7]  ; 9.010  ; 9.010  ; 9.010  ; 9.010  ;
; ULA_A_IN[2] ; JMP_eq      ; 10.967 ; 10.967 ; 10.967 ; 10.967 ;
; ULA_A_IN[2] ; JMP_hi      ; 11.255 ;        ;        ; 11.255 ;
; ULA_A_IN[2] ; JMP_lo      ;        ; 11.523 ; 11.523 ;        ;
; ULA_A_IN[2] ; LED_OVRF    ; 12.346 ; 12.346 ; 12.346 ; 12.346 ;
; ULA_A_IN[2] ; ULA_OUT[0]  ; 13.928 ; 13.928 ; 13.928 ; 13.928 ;
; ULA_A_IN[2] ; ULA_OUT[1]  ; 11.576 ; 14.729 ; 14.729 ; 11.576 ;
; ULA_A_IN[2] ; ULA_OUT[2]  ; 11.484 ; 11.484 ; 11.484 ; 11.484 ;
; ULA_A_IN[2] ; ULA_OUT[3]  ; 10.283 ; 13.017 ; 13.017 ; 10.283 ;
; ULA_A_IN[2] ; ULA_OUT[4]  ; 12.715 ; 12.715 ; 12.715 ; 12.715 ;
; ULA_A_IN[2] ; ULA_OUT[5]  ; 13.391 ; 13.391 ; 13.391 ; 13.391 ;
; ULA_A_IN[2] ; ULA_OUT[6]  ; 13.326 ; 13.326 ; 13.326 ; 13.326 ;
; ULA_A_IN[2] ; ULA_OUT[7]  ; 12.504 ; 12.504 ; 12.504 ; 12.504 ;
; ULA_A_IN[3] ; JMP_eq      ; 11.048 ; 11.048 ; 11.048 ; 11.048 ;
; ULA_A_IN[3] ; JMP_hi      ; 12.101 ; 12.101 ; 12.101 ; 12.101 ;
; ULA_A_IN[3] ; JMP_lo      ; 12.372 ; 12.372 ; 12.372 ; 12.372 ;
; ULA_A_IN[3] ; LED_OVRF    ; 12.099 ; 12.099 ; 12.099 ; 12.099 ;
; ULA_A_IN[3] ; ULA_OUT[0]  ; 14.777 ; 14.777 ; 14.777 ; 14.777 ;
; ULA_A_IN[3] ; ULA_OUT[1]  ; 14.810 ; 14.810 ; 14.810 ; 14.810 ;
; ULA_A_IN[3] ; ULA_OUT[2]  ; 11.018 ; 14.512 ; 14.512 ; 11.018 ;
; ULA_A_IN[3] ; ULA_OUT[3]  ; 11.192 ; 11.551 ; 11.551 ; 11.192 ;
; ULA_A_IN[3] ; ULA_OUT[4]  ; 12.138 ; 13.645 ; 13.645 ; 12.138 ;
; ULA_A_IN[3] ; ULA_OUT[5]  ; 13.768 ; 13.768 ; 13.768 ; 13.768 ;
; ULA_A_IN[3] ; ULA_OUT[6]  ; 13.805 ; 13.805 ; 13.805 ; 13.805 ;
; ULA_A_IN[3] ; ULA_OUT[7]  ; 12.983 ; 12.983 ; 12.983 ; 12.983 ;
; ULA_A_IN[4] ; JMP_eq      ; 12.253 ; 12.253 ; 12.253 ; 12.253 ;
; ULA_A_IN[4] ; JMP_hi      ; 13.306 ; 13.306 ; 13.306 ; 13.306 ;
; ULA_A_IN[4] ; JMP_lo      ; 13.577 ; 13.565 ; 13.565 ; 13.577 ;
; ULA_A_IN[4] ; LED_OVRF    ; 12.623 ; 12.623 ; 12.623 ; 12.623 ;
; ULA_A_IN[4] ; ULA_OUT[0]  ; 15.970 ; 15.970 ; 15.970 ; 15.970 ;
; ULA_A_IN[4] ; ULA_OUT[1]  ; 16.015 ; 16.015 ; 16.015 ; 16.015 ;
; ULA_A_IN[4] ; ULA_OUT[2]  ; 15.717 ; 15.717 ; 15.717 ; 15.717 ;
; ULA_A_IN[4] ; ULA_OUT[3]  ; 10.893 ;        ;        ; 10.893 ;
; ULA_A_IN[4] ; ULA_OUT[4]  ; 11.138 ; 11.138 ; 11.138 ; 11.138 ;
; ULA_A_IN[4] ; ULA_OUT[5]  ; 11.575 ; 13.555 ; 13.555 ; 11.575 ;
; ULA_A_IN[4] ; ULA_OUT[6]  ; 13.490 ; 13.490 ; 13.490 ; 13.490 ;
; ULA_A_IN[4] ; ULA_OUT[7]  ; 13.037 ; 13.037 ; 13.037 ; 13.037 ;
; ULA_A_IN[5] ; JMP_eq      ; 11.516 ; 11.516 ; 11.516 ; 11.516 ;
; ULA_A_IN[5] ; JMP_hi      ; 12.131 ; 12.569 ; 12.569 ; 12.131 ;
; ULA_A_IN[5] ; JMP_lo      ; 12.840 ; 12.305 ; 12.305 ; 12.840 ;
; ULA_A_IN[5] ; LED_OVRF    ; 12.332 ; 12.332 ; 12.332 ; 12.332 ;
; ULA_A_IN[5] ; ULA_OUT[0]  ; 14.710 ; 14.710 ; 14.710 ; 14.710 ;
; ULA_A_IN[5] ; ULA_OUT[1]  ; 15.278 ; 15.278 ; 15.278 ; 15.278 ;
; ULA_A_IN[5] ; ULA_OUT[2]  ; 14.542 ; 14.542 ; 14.542 ; 14.542 ;
; ULA_A_IN[5] ; ULA_OUT[4]  ; 11.244 ;        ;        ; 11.244 ;
; ULA_A_IN[5] ; ULA_OUT[5]  ; 10.307 ; 10.307 ; 10.307 ; 10.307 ;
; ULA_A_IN[5] ; ULA_OUT[6]  ; 11.803 ; 12.399 ; 12.399 ; 11.803 ;
; ULA_A_IN[5] ; ULA_OUT[7]  ; 12.521 ; 12.521 ; 12.521 ; 12.521 ;
; ULA_A_IN[6] ; JMP_eq      ; 12.405 ; 12.405 ; 12.405 ; 12.405 ;
; ULA_A_IN[6] ; JMP_hi      ; 11.226 ; 13.458 ; 13.458 ; 11.226 ;
; ULA_A_IN[6] ; JMP_lo      ; 13.729 ; 11.277 ; 11.277 ; 13.729 ;
; ULA_A_IN[6] ; LED_OVRF    ; 12.724 ; 12.724 ; 12.724 ; 12.724 ;
; ULA_A_IN[6] ; ULA_OUT[0]  ; 13.682 ; 13.682 ; 13.682 ; 13.682 ;
; ULA_A_IN[6] ; ULA_OUT[1]  ; 16.167 ; 16.167 ; 16.167 ; 16.167 ;
; ULA_A_IN[6] ; ULA_OUT[2]  ; 13.637 ; 13.637 ; 13.637 ; 13.637 ;
; ULA_A_IN[6] ; ULA_OUT[5]  ; 11.357 ;        ;        ; 11.357 ;
; ULA_A_IN[6] ; ULA_OUT[6]  ; 10.930 ; 12.442 ; 12.442 ; 10.930 ;
; ULA_A_IN[6] ; ULA_OUT[7]  ; 11.834 ; 12.985 ; 12.985 ; 11.834 ;
; ULA_A_IN[7] ; JMP_eq      ; 12.136 ; 12.136 ; 12.136 ; 12.136 ;
; ULA_A_IN[7] ; JMP_hi      ; 10.628 ; 11.637 ; 11.637 ; 10.628 ;
; ULA_A_IN[7] ; JMP_lo      ; 11.866 ; 10.515 ; 10.515 ; 11.866 ;
; ULA_A_IN[7] ; LED_OVRF    ; 12.968 ; 12.968 ; 12.968 ; 12.968 ;
; ULA_A_IN[7] ; ULA_OUT[0]  ; 12.920 ; 12.920 ; 12.920 ; 12.920 ;
; ULA_A_IN[7] ; ULA_OUT[1]  ; 15.898 ; 15.898 ; 15.898 ; 15.898 ;
; ULA_A_IN[7] ; ULA_OUT[2]  ; 13.039 ; 13.039 ; 13.039 ; 13.039 ;
; ULA_A_IN[7] ; ULA_OUT[6]  ; 11.807 ;        ;        ; 11.807 ;
; ULA_A_IN[7] ; ULA_OUT[7]  ; 11.178 ; 10.933 ; 10.933 ; 11.178 ;
; ULA_B_IN[0] ; JMP_eq      ; 11.856 ; 11.856 ; 11.856 ; 11.856 ;
; ULA_B_IN[0] ; JMP_hi      ;        ; 12.131 ; 12.131 ;        ;
; ULA_B_IN[0] ; JMP_lo      ; 12.409 ;        ;        ; 12.409 ;
; ULA_B_IN[0] ; LED_OVRF    ; 13.899 ; 13.899 ; 13.899 ; 13.899 ;
; ULA_B_IN[0] ; ULA_OUT[0]  ; 11.864 ; 11.986 ; 11.986 ; 11.864 ;
; ULA_B_IN[0] ; ULA_OUT[1]  ; 14.798 ; 14.798 ; 14.798 ; 14.798 ;
; ULA_B_IN[0] ; ULA_OUT[2]  ; 14.542 ; 14.542 ; 14.542 ; 14.542 ;
; ULA_B_IN[0] ; ULA_OUT[3]  ; 14.761 ; 14.761 ; 14.761 ; 14.761 ;
; ULA_B_IN[0] ; ULA_OUT[4]  ; 15.179 ; 15.179 ; 15.179 ; 15.179 ;
; ULA_B_IN[0] ; ULA_OUT[5]  ; 15.014 ; 15.014 ; 15.014 ; 15.014 ;
; ULA_B_IN[0] ; ULA_OUT[6]  ; 14.636 ; 14.636 ; 14.636 ; 14.636 ;
; ULA_B_IN[0] ; ULA_OUT[7]  ; 15.677 ; 15.677 ; 15.677 ; 15.677 ;
; ULA_B_IN[1] ; JMP_eq      ; 11.958 ; 11.958 ; 11.958 ; 11.958 ;
; ULA_B_IN[1] ; JMP_hi      ; 13.403 ; 12.699 ; 12.699 ; 13.403 ;
; ULA_B_IN[1] ; JMP_lo      ; 12.818 ; 13.674 ; 13.674 ; 12.818 ;
; ULA_B_IN[1] ; LED_OVRF    ; 13.273 ; 13.273 ; 13.273 ; 13.273 ;
; ULA_B_IN[1] ; ULA_OUT[0]  ; 15.223 ; 15.223 ; 15.223 ; 15.223 ;
; ULA_B_IN[1] ; ULA_OUT[1]  ; 12.561 ; 13.669 ; 13.669 ; 12.561 ;
; ULA_B_IN[1] ; ULA_OUT[2]  ; 14.693 ; 14.693 ; 14.693 ; 14.693 ;
; ULA_B_IN[1] ; ULA_OUT[3]  ; 14.282 ; 14.282 ; 14.282 ; 14.282 ;
; ULA_B_IN[1] ; ULA_OUT[4]  ; 14.553 ; 14.553 ; 14.553 ; 14.553 ;
; ULA_B_IN[1] ; ULA_OUT[5]  ; 14.388 ; 14.388 ; 14.388 ; 14.388 ;
; ULA_B_IN[1] ; ULA_OUT[6]  ; 14.010 ; 14.010 ; 14.010 ; 14.010 ;
; ULA_B_IN[1] ; ULA_OUT[7]  ; 15.051 ; 15.051 ; 15.051 ; 15.051 ;
; ULA_B_IN[2] ; JMP_eq      ; 11.604 ; 11.604 ; 11.604 ; 11.604 ;
; ULA_B_IN[2] ; JMP_hi      ;        ; 11.335 ; 11.335 ;        ;
; ULA_B_IN[2] ; JMP_lo      ; 11.608 ;        ;        ; 11.608 ;
; ULA_B_IN[2] ; LED_OVRF    ; 13.021 ; 13.021 ; 13.021 ; 13.021 ;
; ULA_B_IN[2] ; ULA_OUT[0]  ; 14.013 ; 14.013 ; 14.013 ; 14.013 ;
; ULA_B_IN[2] ; ULA_OUT[1]  ; 15.366 ; 15.366 ; 15.366 ; 15.366 ;
; ULA_B_IN[2] ; ULA_OUT[2]  ; 12.128 ; 12.785 ; 12.785 ; 12.128 ;
; ULA_B_IN[2] ; ULA_OUT[3]  ; 14.030 ; 14.030 ; 14.030 ; 14.030 ;
; ULA_B_IN[2] ; ULA_OUT[4]  ; 14.301 ; 14.301 ; 14.301 ; 14.301 ;
; ULA_B_IN[2] ; ULA_OUT[5]  ; 14.136 ; 14.136 ; 14.136 ; 14.136 ;
; ULA_B_IN[2] ; ULA_OUT[6]  ; 13.758 ; 13.758 ; 13.758 ; 13.758 ;
; ULA_B_IN[2] ; ULA_OUT[7]  ; 14.799 ; 14.799 ; 14.799 ; 14.799 ;
; ULA_B_IN[3] ; JMP_eq      ; 11.704 ; 11.704 ; 11.704 ; 11.704 ;
; ULA_B_IN[3] ; JMP_hi      ; 12.757 ; 12.757 ; 12.757 ; 12.757 ;
; ULA_B_IN[3] ; JMP_lo      ; 13.028 ; 13.028 ; 13.028 ; 13.028 ;
; ULA_B_IN[3] ; LED_OVRF    ; 13.299 ; 13.299 ; 13.299 ; 13.299 ;
; ULA_B_IN[3] ; ULA_OUT[0]  ; 15.433 ; 15.433 ; 15.433 ; 15.433 ;
; ULA_B_IN[3] ; ULA_OUT[1]  ; 15.466 ; 15.466 ; 15.466 ; 15.466 ;
; ULA_B_IN[3] ; ULA_OUT[2]  ; 15.168 ; 15.168 ; 15.168 ; 15.168 ;
; ULA_B_IN[3] ; ULA_OUT[3]  ; 11.336 ; 11.693 ; 11.693 ; 11.336 ;
; ULA_B_IN[3] ; ULA_OUT[4]  ; 14.122 ; 14.122 ; 14.122 ; 14.122 ;
; ULA_B_IN[3] ; ULA_OUT[5]  ; 14.245 ; 14.245 ; 14.245 ; 14.245 ;
; ULA_B_IN[3] ; ULA_OUT[6]  ; 14.036 ; 14.036 ; 14.036 ; 14.036 ;
; ULA_B_IN[3] ; ULA_OUT[7]  ; 15.077 ; 15.077 ; 15.077 ; 15.077 ;
; ULA_B_IN[4] ; JMP_eq      ; 11.694 ; 11.694 ; 11.694 ; 11.694 ;
; ULA_B_IN[4] ; JMP_hi      ; 12.747 ; 12.747 ; 12.747 ; 12.747 ;
; ULA_B_IN[4] ; JMP_lo      ; 13.018 ; 13.018 ; 13.018 ; 13.018 ;
; ULA_B_IN[4] ; LED_OVRF    ; 12.856 ; 12.856 ; 12.856 ; 12.856 ;
; ULA_B_IN[4] ; ULA_OUT[0]  ; 15.423 ; 15.423 ; 15.423 ; 15.423 ;
; ULA_B_IN[4] ; ULA_OUT[1]  ; 15.456 ; 15.456 ; 15.456 ; 15.456 ;
; ULA_B_IN[4] ; ULA_OUT[2]  ; 15.158 ; 15.158 ; 15.158 ; 15.158 ;
; ULA_B_IN[4] ; ULA_OUT[4]  ; 10.561 ; 10.561 ; 10.561 ; 10.561 ;
; ULA_B_IN[4] ; ULA_OUT[5]  ; 13.492 ; 13.492 ; 13.492 ; 13.492 ;
; ULA_B_IN[4] ; ULA_OUT[6]  ; 13.593 ; 13.593 ; 13.593 ; 13.593 ;
; ULA_B_IN[4] ; ULA_OUT[7]  ; 14.634 ; 14.634 ; 14.634 ; 14.634 ;
; ULA_B_IN[5] ; JMP_eq      ; 11.843 ; 11.843 ; 11.843 ; 11.843 ;
; ULA_B_IN[5] ; JMP_hi      ; 12.896 ; 12.431 ; 12.431 ; 12.896 ;
; ULA_B_IN[5] ; JMP_lo      ; 12.632 ; 13.167 ; 13.167 ; 12.632 ;
; ULA_B_IN[5] ; LED_OVRF    ; 12.876 ; 12.876 ; 12.876 ; 12.876 ;
; ULA_B_IN[5] ; ULA_OUT[0]  ; 15.037 ; 15.037 ; 15.037 ; 15.037 ;
; ULA_B_IN[5] ; ULA_OUT[1]  ; 15.605 ; 15.605 ; 15.605 ; 15.605 ;
; ULA_B_IN[5] ; ULA_OUT[2]  ; 14.842 ; 14.842 ; 14.842 ; 14.842 ;
; ULA_B_IN[5] ; ULA_OUT[5]  ; 10.482 ; 10.482 ; 10.482 ; 10.482 ;
; ULA_B_IN[5] ; ULA_OUT[6]  ; 13.319 ; 13.319 ; 13.319 ; 13.319 ;
; ULA_B_IN[5] ; ULA_OUT[7]  ; 14.292 ; 14.292 ; 14.292 ; 14.292 ;
; ULA_B_IN[6] ; JMP_eq      ; 12.471 ; 12.471 ; 12.471 ; 12.471 ;
; ULA_B_IN[6] ; JMP_hi      ; 13.524 ; 10.949 ; 10.949 ; 13.524 ;
; ULA_B_IN[6] ; JMP_lo      ; 11.176 ; 13.795 ; 13.795 ; 11.176 ;
; ULA_B_IN[6] ; LED_OVRF    ; 12.805 ; 12.805 ; 12.805 ; 12.805 ;
; ULA_B_IN[6] ; ULA_OUT[0]  ; 13.581 ; 13.581 ; 13.581 ; 13.581 ;
; ULA_B_IN[6] ; ULA_OUT[1]  ; 16.233 ; 16.233 ; 16.233 ; 16.233 ;
; ULA_B_IN[6] ; ULA_OUT[2]  ; 13.360 ; 13.360 ; 13.360 ; 13.360 ;
; ULA_B_IN[6] ; ULA_OUT[6]  ; 10.782 ; 11.955 ; 11.955 ; 10.782 ;
; ULA_B_IN[6] ; ULA_OUT[7]  ; 12.990 ; 12.990 ; 12.990 ; 12.990 ;
; ULA_B_IN[7] ; JMP_eq      ; 12.229 ; 12.229 ; 12.229 ; 12.229 ;
; ULA_B_IN[7] ; JMP_hi      ; 11.608 ; 10.296 ; 10.296 ; 11.608 ;
; ULA_B_IN[7] ; JMP_lo      ; 10.629 ; 11.837 ; 11.837 ; 10.629 ;
; ULA_B_IN[7] ; LED_OVRF    ; 11.858 ; 11.858 ; 11.858 ; 11.858 ;
; ULA_B_IN[7] ; ULA_OUT[0]  ; 13.034 ; 13.034 ; 13.034 ; 13.034 ;
; ULA_B_IN[7] ; ULA_OUT[1]  ; 15.991 ; 15.991 ; 15.991 ; 15.991 ;
; ULA_B_IN[7] ; ULA_OUT[2]  ; 12.707 ; 12.707 ; 12.707 ; 12.707 ;
; ULA_B_IN[7] ; ULA_OUT[7]  ; 11.158 ; 11.158 ; 11.158 ; 11.158 ;
; ULA_S_IN[0] ; LED_OVRF    ; 7.229  ; 7.229  ; 7.229  ; 7.229  ;
; ULA_S_IN[0] ; ULA_OUT[0]  ; 8.256  ; 8.026  ; 8.026  ; 8.256  ;
; ULA_S_IN[0] ; ULA_OUT[1]  ; 8.192  ; 8.192  ; 8.192  ; 8.192  ;
; ULA_S_IN[0] ; ULA_OUT[2]  ; 7.746  ; 7.746  ; 7.746  ; 7.746  ;
; ULA_S_IN[0] ; ULA_OUT[3]  ; 7.311  ; 7.311  ; 7.311  ; 7.311  ;
; ULA_S_IN[0] ; ULA_OUT[4]  ; 7.549  ; 7.549  ; 7.549  ; 7.549  ;
; ULA_S_IN[0] ; ULA_OUT[5]  ; 7.315  ; 7.315  ; 7.315  ; 7.315  ;
; ULA_S_IN[0] ; ULA_OUT[6]  ; 7.557  ; 8.278  ; 8.278  ; 7.557  ;
; ULA_S_IN[0] ; ULA_OUT[7]  ; 7.924  ; 7.924  ; 7.924  ; 7.924  ;
; ULA_S_IN[1] ; LED_OVRF    ; 10.570 ; 10.181 ; 10.181 ; 10.570 ;
; ULA_S_IN[1] ; ULA_OUT[0]  ; 11.564 ; 11.067 ; 11.067 ; 11.564 ;
; ULA_S_IN[1] ; ULA_OUT[1]  ; 11.003 ; 11.003 ; 11.003 ; 11.003 ;
; ULA_S_IN[1] ; ULA_OUT[2]  ; 10.371 ; 10.371 ; 10.371 ; 10.371 ;
; ULA_S_IN[1] ; ULA_OUT[3]  ; 11.912 ; 11.912 ; 11.912 ; 11.912 ;
; ULA_S_IN[1] ; ULA_OUT[4]  ; 12.289 ; 12.289 ; 12.289 ; 12.289 ;
; ULA_S_IN[1] ; ULA_OUT[5]  ; 11.923 ; 11.923 ; 11.923 ; 11.923 ;
; ULA_S_IN[1] ; ULA_OUT[6]  ; 12.299 ; 12.299 ; 12.299 ; 12.299 ;
; ULA_S_IN[1] ; ULA_OUT[7]  ; 11.797 ; 11.410 ; 11.410 ; 11.797 ;
; ULA_S_IN[2] ; LED_OVRF    ;        ; 10.224 ; 10.224 ;        ;
; ULA_S_IN[2] ; ULA_OUT[0]  ; 10.946 ; 10.946 ; 10.946 ; 10.946 ;
; ULA_S_IN[2] ; ULA_OUT[1]  ; 12.386 ; 12.386 ; 12.386 ; 12.386 ;
; ULA_S_IN[2] ; ULA_OUT[2]  ; 11.518 ; 11.518 ; 11.518 ; 11.518 ;
; ULA_S_IN[2] ; ULA_OUT[3]  ; 11.356 ; 11.356 ; 11.356 ; 11.356 ;
; ULA_S_IN[2] ; ULA_OUT[4]  ; 11.733 ; 11.733 ; 11.733 ; 11.733 ;
; ULA_S_IN[2] ; ULA_OUT[5]  ; 11.367 ; 11.367 ; 11.367 ; 11.367 ;
; ULA_S_IN[2] ; ULA_OUT[6]  ; 11.743 ; 11.743 ; 11.743 ; 11.743 ;
; ULA_S_IN[2] ; ULA_OUT[7]  ; 11.295 ; 11.295 ; 11.295 ; 11.295 ;
; ULA_S_IN[3] ; LED_OVRF    ; 11.088 ; 11.088 ; 11.088 ; 11.088 ;
; ULA_S_IN[3] ; ULA_OUT[0]  ; 10.755 ; 10.755 ; 10.755 ; 10.755 ;
; ULA_S_IN[3] ; ULA_OUT[1]  ; 11.237 ; 11.237 ; 11.237 ; 11.237 ;
; ULA_S_IN[3] ; ULA_OUT[2]  ; 10.792 ; 10.792 ; 10.792 ; 10.792 ;
; ULA_S_IN[3] ; ULA_OUT[3]  ; 11.056 ; 11.056 ; 11.056 ; 11.056 ;
; ULA_S_IN[3] ; ULA_OUT[4]  ; 10.636 ; 10.636 ; 10.636 ; 10.636 ;
; ULA_S_IN[3] ; ULA_OUT[5]  ; 10.566 ; 10.566 ; 10.566 ; 10.566 ;
; ULA_S_IN[3] ; ULA_OUT[6]  ; 11.340 ; 11.340 ; 11.340 ; 11.340 ;
; ULA_S_IN[3] ; ULA_OUT[7]  ; 10.970 ; 10.970 ; 10.970 ; 10.970 ;
+-------------+-------------+--------+--------+--------+--------+


----------------------------
; Fast Model Setup Summary ;
----------------------------
No paths to report.


---------------------------
; Fast Model Hold Summary ;
---------------------------
No paths to report.


-------------------------------
; Fast Model Recovery Summary ;
-------------------------------
No paths to report.


------------------------------
; Fast Model Removal Summary ;
------------------------------
No paths to report.


------------------------------------------
; Fast Model Minimum Pulse Width Summary ;
------------------------------------------
No paths to report.


+---------------------------------------------------------------+
; Propagation Delay                                             ;
+-------------+-------------+--------+--------+--------+--------+
; Input Port  ; Output Port ; RR     ; RF     ; FR     ; FF     ;
+-------------+-------------+--------+--------+--------+--------+
; ULA_A_IN[0] ; JMP_eq      ; 6.455  ; 6.455  ; 6.455  ; 6.455  ;
; ULA_A_IN[0] ; JMP_hi      ; 6.748  ;        ;        ; 6.748  ;
; ULA_A_IN[0] ; JMP_lo      ;        ; 6.929  ; 6.929  ;        ;
; ULA_A_IN[0] ; LED_OVRF    ; 12.127 ; 12.127 ; 12.127 ; 12.127 ;
; ULA_A_IN[0] ; ULA_OUT[0]  ; 7.931  ; 7.931  ; 7.931  ; 7.931  ;
; ULA_A_IN[0] ; ULA_OUT[1]  ; 8.422  ; 8.422  ; 8.422  ; 8.422  ;
; ULA_A_IN[0] ; ULA_OUT[2]  ; 8.082  ; 8.082  ; 8.082  ; 8.082  ;
; ULA_A_IN[0] ; ULA_OUT[3]  ; 8.282  ; 8.282  ; 8.282  ; 8.282  ;
; ULA_A_IN[0] ; ULA_OUT[4]  ; 9.480  ; 9.480  ; 9.480  ; 9.480  ;
; ULA_A_IN[0] ; ULA_OUT[5]  ; 10.033 ; 10.033 ; 10.033 ; 10.033 ;
; ULA_A_IN[0] ; ULA_OUT[6]  ; 11.550 ; 11.550 ; 11.550 ; 11.550 ;
; ULA_A_IN[0] ; ULA_OUT[7]  ; 11.740 ; 11.740 ; 11.740 ; 11.740 ;
; ULA_A_IN[1] ; JMP_eq      ; 4.485  ; 4.485  ; 4.485  ; 4.485  ;
; ULA_A_IN[1] ; JMP_hi      ; 5.063  ; 5.063  ; 5.063  ; 5.063  ;
; ULA_A_IN[1] ; JMP_lo      ; 5.245  ; 5.245  ; 5.245  ; 5.245  ;
; ULA_A_IN[1] ; LED_OVRF    ; 10.073 ; 10.073 ; 10.073 ; 10.073 ;
; ULA_A_IN[1] ; ULA_OUT[0]  ; 6.247  ; 6.247  ; 6.247  ; 6.247  ;
; ULA_A_IN[1] ; ULA_OUT[1]  ; 6.115  ; 6.115  ; 6.115  ; 6.115  ;
; ULA_A_IN[1] ; ULA_OUT[2]  ; 6.130  ; 6.130  ; 6.130  ; 6.130  ;
; ULA_A_IN[1] ; ULA_OUT[3]  ; 6.228  ; 6.228  ; 6.228  ; 6.228  ;
; ULA_A_IN[1] ; ULA_OUT[4]  ; 7.426  ; 7.426  ; 7.426  ; 7.426  ;
; ULA_A_IN[1] ; ULA_OUT[5]  ; 7.979  ; 7.979  ; 7.979  ; 7.979  ;
; ULA_A_IN[1] ; ULA_OUT[6]  ; 9.496  ; 9.496  ; 9.496  ; 9.496  ;
; ULA_A_IN[1] ; ULA_OUT[7]  ; 9.686  ; 9.686  ; 9.686  ; 9.686  ;
; ULA_A_IN[2] ; JMP_eq      ; 6.067  ; 6.067  ; 6.067  ; 6.067  ;
; ULA_A_IN[2] ; JMP_hi      ; 6.149  ;        ;        ; 6.149  ;
; ULA_A_IN[2] ; JMP_lo      ;        ; 6.325  ; 6.325  ;        ;
; ULA_A_IN[2] ; LED_OVRF    ; 12.164 ; 12.164 ; 12.164 ; 12.164 ;
; ULA_A_IN[2] ; ULA_OUT[0]  ; 7.327  ; 7.327  ; 7.327  ; 7.327  ;
; ULA_A_IN[2] ; ULA_OUT[1]  ; 7.697  ; 7.697  ; 7.697  ; 7.697  ;
; ULA_A_IN[2] ; ULA_OUT[2]  ; 7.839  ; 7.839  ; 7.839  ; 7.839  ;
; ULA_A_IN[2] ; ULA_OUT[3]  ; 8.319  ; 8.319  ; 8.319  ; 8.319  ;
; ULA_A_IN[2] ; ULA_OUT[4]  ; 9.517  ; 9.517  ; 9.517  ; 9.517  ;
; ULA_A_IN[2] ; ULA_OUT[5]  ; 10.070 ; 10.070 ; 10.070 ; 10.070 ;
; ULA_A_IN[2] ; ULA_OUT[6]  ; 11.587 ; 11.587 ; 11.587 ; 11.587 ;
; ULA_A_IN[2] ; ULA_OUT[7]  ; 11.777 ; 11.777 ; 11.777 ; 11.777 ;
; ULA_A_IN[3] ; JMP_eq      ; 6.091  ; 6.091  ; 6.091  ; 6.091  ;
; ULA_A_IN[3] ; JMP_hi      ; 6.733  ; 6.519  ; 6.519  ; 6.733  ;
; ULA_A_IN[3] ; JMP_lo      ; 6.697  ; 6.850  ; 6.850  ; 6.697  ;
; ULA_A_IN[3] ; LED_OVRF    ; 12.017 ; 12.017 ; 12.017 ; 12.017 ;
; ULA_A_IN[3] ; ULA_OUT[0]  ; 7.852  ; 7.852  ; 7.852  ; 7.852  ;
; ULA_A_IN[3] ; ULA_OUT[1]  ; 7.721  ; 7.721  ; 7.721  ; 7.721  ;
; ULA_A_IN[3] ; ULA_OUT[2]  ; 7.800  ; 7.800  ; 7.800  ; 7.800  ;
; ULA_A_IN[3] ; ULA_OUT[3]  ; 8.172  ; 8.172  ; 8.172  ; 8.172  ;
; ULA_A_IN[3] ; ULA_OUT[4]  ; 9.370  ; 9.370  ; 9.370  ; 9.370  ;
; ULA_A_IN[3] ; ULA_OUT[5]  ; 9.923  ; 9.923  ; 9.923  ; 9.923  ;
; ULA_A_IN[3] ; ULA_OUT[6]  ; 11.440 ; 11.440 ; 11.440 ; 11.440 ;
; ULA_A_IN[3] ; ULA_OUT[7]  ; 11.630 ; 11.630 ; 11.630 ; 11.630 ;
; ULA_A_IN[4] ; JMP_eq      ; 6.613  ; 6.613  ; 6.613  ; 6.613  ;
; ULA_A_IN[4] ; JMP_hi      ; 7.041  ; 7.041  ; 7.041  ; 7.041  ;
; ULA_A_IN[4] ; JMP_lo      ; 7.219  ; 7.219  ; 7.219  ; 7.219  ;
; ULA_A_IN[4] ; LED_OVRF    ; 11.693 ; 11.693 ; 11.693 ; 11.693 ;
; ULA_A_IN[4] ; ULA_OUT[0]  ; 8.221  ; 8.221  ; 8.221  ; 8.221  ;
; ULA_A_IN[4] ; ULA_OUT[1]  ; 8.243  ; 8.243  ; 8.243  ; 8.243  ;
; ULA_A_IN[4] ; ULA_OUT[2]  ; 8.108  ; 8.108  ; 8.108  ; 8.108  ;
; ULA_A_IN[4] ; ULA_OUT[3]  ; 6.004  ;        ;        ; 6.004  ;
; ULA_A_IN[4] ; ULA_OUT[4]  ; 9.046  ; 9.046  ; 9.046  ; 9.046  ;
; ULA_A_IN[4] ; ULA_OUT[5]  ; 9.599  ; 9.599  ; 9.599  ; 9.599  ;
; ULA_A_IN[4] ; ULA_OUT[6]  ; 11.116 ; 11.116 ; 11.116 ; 11.116 ;
; ULA_A_IN[4] ; ULA_OUT[7]  ; 11.306 ; 11.306 ; 11.306 ; 11.306 ;
; ULA_A_IN[5] ; JMP_eq      ; 6.280  ; 6.280  ; 6.280  ; 6.280  ;
; ULA_A_IN[5] ; JMP_hi      ; 6.708  ; 6.708  ; 6.708  ; 6.708  ;
; ULA_A_IN[5] ; JMP_lo      ; 6.886  ; 6.886  ; 6.886  ; 6.886  ;
; ULA_A_IN[5] ; LED_OVRF    ; 11.785 ; 11.785 ; 11.785 ; 11.785 ;
; ULA_A_IN[5] ; ULA_OUT[0]  ; 7.888  ; 7.888  ; 7.888  ; 7.888  ;
; ULA_A_IN[5] ; ULA_OUT[1]  ; 7.910  ; 7.910  ; 7.910  ; 7.910  ;
; ULA_A_IN[5] ; ULA_OUT[2]  ; 7.775  ; 7.775  ; 7.775  ; 7.775  ;
; ULA_A_IN[5] ; ULA_OUT[4]  ; 6.140  ;        ;        ; 6.140  ;
; ULA_A_IN[5] ; ULA_OUT[5]  ; 9.466  ; 9.466  ; 9.466  ; 9.466  ;
; ULA_A_IN[5] ; ULA_OUT[6]  ; 10.983 ; 10.983 ; 10.983 ; 10.983 ;
; ULA_A_IN[5] ; ULA_OUT[7]  ; 11.173 ; 11.173 ; 11.173 ; 11.173 ;
; ULA_A_IN[6] ; JMP_eq      ; 6.651  ; 6.651  ; 6.651  ; 6.651  ;
; ULA_A_IN[6] ; JMP_hi      ; 7.079  ; 7.079  ; 7.079  ; 7.079  ;
; ULA_A_IN[6] ; JMP_lo      ; 7.257  ; 7.257  ; 7.257  ; 7.257  ;
; ULA_A_IN[6] ; LED_OVRF    ; 11.754 ; 11.754 ; 11.754 ; 11.754 ;
; ULA_A_IN[6] ; ULA_OUT[0]  ; 8.259  ; 8.259  ; 8.259  ; 8.259  ;
; ULA_A_IN[6] ; ULA_OUT[1]  ; 8.281  ; 8.281  ; 8.281  ; 8.281  ;
; ULA_A_IN[6] ; ULA_OUT[2]  ; 8.146  ; 8.146  ; 8.146  ; 8.146  ;
; ULA_A_IN[6] ; ULA_OUT[5]  ; 6.208  ;        ;        ; 6.208  ;
; ULA_A_IN[6] ; ULA_OUT[6]  ; 10.127 ; 10.127 ; 10.127 ; 10.127 ;
; ULA_A_IN[6] ; ULA_OUT[7]  ; 10.383 ; 10.383 ; 10.383 ; 10.383 ;
; ULA_A_IN[7] ; JMP_eq      ; 6.549  ; 6.549  ; 6.549  ; 6.549  ;
; ULA_A_IN[7] ; JMP_hi      ; 6.977  ; 6.977  ; 6.977  ; 6.977  ;
; ULA_A_IN[7] ; JMP_lo      ; 7.155  ; 7.155  ; 7.155  ; 7.155  ;
; ULA_A_IN[7] ; LED_OVRF    ; 11.600 ; 11.600 ; 11.600 ; 11.600 ;
; ULA_A_IN[7] ; ULA_OUT[0]  ; 8.157  ; 8.157  ; 8.157  ; 8.157  ;
; ULA_A_IN[7] ; ULA_OUT[1]  ; 8.179  ; 8.179  ; 8.179  ; 8.179  ;
; ULA_A_IN[7] ; ULA_OUT[2]  ; 8.044  ; 8.044  ; 8.044  ; 8.044  ;
; ULA_A_IN[7] ; ULA_OUT[6]  ; 6.429  ;        ;        ; 6.429  ;
; ULA_A_IN[7] ; ULA_OUT[7]  ; 10.229 ; 10.229 ; 10.229 ; 10.229 ;
; ULA_B_IN[0] ; JMP_eq      ; 6.405  ; 6.405  ; 6.405  ; 6.405  ;
; ULA_B_IN[0] ; JMP_hi      ;        ; 6.482  ; 6.482  ;        ;
; ULA_B_IN[0] ; JMP_lo      ; 6.669  ;        ;        ; 6.669  ;
; ULA_B_IN[0] ; LED_OVRF    ; 12.178 ; 12.178 ; 12.178 ; 12.178 ;
; ULA_B_IN[0] ; ULA_OUT[0]  ; 7.671  ; 7.671  ; 7.671  ; 7.671  ;
; ULA_B_IN[0] ; ULA_OUT[1]  ; 8.202  ; 8.202  ; 8.202  ; 8.202  ;
; ULA_B_IN[0] ; ULA_OUT[2]  ; 7.862  ; 7.862  ; 7.862  ; 7.862  ;
; ULA_B_IN[0] ; ULA_OUT[3]  ; 8.333  ; 8.333  ; 8.333  ; 8.333  ;
; ULA_B_IN[0] ; ULA_OUT[4]  ; 9.531  ; 9.531  ; 9.531  ; 9.531  ;
; ULA_B_IN[0] ; ULA_OUT[5]  ; 10.084 ; 10.084 ; 10.084 ; 10.084 ;
; ULA_B_IN[0] ; ULA_OUT[6]  ; 11.601 ; 11.601 ; 11.601 ; 11.601 ;
; ULA_B_IN[0] ; ULA_OUT[7]  ; 11.791 ; 11.791 ; 11.791 ; 11.791 ;
; ULA_B_IN[1] ; JMP_eq      ; 6.501  ; 6.501  ; 6.501  ; 6.501  ;
; ULA_B_IN[1] ; JMP_hi      ; 7.079  ; 7.079  ; 7.079  ; 7.079  ;
; ULA_B_IN[1] ; JMP_lo      ; 7.261  ; 7.261  ; 7.261  ; 7.261  ;
; ULA_B_IN[1] ; LED_OVRF    ; 12.141 ; 12.141 ; 12.141 ; 12.141 ;
; ULA_B_IN[1] ; ULA_OUT[0]  ; 8.263  ; 8.263  ; 8.263  ; 8.263  ;
; ULA_B_IN[1] ; ULA_OUT[1]  ; 8.131  ; 8.131  ; 8.131  ; 8.131  ;
; ULA_B_IN[1] ; ULA_OUT[2]  ; 8.146  ; 8.146  ; 8.146  ; 8.146  ;
; ULA_B_IN[1] ; ULA_OUT[3]  ; 8.296  ; 8.296  ; 8.296  ; 8.296  ;
; ULA_B_IN[1] ; ULA_OUT[4]  ; 9.494  ; 9.494  ; 9.494  ; 9.494  ;
; ULA_B_IN[1] ; ULA_OUT[5]  ; 10.047 ; 10.047 ; 10.047 ; 10.047 ;
; ULA_B_IN[1] ; ULA_OUT[6]  ; 11.564 ; 11.564 ; 11.564 ; 11.564 ;
; ULA_B_IN[1] ; ULA_OUT[7]  ; 11.754 ; 11.754 ; 11.754 ; 11.754 ;
; ULA_B_IN[2] ; JMP_eq      ; 6.318  ; 6.318  ; 6.318  ; 6.318  ;
; ULA_B_IN[2] ; JMP_hi      ;        ; 6.123  ; 6.123  ;        ;
; ULA_B_IN[2] ; JMP_lo      ; 6.306  ;        ;        ; 6.306  ;
; ULA_B_IN[2] ; LED_OVRF    ; 11.378 ; 11.378 ; 11.378 ; 11.378 ;
; ULA_B_IN[2] ; ULA_OUT[0]  ; 7.308  ; 7.308  ; 7.308  ; 7.308  ;
; ULA_B_IN[2] ; ULA_OUT[1]  ; 7.948  ; 7.948  ; 7.948  ; 7.948  ;
; ULA_B_IN[2] ; ULA_OUT[2]  ; 7.669  ; 7.669  ; 7.669  ; 7.669  ;
; ULA_B_IN[2] ; ULA_OUT[3]  ; 7.532  ; 7.532  ; 7.532  ; 7.532  ;
; ULA_B_IN[2] ; ULA_OUT[4]  ; 8.731  ; 8.731  ; 8.731  ; 8.731  ;
; ULA_B_IN[2] ; ULA_OUT[5]  ; 9.284  ; 9.284  ; 9.284  ; 9.284  ;
; ULA_B_IN[2] ; ULA_OUT[6]  ; 10.801 ; 10.801 ; 10.801 ; 10.801 ;
; ULA_B_IN[2] ; ULA_OUT[7]  ; 10.991 ; 10.991 ; 10.991 ; 10.991 ;
; ULA_B_IN[3] ; JMP_eq      ; 6.379  ; 6.379  ; 6.379  ; 6.379  ;
; ULA_B_IN[3] ; JMP_hi      ; 6.807  ; 6.941  ; 6.941  ; 6.807  ;
; ULA_B_IN[3] ; JMP_lo      ; 7.059  ; 6.985  ; 6.985  ; 7.059  ;
; ULA_B_IN[3] ; LED_OVRF    ; 10.928 ; 10.928 ; 10.928 ; 10.928 ;
; ULA_B_IN[3] ; ULA_OUT[0]  ; 8.061  ; 8.061  ; 8.061  ; 8.061  ;
; ULA_B_IN[3] ; ULA_OUT[1]  ; 8.009  ; 8.009  ; 8.009  ; 8.009  ;
; ULA_B_IN[3] ; ULA_OUT[2]  ; 8.008  ; 8.008  ; 8.008  ; 8.008  ;
; ULA_B_IN[3] ; ULA_OUT[3]  ; 7.351  ; 7.351  ; 7.351  ; 7.351  ;
; ULA_B_IN[3] ; ULA_OUT[4]  ; 8.281  ; 8.281  ; 8.281  ; 8.281  ;
; ULA_B_IN[3] ; ULA_OUT[5]  ; 8.834  ; 8.834  ; 8.834  ; 8.834  ;
; ULA_B_IN[3] ; ULA_OUT[6]  ; 10.351 ; 10.351 ; 10.351 ; 10.351 ;
; ULA_B_IN[3] ; ULA_OUT[7]  ; 10.541 ; 10.541 ; 10.541 ; 10.541 ;
; ULA_B_IN[4] ; JMP_eq      ; 6.355  ; 6.355  ; 6.355  ; 6.355  ;
; ULA_B_IN[4] ; JMP_hi      ; 6.783  ; 6.841  ; 6.841  ; 6.783  ;
; ULA_B_IN[4] ; JMP_lo      ; 6.962  ; 6.961  ; 6.961  ; 6.962  ;
; ULA_B_IN[4] ; LED_OVRF    ; 9.810  ; 9.810  ; 9.810  ; 9.810  ;
; ULA_B_IN[4] ; ULA_OUT[0]  ; 7.964  ; 7.964  ; 7.964  ; 7.964  ;
; ULA_B_IN[4] ; ULA_OUT[1]  ; 7.985  ; 7.985  ; 7.985  ; 7.985  ;
; ULA_B_IN[4] ; ULA_OUT[2]  ; 7.908  ; 7.908  ; 7.908  ; 7.908  ;
; ULA_B_IN[4] ; ULA_OUT[4]  ; 7.252  ; 7.252  ; 7.252  ; 7.252  ;
; ULA_B_IN[4] ; ULA_OUT[5]  ; 7.716  ; 7.716  ; 7.716  ; 7.716  ;
; ULA_B_IN[4] ; ULA_OUT[6]  ; 9.233  ; 9.233  ; 9.233  ; 9.233  ;
; ULA_B_IN[4] ; ULA_OUT[7]  ; 9.423  ; 9.423  ; 9.423  ; 9.423  ;
; ULA_B_IN[5] ; JMP_eq      ; 6.451  ; 6.451  ; 6.451  ; 6.451  ;
; ULA_B_IN[5] ; JMP_hi      ; 6.879  ; 6.879  ; 6.879  ; 6.879  ;
; ULA_B_IN[5] ; JMP_lo      ; 7.057  ; 7.057  ; 7.057  ; 7.057  ;
; ULA_B_IN[5] ; LED_OVRF    ; 9.006  ; 9.006  ; 9.006  ; 9.006  ;
; ULA_B_IN[5] ; ULA_OUT[0]  ; 8.059  ; 8.059  ; 8.059  ; 8.059  ;
; ULA_B_IN[5] ; ULA_OUT[1]  ; 8.081  ; 8.081  ; 8.081  ; 8.081  ;
; ULA_B_IN[5] ; ULA_OUT[2]  ; 7.946  ; 7.946  ; 7.946  ; 7.946  ;
; ULA_B_IN[5] ; ULA_OUT[5]  ; 7.414  ; 7.414  ; 7.414  ; 7.414  ;
; ULA_B_IN[5] ; ULA_OUT[6]  ; 8.429  ; 8.429  ; 8.429  ; 8.429  ;
; ULA_B_IN[5] ; ULA_OUT[7]  ; 8.619  ; 8.619  ; 8.619  ; 8.619  ;
; ULA_B_IN[6] ; JMP_eq      ; 6.725  ; 6.725  ; 6.725  ; 6.725  ;
; ULA_B_IN[6] ; JMP_hi      ; 7.153  ; 7.153  ; 7.153  ; 7.153  ;
; ULA_B_IN[6] ; JMP_lo      ; 7.331  ; 7.331  ; 7.331  ; 7.331  ;
; ULA_B_IN[6] ; LED_OVRF    ; 7.925  ; 7.925  ; 7.925  ; 7.925  ;
; ULA_B_IN[6] ; ULA_OUT[0]  ; 8.333  ; 8.333  ; 8.333  ; 8.333  ;
; ULA_B_IN[6] ; ULA_OUT[1]  ; 8.355  ; 8.355  ; 8.355  ; 8.355  ;
; ULA_B_IN[6] ; ULA_OUT[2]  ; 8.220  ; 8.220  ; 8.220  ; 8.220  ;
; ULA_B_IN[6] ; ULA_OUT[6]  ; 7.364  ; 7.364  ; 7.364  ; 7.364  ;
; ULA_B_IN[6] ; ULA_OUT[7]  ; 7.790  ; 7.790  ; 7.790  ; 7.790  ;
; ULA_B_IN[7] ; JMP_eq      ; 6.571  ; 6.571  ; 6.571  ; 6.571  ;
; ULA_B_IN[7] ; JMP_hi      ; 6.999  ; 6.999  ; 6.999  ; 6.999  ;
; ULA_B_IN[7] ; JMP_lo      ; 7.177  ; 7.177  ; 7.177  ; 7.177  ;
; ULA_B_IN[7] ; LED_OVRF    ; 7.215  ; 7.193  ; 7.193  ; 7.215  ;
; ULA_B_IN[7] ; ULA_OUT[0]  ; 8.179  ; 8.179  ; 8.179  ; 8.179  ;
; ULA_B_IN[7] ; ULA_OUT[1]  ; 8.201  ; 8.201  ; 8.201  ; 8.201  ;
; ULA_B_IN[7] ; ULA_OUT[2]  ; 8.066  ; 8.066  ; 8.066  ; 8.066  ;
; ULA_B_IN[7] ; ULA_OUT[7]  ; 7.576  ; 7.576  ; 7.576  ; 7.576  ;
; ULA_S_IN[0] ; LED_OVRF    ; 3.993  ; 3.993  ; 3.993  ; 3.993  ;
; ULA_S_IN[0] ; ULA_OUT[0]  ; 4.473  ; 4.473  ; 4.473  ; 4.473  ;
; ULA_S_IN[0] ; ULA_OUT[1]  ; 5.388  ; 5.388  ; 5.388  ; 5.388  ;
; ULA_S_IN[0] ; ULA_OUT[2]  ; 4.850  ; 4.850  ; 4.850  ; 4.850  ;
; ULA_S_IN[0] ; ULA_OUT[3]  ; 5.009  ; 5.009  ; 5.009  ; 5.009  ;
; ULA_S_IN[0] ; ULA_OUT[4]  ; 5.372  ; 5.372  ; 5.372  ; 5.372  ;
; ULA_S_IN[0] ; ULA_OUT[5]  ; 4.938  ; 4.923  ; 4.923  ; 4.938  ;
; ULA_S_IN[0] ; ULA_OUT[6]  ; 5.144  ; 5.144  ; 5.144  ; 5.144  ;
; ULA_S_IN[0] ; ULA_OUT[7]  ; 4.989  ; 4.989  ; 4.989  ; 4.989  ;
; ULA_S_IN[1] ; LED_OVRF    ; 5.765  ; 5.765  ; 5.765  ; 5.765  ;
; ULA_S_IN[1] ; ULA_OUT[0]  ; 6.330  ; 6.330  ; 6.330  ; 6.330  ;
; ULA_S_IN[1] ; ULA_OUT[1]  ; 7.456  ; 7.456  ; 7.456  ; 7.456  ;
; ULA_S_IN[1] ; ULA_OUT[2]  ; 7.140  ; 7.140  ; 7.140  ; 7.140  ;
; ULA_S_IN[1] ; ULA_OUT[3]  ; 7.293  ; 7.293  ; 7.293  ; 7.293  ;
; ULA_S_IN[1] ; ULA_OUT[4]  ; 7.524  ; 7.524  ; 7.524  ; 7.524  ;
; ULA_S_IN[1] ; ULA_OUT[5]  ; 7.327  ; 7.327  ; 7.327  ; 7.327  ;
; ULA_S_IN[1] ; ULA_OUT[6]  ; 7.612  ; 7.612  ; 7.612  ; 7.612  ;
; ULA_S_IN[1] ; ULA_OUT[7]  ; 7.110  ; 7.110  ; 7.110  ; 7.110  ;
; ULA_S_IN[2] ; LED_OVRF    ;        ; 5.630  ; 5.630  ;        ;
; ULA_S_IN[2] ; ULA_OUT[0]  ; 6.248  ; 6.248  ; 6.248  ; 6.248  ;
; ULA_S_IN[2] ; ULA_OUT[1]  ; 7.311  ; 7.311  ; 7.311  ; 7.311  ;
; ULA_S_IN[2] ; ULA_OUT[2]  ; 6.600  ; 6.600  ; 6.600  ; 6.600  ;
; ULA_S_IN[2] ; ULA_OUT[3]  ; 7.013  ; 7.013  ; 7.013  ; 7.013  ;
; ULA_S_IN[2] ; ULA_OUT[4]  ; 7.244  ; 7.244  ; 7.244  ; 7.244  ;
; ULA_S_IN[2] ; ULA_OUT[5]  ; 7.047  ; 7.047  ; 7.047  ; 7.047  ;
; ULA_S_IN[2] ; ULA_OUT[6]  ; 7.332  ; 7.332  ; 7.332  ; 7.332  ;
; ULA_S_IN[2] ; ULA_OUT[7]  ; 6.552  ; 6.552  ; 6.552  ; 6.552  ;
; ULA_S_IN[3] ; LED_OVRF    ; 5.972  ; 5.972  ; 5.972  ; 5.972  ;
; ULA_S_IN[3] ; ULA_OUT[0]  ; 5.934  ; 5.934  ; 5.934  ; 5.934  ;
; ULA_S_IN[3] ; ULA_OUT[1]  ; 7.455  ; 7.455  ; 7.455  ; 7.455  ;
; ULA_S_IN[3] ; ULA_OUT[2]  ; 6.948  ; 6.948  ; 6.948  ; 6.948  ;
; ULA_S_IN[3] ; ULA_OUT[3]  ; 6.899  ; 6.899  ; 6.899  ; 6.899  ;
; ULA_S_IN[3] ; ULA_OUT[4]  ; 6.963  ; 6.963  ; 6.963  ; 6.963  ;
; ULA_S_IN[3] ; ULA_OUT[5]  ; 6.836  ; 6.836  ; 6.836  ; 6.836  ;
; ULA_S_IN[3] ; ULA_OUT[6]  ; 7.037  ; 7.037  ; 7.037  ; 7.037  ;
; ULA_S_IN[3] ; ULA_OUT[7]  ; 5.959  ; 5.959  ; 5.959  ; 5.959  ;
+-------------+-------------+--------+--------+--------+--------+


+-----------------------------------------------------------+
; Minimum Propagation Delay                                 ;
+-------------+-------------+-------+-------+-------+-------+
; Input Port  ; Output Port ; RR    ; RF    ; FR    ; FF    ;
+-------------+-------------+-------+-------+-------+-------+
; ULA_A_IN[0] ; JMP_eq      ; 6.455 ; 6.455 ; 6.455 ; 6.455 ;
; ULA_A_IN[0] ; JMP_hi      ; 6.748 ;       ;       ; 6.748 ;
; ULA_A_IN[0] ; JMP_lo      ;       ; 6.929 ; 6.929 ;       ;
; ULA_A_IN[0] ; LED_OVRF    ; 6.535 ; 6.535 ; 6.535 ; 6.535 ;
; ULA_A_IN[0] ; ULA_OUT[0]  ; 6.489 ; 6.388 ; 6.388 ; 6.489 ;
; ULA_A_IN[0] ; ULA_OUT[1]  ; 6.487 ; 7.327 ; 7.327 ; 6.487 ;
; ULA_A_IN[0] ; ULA_OUT[2]  ; 6.582 ; 6.582 ; 6.582 ; 6.582 ;
; ULA_A_IN[0] ; ULA_OUT[3]  ; 6.962 ; 6.962 ; 6.962 ; 6.962 ;
; ULA_A_IN[0] ; ULA_OUT[4]  ; 7.011 ; 7.011 ; 7.011 ; 7.011 ;
; ULA_A_IN[0] ; ULA_OUT[5]  ; 7.263 ; 7.263 ; 7.263 ; 7.263 ;
; ULA_A_IN[0] ; ULA_OUT[6]  ; 7.087 ; 7.087 ; 7.087 ; 7.087 ;
; ULA_A_IN[0] ; ULA_OUT[7]  ; 6.604 ; 6.604 ; 6.604 ; 6.604 ;
; ULA_A_IN[1] ; JMP_eq      ; 4.485 ; 4.485 ; 4.485 ; 4.485 ;
; ULA_A_IN[1] ; JMP_hi      ; 4.686 ; 5.063 ; 5.063 ; 4.686 ;
; ULA_A_IN[1] ; JMP_lo      ; 5.245 ; 4.785 ; 4.785 ; 5.245 ;
; ULA_A_IN[1] ; LED_OVRF    ; 4.554 ; 4.554 ; 4.554 ; 4.554 ;
; ULA_A_IN[1] ; ULA_OUT[0]  ; 4.146 ; 5.787 ; 5.787 ; 4.146 ;
; ULA_A_IN[1] ; ULA_OUT[1]  ; 4.527 ; 4.681 ; 4.681 ; 4.527 ;
; ULA_A_IN[1] ; ULA_OUT[2]  ; 3.727 ; 4.043 ; 4.043 ; 3.727 ;
; ULA_A_IN[1] ; ULA_OUT[3]  ; 4.705 ; 4.705 ; 4.705 ; 4.705 ;
; ULA_A_IN[1] ; ULA_OUT[4]  ; 4.894 ; 4.894 ; 4.894 ; 4.894 ;
; ULA_A_IN[1] ; ULA_OUT[5]  ; 4.889 ; 4.889 ; 4.889 ; 4.889 ;
; ULA_A_IN[1] ; ULA_OUT[6]  ; 4.866 ; 4.866 ; 4.866 ; 4.866 ;
; ULA_A_IN[1] ; ULA_OUT[7]  ; 4.453 ; 4.453 ; 4.453 ; 4.453 ;
; ULA_A_IN[2] ; JMP_eq      ; 6.067 ; 6.067 ; 6.067 ; 6.067 ;
; ULA_A_IN[2] ; JMP_hi      ; 6.149 ;       ;       ; 6.149 ;
; ULA_A_IN[2] ; JMP_lo      ;       ; 6.325 ; 6.325 ;       ;
; ULA_A_IN[2] ; LED_OVRF    ; 6.583 ; 6.583 ; 6.583 ; 6.583 ;
; ULA_A_IN[2] ; ULA_OUT[0]  ; 7.327 ; 7.327 ; 7.327 ; 7.327 ;
; ULA_A_IN[2] ; ULA_OUT[1]  ; 6.326 ; 7.697 ; 7.697 ; 6.326 ;
; ULA_A_IN[2] ; ULA_OUT[2]  ; 6.216 ; 6.216 ; 6.216 ; 6.216 ;
; ULA_A_IN[2] ; ULA_OUT[3]  ; 5.717 ; 6.879 ; 6.879 ; 5.717 ;
; ULA_A_IN[2] ; ULA_OUT[4]  ; 6.768 ; 6.768 ; 6.768 ; 6.768 ;
; ULA_A_IN[2] ; ULA_OUT[5]  ; 7.062 ; 7.062 ; 7.062 ; 7.062 ;
; ULA_A_IN[2] ; ULA_OUT[6]  ; 7.039 ; 7.039 ; 7.039 ; 7.039 ;
; ULA_A_IN[2] ; ULA_OUT[7]  ; 6.626 ; 6.626 ; 6.626 ; 6.626 ;
; ULA_A_IN[3] ; JMP_eq      ; 6.091 ; 6.091 ; 6.091 ; 6.091 ;
; ULA_A_IN[3] ; JMP_hi      ; 6.519 ; 6.519 ; 6.519 ; 6.519 ;
; ULA_A_IN[3] ; JMP_lo      ; 6.697 ; 6.697 ; 6.697 ; 6.697 ;
; ULA_A_IN[3] ; LED_OVRF    ; 6.449 ; 6.449 ; 6.449 ; 6.449 ;
; ULA_A_IN[3] ; ULA_OUT[0]  ; 7.699 ; 7.699 ; 7.699 ; 7.699 ;
; ULA_A_IN[3] ; ULA_OUT[1]  ; 7.721 ; 7.721 ; 7.721 ; 7.721 ;
; ULA_A_IN[3] ; ULA_OUT[2]  ; 6.041 ; 7.586 ; 7.586 ; 6.041 ;
; ULA_A_IN[3] ; ULA_OUT[3]  ; 6.140 ; 6.292 ; 6.292 ; 6.140 ;
; ULA_A_IN[3] ; ULA_OUT[4]  ; 6.551 ; 7.209 ; 7.209 ; 6.551 ;
; ULA_A_IN[3] ; ULA_OUT[5]  ; 7.230 ; 7.230 ; 7.230 ; 7.230 ;
; ULA_A_IN[3] ; ULA_OUT[6]  ; 7.258 ; 7.258 ; 7.258 ; 7.258 ;
; ULA_A_IN[3] ; ULA_OUT[7]  ; 6.845 ; 6.845 ; 6.845 ; 6.845 ;
; ULA_A_IN[4] ; JMP_eq      ; 6.613 ; 6.613 ; 6.613 ; 6.613 ;
; ULA_A_IN[4] ; JMP_hi      ; 7.031 ; 7.041 ; 7.041 ; 7.031 ;
; ULA_A_IN[4] ; JMP_lo      ; 7.219 ; 7.150 ; 7.150 ; 7.219 ;
; ULA_A_IN[4] ; LED_OVRF    ; 6.677 ; 6.677 ; 6.677 ; 6.677 ;
; ULA_A_IN[4] ; ULA_OUT[0]  ; 8.152 ; 8.152 ; 8.152 ; 8.152 ;
; ULA_A_IN[4] ; ULA_OUT[1]  ; 8.243 ; 8.243 ; 8.243 ; 8.243 ;
; ULA_A_IN[4] ; ULA_OUT[2]  ; 8.098 ; 8.098 ; 8.098 ; 8.098 ;
; ULA_A_IN[4] ; ULA_OUT[3]  ; 6.004 ;       ;       ; 6.004 ;
; ULA_A_IN[4] ; ULA_OUT[4]  ; 6.124 ; 6.124 ; 6.124 ; 6.124 ;
; ULA_A_IN[4] ; ULA_OUT[5]  ; 6.290 ; 7.159 ; 7.159 ; 6.290 ;
; ULA_A_IN[4] ; ULA_OUT[6]  ; 7.136 ; 7.136 ; 7.136 ; 7.136 ;
; ULA_A_IN[4] ; ULA_OUT[7]  ; 6.887 ; 6.887 ; 6.887 ; 6.887 ;
; ULA_A_IN[5] ; JMP_eq      ; 6.280 ; 6.280 ; 6.280 ; 6.280 ;
; ULA_A_IN[5] ; JMP_hi      ; 6.489 ; 6.708 ; 6.708 ; 6.489 ;
; ULA_A_IN[5] ; JMP_lo      ; 6.886 ; 6.604 ; 6.604 ; 6.886 ;
; ULA_A_IN[5] ; LED_OVRF    ; 6.542 ; 6.542 ; 6.542 ; 6.542 ;
; ULA_A_IN[5] ; ULA_OUT[0]  ; 7.606 ; 7.606 ; 7.606 ; 7.606 ;
; ULA_A_IN[5] ; ULA_OUT[1]  ; 7.910 ; 7.910 ; 7.910 ; 7.910 ;
; ULA_A_IN[5] ; ULA_OUT[2]  ; 7.556 ; 7.556 ; 7.556 ; 7.556 ;
; ULA_A_IN[5] ; ULA_OUT[4]  ; 6.140 ;       ;       ; 6.140 ;
; ULA_A_IN[5] ; ULA_OUT[5]  ; 5.731 ; 5.731 ; 5.731 ; 5.731 ;
; ULA_A_IN[5] ; ULA_OUT[6]  ; 6.411 ; 6.628 ; 6.628 ; 6.411 ;
; ULA_A_IN[5] ; ULA_OUT[7]  ; 6.622 ; 6.622 ; 6.622 ; 6.622 ;
; ULA_A_IN[6] ; JMP_eq      ; 6.651 ; 6.651 ; 6.651 ; 6.651 ;
; ULA_A_IN[6] ; JMP_hi      ; 6.090 ; 7.079 ; 7.079 ; 6.090 ;
; ULA_A_IN[6] ; JMP_lo      ; 7.257 ; 6.157 ; 6.157 ; 7.257 ;
; ULA_A_IN[6] ; LED_OVRF    ; 6.694 ; 6.694 ; 6.694 ; 6.694 ;
; ULA_A_IN[6] ; ULA_OUT[0]  ; 7.159 ; 7.159 ; 7.159 ; 7.159 ;
; ULA_A_IN[6] ; ULA_OUT[1]  ; 8.281 ; 8.281 ; 8.281 ; 8.281 ;
; ULA_A_IN[6] ; ULA_OUT[2]  ; 7.157 ; 7.157 ; 7.157 ; 7.157 ;
; ULA_A_IN[6] ; ULA_OUT[5]  ; 6.208 ;       ;       ; 6.208 ;
; ULA_A_IN[6] ; ULA_OUT[6]  ; 6.048 ; 6.688 ; 6.688 ; 6.048 ;
; ULA_A_IN[6] ; ULA_OUT[7]  ; 6.334 ; 6.849 ; 6.849 ; 6.334 ;
; ULA_A_IN[7] ; JMP_eq      ; 6.549 ; 6.549 ; 6.549 ; 6.549 ;
; ULA_A_IN[7] ; JMP_hi      ; 5.858 ; 6.303 ; 6.303 ; 5.858 ;
; ULA_A_IN[7] ; JMP_lo      ; 6.457 ; 5.870 ; 5.870 ; 6.457 ;
; ULA_A_IN[7] ; LED_OVRF    ; 6.822 ; 6.822 ; 6.822 ; 6.822 ;
; ULA_A_IN[7] ; ULA_OUT[0]  ; 6.872 ; 6.872 ; 6.872 ; 6.872 ;
; ULA_A_IN[7] ; ULA_OUT[1]  ; 8.179 ; 8.179 ; 8.179 ; 8.179 ;
; ULA_A_IN[7] ; ULA_OUT[2]  ; 6.925 ; 6.925 ; 6.925 ; 6.925 ;
; ULA_A_IN[7] ; ULA_OUT[6]  ; 6.429 ;       ;       ; 6.429 ;
; ULA_A_IN[7] ; ULA_OUT[7]  ; 6.064 ; 5.978 ; 5.978 ; 6.064 ;
; ULA_B_IN[0] ; JMP_eq      ; 6.405 ; 6.405 ; 6.405 ; 6.405 ;
; ULA_B_IN[0] ; JMP_hi      ;       ; 6.482 ; 6.482 ;       ;
; ULA_B_IN[0] ; JMP_lo      ; 6.669 ;       ;       ; 6.669 ;
; ULA_B_IN[0] ; LED_OVRF    ; 7.234 ; 7.234 ; 7.234 ; 7.234 ;
; ULA_B_IN[0] ; ULA_OUT[0]  ; 6.394 ; 6.439 ; 6.439 ; 6.394 ;
; ULA_B_IN[0] ; ULA_OUT[1]  ; 7.680 ; 7.680 ; 7.680 ; 7.680 ;
; ULA_B_IN[0] ; ULA_OUT[2]  ; 7.549 ; 7.549 ; 7.549 ; 7.549 ;
; ULA_B_IN[0] ; ULA_OUT[3]  ; 7.623 ; 7.623 ; 7.623 ; 7.623 ;
; ULA_B_IN[0] ; ULA_OUT[4]  ; 7.843 ; 7.843 ; 7.843 ; 7.843 ;
; ULA_B_IN[0] ; ULA_OUT[5]  ; 7.775 ; 7.775 ; 7.775 ; 7.775 ;
; ULA_B_IN[0] ; ULA_OUT[6]  ; 7.602 ; 7.602 ; 7.602 ; 7.602 ;
; ULA_B_IN[0] ; ULA_OUT[7]  ; 8.024 ; 8.024 ; 8.024 ; 8.024 ;
; ULA_B_IN[1] ; JMP_eq      ; 6.501 ; 6.501 ; 6.501 ; 6.501 ;
; ULA_B_IN[1] ; JMP_hi      ; 7.079 ; 6.741 ; 6.741 ; 7.079 ;
; ULA_B_IN[1] ; JMP_lo      ; 6.847 ; 7.261 ; 7.261 ; 6.847 ;
; ULA_B_IN[1] ; LED_OVRF    ; 6.966 ; 6.966 ; 6.966 ; 6.966 ;
; ULA_B_IN[1] ; ULA_OUT[0]  ; 7.849 ; 7.849 ; 7.849 ; 7.849 ;
; ULA_B_IN[1] ; ULA_OUT[1]  ; 6.743 ; 7.254 ; 7.254 ; 6.743 ;
; ULA_B_IN[1] ; ULA_OUT[2]  ; 7.594 ; 7.594 ; 7.594 ; 7.594 ;
; ULA_B_IN[1] ; ULA_OUT[3]  ; 7.460 ; 7.460 ; 7.460 ; 7.460 ;
; ULA_B_IN[1] ; ULA_OUT[4]  ; 7.575 ; 7.575 ; 7.575 ; 7.575 ;
; ULA_B_IN[1] ; ULA_OUT[5]  ; 7.507 ; 7.507 ; 7.507 ; 7.507 ;
; ULA_B_IN[1] ; ULA_OUT[6]  ; 7.334 ; 7.334 ; 7.334 ; 7.334 ;
; ULA_B_IN[1] ; ULA_OUT[7]  ; 7.756 ; 7.756 ; 7.756 ; 7.756 ;
; ULA_B_IN[2] ; JMP_eq      ; 6.318 ; 6.318 ; 6.318 ; 6.318 ;
; ULA_B_IN[2] ; JMP_hi      ;       ; 6.123 ; 6.123 ;       ;
; ULA_B_IN[2] ; JMP_lo      ; 6.306 ;       ;       ; 6.306 ;
; ULA_B_IN[2] ; LED_OVRF    ; 6.812 ; 6.812 ; 6.812 ; 6.812 ;
; ULA_B_IN[2] ; ULA_OUT[0]  ; 7.308 ; 7.308 ; 7.308 ; 7.308 ;
; ULA_B_IN[2] ; ULA_OUT[1]  ; 7.948 ; 7.948 ; 7.948 ; 7.948 ;
; ULA_B_IN[2] ; ULA_OUT[2]  ; 6.524 ; 6.795 ; 6.795 ; 6.524 ;
; ULA_B_IN[2] ; ULA_OUT[3]  ; 7.306 ; 7.306 ; 7.306 ; 7.306 ;
; ULA_B_IN[2] ; ULA_OUT[4]  ; 7.421 ; 7.421 ; 7.421 ; 7.421 ;
; ULA_B_IN[2] ; ULA_OUT[5]  ; 7.353 ; 7.353 ; 7.353 ; 7.353 ;
; ULA_B_IN[2] ; ULA_OUT[6]  ; 7.180 ; 7.180 ; 7.180 ; 7.180 ;
; ULA_B_IN[2] ; ULA_OUT[7]  ; 7.602 ; 7.602 ; 7.602 ; 7.602 ;
; ULA_B_IN[3] ; JMP_eq      ; 6.379 ; 6.379 ; 6.379 ; 6.379 ;
; ULA_B_IN[3] ; JMP_hi      ; 6.807 ; 6.807 ; 6.807 ; 6.807 ;
; ULA_B_IN[3] ; JMP_lo      ; 6.985 ; 6.985 ; 6.985 ; 6.985 ;
; ULA_B_IN[3] ; LED_OVRF    ; 6.960 ; 6.960 ; 6.960 ; 6.960 ;
; ULA_B_IN[3] ; ULA_OUT[0]  ; 7.987 ; 7.987 ; 7.987 ; 7.987 ;
; ULA_B_IN[3] ; ULA_OUT[1]  ; 8.009 ; 8.009 ; 8.009 ; 8.009 ;
; ULA_B_IN[3] ; ULA_OUT[2]  ; 7.874 ; 7.874 ; 7.874 ; 7.874 ;
; ULA_B_IN[3] ; ULA_OUT[3]  ; 6.191 ; 6.343 ; 6.343 ; 6.191 ;
; ULA_B_IN[3] ; ULA_OUT[4]  ; 7.413 ; 7.413 ; 7.413 ; 7.413 ;
; ULA_B_IN[3] ; ULA_OUT[5]  ; 7.434 ; 7.434 ; 7.434 ; 7.434 ;
; ULA_B_IN[3] ; ULA_OUT[6]  ; 7.328 ; 7.328 ; 7.328 ; 7.328 ;
; ULA_B_IN[3] ; ULA_OUT[7]  ; 7.750 ; 7.750 ; 7.750 ; 7.750 ;
; ULA_B_IN[4] ; JMP_eq      ; 6.355 ; 6.355 ; 6.355 ; 6.355 ;
; ULA_B_IN[4] ; JMP_hi      ; 6.783 ; 6.783 ; 6.783 ; 6.783 ;
; ULA_B_IN[4] ; JMP_lo      ; 6.961 ; 6.961 ; 6.961 ; 6.961 ;
; ULA_B_IN[4] ; LED_OVRF    ; 6.746 ; 6.746 ; 6.746 ; 6.746 ;
; ULA_B_IN[4] ; ULA_OUT[0]  ; 7.963 ; 7.963 ; 7.963 ; 7.963 ;
; ULA_B_IN[4] ; ULA_OUT[1]  ; 7.985 ; 7.985 ; 7.985 ; 7.985 ;
; ULA_B_IN[4] ; ULA_OUT[2]  ; 7.850 ; 7.850 ; 7.850 ; 7.850 ;
; ULA_B_IN[4] ; ULA_OUT[4]  ; 5.852 ; 5.852 ; 5.852 ; 5.852 ;
; ULA_B_IN[4] ; ULA_OUT[5]  ; 7.095 ; 7.095 ; 7.095 ; 7.095 ;
; ULA_B_IN[4] ; ULA_OUT[6]  ; 7.114 ; 7.114 ; 7.114 ; 7.114 ;
; ULA_B_IN[4] ; ULA_OUT[7]  ; 7.536 ; 7.536 ; 7.536 ; 7.536 ;
; ULA_B_IN[5] ; JMP_eq      ; 6.451 ; 6.451 ; 6.451 ; 6.451 ;
; ULA_B_IN[5] ; JMP_hi      ; 6.879 ; 6.659 ; 6.659 ; 6.879 ;
; ULA_B_IN[5] ; JMP_lo      ; 6.778 ; 7.057 ; 7.057 ; 6.778 ;
; ULA_B_IN[5] ; LED_OVRF    ; 6.771 ; 6.771 ; 6.771 ; 6.771 ;
; ULA_B_IN[5] ; ULA_OUT[0]  ; 7.780 ; 7.780 ; 7.780 ; 7.780 ;
; ULA_B_IN[5] ; ULA_OUT[1]  ; 8.081 ; 8.081 ; 8.081 ; 8.081 ;
; ULA_B_IN[5] ; ULA_OUT[2]  ; 7.726 ; 7.726 ; 7.726 ; 7.726 ;
; ULA_B_IN[5] ; ULA_OUT[5]  ; 5.807 ; 5.807 ; 5.807 ; 5.807 ;
; ULA_B_IN[5] ; ULA_OUT[6]  ; 7.059 ; 7.059 ; 7.059 ; 7.059 ;
; ULA_B_IN[5] ; ULA_OUT[7]  ; 7.436 ; 7.436 ; 7.436 ; 7.436 ;
; ULA_B_IN[6] ; JMP_eq      ; 6.725 ; 6.725 ; 6.725 ; 6.725 ;
; ULA_B_IN[6] ; JMP_hi      ; 7.153 ; 6.011 ; 6.011 ; 7.153 ;
; ULA_B_IN[6] ; JMP_lo      ; 6.165 ; 7.331 ; 7.331 ; 6.165 ;
; ULA_B_IN[6] ; LED_OVRF    ; 6.769 ; 6.769 ; 6.769 ; 6.769 ;
; ULA_B_IN[6] ; ULA_OUT[0]  ; 7.167 ; 7.167 ; 7.167 ; 7.167 ;
; ULA_B_IN[6] ; ULA_OUT[1]  ; 8.355 ; 8.355 ; 8.355 ; 8.355 ;
; ULA_B_IN[6] ; ULA_OUT[2]  ; 7.078 ; 7.078 ; 7.078 ; 7.078 ;
; ULA_B_IN[6] ; ULA_OUT[6]  ; 5.988 ; 6.509 ; 6.509 ; 5.988 ;
; ULA_B_IN[6] ; ULA_OUT[7]  ; 6.892 ; 6.892 ; 6.892 ; 6.892 ;
; ULA_B_IN[7] ; JMP_eq      ; 6.571 ; 6.571 ; 6.571 ; 6.571 ;
; ULA_B_IN[7] ; JMP_hi      ; 6.252 ; 5.682 ; 5.682 ; 6.252 ;
; ULA_B_IN[7] ; JMP_lo      ; 5.890 ; 6.406 ; 6.406 ; 5.890 ;
; ULA_B_IN[7] ; LED_OVRF    ; 6.356 ; 6.356 ; 6.356 ; 6.356 ;
; ULA_B_IN[7] ; ULA_OUT[0]  ; 6.892 ; 6.892 ; 6.892 ; 6.892 ;
; ULA_B_IN[7] ; ULA_OUT[1]  ; 8.201 ; 8.201 ; 8.201 ; 8.201 ;
; ULA_B_IN[7] ; ULA_OUT[2]  ; 6.749 ; 6.749 ; 6.749 ; 6.749 ;
; ULA_B_IN[7] ; ULA_OUT[7]  ; 6.018 ; 6.018 ; 6.018 ; 6.018 ;
; ULA_S_IN[0] ; LED_OVRF    ; 3.718 ; 3.718 ; 3.718 ; 3.718 ;
; ULA_S_IN[0] ; ULA_OUT[0]  ; 4.246 ; 4.141 ; 4.141 ; 4.246 ;
; ULA_S_IN[0] ; ULA_OUT[1]  ; 4.222 ; 4.222 ; 4.222 ; 4.222 ;
; ULA_S_IN[0] ; ULA_OUT[2]  ; 4.023 ; 4.023 ; 4.023 ; 4.023 ;
; ULA_S_IN[0] ; ULA_OUT[3]  ; 3.827 ; 3.827 ; 3.827 ; 3.827 ;
; ULA_S_IN[0] ; ULA_OUT[4]  ; 3.941 ; 3.941 ; 3.941 ; 3.941 ;
; ULA_S_IN[0] ; ULA_OUT[5]  ; 3.823 ; 3.823 ; 3.823 ; 3.823 ;
; ULA_S_IN[0] ; ULA_OUT[6]  ; 3.944 ; 4.248 ; 4.248 ; 3.944 ;
; ULA_S_IN[0] ; ULA_OUT[7]  ; 4.033 ; 4.033 ; 4.033 ; 4.033 ;
; ULA_S_IN[1] ; LED_OVRF    ; 5.765 ; 5.600 ; 5.600 ; 5.765 ;
; ULA_S_IN[1] ; ULA_OUT[0]  ; 6.309 ; 6.095 ; 6.095 ; 6.309 ;
; ULA_S_IN[1] ; ULA_OUT[1]  ; 6.092 ; 6.092 ; 6.092 ; 6.092 ;
; ULA_S_IN[1] ; ULA_OUT[2]  ; 5.798 ; 5.798 ; 5.798 ; 5.798 ;
; ULA_S_IN[1] ; ULA_OUT[3]  ; 6.491 ; 6.491 ; 6.491 ; 6.491 ;
; ULA_S_IN[1] ; ULA_OUT[4]  ; 6.673 ; 6.673 ; 6.673 ; 6.673 ;
; ULA_S_IN[1] ; ULA_OUT[5]  ; 6.494 ; 6.494 ; 6.494 ; 6.494 ;
; ULA_S_IN[1] ; ULA_OUT[6]  ; 6.682 ; 6.682 ; 6.682 ; 6.682 ;
; ULA_S_IN[1] ; ULA_OUT[7]  ; 6.334 ; 6.189 ; 6.189 ; 6.334 ;
; ULA_S_IN[2] ; LED_OVRF    ;       ; 5.630 ; 5.630 ;       ;
; ULA_S_IN[2] ; ULA_OUT[0]  ; 6.008 ; 6.008 ; 6.008 ; 6.008 ;
; ULA_S_IN[2] ; ULA_OUT[1]  ; 6.660 ; 6.660 ; 6.660 ; 6.660 ;
; ULA_S_IN[2] ; ULA_OUT[2]  ; 6.239 ; 6.239 ; 6.239 ; 6.239 ;
; ULA_S_IN[2] ; ULA_OUT[3]  ; 6.206 ; 6.206 ; 6.206 ; 6.206 ;
; ULA_S_IN[2] ; ULA_OUT[4]  ; 6.388 ; 6.388 ; 6.388 ; 6.388 ;
; ULA_S_IN[2] ; ULA_OUT[5]  ; 6.209 ; 6.209 ; 6.209 ; 6.209 ;
; ULA_S_IN[2] ; ULA_OUT[6]  ; 6.397 ; 6.397 ; 6.397 ; 6.397 ;
; ULA_S_IN[2] ; ULA_OUT[7]  ; 6.105 ; 6.105 ; 6.105 ; 6.105 ;
; ULA_S_IN[3] ; LED_OVRF    ; 5.972 ; 5.972 ; 5.972 ; 5.972 ;
; ULA_S_IN[3] ; ULA_OUT[0]  ; 5.934 ; 5.934 ; 5.934 ; 5.934 ;
; ULA_S_IN[3] ; ULA_OUT[1]  ; 6.152 ; 6.152 ; 6.152 ; 6.152 ;
; ULA_S_IN[3] ; ULA_OUT[2]  ; 5.933 ; 5.933 ; 5.933 ; 5.933 ;
; ULA_S_IN[3] ; ULA_OUT[3]  ; 6.047 ; 6.047 ; 6.047 ; 6.047 ;
; ULA_S_IN[3] ; ULA_OUT[4]  ; 5.881 ; 5.881 ; 5.881 ; 5.881 ;
; ULA_S_IN[3] ; ULA_OUT[5]  ; 5.834 ; 5.834 ; 5.834 ; 5.834 ;
; ULA_S_IN[3] ; ULA_OUT[6]  ; 6.170 ; 6.170 ; 6.170 ; 6.170 ;
; ULA_S_IN[3] ; ULA_OUT[7]  ; 5.959 ; 5.959 ; 5.959 ; 5.959 ;
+-------------+-------------+-------+-------+-------+-------+


+----------------------------------------------------------------------------+
; Multicorner Timing Analysis Summary                                        ;
+------------------+-------+------+----------+---------+---------------------+
; Clock            ; Setup ; Hold ; Recovery ; Removal ; Minimum Pulse Width ;
+------------------+-------+------+----------+---------+---------------------+
; Worst-case Slack ; N/A   ; N/A  ; N/A      ; N/A     ; N/A                 ;
; Design-wide TNS  ; 0.0   ; 0.0  ; 0.0      ; 0.0     ; 0.0                 ;
+------------------+-------+------+----------+---------+---------------------+


+---------------------------------------------------------------+
; Progagation Delay                                             ;
+-------------+-------------+--------+--------+--------+--------+
; Input Port  ; Output Port ; RR     ; RF     ; FR     ; FF     ;
+-------------+-------------+--------+--------+--------+--------+
; ULA_A_IN[0] ; JMP_eq      ; 11.830 ; 11.830 ; 11.830 ; 11.830 ;
; ULA_A_IN[0] ; JMP_hi      ; 12.597 ;        ;        ; 12.597 ;
; ULA_A_IN[0] ; JMP_lo      ;        ; 12.867 ; 12.867 ;        ;
; ULA_A_IN[0] ; LED_OVRF    ; 25.302 ; 25.302 ; 25.302 ; 25.302 ;
; ULA_A_IN[0] ; ULA_OUT[0]  ; 15.272 ; 15.272 ; 15.272 ; 15.272 ;
; ULA_A_IN[0] ; ULA_OUT[1]  ; 16.422 ; 16.422 ; 16.422 ; 16.422 ;
; ULA_A_IN[0] ; ULA_OUT[2]  ; 15.734 ; 15.734 ; 15.734 ; 15.734 ;
; ULA_A_IN[0] ; ULA_OUT[3]  ; 16.087 ; 16.087 ; 16.087 ; 16.087 ;
; ULA_A_IN[0] ; ULA_OUT[4]  ; 19.013 ; 19.013 ; 19.013 ; 19.013 ;
; ULA_A_IN[0] ; ULA_OUT[5]  ; 20.216 ; 20.216 ; 20.216 ; 20.216 ;
; ULA_A_IN[0] ; ULA_OUT[6]  ; 23.748 ; 23.748 ; 23.748 ; 23.748 ;
; ULA_A_IN[0] ; ULA_OUT[7]  ; 24.474 ; 24.474 ; 24.474 ; 24.474 ;
; ULA_A_IN[1] ; JMP_eq      ; 8.816  ; 8.816  ; 8.816  ; 8.816  ;
; ULA_A_IN[1] ; JMP_hi      ; 10.261 ; 10.261 ; 10.261 ; 10.261 ;
; ULA_A_IN[1] ; JMP_lo      ; 10.532 ; 10.532 ; 10.532 ; 10.532 ;
; ULA_A_IN[1] ; LED_OVRF    ; 22.112 ; 22.112 ; 22.112 ; 22.112 ;
; ULA_A_IN[1] ; ULA_OUT[0]  ; 12.937 ; 12.937 ; 12.937 ; 12.937 ;
; ULA_A_IN[1] ; ULA_OUT[1]  ; 12.578 ; 12.578 ; 12.578 ; 12.578 ;
; ULA_A_IN[1] ; ULA_OUT[2]  ; 12.672 ; 12.672 ; 12.672 ; 12.672 ;
; ULA_A_IN[1] ; ULA_OUT[3]  ; 12.897 ; 12.897 ; 12.897 ; 12.897 ;
; ULA_A_IN[1] ; ULA_OUT[4]  ; 15.823 ; 15.823 ; 15.823 ; 15.823 ;
; ULA_A_IN[1] ; ULA_OUT[5]  ; 17.026 ; 17.026 ; 17.026 ; 17.026 ;
; ULA_A_IN[1] ; ULA_OUT[6]  ; 20.558 ; 20.558 ; 20.558 ; 20.558 ;
; ULA_A_IN[1] ; ULA_OUT[7]  ; 21.284 ; 21.284 ; 21.284 ; 21.284 ;
; ULA_A_IN[2] ; JMP_eq      ; 10.967 ; 10.967 ; 10.967 ; 10.967 ;
; ULA_A_IN[2] ; JMP_hi      ; 11.255 ;        ;        ; 11.255 ;
; ULA_A_IN[2] ; JMP_lo      ;        ; 11.523 ; 11.523 ;        ;
; ULA_A_IN[2] ; LED_OVRF    ; 25.364 ; 25.364 ; 25.364 ; 25.364 ;
; ULA_A_IN[2] ; ULA_OUT[0]  ; 13.928 ; 13.928 ; 13.928 ; 13.928 ;
; ULA_A_IN[2] ; ULA_OUT[1]  ; 14.729 ; 14.729 ; 14.729 ; 14.729 ;
; ULA_A_IN[2] ; ULA_OUT[2]  ; 15.128 ; 15.128 ; 15.128 ; 15.128 ;
; ULA_A_IN[2] ; ULA_OUT[3]  ; 16.149 ; 16.149 ; 16.149 ; 16.149 ;
; ULA_A_IN[2] ; ULA_OUT[4]  ; 19.075 ; 19.075 ; 19.075 ; 19.075 ;
; ULA_A_IN[2] ; ULA_OUT[5]  ; 20.278 ; 20.278 ; 20.278 ; 20.278 ;
; ULA_A_IN[2] ; ULA_OUT[6]  ; 23.810 ; 23.810 ; 23.810 ; 23.810 ;
; ULA_A_IN[2] ; ULA_OUT[7]  ; 24.536 ; 24.536 ; 24.536 ; 24.536 ;
; ULA_A_IN[3] ; JMP_eq      ; 11.048 ; 11.048 ; 11.048 ; 11.048 ;
; ULA_A_IN[3] ; JMP_hi      ; 12.685 ; 12.101 ; 12.101 ; 12.685 ;
; ULA_A_IN[3] ; JMP_lo      ; 12.372 ; 12.866 ; 12.866 ; 12.372 ;
; ULA_A_IN[3] ; LED_OVRF    ; 24.952 ; 24.952 ; 24.952 ; 24.952 ;
; ULA_A_IN[3] ; ULA_OUT[0]  ; 15.271 ; 15.271 ; 15.271 ; 15.271 ;
; ULA_A_IN[3] ; ULA_OUT[1]  ; 14.810 ; 14.810 ; 14.810 ; 14.810 ;
; ULA_A_IN[3] ; ULA_OUT[2]  ; 15.096 ; 15.096 ; 15.096 ; 15.096 ;
; ULA_A_IN[3] ; ULA_OUT[3]  ; 15.901 ; 15.901 ; 15.901 ; 15.901 ;
; ULA_A_IN[3] ; ULA_OUT[4]  ; 18.663 ; 18.663 ; 18.663 ; 18.663 ;
; ULA_A_IN[3] ; ULA_OUT[5]  ; 19.866 ; 19.866 ; 19.866 ; 19.866 ;
; ULA_A_IN[3] ; ULA_OUT[6]  ; 23.398 ; 23.398 ; 23.398 ; 23.398 ;
; ULA_A_IN[3] ; ULA_OUT[7]  ; 24.124 ; 24.124 ; 24.124 ; 24.124 ;
; ULA_A_IN[4] ; JMP_eq      ; 12.253 ; 12.253 ; 12.253 ; 12.253 ;
; ULA_A_IN[4] ; JMP_hi      ; 13.387 ; 13.306 ; 13.306 ; 13.387 ;
; ULA_A_IN[4] ; JMP_lo      ; 13.577 ; 13.577 ; 13.577 ; 13.577 ;
; ULA_A_IN[4] ; LED_OVRF    ; 24.500 ; 24.500 ; 24.500 ; 24.500 ;
; ULA_A_IN[4] ; ULA_OUT[0]  ; 15.982 ; 15.982 ; 15.982 ; 15.982 ;
; ULA_A_IN[4] ; ULA_OUT[1]  ; 16.015 ; 16.015 ; 16.015 ; 16.015 ;
; ULA_A_IN[4] ; ULA_OUT[2]  ; 15.798 ; 15.798 ; 15.798 ; 15.798 ;
; ULA_A_IN[4] ; ULA_OUT[3]  ; 10.893 ;        ;        ; 10.893 ;
; ULA_A_IN[4] ; ULA_OUT[4]  ; 18.008 ; 18.008 ; 18.008 ; 18.008 ;
; ULA_A_IN[4] ; ULA_OUT[5]  ; 19.211 ; 19.211 ; 19.211 ; 19.211 ;
; ULA_A_IN[4] ; ULA_OUT[6]  ; 22.743 ; 22.743 ; 22.743 ; 22.743 ;
; ULA_A_IN[4] ; ULA_OUT[7]  ; 23.469 ; 23.469 ; 23.469 ; 23.469 ;
; ULA_A_IN[5] ; JMP_eq      ; 11.516 ; 11.516 ; 11.516 ; 11.516 ;
; ULA_A_IN[5] ; JMP_hi      ; 12.569 ; 12.569 ; 12.569 ; 12.569 ;
; ULA_A_IN[5] ; JMP_lo      ; 12.840 ; 12.840 ; 12.840 ; 12.840 ;
; ULA_A_IN[5] ; LED_OVRF    ; 24.654 ; 24.654 ; 24.654 ; 24.654 ;
; ULA_A_IN[5] ; ULA_OUT[0]  ; 15.245 ; 15.245 ; 15.245 ; 15.245 ;
; ULA_A_IN[5] ; ULA_OUT[1]  ; 15.278 ; 15.278 ; 15.278 ; 15.278 ;
; ULA_A_IN[5] ; ULA_OUT[2]  ; 14.980 ; 14.980 ; 14.980 ; 14.980 ;
; ULA_A_IN[5] ; ULA_OUT[4]  ; 11.244 ;        ;        ; 11.244 ;
; ULA_A_IN[5] ; ULA_OUT[5]  ; 18.837 ; 18.837 ; 18.837 ; 18.837 ;
; ULA_A_IN[5] ; ULA_OUT[6]  ; 22.369 ; 22.369 ; 22.369 ; 22.369 ;
; ULA_A_IN[5] ; ULA_OUT[7]  ; 23.095 ; 23.095 ; 23.095 ; 23.095 ;
; ULA_A_IN[6] ; JMP_eq      ; 12.405 ; 12.405 ; 12.405 ; 12.405 ;
; ULA_A_IN[6] ; JMP_hi      ; 13.458 ; 13.458 ; 13.458 ; 13.458 ;
; ULA_A_IN[6] ; JMP_lo      ; 13.729 ; 13.729 ; 13.729 ; 13.729 ;
; ULA_A_IN[6] ; LED_OVRF    ; 24.600 ; 24.600 ; 24.600 ; 24.600 ;
; ULA_A_IN[6] ; ULA_OUT[0]  ; 16.134 ; 16.134 ; 16.134 ; 16.134 ;
; ULA_A_IN[6] ; ULA_OUT[1]  ; 16.167 ; 16.167 ; 16.167 ; 16.167 ;
; ULA_A_IN[6] ; ULA_OUT[2]  ; 15.869 ; 15.869 ; 15.869 ; 15.869 ;
; ULA_A_IN[6] ; ULA_OUT[5]  ; 11.357 ;        ;        ; 11.357 ;
; ULA_A_IN[6] ; ULA_OUT[6]  ; 20.462 ; 20.462 ; 20.462 ; 20.462 ;
; ULA_A_IN[6] ; ULA_OUT[7]  ; 21.273 ; 21.273 ; 21.273 ; 21.273 ;
; ULA_A_IN[7] ; JMP_eq      ; 12.136 ; 12.136 ; 12.136 ; 12.136 ;
; ULA_A_IN[7] ; JMP_hi      ; 13.189 ; 13.189 ; 13.189 ; 13.189 ;
; ULA_A_IN[7] ; JMP_lo      ; 13.460 ; 13.460 ; 13.460 ; 13.460 ;
; ULA_A_IN[7] ; LED_OVRF    ; 24.208 ; 24.208 ; 24.208 ; 24.208 ;
; ULA_A_IN[7] ; ULA_OUT[0]  ; 15.865 ; 15.865 ; 15.865 ; 15.865 ;
; ULA_A_IN[7] ; ULA_OUT[1]  ; 15.898 ; 15.898 ; 15.898 ; 15.898 ;
; ULA_A_IN[7] ; ULA_OUT[2]  ; 15.600 ; 15.600 ; 15.600 ; 15.600 ;
; ULA_A_IN[7] ; ULA_OUT[6]  ; 11.807 ;        ;        ; 11.807 ;
; ULA_A_IN[7] ; ULA_OUT[7]  ; 20.881 ; 20.881 ; 20.881 ; 20.881 ;
; ULA_B_IN[0] ; JMP_eq      ; 11.856 ; 11.856 ; 11.856 ; 11.856 ;
; ULA_B_IN[0] ; JMP_hi      ;        ; 12.131 ; 12.131 ;        ;
; ULA_B_IN[0] ; JMP_lo      ; 12.409 ;        ;        ; 12.409 ;
; ULA_B_IN[0] ; LED_OVRF    ; 25.504 ; 25.504 ; 25.504 ; 25.504 ;
; ULA_B_IN[0] ; ULA_OUT[0]  ; 14.814 ; 14.814 ; 14.814 ; 14.814 ;
; ULA_B_IN[0] ; ULA_OUT[1]  ; 16.007 ; 16.007 ; 16.007 ; 16.007 ;
; ULA_B_IN[0] ; ULA_OUT[2]  ; 15.319 ; 15.319 ; 15.319 ; 15.319 ;
; ULA_B_IN[0] ; ULA_OUT[3]  ; 16.289 ; 16.289 ; 16.289 ; 16.289 ;
; ULA_B_IN[0] ; ULA_OUT[4]  ; 19.215 ; 19.215 ; 19.215 ; 19.215 ;
; ULA_B_IN[0] ; ULA_OUT[5]  ; 20.418 ; 20.418 ; 20.418 ; 20.418 ;
; ULA_B_IN[0] ; ULA_OUT[6]  ; 23.950 ; 23.950 ; 23.950 ; 23.950 ;
; ULA_B_IN[0] ; ULA_OUT[7]  ; 24.676 ; 24.676 ; 24.676 ; 24.676 ;
; ULA_B_IN[1] ; JMP_eq      ; 11.958 ; 11.958 ; 11.958 ; 11.958 ;
; ULA_B_IN[1] ; JMP_hi      ; 13.403 ; 13.403 ; 13.403 ; 13.403 ;
; ULA_B_IN[1] ; JMP_lo      ; 13.674 ; 13.674 ; 13.674 ; 13.674 ;
; ULA_B_IN[1] ; LED_OVRF    ; 25.344 ; 25.344 ; 25.344 ; 25.344 ;
; ULA_B_IN[1] ; ULA_OUT[0]  ; 16.079 ; 16.079 ; 16.079 ; 16.079 ;
; ULA_B_IN[1] ; ULA_OUT[1]  ; 15.720 ; 15.720 ; 15.720 ; 15.720 ;
; ULA_B_IN[1] ; ULA_OUT[2]  ; 15.814 ; 15.814 ; 15.814 ; 15.814 ;
; ULA_B_IN[1] ; ULA_OUT[3]  ; 16.129 ; 16.129 ; 16.129 ; 16.129 ;
; ULA_B_IN[1] ; ULA_OUT[4]  ; 19.055 ; 19.055 ; 19.055 ; 19.055 ;
; ULA_B_IN[1] ; ULA_OUT[5]  ; 20.258 ; 20.258 ; 20.258 ; 20.258 ;
; ULA_B_IN[1] ; ULA_OUT[6]  ; 23.790 ; 23.790 ; 23.790 ; 23.790 ;
; ULA_B_IN[1] ; ULA_OUT[7]  ; 24.516 ; 24.516 ; 24.516 ; 24.516 ;
; ULA_B_IN[2] ; JMP_eq      ; 11.604 ; 11.604 ; 11.604 ; 11.604 ;
; ULA_B_IN[2] ; JMP_hi      ;        ; 11.335 ; 11.335 ;        ;
; ULA_B_IN[2] ; JMP_lo      ; 11.608 ;        ;        ; 11.608 ;
; ULA_B_IN[2] ; LED_OVRF    ; 23.652 ; 23.652 ; 23.652 ; 23.652 ;
; ULA_B_IN[2] ; ULA_OUT[0]  ; 14.013 ; 14.013 ; 14.013 ; 14.013 ;
; ULA_B_IN[2] ; ULA_OUT[1]  ; 15.366 ; 15.366 ; 15.366 ; 15.366 ;
; ULA_B_IN[2] ; ULA_OUT[2]  ; 14.815 ; 14.815 ; 14.815 ; 14.815 ;
; ULA_B_IN[2] ; ULA_OUT[3]  ; 14.474 ; 14.474 ; 14.474 ; 14.474 ;
; ULA_B_IN[2] ; ULA_OUT[4]  ; 17.363 ; 17.363 ; 17.363 ; 17.363 ;
; ULA_B_IN[2] ; ULA_OUT[5]  ; 18.566 ; 18.566 ; 18.566 ; 18.566 ;
; ULA_B_IN[2] ; ULA_OUT[6]  ; 22.098 ; 22.098 ; 22.098 ; 22.098 ;
; ULA_B_IN[2] ; ULA_OUT[7]  ; 22.824 ; 22.824 ; 22.824 ; 22.824 ;
; ULA_B_IN[3] ; JMP_eq      ; 11.704 ; 11.704 ; 11.704 ; 11.704 ;
; ULA_B_IN[3] ; JMP_hi      ; 12.757 ; 13.168 ; 13.168 ; 12.757 ;
; ULA_B_IN[3] ; JMP_lo      ; 13.348 ; 13.028 ; 13.028 ; 13.348 ;
; ULA_B_IN[3] ; LED_OVRF    ; 22.424 ; 22.424 ; 22.424 ; 22.424 ;
; ULA_B_IN[3] ; ULA_OUT[0]  ; 15.753 ; 15.753 ; 15.753 ; 15.753 ;
; ULA_B_IN[3] ; ULA_OUT[1]  ; 15.466 ; 15.466 ; 15.466 ; 15.466 ;
; ULA_B_IN[3] ; ULA_OUT[2]  ; 15.579 ; 15.579 ; 15.579 ; 15.579 ;
; ULA_B_IN[3] ; ULA_OUT[3]  ; 13.992 ; 13.992 ; 13.992 ; 13.992 ;
; ULA_B_IN[3] ; ULA_OUT[4]  ; 16.135 ; 16.135 ; 16.135 ; 16.135 ;
; ULA_B_IN[3] ; ULA_OUT[5]  ; 17.338 ; 17.338 ; 17.338 ; 17.338 ;
; ULA_B_IN[3] ; ULA_OUT[6]  ; 20.870 ; 20.870 ; 20.870 ; 20.870 ;
; ULA_B_IN[3] ; ULA_OUT[7]  ; 21.596 ; 21.596 ; 21.596 ; 21.596 ;
; ULA_B_IN[4] ; JMP_eq      ; 11.694 ; 11.694 ; 11.694 ; 11.694 ;
; ULA_B_IN[4] ; JMP_hi      ; 12.747 ; 12.930 ; 12.930 ; 12.747 ;
; ULA_B_IN[4] ; JMP_lo      ; 13.142 ; 13.018 ; 13.018 ; 13.142 ;
; ULA_B_IN[4] ; LED_OVRF    ; 19.952 ; 19.952 ; 19.952 ; 19.952 ;
; ULA_B_IN[4] ; ULA_OUT[0]  ; 15.547 ; 15.547 ; 15.547 ; 15.547 ;
; ULA_B_IN[4] ; ULA_OUT[1]  ; 15.456 ; 15.456 ; 15.456 ; 15.456 ;
; ULA_B_IN[4] ; ULA_OUT[2]  ; 15.341 ; 15.341 ; 15.341 ; 15.341 ;
; ULA_B_IN[4] ; ULA_OUT[4]  ; 13.824 ; 13.824 ; 13.824 ; 13.824 ;
; ULA_B_IN[4] ; ULA_OUT[5]  ; 14.866 ; 14.866 ; 14.866 ; 14.866 ;
; ULA_B_IN[4] ; ULA_OUT[6]  ; 18.398 ; 18.398 ; 18.398 ; 18.398 ;
; ULA_B_IN[4] ; ULA_OUT[7]  ; 19.124 ; 19.124 ; 19.124 ; 19.124 ;
; ULA_B_IN[5] ; JMP_eq      ; 11.843 ; 11.843 ; 11.843 ; 11.843 ;
; ULA_B_IN[5] ; JMP_hi      ; 12.896 ; 12.896 ; 12.896 ; 12.896 ;
; ULA_B_IN[5] ; JMP_lo      ; 13.167 ; 13.167 ; 13.167 ; 13.167 ;
; ULA_B_IN[5] ; LED_OVRF    ; 17.968 ; 17.968 ; 17.968 ; 17.968 ;
; ULA_B_IN[5] ; ULA_OUT[0]  ; 15.572 ; 15.572 ; 15.572 ; 15.572 ;
; ULA_B_IN[5] ; ULA_OUT[1]  ; 15.605 ; 15.605 ; 15.605 ; 15.605 ;
; ULA_B_IN[5] ; ULA_OUT[2]  ; 15.307 ; 15.307 ; 15.307 ; 15.307 ;
; ULA_B_IN[5] ; ULA_OUT[5]  ; 14.186 ; 14.186 ; 14.186 ; 14.186 ;
; ULA_B_IN[5] ; ULA_OUT[6]  ; 16.414 ; 16.414 ; 16.414 ; 16.414 ;
; ULA_B_IN[5] ; ULA_OUT[7]  ; 17.140 ; 17.140 ; 17.140 ; 17.140 ;
; ULA_B_IN[6] ; JMP_eq      ; 12.471 ; 12.471 ; 12.471 ; 12.471 ;
; ULA_B_IN[6] ; JMP_hi      ; 13.524 ; 13.524 ; 13.524 ; 13.524 ;
; ULA_B_IN[6] ; JMP_lo      ; 13.795 ; 13.795 ; 13.795 ; 13.795 ;
; ULA_B_IN[6] ; LED_OVRF    ; 15.381 ; 15.381 ; 15.381 ; 15.381 ;
; ULA_B_IN[6] ; ULA_OUT[0]  ; 16.200 ; 16.200 ; 16.200 ; 16.200 ;
; ULA_B_IN[6] ; ULA_OUT[1]  ; 16.233 ; 16.233 ; 16.233 ; 16.233 ;
; ULA_B_IN[6] ; ULA_OUT[2]  ; 15.935 ; 15.935 ; 15.935 ; 15.935 ;
; ULA_B_IN[6] ; ULA_OUT[6]  ; 14.024 ; 14.024 ; 14.024 ; 14.024 ;
; ULA_B_IN[6] ; ULA_OUT[7]  ; 15.120 ; 15.120 ; 15.120 ; 15.120 ;
; ULA_B_IN[7] ; JMP_eq      ; 12.229 ; 12.229 ; 12.229 ; 12.229 ;
; ULA_B_IN[7] ; JMP_hi      ; 13.282 ; 13.282 ; 13.282 ; 13.282 ;
; ULA_B_IN[7] ; JMP_lo      ; 13.553 ; 13.553 ; 13.553 ; 13.553 ;
; ULA_B_IN[7] ; LED_OVRF    ; 13.792 ; 13.758 ; 13.758 ; 13.792 ;
; ULA_B_IN[7] ; ULA_OUT[0]  ; 15.958 ; 15.958 ; 15.958 ; 15.958 ;
; ULA_B_IN[7] ; ULA_OUT[1]  ; 15.991 ; 15.991 ; 15.991 ; 15.991 ;
; ULA_B_IN[7] ; ULA_OUT[2]  ; 15.693 ; 15.693 ; 15.693 ; 15.693 ;
; ULA_B_IN[7] ; ULA_OUT[7]  ; 14.639 ; 14.639 ; 14.639 ; 14.639 ;
; ULA_S_IN[0] ; LED_OVRF    ; 7.886  ; 7.886  ; 7.886  ; 7.886  ;
; ULA_S_IN[0] ; ULA_OUT[0]  ; 8.808  ; 8.808  ; 8.808  ; 8.808  ;
; ULA_S_IN[0] ; ULA_OUT[1]  ; 10.866 ; 10.866 ; 10.866 ; 10.866 ;
; ULA_S_IN[0] ; ULA_OUT[2]  ; 9.727  ; 9.727  ; 9.727  ; 9.727  ;
; ULA_S_IN[0] ; ULA_OUT[3]  ; 10.042 ; 10.042 ; 10.042 ; 10.042 ;
; ULA_S_IN[0] ; ULA_OUT[4]  ; 10.891 ; 10.891 ; 10.891 ; 10.891 ;
; ULA_S_IN[0] ; ULA_OUT[5]  ; 9.858  ; 9.858  ; 9.858  ; 9.858  ;
; ULA_S_IN[0] ; ULA_OUT[6]  ; 10.372 ; 10.372 ; 10.372 ; 10.372 ;
; ULA_S_IN[0] ; ULA_OUT[7]  ; 10.097 ; 10.097 ; 10.097 ; 10.097 ;
; ULA_S_IN[1] ; LED_OVRF    ; 10.570 ; 10.570 ; 10.570 ; 10.570 ;
; ULA_S_IN[1] ; ULA_OUT[0]  ; 11.617 ; 11.617 ; 11.617 ; 11.617 ;
; ULA_S_IN[1] ; ULA_OUT[1]  ; 14.180 ; 14.180 ; 14.180 ; 14.180 ;
; ULA_S_IN[1] ; ULA_OUT[2]  ; 13.513 ; 13.513 ; 13.513 ; 13.513 ;
; ULA_S_IN[1] ; ULA_OUT[3]  ; 13.807 ; 13.807 ; 13.807 ; 13.807 ;
; ULA_S_IN[1] ; ULA_OUT[4]  ; 14.319 ; 14.319 ; 14.319 ; 14.319 ;
; ULA_S_IN[1] ; ULA_OUT[5]  ; 13.903 ; 13.903 ; 13.903 ; 13.903 ;
; ULA_S_IN[1] ; ULA_OUT[6]  ; 14.555 ; 14.555 ; 14.555 ; 14.555 ;
; ULA_S_IN[1] ; ULA_OUT[7]  ; 13.542 ; 13.542 ; 13.542 ; 13.542 ;
; ULA_S_IN[2] ; LED_OVRF    ;        ; 10.224 ; 10.224 ;        ;
; ULA_S_IN[2] ; ULA_OUT[0]  ; 11.482 ; 11.482 ; 11.482 ; 11.482 ;
; ULA_S_IN[2] ; ULA_OUT[1]  ; 13.868 ; 13.868 ; 13.868 ; 13.868 ;
; ULA_S_IN[2] ; ULA_OUT[2]  ; 12.381 ; 12.381 ; 12.381 ; 12.381 ;
; ULA_S_IN[2] ; ULA_OUT[3]  ; 13.220 ; 13.220 ; 13.220 ; 13.220 ;
; ULA_S_IN[2] ; ULA_OUT[4]  ; 13.732 ; 13.732 ; 13.732 ; 13.732 ;
; ULA_S_IN[2] ; ULA_OUT[5]  ; 13.316 ; 13.316 ; 13.316 ; 13.316 ;
; ULA_S_IN[2] ; ULA_OUT[6]  ; 13.968 ; 13.968 ; 13.968 ; 13.968 ;
; ULA_S_IN[2] ; ULA_OUT[7]  ; 12.362 ; 12.362 ; 12.362 ; 12.362 ;
; ULA_S_IN[3] ; LED_OVRF    ; 11.088 ; 11.088 ; 11.088 ; 11.088 ;
; ULA_S_IN[3] ; ULA_OUT[0]  ; 10.755 ; 10.755 ; 10.755 ; 10.755 ;
; ULA_S_IN[3] ; ULA_OUT[1]  ; 14.242 ; 14.242 ; 14.242 ; 14.242 ;
; ULA_S_IN[3] ; ULA_OUT[2]  ; 13.185 ; 13.185 ; 13.185 ; 13.185 ;
; ULA_S_IN[3] ; ULA_OUT[3]  ; 12.953 ; 12.953 ; 12.953 ; 12.953 ;
; ULA_S_IN[3] ; ULA_OUT[4]  ; 13.095 ; 13.095 ; 13.095 ; 13.095 ;
; ULA_S_IN[3] ; ULA_OUT[5]  ; 12.829 ; 12.829 ; 12.829 ; 12.829 ;
; ULA_S_IN[3] ; ULA_OUT[6]  ; 13.247 ; 13.247 ; 13.247 ; 13.247 ;
; ULA_S_IN[3] ; ULA_OUT[7]  ; 10.970 ; 10.970 ; 10.970 ; 10.970 ;
+-------------+-------------+--------+--------+--------+--------+


+-----------------------------------------------------------+
; Minimum Progagation Delay                                 ;
+-------------+-------------+-------+-------+-------+-------+
; Input Port  ; Output Port ; RR    ; RF    ; FR    ; FF    ;
+-------------+-------------+-------+-------+-------+-------+
; ULA_A_IN[0] ; JMP_eq      ; 6.455 ; 6.455 ; 6.455 ; 6.455 ;
; ULA_A_IN[0] ; JMP_hi      ; 6.748 ;       ;       ; 6.748 ;
; ULA_A_IN[0] ; JMP_lo      ;       ; 6.929 ; 6.929 ;       ;
; ULA_A_IN[0] ; LED_OVRF    ; 6.535 ; 6.535 ; 6.535 ; 6.535 ;
; ULA_A_IN[0] ; ULA_OUT[0]  ; 6.489 ; 6.388 ; 6.388 ; 6.489 ;
; ULA_A_IN[0] ; ULA_OUT[1]  ; 6.487 ; 7.327 ; 7.327 ; 6.487 ;
; ULA_A_IN[0] ; ULA_OUT[2]  ; 6.582 ; 6.582 ; 6.582 ; 6.582 ;
; ULA_A_IN[0] ; ULA_OUT[3]  ; 6.962 ; 6.962 ; 6.962 ; 6.962 ;
; ULA_A_IN[0] ; ULA_OUT[4]  ; 7.011 ; 7.011 ; 7.011 ; 7.011 ;
; ULA_A_IN[0] ; ULA_OUT[5]  ; 7.263 ; 7.263 ; 7.263 ; 7.263 ;
; ULA_A_IN[0] ; ULA_OUT[6]  ; 7.087 ; 7.087 ; 7.087 ; 7.087 ;
; ULA_A_IN[0] ; ULA_OUT[7]  ; 6.604 ; 6.604 ; 6.604 ; 6.604 ;
; ULA_A_IN[1] ; JMP_eq      ; 4.485 ; 4.485 ; 4.485 ; 4.485 ;
; ULA_A_IN[1] ; JMP_hi      ; 4.686 ; 5.063 ; 5.063 ; 4.686 ;
; ULA_A_IN[1] ; JMP_lo      ; 5.245 ; 4.785 ; 4.785 ; 5.245 ;
; ULA_A_IN[1] ; LED_OVRF    ; 4.554 ; 4.554 ; 4.554 ; 4.554 ;
; ULA_A_IN[1] ; ULA_OUT[0]  ; 4.146 ; 5.787 ; 5.787 ; 4.146 ;
; ULA_A_IN[1] ; ULA_OUT[1]  ; 4.527 ; 4.681 ; 4.681 ; 4.527 ;
; ULA_A_IN[1] ; ULA_OUT[2]  ; 3.727 ; 4.043 ; 4.043 ; 3.727 ;
; ULA_A_IN[1] ; ULA_OUT[3]  ; 4.705 ; 4.705 ; 4.705 ; 4.705 ;
; ULA_A_IN[1] ; ULA_OUT[4]  ; 4.894 ; 4.894 ; 4.894 ; 4.894 ;
; ULA_A_IN[1] ; ULA_OUT[5]  ; 4.889 ; 4.889 ; 4.889 ; 4.889 ;
; ULA_A_IN[1] ; ULA_OUT[6]  ; 4.866 ; 4.866 ; 4.866 ; 4.866 ;
; ULA_A_IN[1] ; ULA_OUT[7]  ; 4.453 ; 4.453 ; 4.453 ; 4.453 ;
; ULA_A_IN[2] ; JMP_eq      ; 6.067 ; 6.067 ; 6.067 ; 6.067 ;
; ULA_A_IN[2] ; JMP_hi      ; 6.149 ;       ;       ; 6.149 ;
; ULA_A_IN[2] ; JMP_lo      ;       ; 6.325 ; 6.325 ;       ;
; ULA_A_IN[2] ; LED_OVRF    ; 6.583 ; 6.583 ; 6.583 ; 6.583 ;
; ULA_A_IN[2] ; ULA_OUT[0]  ; 7.327 ; 7.327 ; 7.327 ; 7.327 ;
; ULA_A_IN[2] ; ULA_OUT[1]  ; 6.326 ; 7.697 ; 7.697 ; 6.326 ;
; ULA_A_IN[2] ; ULA_OUT[2]  ; 6.216 ; 6.216 ; 6.216 ; 6.216 ;
; ULA_A_IN[2] ; ULA_OUT[3]  ; 5.717 ; 6.879 ; 6.879 ; 5.717 ;
; ULA_A_IN[2] ; ULA_OUT[4]  ; 6.768 ; 6.768 ; 6.768 ; 6.768 ;
; ULA_A_IN[2] ; ULA_OUT[5]  ; 7.062 ; 7.062 ; 7.062 ; 7.062 ;
; ULA_A_IN[2] ; ULA_OUT[6]  ; 7.039 ; 7.039 ; 7.039 ; 7.039 ;
; ULA_A_IN[2] ; ULA_OUT[7]  ; 6.626 ; 6.626 ; 6.626 ; 6.626 ;
; ULA_A_IN[3] ; JMP_eq      ; 6.091 ; 6.091 ; 6.091 ; 6.091 ;
; ULA_A_IN[3] ; JMP_hi      ; 6.519 ; 6.519 ; 6.519 ; 6.519 ;
; ULA_A_IN[3] ; JMP_lo      ; 6.697 ; 6.697 ; 6.697 ; 6.697 ;
; ULA_A_IN[3] ; LED_OVRF    ; 6.449 ; 6.449 ; 6.449 ; 6.449 ;
; ULA_A_IN[3] ; ULA_OUT[0]  ; 7.699 ; 7.699 ; 7.699 ; 7.699 ;
; ULA_A_IN[3] ; ULA_OUT[1]  ; 7.721 ; 7.721 ; 7.721 ; 7.721 ;
; ULA_A_IN[3] ; ULA_OUT[2]  ; 6.041 ; 7.586 ; 7.586 ; 6.041 ;
; ULA_A_IN[3] ; ULA_OUT[3]  ; 6.140 ; 6.292 ; 6.292 ; 6.140 ;
; ULA_A_IN[3] ; ULA_OUT[4]  ; 6.551 ; 7.209 ; 7.209 ; 6.551 ;
; ULA_A_IN[3] ; ULA_OUT[5]  ; 7.230 ; 7.230 ; 7.230 ; 7.230 ;
; ULA_A_IN[3] ; ULA_OUT[6]  ; 7.258 ; 7.258 ; 7.258 ; 7.258 ;
; ULA_A_IN[3] ; ULA_OUT[7]  ; 6.845 ; 6.845 ; 6.845 ; 6.845 ;
; ULA_A_IN[4] ; JMP_eq      ; 6.613 ; 6.613 ; 6.613 ; 6.613 ;
; ULA_A_IN[4] ; JMP_hi      ; 7.031 ; 7.041 ; 7.041 ; 7.031 ;
; ULA_A_IN[4] ; JMP_lo      ; 7.219 ; 7.150 ; 7.150 ; 7.219 ;
; ULA_A_IN[4] ; LED_OVRF    ; 6.677 ; 6.677 ; 6.677 ; 6.677 ;
; ULA_A_IN[4] ; ULA_OUT[0]  ; 8.152 ; 8.152 ; 8.152 ; 8.152 ;
; ULA_A_IN[4] ; ULA_OUT[1]  ; 8.243 ; 8.243 ; 8.243 ; 8.243 ;
; ULA_A_IN[4] ; ULA_OUT[2]  ; 8.098 ; 8.098 ; 8.098 ; 8.098 ;
; ULA_A_IN[4] ; ULA_OUT[3]  ; 6.004 ;       ;       ; 6.004 ;
; ULA_A_IN[4] ; ULA_OUT[4]  ; 6.124 ; 6.124 ; 6.124 ; 6.124 ;
; ULA_A_IN[4] ; ULA_OUT[5]  ; 6.290 ; 7.159 ; 7.159 ; 6.290 ;
; ULA_A_IN[4] ; ULA_OUT[6]  ; 7.136 ; 7.136 ; 7.136 ; 7.136 ;
; ULA_A_IN[4] ; ULA_OUT[7]  ; 6.887 ; 6.887 ; 6.887 ; 6.887 ;
; ULA_A_IN[5] ; JMP_eq      ; 6.280 ; 6.280 ; 6.280 ; 6.280 ;
; ULA_A_IN[5] ; JMP_hi      ; 6.489 ; 6.708 ; 6.708 ; 6.489 ;
; ULA_A_IN[5] ; JMP_lo      ; 6.886 ; 6.604 ; 6.604 ; 6.886 ;
; ULA_A_IN[5] ; LED_OVRF    ; 6.542 ; 6.542 ; 6.542 ; 6.542 ;
; ULA_A_IN[5] ; ULA_OUT[0]  ; 7.606 ; 7.606 ; 7.606 ; 7.606 ;
; ULA_A_IN[5] ; ULA_OUT[1]  ; 7.910 ; 7.910 ; 7.910 ; 7.910 ;
; ULA_A_IN[5] ; ULA_OUT[2]  ; 7.556 ; 7.556 ; 7.556 ; 7.556 ;
; ULA_A_IN[5] ; ULA_OUT[4]  ; 6.140 ;       ;       ; 6.140 ;
; ULA_A_IN[5] ; ULA_OUT[5]  ; 5.731 ; 5.731 ; 5.731 ; 5.731 ;
; ULA_A_IN[5] ; ULA_OUT[6]  ; 6.411 ; 6.628 ; 6.628 ; 6.411 ;
; ULA_A_IN[5] ; ULA_OUT[7]  ; 6.622 ; 6.622 ; 6.622 ; 6.622 ;
; ULA_A_IN[6] ; JMP_eq      ; 6.651 ; 6.651 ; 6.651 ; 6.651 ;
; ULA_A_IN[6] ; JMP_hi      ; 6.090 ; 7.079 ; 7.079 ; 6.090 ;
; ULA_A_IN[6] ; JMP_lo      ; 7.257 ; 6.157 ; 6.157 ; 7.257 ;
; ULA_A_IN[6] ; LED_OVRF    ; 6.694 ; 6.694 ; 6.694 ; 6.694 ;
; ULA_A_IN[6] ; ULA_OUT[0]  ; 7.159 ; 7.159 ; 7.159 ; 7.159 ;
; ULA_A_IN[6] ; ULA_OUT[1]  ; 8.281 ; 8.281 ; 8.281 ; 8.281 ;
; ULA_A_IN[6] ; ULA_OUT[2]  ; 7.157 ; 7.157 ; 7.157 ; 7.157 ;
; ULA_A_IN[6] ; ULA_OUT[5]  ; 6.208 ;       ;       ; 6.208 ;
; ULA_A_IN[6] ; ULA_OUT[6]  ; 6.048 ; 6.688 ; 6.688 ; 6.048 ;
; ULA_A_IN[6] ; ULA_OUT[7]  ; 6.334 ; 6.849 ; 6.849 ; 6.334 ;
; ULA_A_IN[7] ; JMP_eq      ; 6.549 ; 6.549 ; 6.549 ; 6.549 ;
; ULA_A_IN[7] ; JMP_hi      ; 5.858 ; 6.303 ; 6.303 ; 5.858 ;
; ULA_A_IN[7] ; JMP_lo      ; 6.457 ; 5.870 ; 5.870 ; 6.457 ;
; ULA_A_IN[7] ; LED_OVRF    ; 6.822 ; 6.822 ; 6.822 ; 6.822 ;
; ULA_A_IN[7] ; ULA_OUT[0]  ; 6.872 ; 6.872 ; 6.872 ; 6.872 ;
; ULA_A_IN[7] ; ULA_OUT[1]  ; 8.179 ; 8.179 ; 8.179 ; 8.179 ;
; ULA_A_IN[7] ; ULA_OUT[2]  ; 6.925 ; 6.925 ; 6.925 ; 6.925 ;
; ULA_A_IN[7] ; ULA_OUT[6]  ; 6.429 ;       ;       ; 6.429 ;
; ULA_A_IN[7] ; ULA_OUT[7]  ; 6.064 ; 5.978 ; 5.978 ; 6.064 ;
; ULA_B_IN[0] ; JMP_eq      ; 6.405 ; 6.405 ; 6.405 ; 6.405 ;
; ULA_B_IN[0] ; JMP_hi      ;       ; 6.482 ; 6.482 ;       ;
; ULA_B_IN[0] ; JMP_lo      ; 6.669 ;       ;       ; 6.669 ;
; ULA_B_IN[0] ; LED_OVRF    ; 7.234 ; 7.234 ; 7.234 ; 7.234 ;
; ULA_B_IN[0] ; ULA_OUT[0]  ; 6.394 ; 6.439 ; 6.439 ; 6.394 ;
; ULA_B_IN[0] ; ULA_OUT[1]  ; 7.680 ; 7.680 ; 7.680 ; 7.680 ;
; ULA_B_IN[0] ; ULA_OUT[2]  ; 7.549 ; 7.549 ; 7.549 ; 7.549 ;
; ULA_B_IN[0] ; ULA_OUT[3]  ; 7.623 ; 7.623 ; 7.623 ; 7.623 ;
; ULA_B_IN[0] ; ULA_OUT[4]  ; 7.843 ; 7.843 ; 7.843 ; 7.843 ;
; ULA_B_IN[0] ; ULA_OUT[5]  ; 7.775 ; 7.775 ; 7.775 ; 7.775 ;
; ULA_B_IN[0] ; ULA_OUT[6]  ; 7.602 ; 7.602 ; 7.602 ; 7.602 ;
; ULA_B_IN[0] ; ULA_OUT[7]  ; 8.024 ; 8.024 ; 8.024 ; 8.024 ;
; ULA_B_IN[1] ; JMP_eq      ; 6.501 ; 6.501 ; 6.501 ; 6.501 ;
; ULA_B_IN[1] ; JMP_hi      ; 7.079 ; 6.741 ; 6.741 ; 7.079 ;
; ULA_B_IN[1] ; JMP_lo      ; 6.847 ; 7.261 ; 7.261 ; 6.847 ;
; ULA_B_IN[1] ; LED_OVRF    ; 6.966 ; 6.966 ; 6.966 ; 6.966 ;
; ULA_B_IN[1] ; ULA_OUT[0]  ; 7.849 ; 7.849 ; 7.849 ; 7.849 ;
; ULA_B_IN[1] ; ULA_OUT[1]  ; 6.743 ; 7.254 ; 7.254 ; 6.743 ;
; ULA_B_IN[1] ; ULA_OUT[2]  ; 7.594 ; 7.594 ; 7.594 ; 7.594 ;
; ULA_B_IN[1] ; ULA_OUT[3]  ; 7.460 ; 7.460 ; 7.460 ; 7.460 ;
; ULA_B_IN[1] ; ULA_OUT[4]  ; 7.575 ; 7.575 ; 7.575 ; 7.575 ;
; ULA_B_IN[1] ; ULA_OUT[5]  ; 7.507 ; 7.507 ; 7.507 ; 7.507 ;
; ULA_B_IN[1] ; ULA_OUT[6]  ; 7.334 ; 7.334 ; 7.334 ; 7.334 ;
; ULA_B_IN[1] ; ULA_OUT[7]  ; 7.756 ; 7.756 ; 7.756 ; 7.756 ;
; ULA_B_IN[2] ; JMP_eq      ; 6.318 ; 6.318 ; 6.318 ; 6.318 ;
; ULA_B_IN[2] ; JMP_hi      ;       ; 6.123 ; 6.123 ;       ;
; ULA_B_IN[2] ; JMP_lo      ; 6.306 ;       ;       ; 6.306 ;
; ULA_B_IN[2] ; LED_OVRF    ; 6.812 ; 6.812 ; 6.812 ; 6.812 ;
; ULA_B_IN[2] ; ULA_OUT[0]  ; 7.308 ; 7.308 ; 7.308 ; 7.308 ;
; ULA_B_IN[2] ; ULA_OUT[1]  ; 7.948 ; 7.948 ; 7.948 ; 7.948 ;
; ULA_B_IN[2] ; ULA_OUT[2]  ; 6.524 ; 6.795 ; 6.795 ; 6.524 ;
; ULA_B_IN[2] ; ULA_OUT[3]  ; 7.306 ; 7.306 ; 7.306 ; 7.306 ;
; ULA_B_IN[2] ; ULA_OUT[4]  ; 7.421 ; 7.421 ; 7.421 ; 7.421 ;
; ULA_B_IN[2] ; ULA_OUT[5]  ; 7.353 ; 7.353 ; 7.353 ; 7.353 ;
; ULA_B_IN[2] ; ULA_OUT[6]  ; 7.180 ; 7.180 ; 7.180 ; 7.180 ;
; ULA_B_IN[2] ; ULA_OUT[7]  ; 7.602 ; 7.602 ; 7.602 ; 7.602 ;
; ULA_B_IN[3] ; JMP_eq      ; 6.379 ; 6.379 ; 6.379 ; 6.379 ;
; ULA_B_IN[3] ; JMP_hi      ; 6.807 ; 6.807 ; 6.807 ; 6.807 ;
; ULA_B_IN[3] ; JMP_lo      ; 6.985 ; 6.985 ; 6.985 ; 6.985 ;
; ULA_B_IN[3] ; LED_OVRF    ; 6.960 ; 6.960 ; 6.960 ; 6.960 ;
; ULA_B_IN[3] ; ULA_OUT[0]  ; 7.987 ; 7.987 ; 7.987 ; 7.987 ;
; ULA_B_IN[3] ; ULA_OUT[1]  ; 8.009 ; 8.009 ; 8.009 ; 8.009 ;
; ULA_B_IN[3] ; ULA_OUT[2]  ; 7.874 ; 7.874 ; 7.874 ; 7.874 ;
; ULA_B_IN[3] ; ULA_OUT[3]  ; 6.191 ; 6.343 ; 6.343 ; 6.191 ;
; ULA_B_IN[3] ; ULA_OUT[4]  ; 7.413 ; 7.413 ; 7.413 ; 7.413 ;
; ULA_B_IN[3] ; ULA_OUT[5]  ; 7.434 ; 7.434 ; 7.434 ; 7.434 ;
; ULA_B_IN[3] ; ULA_OUT[6]  ; 7.328 ; 7.328 ; 7.328 ; 7.328 ;
; ULA_B_IN[3] ; ULA_OUT[7]  ; 7.750 ; 7.750 ; 7.750 ; 7.750 ;
; ULA_B_IN[4] ; JMP_eq      ; 6.355 ; 6.355 ; 6.355 ; 6.355 ;
; ULA_B_IN[4] ; JMP_hi      ; 6.783 ; 6.783 ; 6.783 ; 6.783 ;
; ULA_B_IN[4] ; JMP_lo      ; 6.961 ; 6.961 ; 6.961 ; 6.961 ;
; ULA_B_IN[4] ; LED_OVRF    ; 6.746 ; 6.746 ; 6.746 ; 6.746 ;
; ULA_B_IN[4] ; ULA_OUT[0]  ; 7.963 ; 7.963 ; 7.963 ; 7.963 ;
; ULA_B_IN[4] ; ULA_OUT[1]  ; 7.985 ; 7.985 ; 7.985 ; 7.985 ;
; ULA_B_IN[4] ; ULA_OUT[2]  ; 7.850 ; 7.850 ; 7.850 ; 7.850 ;
; ULA_B_IN[4] ; ULA_OUT[4]  ; 5.852 ; 5.852 ; 5.852 ; 5.852 ;
; ULA_B_IN[4] ; ULA_OUT[5]  ; 7.095 ; 7.095 ; 7.095 ; 7.095 ;
; ULA_B_IN[4] ; ULA_OUT[6]  ; 7.114 ; 7.114 ; 7.114 ; 7.114 ;
; ULA_B_IN[4] ; ULA_OUT[7]  ; 7.536 ; 7.536 ; 7.536 ; 7.536 ;
; ULA_B_IN[5] ; JMP_eq      ; 6.451 ; 6.451 ; 6.451 ; 6.451 ;
; ULA_B_IN[5] ; JMP_hi      ; 6.879 ; 6.659 ; 6.659 ; 6.879 ;
; ULA_B_IN[5] ; JMP_lo      ; 6.778 ; 7.057 ; 7.057 ; 6.778 ;
; ULA_B_IN[5] ; LED_OVRF    ; 6.771 ; 6.771 ; 6.771 ; 6.771 ;
; ULA_B_IN[5] ; ULA_OUT[0]  ; 7.780 ; 7.780 ; 7.780 ; 7.780 ;
; ULA_B_IN[5] ; ULA_OUT[1]  ; 8.081 ; 8.081 ; 8.081 ; 8.081 ;
; ULA_B_IN[5] ; ULA_OUT[2]  ; 7.726 ; 7.726 ; 7.726 ; 7.726 ;
; ULA_B_IN[5] ; ULA_OUT[5]  ; 5.807 ; 5.807 ; 5.807 ; 5.807 ;
; ULA_B_IN[5] ; ULA_OUT[6]  ; 7.059 ; 7.059 ; 7.059 ; 7.059 ;
; ULA_B_IN[5] ; ULA_OUT[7]  ; 7.436 ; 7.436 ; 7.436 ; 7.436 ;
; ULA_B_IN[6] ; JMP_eq      ; 6.725 ; 6.725 ; 6.725 ; 6.725 ;
; ULA_B_IN[6] ; JMP_hi      ; 7.153 ; 6.011 ; 6.011 ; 7.153 ;
; ULA_B_IN[6] ; JMP_lo      ; 6.165 ; 7.331 ; 7.331 ; 6.165 ;
; ULA_B_IN[6] ; LED_OVRF    ; 6.769 ; 6.769 ; 6.769 ; 6.769 ;
; ULA_B_IN[6] ; ULA_OUT[0]  ; 7.167 ; 7.167 ; 7.167 ; 7.167 ;
; ULA_B_IN[6] ; ULA_OUT[1]  ; 8.355 ; 8.355 ; 8.355 ; 8.355 ;
; ULA_B_IN[6] ; ULA_OUT[2]  ; 7.078 ; 7.078 ; 7.078 ; 7.078 ;
; ULA_B_IN[6] ; ULA_OUT[6]  ; 5.988 ; 6.509 ; 6.509 ; 5.988 ;
; ULA_B_IN[6] ; ULA_OUT[7]  ; 6.892 ; 6.892 ; 6.892 ; 6.892 ;
; ULA_B_IN[7] ; JMP_eq      ; 6.571 ; 6.571 ; 6.571 ; 6.571 ;
; ULA_B_IN[7] ; JMP_hi      ; 6.252 ; 5.682 ; 5.682 ; 6.252 ;
; ULA_B_IN[7] ; JMP_lo      ; 5.890 ; 6.406 ; 6.406 ; 5.890 ;
; ULA_B_IN[7] ; LED_OVRF    ; 6.356 ; 6.356 ; 6.356 ; 6.356 ;
; ULA_B_IN[7] ; ULA_OUT[0]  ; 6.892 ; 6.892 ; 6.892 ; 6.892 ;
; ULA_B_IN[7] ; ULA_OUT[1]  ; 8.201 ; 8.201 ; 8.201 ; 8.201 ;
; ULA_B_IN[7] ; ULA_OUT[2]  ; 6.749 ; 6.749 ; 6.749 ; 6.749 ;
; ULA_B_IN[7] ; ULA_OUT[7]  ; 6.018 ; 6.018 ; 6.018 ; 6.018 ;
; ULA_S_IN[0] ; LED_OVRF    ; 3.718 ; 3.718 ; 3.718 ; 3.718 ;
; ULA_S_IN[0] ; ULA_OUT[0]  ; 4.246 ; 4.141 ; 4.141 ; 4.246 ;
; ULA_S_IN[0] ; ULA_OUT[1]  ; 4.222 ; 4.222 ; 4.222 ; 4.222 ;
; ULA_S_IN[0] ; ULA_OUT[2]  ; 4.023 ; 4.023 ; 4.023 ; 4.023 ;
; ULA_S_IN[0] ; ULA_OUT[3]  ; 3.827 ; 3.827 ; 3.827 ; 3.827 ;
; ULA_S_IN[0] ; ULA_OUT[4]  ; 3.941 ; 3.941 ; 3.941 ; 3.941 ;
; ULA_S_IN[0] ; ULA_OUT[5]  ; 3.823 ; 3.823 ; 3.823 ; 3.823 ;
; ULA_S_IN[0] ; ULA_OUT[6]  ; 3.944 ; 4.248 ; 4.248 ; 3.944 ;
; ULA_S_IN[0] ; ULA_OUT[7]  ; 4.033 ; 4.033 ; 4.033 ; 4.033 ;
; ULA_S_IN[1] ; LED_OVRF    ; 5.765 ; 5.600 ; 5.600 ; 5.765 ;
; ULA_S_IN[1] ; ULA_OUT[0]  ; 6.309 ; 6.095 ; 6.095 ; 6.309 ;
; ULA_S_IN[1] ; ULA_OUT[1]  ; 6.092 ; 6.092 ; 6.092 ; 6.092 ;
; ULA_S_IN[1] ; ULA_OUT[2]  ; 5.798 ; 5.798 ; 5.798 ; 5.798 ;
; ULA_S_IN[1] ; ULA_OUT[3]  ; 6.491 ; 6.491 ; 6.491 ; 6.491 ;
; ULA_S_IN[1] ; ULA_OUT[4]  ; 6.673 ; 6.673 ; 6.673 ; 6.673 ;
; ULA_S_IN[1] ; ULA_OUT[5]  ; 6.494 ; 6.494 ; 6.494 ; 6.494 ;
; ULA_S_IN[1] ; ULA_OUT[6]  ; 6.682 ; 6.682 ; 6.682 ; 6.682 ;
; ULA_S_IN[1] ; ULA_OUT[7]  ; 6.334 ; 6.189 ; 6.189 ; 6.334 ;
; ULA_S_IN[2] ; LED_OVRF    ;       ; 5.630 ; 5.630 ;       ;
; ULA_S_IN[2] ; ULA_OUT[0]  ; 6.008 ; 6.008 ; 6.008 ; 6.008 ;
; ULA_S_IN[2] ; ULA_OUT[1]  ; 6.660 ; 6.660 ; 6.660 ; 6.660 ;
; ULA_S_IN[2] ; ULA_OUT[2]  ; 6.239 ; 6.239 ; 6.239 ; 6.239 ;
; ULA_S_IN[2] ; ULA_OUT[3]  ; 6.206 ; 6.206 ; 6.206 ; 6.206 ;
; ULA_S_IN[2] ; ULA_OUT[4]  ; 6.388 ; 6.388 ; 6.388 ; 6.388 ;
; ULA_S_IN[2] ; ULA_OUT[5]  ; 6.209 ; 6.209 ; 6.209 ; 6.209 ;
; ULA_S_IN[2] ; ULA_OUT[6]  ; 6.397 ; 6.397 ; 6.397 ; 6.397 ;
; ULA_S_IN[2] ; ULA_OUT[7]  ; 6.105 ; 6.105 ; 6.105 ; 6.105 ;
; ULA_S_IN[3] ; LED_OVRF    ; 5.972 ; 5.972 ; 5.972 ; 5.972 ;
; ULA_S_IN[3] ; ULA_OUT[0]  ; 5.934 ; 5.934 ; 5.934 ; 5.934 ;
; ULA_S_IN[3] ; ULA_OUT[1]  ; 6.152 ; 6.152 ; 6.152 ; 6.152 ;
; ULA_S_IN[3] ; ULA_OUT[2]  ; 5.933 ; 5.933 ; 5.933 ; 5.933 ;
; ULA_S_IN[3] ; ULA_OUT[3]  ; 6.047 ; 6.047 ; 6.047 ; 6.047 ;
; ULA_S_IN[3] ; ULA_OUT[4]  ; 5.881 ; 5.881 ; 5.881 ; 5.881 ;
; ULA_S_IN[3] ; ULA_OUT[5]  ; 5.834 ; 5.834 ; 5.834 ; 5.834 ;
; ULA_S_IN[3] ; ULA_OUT[6]  ; 6.170 ; 6.170 ; 6.170 ; 6.170 ;
; ULA_S_IN[3] ; ULA_OUT[7]  ; 5.959 ; 5.959 ; 5.959 ; 5.959 ;
+-------------+-------------+-------+-------+-------+-------+


-------------------
; Clock Transfers ;
-------------------
Nothing to report.


---------------
; Report TCCS ;
---------------
No dedicated SERDES Transmitter circuitry present in device or used in design


---------------
; Report RSKM ;
---------------
No dedicated SERDES Receiver circuitry present in device or used in design


+------------------------------------------------+
; Unconstrained Paths                            ;
+---------------------------------+-------+------+
; Property                        ; Setup ; Hold ;
+---------------------------------+-------+------+
; Illegal Clocks                  ; 0     ; 0    ;
; Unconstrained Clocks            ; 0     ; 0    ;
; Unconstrained Input Ports       ; 20    ; 20   ;
; Unconstrained Input Port Paths  ; 212   ; 212  ;
; Unconstrained Output Ports      ; 12    ; 12   ;
; Unconstrained Output Port Paths ; 212   ; 212  ;
+---------------------------------+-------+------+


+------------------------------------+
; TimeQuest Timing Analyzer Messages ;
+------------------------------------+
Info: *******************************************************************
Info: Running Quartus II 64-Bit TimeQuest Timing Analyzer
    Info: Version 13.0.0 Build 156 04/24/2013 SJ Web Edition
    Info: Processing started: Sat Oct 03 23:28:15 2020
Info: Command: quartus_sta ULA -c ULA
Info: qsta_default_script.tcl version: #1
Warning (20028): Parallel compilation is not licensed and has been disabled
Info (21077): Low junction temperature is 0 degrees C
Info (21077): High junction temperature is 85 degrees C
Critical Warning (332012): Synopsys Design Constraints File file not found: 'ULA.sdc'. A Synopsys Design Constraints File is required by the TimeQuest Timing Analyzer to get proper timing constraints. Without it, the Compiler will not properly optimize the design.
Info (332142): No user constrained base clocks found in the design. Calling "derive_clocks -period 1.0"
Info (332096): The command derive_clocks did not find any clocks to derive.  No clocks were created or changed.
Warning (332068): No clocks defined in design.
Info: Found TIMEQUEST_REPORT_SCRIPT_INCLUDE_DEFAULT_ANALYSIS = ON
Info (332159): No clocks to report
Info: Analyzing Slow Model
Info (332140): No fmax paths to report
Info (332140): No Setup paths to report
Info (332140): No Hold paths to report
Info (332140): No Recovery paths to report
Info (332140): No Removal paths to report
Info (332140): No Minimum Pulse Width paths to report
Info (332001): The selected device family is not supported by the report_metastability command.
Info: Analyzing Fast Model
Info (332142): No user constrained base clocks found in the design. Calling "derive_clocks -period 1.0"
Info (332096): The command derive_clocks did not find any clocks to derive.  No clocks were created or changed.
Warning (332068): No clocks defined in design.
Info (332140): No Setup paths to report
Info (332140): No Hold paths to report
Info (332140): No Recovery paths to report
Info (332140): No Removal paths to report
Info (332140): No Minimum Pulse Width paths to report
Info (332001): The selected device family is not supported by the report_metastability command.
Info (332102): Design is not fully constrained for setup requirements
Info (332102): Design is not fully constrained for hold requirements
Info: Quartus II 64-Bit TimeQuest Timing Analyzer was successful. 0 errors, 4 warnings
    Info: Peak virtual memory: 4550 megabytes
    Info: Processing ended: Sat Oct 03 23:28:17 2020
    Info: Elapsed time: 00:00:02
    Info: Total CPU time (on all processors): 00:00:01


