Analysis & Synthesis report for ULA
Sat Oct 03 23:27:55 2020
Quartus II 64-Bit Version 13.0.0 Build 156 04/24/2013 SJ Web Edition


---------------------
; Table of Contents ;
---------------------
  1. Legal Notice
  2. Analysis & Synthesis Summary
  3. Analysis & Synthesis Settings
  4. Parallel Compilation
  5. Analysis & Synthesis Source Files Read
  6. Analysis & Synthesis Resource Usage Summary
  7. Analysis & Synthesis Resource Utilization by Entity
  8. General Register Statistics
  9. Multiplexer Restructuring Statistics (Restructuring Performed)
 10. Port Connectivity Checks: "Comparador_8Bits:comparador_mux_mult"
 11. Port Connectivity Checks: "Comparador_8Bits:comparador_mux_soma"
 12. Port Connectivity Checks: "Comparador_8Bits:comparador_soma_ovrf"
 13. Port Connectivity Checks: "Comparador_8Bits:comparador_mult_ovrf"
 14. Port Connectivity Checks: "MUX12_1_8Bits:MUX"
 15. Port Connectivity Checks: "SUB_8Bits:DEC"
 16. Port Connectivity Checks: "SUM_8Bits:INC"
 17. Port Connectivity Checks: "Multiplicador8Bits:MULT|SUM_16Bits:Somador07"
 18. Port Connectivity Checks: "Multiplicador8Bits:MULT|SUM_16Bits:Somador06"
 19. Port Connectivity Checks: "Multiplicador8Bits:MULT|SUM_16Bits:Somador05"
 20. Port Connectivity Checks: "Multiplicador8Bits:MULT|SUM_16Bits:Somador04"
 21. Port Connectivity Checks: "Multiplicador8Bits:MULT|SUM_16Bits:Somador03"
 22. Port Connectivity Checks: "Multiplicador8Bits:MULT|SUM_16Bits:Somador02"
 23. Port Connectivity Checks: "Multiplicador8Bits:MULT|SUM_16Bits:Somador01"
 24. Port Connectivity Checks: "Comparador_8Bits:CMP|Comparador_4Bits:Comp1"
 25. Port Connectivity Checks: "SUB_8Bits:SUB|SUM_8Bits:Subtrador"
 26. Port Connectivity Checks: "SUM_8Bits:ADD"
 27. Elapsed Time Per Partition
 28. Analysis & Synthesis Messages



----------------
; Legal Notice ;
----------------
Copyright (C) 1991-2013 Altera Corporation
Your use of Altera Corporation's design tools, logic functions 
and other software and tools, and its AMPP partner logic 
functions, and any output files from any of the foregoing 
(including device programming or simulation files), and any 
associated documentation or information are expressly subject 
to the terms and conditions of the Altera Program License 
Subscription Agreement, Altera MegaCore Function License 
Agreement, or other applicable license agreement, including, 
without limitation, that your use is for the sole purpose of 
programming logic devices manufactured by Altera and sold by 
Altera or its authorized distributors.  Please refer to the 
applicable agreement for further details.



+---------------------------------------------------------------------------------+
; Analysis & Synthesis Summary                                                    ;
+------------------------------------+--------------------------------------------+
; Analysis & Synthesis Status        ; Successful - Sat Oct 03 23:27:55 2020      ;
; Quartus II 64-Bit Version          ; 13.0.0 Build 156 04/24/2013 SJ Web Edition ;
; Revision Name                      ; ULA                                        ;
; Top-level Entity Name              ; ULA                                        ;
; Family                             ; Cyclone II                                 ;
; Total logic elements               ; 256                                        ;
;     Total combinational functions  ; 256                                        ;
;     Dedicated logic registers      ; 0                                          ;
; Total registers                    ; 0                                          ;
; Total pins                         ; 32                                         ;
; Total virtual pins                 ; 0                                          ;
; Total memory bits                  ; 0                                          ;
; Embedded Multiplier 9-bit elements ; 0                                          ;
; Total PLLs                         ; 0                                          ;
+------------------------------------+--------------------------------------------+


+----------------------------------------------------------------------------------------------------------------------+
; Analysis & Synthesis Settings                                                                                        ;
+----------------------------------------------------------------------------+--------------------+--------------------+
; Option                                                                     ; Setting            ; Default Value      ;
+----------------------------------------------------------------------------+--------------------+--------------------+
; Device                                                                     ; EP2C35F672C6       ;                    ;
; Top-level entity name                                                      ; ULA                ; ULA                ;
; Family name                                                                ; Cyclone II         ; Cyclone IV GX      ;
; Use smart compilation                                                      ; Off                ; Off                ;
; Enable parallel Assembler and TimeQuest Timing Analyzer during compilation ; On                 ; On                 ;
; Enable compact report table                                                ; Off                ; Off                ;
; Restructure Multiplexers                                                   ; Auto               ; Auto               ;
; Create Debugging Nodes for IP Cores                                        ; Off                ; Off                ;
; Preserve fewer node names                                                  ; On                 ; On                 ;
; Disable OpenCore Plus hardware evaluation                                  ; Off                ; Off                ;
; Verilog Version                                                            ; Verilog_2001       ; Verilog_2001       ;
; VHDL Version                                                               ; VHDL_1993          ; VHDL_1993          ;
; State Machine Processing                                                   ; Auto               ; Auto               ;
; Safe State Machine                                                         ; Off                ; Off                ;
; Extract Verilog State Machines                                             ; On                 ; On                 ;
; Extract VHDL State Machines                                                ; On                 ; On                 ;
; Ignore Verilog initial constructs                                          ; Off                ; Off                ;
; Iteration limit for constant Verilog loops                                 ; 5000               ; 5000               ;
; Iteration limit for non-constant Verilog loops                             ; 250                ; 250                ;
; Add Pass-Through Logic to Inferred RAMs                                    ; On                 ; On                 ;
; Infer RAMs from Raw Logic                                                  ; On                 ; On                 ;
; Parallel Synthesis                                                         ; On                 ; On                 ;
; DSP Block Balancing                                                        ; Auto               ; Auto               ;
; NOT Gate Push-Back                                                         ; On                 ; On                 ;
; Power-Up Don't Care                                                        ; On                 ; On                 ;
; Remove Redundant Logic Cells                                               ; Off                ; Off                ;
; Remove Duplicate Registers                                                 ; On                 ; On                 ;
; Ignore CARRY Buffers                                                       ; Off                ; Off                ;
; Ignore CASCADE Buffers                                                     ; Off                ; Off                ;
; Ignore GLOBAL Buffers                                                      ; Off                ; Off                ;
; Ignore ROW GLOBAL Buffers                                                  ; Off                ; Off                ;
; Ignore LCELL Buffers                                                       ; Off                ; Off                ;
; Ignore SOFT Buffers                                                        ; On                 ; On                 ;
; Limit AHDL Integers to 32 Bits                                             ; Off                ; Off                ;
; Optimization Technique                                                     ; Balanced           ; Balanced           ;
; Carry Chain Length                                                         ; 70                 ; 70                 ;
; Auto Carry Chains                                                          ; On                 ; On                 ;
; Auto Open-Drain Pins                                                       ; On                 ; On                 ;
; Perform WYSIWYG Primitive Resynthesis                                      ; Off                ; Off                ;
; Auto ROM Replacement                                                       ; On                 ; On                 ;
; Auto RAM Replacement                                                       ; On                 ; On                 ;
; Auto Shift Register Replacement                                            ; Auto               ; Auto               ;
; Allow Shift Register Merging across Hierarchies                            ; Auto               ; Auto               ;
; Auto Clock Enable Replacement                                              ; On                 ; On                 ;
; Strict RAM Replacement                                                     ; Off                ; Off                ;
; Allow Synchronous Control Signals                                          ; On                 ; On                 ;
; Force Use of Synchronous Clear Signals                                     ; Off                ; Off                ;
; Auto RAM to Logic Cell Conversion                                          ; Off                ; Off                ;
; Auto Resource Sharing                                                      ; Off                ; Off                ;
; Allow Any RAM Size For Recognition                                         ; Off                ; Off                ;
; Allow Any ROM Size For Recognition                                         ; Off                ; Off                ;
; Allow Any Shift Register Size For Recognition                              ; Off                ; Off                ;
; Use LogicLock Constraints during Resource Balancing                        ; On                 ; On                 ;
; Ignore translate_off and synthesis_off directives                          ; Off                ; Off                ;
; Timing-Driven Synthesis                                                    ; Off                ; Off                ;
; Report Parameter Settings                                                  ; On                 ; On                 ;
; Report Source Assignments                                                  ; On                 ; On                 ;
; Report Connectivity Checks                                                 ; On                 ; On                 ;
; Ignore Maximum Fan-Out Assignments                                         ; Off                ; Off                ;
; Synchronization Register Chain Length                                      ; 2                  ; 2                  ;
; PowerPlay Power Optimization                                               ; Normal compilation ; Normal compilation ;
; HDL message level                                                          ; Level2             ; Level2             ;
; Suppress Register Optimization Related Messages                            ; Off                ; Off                ;
; Number of Removed Registers Reported in Synthesis Report                   ; 5000               ; 5000               ;
; Number of Swept Nodes Reported in Synthesis Report                         ; 5000               ; 5000               ;
; Number of Inverted Registers Reported in Synthesis Report                  ; 100                ; 100                ;
; Clock MUX Protection                                                       ; On                 ; On                 ;
; Auto Gated Clock Conversion                                                ; Off                ; Off                ;
; Block Design Naming                                                        ; Auto               ; Auto               ;
; SDC constraint protection                                                  ; Off                ; Off                ;
; Synthesis Effort                                                           ; Auto               ; Auto               ;
; Shift Register Replacement - Allow Asynchronous Clear Signal               ; On                 ; On                 ;
; Pre-Mapping Resynthesis Optimization                                       ; Off                ; Off                ;
; Analysis & Synthesis Message Level                                         ; Medium             ; Medium             ;
; Disable Register Merging Across Hierarchies                                ; Auto               ; Auto               ;
; Resource Aware Inference For Block RAM                                     ; On                 ; On                 ;
; Synthesis Seed                                                             ; 1                  ; 1                  ;
+----------------------------------------------------------------------------+--------------------+--------------------+


Parallel compilation was disabled, but you have multiple processors available. Enable parallel compilation to reduce compilation time.
+-------------------------------------+
; Parallel Compilation                ;
+----------------------------+--------+
; Processors                 ; Number ;
+----------------------------+--------+
; Number detected on machine ; 8      ;
; Maximum allowed            ; 1      ;
+----------------------------+--------+


+-----------------------------------------------------------------------------------------------------------------------------------------------------------------------+
; Analysis & Synthesis Source Files Read                                                                                                                                ;
+----------------------------------+-----------------+-----------------+--------------------------------------------------------------------------------------+---------+
; File Name with User-Entered Path ; Used in Netlist ; File Type       ; File Name with Absolute Path                                                         ; Library ;
+----------------------------------+-----------------+-----------------+--------------------------------------------------------------------------------------+---------+
; MUX2_1_8Bits.vhd                 ; yes             ; User VHDL File  ; C:/Users/Aty/Documents/UFRN/Sistemas Digitais/Componentes/ULA/MUX2_1_8Bits.vhd       ;         ;
; SHR_in_8Bits.vhd                 ; yes             ; User VHDL File  ; C:/Users/Aty/Documents/UFRN/Sistemas Digitais/Componentes/ULA/SHR_in_8Bits.vhd       ;         ;
; SUM_16Bits.vhd                   ; yes             ; User VHDL File  ; C:/Users/Aty/Documents/UFRN/Sistemas Digitais/Componentes/ULA/SUM_16Bits.vhd         ;         ;
; Multiplicador8Bits.vhd           ; yes             ; User VHDL File  ; C:/Users/Aty/Documents/UFRN/Sistemas Digitais/Componentes/ULA/Multiplicador8Bits.vhd ;         ;
; Multi_linha.vhd                  ; yes             ; User VHDL File  ; C:/Users/Aty/Documents/UFRN/Sistemas Digitais/Componentes/ULA/Multi_linha.vhd        ;         ;
; Comparador_8Bits.vhd             ; yes             ; User VHDL File  ; C:/Users/Aty/Documents/UFRN/Sistemas Digitais/Componentes/ULA/Comparador_8Bits.vhd   ;         ;
; Comparador_4Bits.vhd             ; yes             ; User VHDL File  ; C:/Users/Aty/Documents/UFRN/Sistemas Digitais/Componentes/ULA/Comparador_4Bits.vhd   ;         ;
; Comparador.vhd                   ; yes             ; User VHDL File  ; C:/Users/Aty/Documents/UFRN/Sistemas Digitais/Componentes/ULA/Comparador.vhd         ;         ;
; SUM_8Bits.vhd                    ; yes             ; User VHDL File  ; C:/Users/Aty/Documents/UFRN/Sistemas Digitais/Componentes/ULA/SUM_8Bits.vhd          ;         ;
; SUM_4Bits.vhd                    ; yes             ; User VHDL File  ; C:/Users/Aty/Documents/UFRN/Sistemas Digitais/Componentes/ULA/SUM_4Bits.vhd          ;         ;
; SUM_2Bits.vhd                    ; yes             ; User VHDL File  ; C:/Users/Aty/Documents/UFRN/Sistemas Digitais/Componentes/ULA/SUM_2Bits.vhd          ;         ;
; SUM_1Bit.vhd                     ; yes             ; User VHDL File  ; C:/Users/Aty/Documents/UFRN/Sistemas Digitais/Componentes/ULA/SUM_1Bit.vhd           ;         ;
; SUB_8Bits.vhd                    ; yes             ; User VHDL File  ; C:/Users/Aty/Documents/UFRN/Sistemas Digitais/Componentes/ULA/SUB_8Bits.vhd          ;         ;
; SHL_in_8Bits.vhd                 ; yes             ; User VHDL File  ; C:/Users/Aty/Documents/UFRN/Sistemas Digitais/Componentes/ULA/SHL_in_8Bits.vhd       ;         ;
; MUX12_1_8Bits.vhd                ; yes             ; User VHDL File  ; C:/Users/Aty/Documents/UFRN/Sistemas Digitais/Componentes/ULA/MUX12_1_8Bits.vhd      ;         ;
; ULA.vhd                          ; yes             ; User VHDL File  ; C:/Users/Aty/Documents/UFRN/Sistemas Digitais/Componentes/ULA/ULA.vhd                ;         ;
+----------------------------------+-----------------+-----------------+--------------------------------------------------------------------------------------+---------+


+-----------------------------------------------------------+
; Analysis & Synthesis Resource Usage Summary               ;
+---------------------------------------------+-------------+
; Resource                                    ; Usage       ;
+---------------------------------------------+-------------+
; Estimated Total logic elements              ; 256         ;
;                                             ;             ;
; Total combinational functions               ; 256         ;
; Logic element usage by number of LUT inputs ;             ;
;     -- 4 input functions                    ; 80          ;
;     -- 3 input functions                    ; 95          ;
;     -- <=2 input functions                  ; 81          ;
;                                             ;             ;
; Logic elements by mode                      ;             ;
;     -- normal mode                          ; 195         ;
;     -- arithmetic mode                      ; 61          ;
;                                             ;             ;
; Total registers                             ; 0           ;
;     -- Dedicated logic registers            ; 0           ;
;     -- I/O registers                        ; 0           ;
;                                             ;             ;
; I/O pins                                    ; 32          ;
; Embedded Multiplier 9-bit elements          ; 0           ;
; Maximum fan-out node                        ; ULA_S_IN[0] ;
; Maximum fan-out                             ; 40          ;
; Total fan-out                               ; 763         ;
; Average fan-out                             ; 2.65        ;
+---------------------------------------------+-------------+


+------------------------------------------------------------------------------------------------------------------------------------------------------------------------------------------------------------------------------------------------------------------------------------------+
; Analysis & Synthesis Resource Utilization by Entity                                                                                                                                                                                                                                      ;
+--------------------------------------------+-------------------+--------------+-------------+--------------+---------+-----------+------+--------------+------------------------------------------------------------------------------------------------------------------+--------------+
; Compilation Hierarchy Node                 ; LC Combinationals ; LC Registers ; Memory Bits ; DSP Elements ; DSP 9x9 ; DSP 18x18 ; Pins ; Virtual Pins ; Full Hierarchy Name                                                                                              ; Library Name ;
+--------------------------------------------+-------------------+--------------+-------------+--------------+---------+-----------+------+--------------+------------------------------------------------------------------------------------------------------------------+--------------+
; |ULA                                       ; 256 (3)           ; 0 (0)        ; 0           ; 0            ; 0       ; 0         ; 32   ; 0            ; |ULA                                                                                                             ;              ;
;    |Comparador_8Bits:CMP|                  ; 19 (0)            ; 0 (0)        ; 0           ; 0            ; 0       ; 0         ; 0    ; 0            ; |ULA|Comparador_8Bits:CMP                                                                                        ;              ;
;       |Comparador_4Bits:Comp1|             ; 2 (0)             ; 0 (0)        ; 0           ; 0            ; 0       ; 0         ; 0    ; 0            ; |ULA|Comparador_8Bits:CMP|Comparador_4Bits:Comp1                                                                 ;              ;
;          |Comparador:Comp1|                ; 1 (1)             ; 0 (0)        ; 0           ; 0            ; 0       ; 0         ; 0    ; 0            ; |ULA|Comparador_8Bits:CMP|Comparador_4Bits:Comp1|Comparador:Comp1                                                ;              ;
;          |Comparador:Comp3|                ; 1 (1)             ; 0 (0)        ; 0           ; 0            ; 0       ; 0         ; 0    ; 0            ; |ULA|Comparador_8Bits:CMP|Comparador_4Bits:Comp1|Comparador:Comp3                                                ;              ;
;       |Comparador_4Bits:Comp2|             ; 17 (0)            ; 0 (0)        ; 0           ; 0            ; 0       ; 0         ; 0    ; 0            ; |ULA|Comparador_8Bits:CMP|Comparador_4Bits:Comp2                                                                 ;              ;
;          |Comparador:Comp1|                ; 3 (3)             ; 0 (0)        ; 0           ; 0            ; 0       ; 0         ; 0    ; 0            ; |ULA|Comparador_8Bits:CMP|Comparador_4Bits:Comp2|Comparador:Comp1                                                ;              ;
;          |Comparador:Comp2|                ; 1 (1)             ; 0 (0)        ; 0           ; 0            ; 0       ; 0         ; 0    ; 0            ; |ULA|Comparador_8Bits:CMP|Comparador_4Bits:Comp2|Comparador:Comp2                                                ;              ;
;          |Comparador:Comp4|                ; 13 (13)           ; 0 (0)        ; 0           ; 0            ; 0       ; 0         ; 0    ; 0            ; |ULA|Comparador_8Bits:CMP|Comparador_4Bits:Comp2|Comparador:Comp4                                                ;              ;
;    |Comparador_8Bits:comparador_mult_ovrf| ; 2 (0)             ; 0 (0)        ; 0           ; 0            ; 0       ; 0         ; 0    ; 0            ; |ULA|Comparador_8Bits:comparador_mult_ovrf                                                                       ;              ;
;       |Comparador_4Bits:Comp2|             ; 2 (0)             ; 0 (0)        ; 0           ; 0            ; 0       ; 0         ; 0    ; 0            ; |ULA|Comparador_8Bits:comparador_mult_ovrf|Comparador_4Bits:Comp2                                                ;              ;
;          |Comparador:Comp4|                ; 2 (2)             ; 0 (0)        ; 0           ; 0            ; 0       ; 0         ; 0    ; 0            ; |ULA|Comparador_8Bits:comparador_mult_ovrf|Comparador_4Bits:Comp2|Comparador:Comp4                               ;              ;
;    |MUX12_1_8Bits:MUX|                     ; 78 (0)            ; 0 (0)        ; 0           ; 0            ; 0       ; 0         ; 0    ; 0            ; |ULA|MUX12_1_8Bits:MUX                                                                                           ;              ;
;       |MUX2_1_8Bits:first_line_mux_02|     ; 4 (4)             ; 0 (0)        ; 0           ; 0            ; 0       ; 0         ; 0    ; 0            ; |ULA|MUX12_1_8Bits:MUX|MUX2_1_8Bits:first_line_mux_02                                                            ;              ;
;       |MUX2_1_8Bits:first_line_mux_03|     ; 8 (8)             ; 0 (0)        ; 0           ; 0            ; 0       ; 0         ; 0    ; 0            ; |ULA|MUX12_1_8Bits:MUX|MUX2_1_8Bits:first_line_mux_03                                                            ;              ;
;       |MUX2_1_8Bits:first_line_mux_04|     ; 5 (5)             ; 0 (0)        ; 0           ; 0            ; 0       ; 0         ; 0    ; 0            ; |ULA|MUX12_1_8Bits:MUX|MUX2_1_8Bits:first_line_mux_04                                                            ;              ;
;       |MUX2_1_8Bits:first_line_mux_05|     ; 4 (4)             ; 0 (0)        ; 0           ; 0            ; 0       ; 0         ; 0    ; 0            ; |ULA|MUX12_1_8Bits:MUX|MUX2_1_8Bits:first_line_mux_05                                                            ;              ;
;       |MUX2_1_8Bits:first_line_mux_06|     ; 4 (4)             ; 0 (0)        ; 0           ; 0            ; 0       ; 0         ; 0    ; 0            ; |ULA|MUX12_1_8Bits:MUX|MUX2_1_8Bits:first_line_mux_06                                                            ;              ;
;       |MUX2_1_8Bits:last_line_mux|         ; 42 (42)           ; 0 (0)        ; 0           ; 0            ; 0       ; 0         ; 0    ; 0            ; |ULA|MUX12_1_8Bits:MUX|MUX2_1_8Bits:last_line_mux                                                                ;              ;
;       |MUX2_1_8Bits:second_line_mux_01|    ; 1 (1)             ; 0 (0)        ; 0           ; 0            ; 0       ; 0         ; 0    ; 0            ; |ULA|MUX12_1_8Bits:MUX|MUX2_1_8Bits:second_line_mux_01                                                           ;              ;
;       |MUX2_1_8Bits:third_line_mux_03|     ; 10 (10)           ; 0 (0)        ; 0           ; 0            ; 0       ; 0         ; 0    ; 0            ; |ULA|MUX12_1_8Bits:MUX|MUX2_1_8Bits:third_line_mux_03                                                            ;              ;
;    |Multiplicador8Bits:MULT|               ; 128 (0)           ; 0 (0)        ; 0           ; 0            ; 0       ; 0         ; 0    ; 0            ; |ULA|Multiplicador8Bits:MULT                                                                                     ;              ;
;       |Mult_linha:Mult01|                  ; 7 (7)             ; 0 (0)        ; 0           ; 0            ; 0       ; 0         ; 0    ; 0            ; |ULA|Multiplicador8Bits:MULT|Mult_linha:Mult01                                                                   ;              ;
;       |Mult_linha:Mult02|                  ; 6 (6)             ; 0 (0)        ; 0           ; 0            ; 0       ; 0         ; 0    ; 0            ; |ULA|Multiplicador8Bits:MULT|Mult_linha:Mult02                                                                   ;              ;
;       |Mult_linha:Mult03|                  ; 7 (7)             ; 0 (0)        ; 0           ; 0            ; 0       ; 0         ; 0    ; 0            ; |ULA|Multiplicador8Bits:MULT|Mult_linha:Mult03                                                                   ;              ;
;       |Mult_linha:Mult04|                  ; 7 (7)             ; 0 (0)        ; 0           ; 0            ; 0       ; 0         ; 0    ; 0            ; |ULA|Multiplicador8Bits:MULT|Mult_linha:Mult04                                                                   ;              ;
;       |Mult_linha:Mult05|                  ; 7 (7)             ; 0 (0)        ; 0           ; 0            ; 0       ; 0         ; 0    ; 0            ; |ULA|Multiplicador8Bits:MULT|Mult_linha:Mult05                                                                   ;              ;
;       |Mult_linha:Mult06|                  ; 7 (7)             ; 0 (0)        ; 0           ; 0            ; 0       ; 0         ; 0    ; 0            ; |ULA|Multiplicador8Bits:MULT|Mult_linha:Mult06                                                                   ;              ;
;       |Mult_linha:Mult07|                  ; 7 (7)             ; 0 (0)        ; 0           ; 0            ; 0       ; 0         ; 0    ; 0            ; |ULA|Multiplicador8Bits:MULT|Mult_linha:Mult07                                                                   ;              ;
;       |Mult_linha:Mult08|                  ; 7 (7)             ; 0 (0)        ; 0           ; 0            ; 0       ; 0         ; 0    ; 0            ; |ULA|Multiplicador8Bits:MULT|Mult_linha:Mult08                                                                   ;              ;
;       |SUM_16Bits:Somador01|               ; 10 (0)            ; 0 (0)        ; 0           ; 0            ; 0       ; 0         ; 0    ; 0            ; |ULA|Multiplicador8Bits:MULT|SUM_16Bits:Somador01                                                                ;              ;
;          |SUM_8Bits:SUM01|                 ; 10 (0)            ; 0 (0)        ; 0           ; 0            ; 0       ; 0         ; 0    ; 0            ; |ULA|Multiplicador8Bits:MULT|SUM_16Bits:Somador01|SUM_8Bits:SUM01                                                ;              ;
;             |SUM_4Bits:SUM01|              ; 10 (0)            ; 0 (0)        ; 0           ; 0            ; 0       ; 0         ; 0    ; 0            ; |ULA|Multiplicador8Bits:MULT|SUM_16Bits:Somador01|SUM_8Bits:SUM01|SUM_4Bits:SUM01                                ;              ;
;                |SUM_2Bits:SUM01|           ; 2 (0)             ; 0 (0)        ; 0           ; 0            ; 0       ; 0         ; 0    ; 0            ; |ULA|Multiplicador8Bits:MULT|SUM_16Bits:Somador01|SUM_8Bits:SUM01|SUM_4Bits:SUM01|SUM_2Bits:SUM01                ;              ;
;                   |SUM_1Bit:SUM02|         ; 2 (2)             ; 0 (0)        ; 0           ; 0            ; 0       ; 0         ; 0    ; 0            ; |ULA|Multiplicador8Bits:MULT|SUM_16Bits:Somador01|SUM_8Bits:SUM01|SUM_4Bits:SUM01|SUM_2Bits:SUM01|SUM_1Bit:SUM02 ;              ;
;                |SUM_2Bits:SUM02|           ; 8 (0)             ; 0 (0)        ; 0           ; 0            ; 0       ; 0         ; 0    ; 0            ; |ULA|Multiplicador8Bits:MULT|SUM_16Bits:Somador01|SUM_8Bits:SUM01|SUM_4Bits:SUM01|SUM_2Bits:SUM02                ;              ;
;                   |SUM_1Bit:SUM01|         ; 8 (8)             ; 0 (0)        ; 0           ; 0            ; 0       ; 0         ; 0    ; 0            ; |ULA|Multiplicador8Bits:MULT|SUM_16Bits:Somador01|SUM_8Bits:SUM01|SUM_4Bits:SUM01|SUM_2Bits:SUM02|SUM_1Bit:SUM01 ;              ;
;       |SUM_16Bits:Somador02|               ; 13 (0)            ; 0 (0)        ; 0           ; 0            ; 0       ; 0         ; 0    ; 0            ; |ULA|Multiplicador8Bits:MULT|SUM_16Bits:Somador02                                                                ;              ;
;          |SUM_8Bits:SUM01|                 ; 9 (0)             ; 0 (0)        ; 0           ; 0            ; 0       ; 0         ; 0    ; 0            ; |ULA|Multiplicador8Bits:MULT|SUM_16Bits:Somador02|SUM_8Bits:SUM01                                                ;              ;
;             |SUM_4Bits:SUM01|              ; 9 (0)             ; 0 (0)        ; 0           ; 0            ; 0       ; 0         ; 0    ; 0            ; |ULA|Multiplicador8Bits:MULT|SUM_16Bits:Somador02|SUM_8Bits:SUM01|SUM_4Bits:SUM01                                ;              ;
;                |SUM_2Bits:SUM02|           ; 9 (0)             ; 0 (0)        ; 0           ; 0            ; 0       ; 0         ; 0    ; 0            ; |ULA|Multiplicador8Bits:MULT|SUM_16Bits:Somador02|SUM_8Bits:SUM01|SUM_4Bits:SUM01|SUM_2Bits:SUM02                ;              ;
;                   |SUM_1Bit:SUM01|         ; 2 (2)             ; 0 (0)        ; 0           ; 0            ; 0       ; 0         ; 0    ; 0            ; |ULA|Multiplicador8Bits:MULT|SUM_16Bits:Somador02|SUM_8Bits:SUM01|SUM_4Bits:SUM01|SUM_2Bits:SUM02|SUM_1Bit:SUM01 ;              ;
;                   |SUM_1Bit:SUM02|         ; 7 (7)             ; 0 (0)        ; 0           ; 0            ; 0       ; 0         ; 0    ; 0            ; |ULA|Multiplicador8Bits:MULT|SUM_16Bits:Somador02|SUM_8Bits:SUM01|SUM_4Bits:SUM01|SUM_2Bits:SUM02|SUM_1Bit:SUM02 ;              ;
;          |SUM_8Bits:SUM02|                 ; 4 (0)             ; 0 (0)        ; 0           ; 0            ; 0       ; 0         ; 0    ; 0            ; |ULA|Multiplicador8Bits:MULT|SUM_16Bits:Somador02|SUM_8Bits:SUM02                                                ;              ;
;             |SUM_4Bits:SUM01|              ; 4 (0)             ; 0 (0)        ; 0           ; 0            ; 0       ; 0         ; 0    ; 0            ; |ULA|Multiplicador8Bits:MULT|SUM_16Bits:Somador02|SUM_8Bits:SUM02|SUM_4Bits:SUM01                                ;              ;
;                |SUM_2Bits:SUM01|           ; 4 (0)             ; 0 (0)        ; 0           ; 0            ; 0       ; 0         ; 0    ; 0            ; |ULA|Multiplicador8Bits:MULT|SUM_16Bits:Somador02|SUM_8Bits:SUM02|SUM_4Bits:SUM01|SUM_2Bits:SUM01                ;              ;
;                   |SUM_1Bit:SUM01|         ; 2 (2)             ; 0 (0)        ; 0           ; 0            ; 0       ; 0         ; 0    ; 0            ; |ULA|Multiplicador8Bits:MULT|SUM_16Bits:Somador02|SUM_8Bits:SUM02|SUM_4Bits:SUM01|SUM_2Bits:SUM01|SUM_1Bit:SUM01 ;              ;
;                   |SUM_1Bit:SUM02|         ; 2 (2)             ; 0 (0)        ; 0           ; 0            ; 0       ; 0         ; 0    ; 0            ; |ULA|Multiplicador8Bits:MULT|SUM_16Bits:Somador02|SUM_8Bits:SUM02|SUM_4Bits:SUM01|SUM_2Bits:SUM01|SUM_1Bit:SUM02 ;              ;
;       |SUM_16Bits:Somador03|               ; 10 (0)            ; 0 (0)        ; 0           ; 0            ; 0       ; 0         ; 0    ; 0            ; |ULA|Multiplicador8Bits:MULT|SUM_16Bits:Somador03                                                                ;              ;
;          |SUM_8Bits:SUM01|                 ; 10 (0)            ; 0 (0)        ; 0           ; 0            ; 0       ; 0         ; 0    ; 0            ; |ULA|Multiplicador8Bits:MULT|SUM_16Bits:Somador03|SUM_8Bits:SUM01                                                ;              ;
;             |SUM_4Bits:SUM01|              ; 1 (0)             ; 0 (0)        ; 0           ; 0            ; 0       ; 0         ; 0    ; 0            ; |ULA|Multiplicador8Bits:MULT|SUM_16Bits:Somador03|SUM_8Bits:SUM01|SUM_4Bits:SUM01                                ;              ;
;                |SUM_2Bits:SUM02|           ; 1 (0)             ; 0 (0)        ; 0           ; 0            ; 0       ; 0         ; 0    ; 0            ; |ULA|Multiplicador8Bits:MULT|SUM_16Bits:Somador03|SUM_8Bits:SUM01|SUM_4Bits:SUM01|SUM_2Bits:SUM02                ;              ;
;                   |SUM_1Bit:SUM02|         ; 1 (1)             ; 0 (0)        ; 0           ; 0            ; 0       ; 0         ; 0    ; 0            ; |ULA|Multiplicador8Bits:MULT|SUM_16Bits:Somador03|SUM_8Bits:SUM01|SUM_4Bits:SUM01|SUM_2Bits:SUM02|SUM_1Bit:SUM02 ;              ;
;             |SUM_4Bits:SUM02|              ; 9 (0)             ; 0 (0)        ; 0           ; 0            ; 0       ; 0         ; 0    ; 0            ; |ULA|Multiplicador8Bits:MULT|SUM_16Bits:Somador03|SUM_8Bits:SUM01|SUM_4Bits:SUM02                                ;              ;
;                |SUM_2Bits:SUM01|           ; 9 (0)             ; 0 (0)        ; 0           ; 0            ; 0       ; 0         ; 0    ; 0            ; |ULA|Multiplicador8Bits:MULT|SUM_16Bits:Somador03|SUM_8Bits:SUM01|SUM_4Bits:SUM02|SUM_2Bits:SUM01                ;              ;
;                   |SUM_1Bit:SUM01|         ; 9 (9)             ; 0 (0)        ; 0           ; 0            ; 0       ; 0         ; 0    ; 0            ; |ULA|Multiplicador8Bits:MULT|SUM_16Bits:Somador03|SUM_8Bits:SUM01|SUM_4Bits:SUM02|SUM_2Bits:SUM01|SUM_1Bit:SUM01 ;              ;
;       |SUM_16Bits:Somador04|               ; 10 (0)            ; 0 (0)        ; 0           ; 0            ; 0       ; 0         ; 0    ; 0            ; |ULA|Multiplicador8Bits:MULT|SUM_16Bits:Somador04                                                                ;              ;
;          |SUM_8Bits:SUM01|                 ; 10 (0)            ; 0 (0)        ; 0           ; 0            ; 0       ; 0         ; 0    ; 0            ; |ULA|Multiplicador8Bits:MULT|SUM_16Bits:Somador04|SUM_8Bits:SUM01                                                ;              ;
;             |SUM_4Bits:SUM02|              ; 10 (0)            ; 0 (0)        ; 0           ; 0            ; 0       ; 0         ; 0    ; 0            ; |ULA|Multiplicador8Bits:MULT|SUM_16Bits:Somador04|SUM_8Bits:SUM01|SUM_4Bits:SUM02                                ;              ;
;                |SUM_2Bits:SUM01|           ; 10 (0)            ; 0 (0)        ; 0           ; 0            ; 0       ; 0         ; 0    ; 0            ; |ULA|Multiplicador8Bits:MULT|SUM_16Bits:Somador04|SUM_8Bits:SUM01|SUM_4Bits:SUM02|SUM_2Bits:SUM01                ;              ;
;                   |SUM_1Bit:SUM01|         ; 1 (1)             ; 0 (0)        ; 0           ; 0            ; 0       ; 0         ; 0    ; 0            ; |ULA|Multiplicador8Bits:MULT|SUM_16Bits:Somador04|SUM_8Bits:SUM01|SUM_4Bits:SUM02|SUM_2Bits:SUM01|SUM_1Bit:SUM01 ;              ;
;                   |SUM_1Bit:SUM02|         ; 9 (9)             ; 0 (0)        ; 0           ; 0            ; 0       ; 0         ; 0    ; 0            ; |ULA|Multiplicador8Bits:MULT|SUM_16Bits:Somador04|SUM_8Bits:SUM01|SUM_4Bits:SUM02|SUM_2Bits:SUM01|SUM_1Bit:SUM02 ;              ;
;       |SUM_16Bits:Somador05|               ; 10 (0)            ; 0 (0)        ; 0           ; 0            ; 0       ; 0         ; 0    ; 0            ; |ULA|Multiplicador8Bits:MULT|SUM_16Bits:Somador05                                                                ;              ;
;          |SUM_8Bits:SUM01|                 ; 10 (0)            ; 0 (0)        ; 0           ; 0            ; 0       ; 0         ; 0    ; 0            ; |ULA|Multiplicador8Bits:MULT|SUM_16Bits:Somador05|SUM_8Bits:SUM01                                                ;              ;
;             |SUM_4Bits:SUM02|              ; 10 (0)            ; 0 (0)        ; 0           ; 0            ; 0       ; 0         ; 0    ; 0            ; |ULA|Multiplicador8Bits:MULT|SUM_16Bits:Somador05|SUM_8Bits:SUM01|SUM_4Bits:SUM02                                ;              ;
;                |SUM_2Bits:SUM01|           ; 1 (0)             ; 0 (0)        ; 0           ; 0            ; 0       ; 0         ; 0    ; 0            ; |ULA|Multiplicador8Bits:MULT|SUM_16Bits:Somador05|SUM_8Bits:SUM01|SUM_4Bits:SUM02|SUM_2Bits:SUM01                ;              ;
;                   |SUM_1Bit:SUM02|         ; 1 (1)             ; 0 (0)        ; 0           ; 0            ; 0       ; 0         ; 0    ; 0            ; |ULA|Multiplicador8Bits:MULT|SUM_16Bits:Somador05|SUM_8Bits:SUM01|SUM_4Bits:SUM02|SUM_2Bits:SUM01|SUM_1Bit:SUM02 ;              ;
;                |SUM_2Bits:SUM02|           ; 9 (0)             ; 0 (0)        ; 0           ; 0            ; 0       ; 0         ; 0    ; 0            ; |ULA|Multiplicador8Bits:MULT|SUM_16Bits:Somador05|SUM_8Bits:SUM01|SUM_4Bits:SUM02|SUM_2Bits:SUM02                ;              ;
;                   |SUM_1Bit:SUM01|         ; 9 (9)             ; 0 (0)        ; 0           ; 0            ; 0       ; 0         ; 0    ; 0            ; |ULA|Multiplicador8Bits:MULT|SUM_16Bits:Somador05|SUM_8Bits:SUM01|SUM_4Bits:SUM02|SUM_2Bits:SUM02|SUM_1Bit:SUM01 ;              ;
;       |SUM_16Bits:Somador06|               ; 10 (0)            ; 0 (0)        ; 0           ; 0            ; 0       ; 0         ; 0    ; 0            ; |ULA|Multiplicador8Bits:MULT|SUM_16Bits:Somador06                                                                ;              ;
;          |SUM_8Bits:SUM01|                 ; 10 (0)            ; 0 (0)        ; 0           ; 0            ; 0       ; 0         ; 0    ; 0            ; |ULA|Multiplicador8Bits:MULT|SUM_16Bits:Somador06|SUM_8Bits:SUM01                                                ;              ;
;             |SUM_4Bits:SUM02|              ; 10 (0)            ; 0 (0)        ; 0           ; 0            ; 0       ; 0         ; 0    ; 0            ; |ULA|Multiplicador8Bits:MULT|SUM_16Bits:Somador06|SUM_8Bits:SUM01|SUM_4Bits:SUM02                                ;              ;
;                |SUM_2Bits:SUM02|           ; 10 (0)            ; 0 (0)        ; 0           ; 0            ; 0       ; 0         ; 0    ; 0            ; |ULA|Multiplicador8Bits:MULT|SUM_16Bits:Somador06|SUM_8Bits:SUM01|SUM_4Bits:SUM02|SUM_2Bits:SUM02                ;              ;
;                   |SUM_1Bit:SUM01|         ; 1 (1)             ; 0 (0)        ; 0           ; 0            ; 0       ; 0         ; 0    ; 0            ; |ULA|Multiplicador8Bits:MULT|SUM_16Bits:Somador06|SUM_8Bits:SUM01|SUM_4Bits:SUM02|SUM_2Bits:SUM02|SUM_1Bit:SUM01 ;              ;
;                   |SUM_1Bit:SUM02|         ; 9 (9)             ; 0 (0)        ; 0           ; 0            ; 0       ; 0         ; 0    ; 0            ; |ULA|Multiplicador8Bits:MULT|SUM_16Bits:Somador06|SUM_8Bits:SUM01|SUM_4Bits:SUM02|SUM_2Bits:SUM02|SUM_1Bit:SUM02 ;              ;
;       |SUM_16Bits:Somador07|               ; 10 (0)            ; 0 (0)        ; 0           ; 0            ; 0       ; 0         ; 0    ; 0            ; |ULA|Multiplicador8Bits:MULT|SUM_16Bits:Somador07                                                                ;              ;
;          |SUM_8Bits:SUM01|                 ; 1 (0)             ; 0 (0)        ; 0           ; 0            ; 0       ; 0         ; 0    ; 0            ; |ULA|Multiplicador8Bits:MULT|SUM_16Bits:Somador07|SUM_8Bits:SUM01                                                ;              ;
;             |SUM_4Bits:SUM02|              ; 1 (0)             ; 0 (0)        ; 0           ; 0            ; 0       ; 0         ; 0    ; 0            ; |ULA|Multiplicador8Bits:MULT|SUM_16Bits:Somador07|SUM_8Bits:SUM01|SUM_4Bits:SUM02                                ;              ;
;                |SUM_2Bits:SUM02|           ; 1 (0)             ; 0 (0)        ; 0           ; 0            ; 0       ; 0         ; 0    ; 0            ; |ULA|Multiplicador8Bits:MULT|SUM_16Bits:Somador07|SUM_8Bits:SUM01|SUM_4Bits:SUM02|SUM_2Bits:SUM02                ;              ;
;                   |SUM_1Bit:SUM02|         ; 1 (1)             ; 0 (0)        ; 0           ; 0            ; 0       ; 0         ; 0    ; 0            ; |ULA|Multiplicador8Bits:MULT|SUM_16Bits:Somador07|SUM_8Bits:SUM01|SUM_4Bits:SUM02|SUM_2Bits:SUM02|SUM_1Bit:SUM02 ;              ;
;          |SUM_8Bits:SUM02|                 ; 9 (0)             ; 0 (0)        ; 0           ; 0            ; 0       ; 0         ; 0    ; 0            ; |ULA|Multiplicador8Bits:MULT|SUM_16Bits:Somador07|SUM_8Bits:SUM02                                                ;              ;
;             |SUM_4Bits:SUM01|              ; 9 (0)             ; 0 (0)        ; 0           ; 0            ; 0       ; 0         ; 0    ; 0            ; |ULA|Multiplicador8Bits:MULT|SUM_16Bits:Somador07|SUM_8Bits:SUM02|SUM_4Bits:SUM01                                ;              ;
;                |SUM_2Bits:SUM01|           ; 9 (0)             ; 0 (0)        ; 0           ; 0            ; 0       ; 0         ; 0    ; 0            ; |ULA|Multiplicador8Bits:MULT|SUM_16Bits:Somador07|SUM_8Bits:SUM02|SUM_4Bits:SUM01|SUM_2Bits:SUM01                ;              ;
;                   |SUM_1Bit:SUM01|         ; 9 (9)             ; 0 (0)        ; 0           ; 0            ; 0       ; 0         ; 0    ; 0            ; |ULA|Multiplicador8Bits:MULT|SUM_16Bits:Somador07|SUM_8Bits:SUM02|SUM_4Bits:SUM01|SUM_2Bits:SUM01|SUM_1Bit:SUM01 ;              ;
;    |SUB_8Bits:DEC|                         ; 2 (0)             ; 0 (0)        ; 0           ; 0            ; 0       ; 0         ; 0    ; 0            ; |ULA|SUB_8Bits:DEC                                                                                               ;              ;
;       |SUM_8Bits:Subtrador|                ; 2 (0)             ; 0 (0)        ; 0           ; 0            ; 0       ; 0         ; 0    ; 0            ; |ULA|SUB_8Bits:DEC|SUM_8Bits:Subtrador                                                                           ;              ;
;          |SUM_4Bits:SUM02|                 ; 2 (0)             ; 0 (0)        ; 0           ; 0            ; 0       ; 0         ; 0    ; 0            ; |ULA|SUB_8Bits:DEC|SUM_8Bits:Subtrador|SUM_4Bits:SUM02                                                           ;              ;
;             |SUM_2Bits:SUM01|              ; 2 (0)             ; 0 (0)        ; 0           ; 0            ; 0       ; 0         ; 0    ; 0            ; |ULA|SUB_8Bits:DEC|SUM_8Bits:Subtrador|SUM_4Bits:SUM02|SUM_2Bits:SUM01                                           ;              ;
;                |SUM_1Bit:SUM01|            ; 2 (2)             ; 0 (0)        ; 0           ; 0            ; 0       ; 0         ; 0    ; 0            ; |ULA|SUB_8Bits:DEC|SUM_8Bits:Subtrador|SUM_4Bits:SUM02|SUM_2Bits:SUM01|SUM_1Bit:SUM01                            ;              ;
;    |SUB_8Bits:SUB|                         ; 12 (0)            ; 0 (0)        ; 0           ; 0            ; 0       ; 0         ; 0    ; 0            ; |ULA|SUB_8Bits:SUB                                                                                               ;              ;
;       |SUM_8Bits:Subtrador|                ; 12 (0)            ; 0 (0)        ; 0           ; 0            ; 0       ; 0         ; 0    ; 0            ; |ULA|SUB_8Bits:SUB|SUM_8Bits:Subtrador                                                                           ;              ;
;          |SUM_4Bits:SUM01|                 ; 8 (0)             ; 0 (0)        ; 0           ; 0            ; 0       ; 0         ; 0    ; 0            ; |ULA|SUB_8Bits:SUB|SUM_8Bits:Subtrador|SUM_4Bits:SUM01                                                           ;              ;
;             |SUM_2Bits:SUM01|              ; 4 (0)             ; 0 (0)        ; 0           ; 0            ; 0       ; 0         ; 0    ; 0            ; |ULA|SUB_8Bits:SUB|SUM_8Bits:Subtrador|SUM_4Bits:SUM01|SUM_2Bits:SUM01                                           ;              ;
;                |SUM_1Bit:SUM02|            ; 4 (4)             ; 0 (0)        ; 0           ; 0            ; 0       ; 0         ; 0    ; 0            ; |ULA|SUB_8Bits:SUB|SUM_8Bits:Subtrador|SUM_4Bits:SUM01|SUM_2Bits:SUM01|SUM_1Bit:SUM02                            ;              ;
;             |SUM_2Bits:SUM02|              ; 4 (0)             ; 0 (0)        ; 0           ; 0            ; 0       ; 0         ; 0    ; 0            ; |ULA|SUB_8Bits:SUB|SUM_8Bits:Subtrador|SUM_4Bits:SUM01|SUM_2Bits:SUM02                                           ;              ;
;                |SUM_1Bit:SUM01|            ; 2 (2)             ; 0 (0)        ; 0           ; 0            ; 0       ; 0         ; 0    ; 0            ; |ULA|SUB_8Bits:SUB|SUM_8Bits:Subtrador|SUM_4Bits:SUM01|SUM_2Bits:SUM02|SUM_1Bit:SUM01                            ;              ;
;                |SUM_1Bit:SUM02|            ; 2 (2)             ; 0 (0)        ; 0           ; 0            ; 0       ; 0         ; 0    ; 0            ; |ULA|SUB_8Bits:SUB|SUM_8Bits:Subtrador|SUM_4Bits:SUM01|SUM_2Bits:SUM02|SUM_1Bit:SUM02                            ;              ;
;          |SUM_4Bits:SUM02|                 ; 4 (0)             ; 0 (0)        ; 0           ; 0            ; 0       ; 0         ; 0    ; 0            ; |ULA|SUB_8Bits:SUB|SUM_8Bits:Subtrador|SUM_4Bits:SUM02                                                           ;              ;
;             |SUM_2Bits:SUM01|              ; 4 (0)             ; 0 (0)        ; 0           ; 0            ; 0       ; 0         ; 0    ; 0            ; |ULA|SUB_8Bits:SUB|SUM_8Bits:Subtrador|SUM_4Bits:SUM02|SUM_2Bits:SUM01                                           ;              ;
;                |SUM_1Bit:SUM01|            ; 2 (2)             ; 0 (0)        ; 0           ; 0            ; 0       ; 0         ; 0    ; 0            ; |ULA|SUB_8Bits:SUB|SUM_8Bits:Subtrador|SUM_4Bits:SUM02|SUM_2Bits:SUM01|SUM_1Bit:SUM01                            ;              ;
;                |SUM_1Bit:SUM02|            ; 2 (2)             ; 0 (0)        ; 0           ; 0            ; 0       ; 0         ; 0    ; 0            ; |ULA|SUB_8Bits:SUB|SUM_8Bits:Subtrador|SUM_4Bits:SUM02|SUM_2Bits:SUM01|SUM_1Bit:SUM02                            ;              ;
;    |SUM_8Bits:ADD|                         ; 10 (0)            ; 0 (0)        ; 0           ; 0            ; 0       ; 0         ; 0    ; 0            ; |ULA|SUM_8Bits:ADD                                                                                               ;              ;
;       |SUM_4Bits:SUM01|                    ; 10 (0)            ; 0 (0)        ; 0           ; 0            ; 0       ; 0         ; 0    ; 0            ; |ULA|SUM_8Bits:ADD|SUM_4Bits:SUM01                                                                               ;              ;
;          |SUM_2Bits:SUM01|                 ; 10 (0)            ; 0 (0)        ; 0           ; 0            ; 0       ; 0         ; 0    ; 0            ; |ULA|SUM_8Bits:ADD|SUM_4Bits:SUM01|SUM_2Bits:SUM01                                                               ;              ;
;             |SUM_1Bit:SUM01|               ; 1 (1)             ; 0 (0)        ; 0           ; 0            ; 0       ; 0         ; 0    ; 0            ; |ULA|SUM_8Bits:ADD|SUM_4Bits:SUM01|SUM_2Bits:SUM01|SUM_1Bit:SUM01                                                ;              ;
;             |SUM_1Bit:SUM02|               ; 9 (9)             ; 0 (0)        ; 0           ; 0            ; 0       ; 0         ; 0    ; 0            ; |ULA|SUM_8Bits:ADD|SUM_4Bits:SUM01|SUM_2Bits:SUM01|SUM_1Bit:SUM02                                                ;              ;
;    |SUM_8Bits:INC|                         ; 2 (0)             ; 0 (0)        ; 0           ; 0            ; 0       ; 0         ; 0    ; 0            ; |ULA|SUM_8Bits:INC                                                                                               ;              ;
;       |SUM_4Bits:SUM02|                    ; 2 (0)             ; 0 (0)        ; 0           ; 0            ; 0       ; 0         ; 0    ; 0            ; |ULA|SUM_8Bits:INC|SUM_4Bits:SUM02                                                                               ;              ;
;          |SUM_2Bits:SUM01|                 ; 2 (0)             ; 0 (0)        ; 0           ; 0            ; 0       ; 0         ; 0    ; 0            ; |ULA|SUM_8Bits:INC|SUM_4Bits:SUM02|SUM_2Bits:SUM01                                                               ;              ;
;             |SUM_1Bit:SUM01|               ; 2 (2)             ; 0 (0)        ; 0           ; 0            ; 0       ; 0         ; 0    ; 0            ; |ULA|SUM_8Bits:INC|SUM_4Bits:SUM02|SUM_2Bits:SUM01|SUM_1Bit:SUM01                                                ;              ;
+--------------------------------------------+-------------------+--------------+-------------+--------------+---------+-----------+------+--------------+------------------------------------------------------------------------------------------------------------------+--------------+
Note: For table entries with two numbers listed, the numbers in parentheses indicate the number of resources of the given type used by the specific entity alone. The numbers listed outside of parentheses indicate the total resources of the given type used by the specific entity and all of its sub-entities in the hierarchy.


+------------------------------------------------------+
; General Register Statistics                          ;
+----------------------------------------------+-------+
; Statistic                                    ; Value ;
+----------------------------------------------+-------+
; Total registers                              ; 0     ;
; Number of registers using Synchronous Clear  ; 0     ;
; Number of registers using Synchronous Load   ; 0     ;
; Number of registers using Asynchronous Clear ; 0     ;
; Number of registers using Asynchronous Load  ; 0     ;
; Number of registers using Clock Enable       ; 0     ;
; Number of registers using Preset             ; 0     ;
+----------------------------------------------+-------+


+----------------------------------------------------------------------------------------------------------------------------------------------------------------------+
; Multiplexer Restructuring Statistics (Restructuring Performed)                                                                                                       ;
+--------------------+-----------+---------------+----------------------+------------------------+------------+--------------------------------------------------------+
; Multiplexer Inputs ; Bus Width ; Baseline Area ; Area if Restructured ; Saving if Restructured ; Registered ; Example Multiplexer Output                             ;
+--------------------+-----------+---------------+----------------------+------------------------+------------+--------------------------------------------------------+
; 7:1                ; 4 bits    ; 16 LEs        ; 16 LEs               ; 0 LEs                  ; No         ; |ULA|MUX12_1_8Bits:MUX|MUX2_1_8Bits:last_line_mux|d[3] ;
; 8:1                ; 2 bits    ; 10 LEs        ; 10 LEs               ; 0 LEs                  ; No         ; |ULA|MUX12_1_8Bits:MUX|MUX2_1_8Bits:last_line_mux|d[1] ;
+--------------------+-----------+---------------+----------------------+------------------------+------------+--------------------------------------------------------+


+---------------------------------------------------------------------------------------------------------------------+
; Port Connectivity Checks: "Comparador_8Bits:comparador_mux_mult"                                                    ;
+-----------+--------+----------+-------------------------------------------------------------------------------------+
; Port      ; Type   ; Severity ; Details                                                                             ;
+-----------+--------+----------+-------------------------------------------------------------------------------------+
; ea8[7..4] ; Input  ; Info     ; Stuck at GND                                                                        ;
; eb8[1..0] ; Input  ; Info     ; Stuck at VCC                                                                        ;
; eb8[7..2] ; Input  ; Info     ; Stuck at GND                                                                        ;
; altb8     ; Output ; Info     ; Connected to dangling logic. Logic that only feeds a dangling port will be removed. ;
; agtb8     ; Output ; Info     ; Connected to dangling logic. Logic that only feeds a dangling port will be removed. ;
+-----------+--------+----------+-------------------------------------------------------------------------------------+


+---------------------------------------------------------------------------------------------------------------------+
; Port Connectivity Checks: "Comparador_8Bits:comparador_mux_soma"                                                    ;
+-----------+--------+----------+-------------------------------------------------------------------------------------+
; Port      ; Type   ; Severity ; Details                                                                             ;
+-----------+--------+----------+-------------------------------------------------------------------------------------+
; ea8[7..4] ; Input  ; Info     ; Stuck at GND                                                                        ;
; eb8       ; Input  ; Info     ; Stuck at GND                                                                        ;
; altb8     ; Output ; Info     ; Connected to dangling logic. Logic that only feeds a dangling port will be removed. ;
; agtb8     ; Output ; Info     ; Connected to dangling logic. Logic that only feeds a dangling port will be removed. ;
+-----------+--------+----------+-------------------------------------------------------------------------------------+


+---------------------------------------------------------------------------------------------------------------------+
; Port Connectivity Checks: "Comparador_8Bits:comparador_soma_ovrf"                                                   ;
+-----------+--------+----------+-------------------------------------------------------------------------------------+
; Port      ; Type   ; Severity ; Details                                                                             ;
+-----------+--------+----------+-------------------------------------------------------------------------------------+
; ea8[7..1] ; Input  ; Info     ; Stuck at GND                                                                        ;
; eb8       ; Input  ; Info     ; Stuck at GND                                                                        ;
; aeqb8     ; Output ; Info     ; Connected to dangling logic. Logic that only feeds a dangling port will be removed. ;
; altb8     ; Output ; Info     ; Connected to dangling logic. Logic that only feeds a dangling port will be removed. ;
+-----------+--------+----------+-------------------------------------------------------------------------------------+


+-----------------------------------------------------------------------------------------------------------------+
; Port Connectivity Checks: "Comparador_8Bits:comparador_mult_ovrf"                                               ;
+-------+--------+----------+-------------------------------------------------------------------------------------+
; Port  ; Type   ; Severity ; Details                                                                             ;
+-------+--------+----------+-------------------------------------------------------------------------------------+
; eb8   ; Input  ; Info     ; Stuck at GND                                                                        ;
; aeqb8 ; Output ; Info     ; Connected to dangling logic. Logic that only feeds a dangling port will be removed. ;
; altb8 ; Output ; Info     ; Connected to dangling logic. Logic that only feeds a dangling port will be removed. ;
+-------+--------+----------+-------------------------------------------------------------------------------------+


+-----------------------------------------------+
; Port Connectivity Checks: "MUX12_1_8Bits:MUX" ;
+-------------+-------+----------+--------------+
; Port        ; Type  ; Severity ; Details      ;
+-------------+-------+----------+--------------+
; i12_2[7..3] ; Input ; Info     ; Stuck at GND ;
+-------------+-------+----------+--------------+


+---------------------------------------------------+
; Port Connectivity Checks: "SUB_8Bits:DEC"         ;
+-----------------+-------+----------+--------------+
; Port            ; Type  ; Severity ; Details      ;
+-----------------+-------+----------+--------------+
; sub_b8_in[7..1] ; Input ; Info     ; Stuck at GND ;
; sub_b8_in[0]    ; Input ; Info     ; Stuck at VCC ;
+-----------------+-------+----------+--------------+


+-----------------------------------------------------------------------------------------------------------------------+
; Port Connectivity Checks: "SUM_8Bits:INC"                                                                             ;
+-------------+--------+----------+-------------------------------------------------------------------------------------+
; Port        ; Type   ; Severity ; Details                                                                             ;
+-------------+--------+----------+-------------------------------------------------------------------------------------+
; b8_in[7..1] ; Input  ; Info     ; Stuck at GND                                                                        ;
; b8_in[0]    ; Input  ; Info     ; Stuck at VCC                                                                        ;
; c8_in       ; Input  ; Info     ; Stuck at GND                                                                        ;
; c8_out      ; Output ; Info     ; Connected to dangling logic. Logic that only feeds a dangling port will be removed. ;
+-------------+--------+----------+-------------------------------------------------------------------------------------+


+------------------------------------------------------------------------------------------------------------------------+
; Port Connectivity Checks: "Multiplicador8Bits:MULT|SUM_16Bits:Somador07"                                               ;
+--------------+--------+----------+-------------------------------------------------------------------------------------+
; Port         ; Type   ; Severity ; Details                                                                             ;
+--------------+--------+----------+-------------------------------------------------------------------------------------+
; b16_in[6..0] ; Input  ; Info     ; Stuck at GND                                                                        ;
; b16_in[15]   ; Input  ; Info     ; Stuck at GND                                                                        ;
; c16_in       ; Input  ; Info     ; Stuck at GND                                                                        ;
; c16_out      ; Output ; Info     ; Connected to dangling logic. Logic that only feeds a dangling port will be removed. ;
+--------------+--------+----------+-------------------------------------------------------------------------------------+


+--------------------------------------------------------------------------------------------------------------------------+
; Port Connectivity Checks: "Multiplicador8Bits:MULT|SUM_16Bits:Somador06"                                                 ;
+----------------+--------+----------+-------------------------------------------------------------------------------------+
; Port           ; Type   ; Severity ; Details                                                                             ;
+----------------+--------+----------+-------------------------------------------------------------------------------------+
; b16_in[15..14] ; Input  ; Info     ; Stuck at GND                                                                        ;
; b16_in[5..0]   ; Input  ; Info     ; Stuck at GND                                                                        ;
; c16_in         ; Input  ; Info     ; Stuck at GND                                                                        ;
; c16_out        ; Output ; Info     ; Connected to dangling logic. Logic that only feeds a dangling port will be removed. ;
+----------------+--------+----------+-------------------------------------------------------------------------------------+


+--------------------------------------------------------------------------------------------------------------------------+
; Port Connectivity Checks: "Multiplicador8Bits:MULT|SUM_16Bits:Somador05"                                                 ;
+----------------+--------+----------+-------------------------------------------------------------------------------------+
; Port           ; Type   ; Severity ; Details                                                                             ;
+----------------+--------+----------+-------------------------------------------------------------------------------------+
; b16_in[15..13] ; Input  ; Info     ; Stuck at GND                                                                        ;
; b16_in[4..0]   ; Input  ; Info     ; Stuck at GND                                                                        ;
; c16_in         ; Input  ; Info     ; Stuck at GND                                                                        ;
; c16_out        ; Output ; Info     ; Connected to dangling logic. Logic that only feeds a dangling port will be removed. ;
+----------------+--------+----------+-------------------------------------------------------------------------------------+


+--------------------------------------------------------------------------------------------------------------------------+
; Port Connectivity Checks: "Multiplicador8Bits:MULT|SUM_16Bits:Somador04"                                                 ;
+----------------+--------+----------+-------------------------------------------------------------------------------------+
; Port           ; Type   ; Severity ; Details                                                                             ;
+----------------+--------+----------+-------------------------------------------------------------------------------------+
; b16_in[15..12] ; Input  ; Info     ; Stuck at GND                                                                        ;
; b16_in[3..0]   ; Input  ; Info     ; Stuck at GND                                                                        ;
; c16_in         ; Input  ; Info     ; Stuck at GND                                                                        ;
; c16_out        ; Output ; Info     ; Connected to dangling logic. Logic that only feeds a dangling port will be removed. ;
+----------------+--------+----------+-------------------------------------------------------------------------------------+


+--------------------------------------------------------------------------------------------------------------------------+
; Port Connectivity Checks: "Multiplicador8Bits:MULT|SUM_16Bits:Somador03"                                                 ;
+----------------+--------+----------+-------------------------------------------------------------------------------------+
; Port           ; Type   ; Severity ; Details                                                                             ;
+----------------+--------+----------+-------------------------------------------------------------------------------------+
; b16_in[15..11] ; Input  ; Info     ; Stuck at GND                                                                        ;
; b16_in[2..0]   ; Input  ; Info     ; Stuck at GND                                                                        ;
; c16_in         ; Input  ; Info     ; Stuck at GND                                                                        ;
; c16_out        ; Output ; Info     ; Connected to dangling logic. Logic that only feeds a dangling port will be removed. ;
+----------------+--------+----------+-------------------------------------------------------------------------------------+


+--------------------------------------------------------------------------------------------------------------------------+
; Port Connectivity Checks: "Multiplicador8Bits:MULT|SUM_16Bits:Somador02"                                                 ;
+----------------+--------+----------+-------------------------------------------------------------------------------------+
; Port           ; Type   ; Severity ; Details                                                                             ;
+----------------+--------+----------+-------------------------------------------------------------------------------------+
; b16_in[15..10] ; Input  ; Info     ; Stuck at GND                                                                        ;
; b16_in[1..0]   ; Input  ; Info     ; Stuck at GND                                                                        ;
; c16_in         ; Input  ; Info     ; Stuck at GND                                                                        ;
; c16_out        ; Output ; Info     ; Connected to dangling logic. Logic that only feeds a dangling port will be removed. ;
+----------------+--------+----------+-------------------------------------------------------------------------------------+


+-------------------------------------------------------------------------------------------------------------------------+
; Port Connectivity Checks: "Multiplicador8Bits:MULT|SUM_16Bits:Somador01"                                                ;
+---------------+--------+----------+-------------------------------------------------------------------------------------+
; Port          ; Type   ; Severity ; Details                                                                             ;
+---------------+--------+----------+-------------------------------------------------------------------------------------+
; a16_in[15..8] ; Input  ; Info     ; Stuck at GND                                                                        ;
; b16_in[15..9] ; Input  ; Info     ; Stuck at GND                                                                        ;
; b16_in[0]     ; Input  ; Info     ; Stuck at GND                                                                        ;
; c16_in        ; Input  ; Info     ; Stuck at GND                                                                        ;
; c16_out       ; Output ; Info     ; Connected to dangling logic. Logic that only feeds a dangling port will be removed. ;
+---------------+--------+----------+-------------------------------------------------------------------------------------+


+-------------------------------------------------------------------------+
; Port Connectivity Checks: "Comparador_8Bits:CMP|Comparador_4Bits:Comp1" ;
+------+-------+----------+-----------------------------------------------+
; Port ; Type  ; Severity ; Details                                       ;
+------+-------+----------+-----------------------------------------------+
; gt   ; Input ; Info     ; Stuck at GND                                  ;
; lt   ; Input ; Info     ; Stuck at GND                                  ;
; eq   ; Input ; Info     ; Stuck at VCC                                  ;
+------+-------+----------+-----------------------------------------------+


+------------------------------------------------------------------------------------------------------------------+
; Port Connectivity Checks: "SUB_8Bits:SUB|SUM_8Bits:Subtrador"                                                    ;
+--------+--------+----------+-------------------------------------------------------------------------------------+
; Port   ; Type   ; Severity ; Details                                                                             ;
+--------+--------+----------+-------------------------------------------------------------------------------------+
; c8_in  ; Input  ; Info     ; Stuck at VCC                                                                        ;
; c8_out ; Output ; Info     ; Connected to dangling logic. Logic that only feeds a dangling port will be removed. ;
+--------+--------+----------+-------------------------------------------------------------------------------------+


+-------------------------------------------+
; Port Connectivity Checks: "SUM_8Bits:ADD" ;
+-------+-------+----------+----------------+
; Port  ; Type  ; Severity ; Details        ;
+-------+-------+----------+----------------+
; c8_in ; Input ; Info     ; Stuck at GND   ;
+-------+-------+----------+----------------+


+-------------------------------+
; Elapsed Time Per Partition    ;
+----------------+--------------+
; Partition Name ; Elapsed Time ;
+----------------+--------------+
; Top            ; 00:00:01     ;
+----------------+--------------+


+-------------------------------+
; Analysis & Synthesis Messages ;
+-------------------------------+
Info: *******************************************************************
Info: Running Quartus II 64-Bit Analysis & Synthesis
    Info: Version 13.0.0 Build 156 04/24/2013 SJ Web Edition
    Info: Processing started: Sat Oct 03 23:27:48 2020
Info: Command: quartus_map --read_settings_files=on --write_settings_files=off ULA -c ULA
Warning (20028): Parallel compilation is not licensed and has been disabled
Info (12021): Found 2 design units, including 1 entities, in source file mux2_1_8bits.vhd
    Info (12022): Found design unit 1: MUX2_1_8Bits-ckt
    Info (12023): Found entity 1: MUX2_1_8Bits
Info (12021): Found 2 design units, including 1 entities, in source file shr_in_8bits.vhd
    Info (12022): Found design unit 1: SHR_in_8Bits-ckt
    Info (12023): Found entity 1: SHR_in_8Bits
Info (12021): Found 2 design units, including 1 entities, in source file sum_16bits.vhd
    Info (12022): Found design unit 1: SUM_16Bits-ckt
    Info (12023): Found entity 1: SUM_16Bits
Info (12021): Found 2 design units, including 1 entities, in source file multiplicador8bits.vhd
    Info (12022): Found design unit 1: Multiplicador8Bits-CI
    Info (12023): Found entity 1: Multiplicador8Bits
Info (12021): Found 2 design units, including 1 entities, in source file multi_linha.vhd
    Info (12022): Found design unit 1: Mult_linha-ckt
    Info (12023): Found entity 1: Mult_linha
Info (12021): Found 2 design units, including 1 entities, in source file comparador_8bits.vhd
    Info (12022): Found design unit 1: Comparador_8Bits-ckt
    Info (12023): Found entity 1: Comparador_8Bits
Info (12021): Found 2 design units, including 1 entities, in source file comparador_4bits.vhd
    Info (12022): Found design unit 1: Comparador_4Bits-ckt
    Info (12023): Found entity 1: Comparador_4Bits
Info (12021): Found 2 design units, including 1 entities, in source file comparador.vhd
    Info (12022): Found design unit 1: Comparador-ckt
    Info (12023): Found entity 1: Comparador
Info (12021): Found 2 design units, including 1 entities, in source file sum_8bits.vhd
    Info (12022): Found design unit 1: SUM_8Bits-ckt
    Info (12023): Found entity 1: SUM_8Bits
Info (12021): Found 2 design units, including 1 entities, in source file sum_4bits.vhd
    Info (12022): Found design unit 1: SUM_4Bits-ckt
    Info (12023): Found entity 1: SUM_4Bits
Info (12021): Found 2 design units, including 1 entities, in source file sum_2bits.vhd
    Info (12022): Found design unit 1: SUM_2Bits-ckt
    Info (12023): Found entity 1: SUM_2Bits
Info (12021): Found 2 design units, including 1 entities, in source file sum_1bit.vhd
    Info (12022): Found design unit 1: SUM_1Bit-ckt
    Info (12023): Found entity 1: SUM_1Bit
Info (12021): Found 2 design units, including 1 entities, in source file sub_8bits.vhd
    Info (12022): Found design unit 1: SUB_8Bits-ckt
    Info (12023): Found entity 1: SUB_8Bits
Info (12021): Found 2 design units, including 1 entities, in source file shl_in_8bits.vhd
    Info (12022): Found design unit 1: SHL_in_8Bits-ckt
    Info (12023): Found entity 1: SHL_in_8Bits
Info (12021): Found 2 design units, including 1 entities, in source file mux12_1_8bits.vhd
    Info (12022): Found design unit 1: MUX12_1_8Bits-ckt
    Info (12023): Found entity 1: MUX12_1_8Bits
Info (12021): Found 2 design units, including 1 entities, in source file ula.vhd
    Info (12022): Found design unit 1: ULA-ckt
    Info (12023): Found entity 1: ULA
Info (12127): Elaborating entity "ULA" for the top level hierarchy
Warning (10036): Verilog HDL or VHDL warning at ULA.vhd(55): object "INC_ovrf" assigned a value but never read
Info (12128): Elaborating entity "SUM_8Bits" for hierarchy "SUM_8Bits:ADD"
Info (12128): Elaborating entity "SUM_4Bits" for hierarchy "SUM_8Bits:ADD|SUM_4Bits:SUM01"
Info (12128): Elaborating entity "SUM_2Bits" for hierarchy "SUM_8Bits:ADD|SUM_4Bits:SUM01|SUM_2Bits:SUM01"
Info (12128): Elaborating entity "SUM_1Bit" for hierarchy "SUM_8Bits:ADD|SUM_4Bits:SUM01|SUM_2Bits:SUM01|SUM_1Bit:SUM01"
Info (12128): Elaborating entity "SUB_8Bits" for hierarchy "SUB_8Bits:SUB"
Warning (10036): Verilog HDL or VHDL warning at SUB_8Bits.vhd(19): object "sub_c_out" assigned a value but never read
Info (12128): Elaborating entity "Comparador_8Bits" for hierarchy "Comparador_8Bits:CMP"
Info (12128): Elaborating entity "Comparador_4Bits" for hierarchy "Comparador_8Bits:CMP|Comparador_4Bits:Comp1"
Info (12128): Elaborating entity "Comparador" for hierarchy "Comparador_8Bits:CMP|Comparador_4Bits:Comp1|Comparador:Comp1"
Info (12128): Elaborating entity "Multiplicador8Bits" for hierarchy "Multiplicador8Bits:MULT"
Warning (10036): Verilog HDL or VHDL warning at Multiplicador8Bits.vhd(26): object "c_01_out" assigned a value but never read
Warning (10036): Verilog HDL or VHDL warning at Multiplicador8Bits.vhd(26): object "c_02_out" assigned a value but never read
Warning (10036): Verilog HDL or VHDL warning at Multiplicador8Bits.vhd(26): object "c_03_out" assigned a value but never read
Warning (10036): Verilog HDL or VHDL warning at Multiplicador8Bits.vhd(26): object "c_04_out" assigned a value but never read
Warning (10036): Verilog HDL or VHDL warning at Multiplicador8Bits.vhd(26): object "c_05_out" assigned a value but never read
Warning (10036): Verilog HDL or VHDL warning at Multiplicador8Bits.vhd(26): object "c_06_out" assigned a value but never read
Warning (10036): Verilog HDL or VHDL warning at Multiplicador8Bits.vhd(26): object "c_07_out" assigned a value but never read
Info (12128): Elaborating entity "Mult_linha" for hierarchy "Multiplicador8Bits:MULT|Mult_linha:Mult01"
Info (12128): Elaborating entity "SUM_16Bits" for hierarchy "Multiplicador8Bits:MULT|SUM_16Bits:Somador01"
Info (12128): Elaborating entity "SHL_in_8Bits" for hierarchy "SHL_in_8Bits:SHL"
Info (12128): Elaborating entity "SHR_in_8Bits" for hierarchy "SHR_in_8Bits:SHR"
Info (12128): Elaborating entity "MUX12_1_8Bits" for hierarchy "MUX12_1_8Bits:MUX"
Info (12128): Elaborating entity "MUX2_1_8Bits" for hierarchy "MUX12_1_8Bits:MUX|MUX2_1_8Bits:first_line_mux_01"
Info (16010): Generating hard_block partition "hard_block:auto_generated_inst"
    Info (16011): Adding 0 node(s), including 0 DDIO, 0 PLL, 0 transceiver and 0 LCELL
Info (21057): Implemented 288 device resources after synthesis - the final resource count might be different
    Info (21058): Implemented 20 input pins
    Info (21059): Implemented 12 output pins
    Info (21061): Implemented 256 logic cells
Info: Quartus II 64-Bit Analysis & Synthesis was successful. 0 errors, 10 warnings
    Info: Peak virtual memory: 4649 megabytes
    Info: Processing ended: Sat Oct 03 23:27:55 2020
    Info: Elapsed time: 00:00:07
    Info: Total CPU time (on all processors): 00:00:04


